#
# A fatal error has been detected by the Java Runtime Environment:
#
#  EXCEPTION_ACCESS_VIOLATION (0xc0000005) at pc=0x00007ffa76b96730, pid=15984, tid=13240
#
# JRE version: Java(TM) SE Runtime Environment (14.0.2+12) (build 14.0.2+12-46)
# Java VM: Java HotSpot(TM) 64-Bit Server VM (14.0.2+12-46, mixed mode, sharing, tiered, compressed oops, g1 gc, windows-amd64)
# Problematic frame:
# C  [glass.dll+0x26730]
#
# No core dump will be written. Minidumps are not enabled by default on client versions of Windows
#
# If you would like to submit a bug report, please visit:
#   https://bugreport.java.com/bugreport/crash.jsp
#

---------------  S U M M A R Y ------------

Command Line: -agentlib:jdwp=transport=dt_socket,address=127.0.0.1:54919,suspend=y,server=n --add-modules=javafx.base,javafx.graphics --add-reads=javafx.base=ALL-UNNAMED --add-reads=javafx.graphics=ALL-UNNAMED -Dfile.encoding=UTF-8 --module-path=C:\Users\Drainer\Desktop\3 kurse\BD\javafx-sdk-11.0.2\lib\javafx.base.jar;C:\Users\Drainer\Desktop\3 kurse\BD\javafx-sdk-11.0.2\lib\javafx.graphics.jar;C:\Users\Drainer\Desktop\3 kurse\BD\BeautyBDProg\out\production\BeautyBDProg;C:\Users\Drainer\Desktop\3 kurse\BD\javafx-sdk-11.0.2\lib\javafx-swt.jar;C:\Users\Drainer\Desktop\3 kurse\BD\javafx-sdk-11.0.2\lib\javafx.controls.jar;C:\Users\Drainer\Desktop\3 kurse\BD\javafx-sdk-11.0.2\lib\javafx.fxml.jar;C:\Users\Drainer\Desktop\3 kurse\BD\javafx-sdk-11.0.2\lib\javafx.media.jar;C:\Users\Drainer\Desktop\3 kurse\BD\javafx-sdk-11.0.2\lib\javafx.swing.jar;C:\Users\Drainer\Desktop\3 kurse\BD\javafx-sdk-11.0.2\lib\javafx.web.jar;C:\Users\Drainer\Desktop\3 kurse\BD\BeautyBDProg\mysql-connector-java-5.1.49.jar -Djdk.module.main=sample sample/sample.Main

Host: Intel(R) Core(TM) i7-8700K CPU @ 3.70GHz, 12 cores, 15G,  Windows 10 , 64 bit Build 19041 (10.0.19041.662)
Time: Mon Jan  4 23:12:04 2021 RTZ 2 (зима) elapsed time: 92 seconds (0d 0h 1m 32s)

---------------  T H R E A D  ---------------

Current thread (0x000001c66e964800):  VMThread "VM Thread" [stack: 0x000000670c400000,0x000000670c500000] [id=13240]

Stack: [0x000000670c400000,0x000000670c500000],  sp=0x000000670c4fecc0,  free space=1019k
Native frames: (J=compiled Java code, j=interpreted, Vv=VM code, C=native code)
C  [glass.dll+0x26730]


siginfo: EXCEPTION_ACCESS_VIOLATION (0xc0000005), reading address 0x0000000000000000


Register to memory mapping:

RIP=0x00007ffa76b96730 glass.dll
RAX=0x0 is NULL
RBX=0x000001c66e974198 is a global jni handle
RCX=0x000001c66e964800 points into unknown readable memory: c0 a7 94 6a fa 7f 00 00
RDX=0x000000670c4fecc0 points into unknown readable memory: 00 00 00 00 00 00 00 00
RSP=0x000000670c4fecc0 points into unknown readable memory: 00 00 00 00 00 00 00 00
RBP=0x000001c66fa3ed58 points into unknown readable memory: cb a4 09 58 dd 7e 00 00
RSI=0x000001c66fa3ed30 points into unknown readable memory: cb 64 bf 91 68 ad ff 03
RDI=0x00007edd5809a4cb is an unknown value
R8 =0x0000000000010002 is an unknown value
R9 =0x00007edd5809a4cb is an unknown value
R10=0x0000000000008000 is an unknown value
R11=0x000000670c4fec60 points into unknown readable memory: 30 ed a3 6f c6 01 00 00
R12=0x00007ffa76b93be0 glass.dll
R13=0x000001c64a7af1c8 points into unknown readable memory: 00 48 96 6e c6 01 00 00
R14=0x000000670c4fedc8 points into unknown readable memory: b0 ed 4f 0c 67 00 00 00
R15=0x000001c66fa3ed30 points into unknown readable memory: cb 64 bf 91 68 ad ff 03


Registers:
RAX=0x0000000000000000, RBX=0x000001c66e974198, RCX=0x000001c66e964800, RDX=0x000000670c4fecc0
RSP=0x000000670c4fecc0, RBP=0x000001c66fa3ed58, RSI=0x000001c66fa3ed30, RDI=0x00007edd5809a4cb
R8 =0x0000000000010002, R9 =0x00007edd5809a4cb, R10=0x0000000000008000, R11=0x000000670c4fec60
R12=0x00007ffa76b93be0, R13=0x000001c64a7af1c8, R14=0x000000670c4fedc8, R15=0x000001c66fa3ed30
RIP=0x00007ffa76b96730, EFLAGS=0x0000000000010206

Top of Stack: (sp=0x000000670c4fecc0)
0x000000670c4fecc0:   0000000000000000 00007ffab4c1e97b
0x000000670c4fecd0:   000001c66fa3ed40 000001c66fa3ed30
0x000000670c4fece0:   fffffffffffffffe 00007ffa76b93be0
0x000000670c4fecf0:   000001c66fa3ed38 00007ffab4c23bf6
0x000000670c4fed00:   000001c66fa3ed40 000001c600000000
0x000000670c4fed10:   000001c66fa3ed58 000001c66fa3ed30
0x000000670c4fed20:   fffffffffffffffe 0000000000000000
0x000000670c4fed30:   0000000000000001 00007ffa76b70000
0x000000670c4fed40:   000000670c4fedb8 00007ffab4c23b1b
0x000000670c4fed50:   0000000000000000 000000670c4fedc8
0x000000670c4fed60:   000000670c4ff080 00007ffab4d00e40
0x000000670c4fed70:   0000000000000001 00007ffab4c23ad4
0x000000670c4fed80:   0000000000000000 0000000000000001
0x000000670c4fed90:   000001c670740b30 000000670c4fedb8
0x000000670c4feda0:   0000000000000001 00007ffa76b93a60
0x000000670c4fedb0:   00007ffa76bad100 0000000100000002 

Instructions: (pc=0x00007ffa76b96730)
0x00007ffa76b96630:   8b 4d 60 e8 d8 c9 ff ff 48 8b 55 68 48 8b 8d 08
0x00007ffa76b96640:   01 00 00 e8 a9 be ff ff 33 d2 33 c9 e8 a9 de ff
0x00007ffa76b96650:   ff 90 cc cc cc cc cc cc cc cc cc cc cc cc cc cc
0x00007ffa76b96660:   48 8d 8a 80 00 00 00 e9 14 ea fe ff 48 89 54 24
0x00007ffa76b96670:   10 55 48 83 ec 20 48 8b ea 48 8d 05 1d cb ff ff
0x00007ffa76b96680:   48 83 c4 20 5d c3 cc 40 55 48 8b ea 48 8b 01 33
0x00007ffa76b96690:   c9 81 38 05 00 00 c0 0f 94 c1 8b c1 5d c3 cc 40
0x00007ffa76b966a0:   55 48 83 ec 20 48 8b ea 8a 4d 40 48 83 c4 20 5d
0x00007ffa76b966b0:   e9 23 ce ff ff cc 40 55 48 83 ec 20 48 8b ea e8
0x00007ffa76b966c0:   3c cc ff ff 8a 4d 38 48 83 c4 20 5d e9 07 ce ff
0x00007ffa76b966d0:   ff cc 40 55 48 83 ec 30 48 8b ea 48 8b 01 8b 10
0x00007ffa76b966e0:   48 89 4c 24 28 89 54 24 20 4c 8d 0d d0 d1 ff ff
0x00007ffa76b966f0:   4c 8b 45 70 8b 55 68 48 8b 4d 60 e8 70 cb ff ff
0x00007ffa76b96700:   90 48 83 c4 30 5d c3 cc cc cc cc cc cc cc cc cc
0x00007ffa76b96710:   40 53 48 83 ec 30 48 c7 44 24 20 fe ff ff ff 48
0x00007ffa76b96720:   8b 1d ea 63 01 00 48 85 db 74 16 e8 90 86 ff ff
0x00007ffa76b96730:   4c 8b 00 48 8b d3 48 8b c8 41 ff 90 b0 00 00 00
0x00007ffa76b96740:   90 48 83 c4 30 5b c3 cc cc cc cc cc cc cc cc cc
0x00007ffa76b96750:   40 53 48 83 ec 20 48 8b 1d 4b 65 01 00 48 85 db
0x00007ffa76b96760:   74 57 b8 ff ff ff ff f0 0f c1 43 10 83 f8 01 75
0x00007ffa76b96770:   3d 48 85 db 74 38 48 8b 0b 48 85 c9 74 0d ff 15
0x00007ffa76b96780:   24 0b 00 00 48 c7 03 00 00 00 00 48 8b 4b 08 48
0x00007ffa76b96790:   85 c9 74 0d e8 77 c8 ff ff 48 c7 43 08 00 00 00
0x00007ffa76b967a0:   00 ba 18 00 00 00 48 8b cb e8 62 c8 ff ff 48 c7
0x00007ffa76b967b0:   05 ef 64 01 00 00 00 00 00 48 83 c4 20 5b c3 cc
0x00007ffa76b967c0:   40 53 48 83 ec 20 48 8b 1d bb 64 01 00 48 85 db
0x00007ffa76b967d0:   74 57 b8 ff ff ff ff f0 0f c1 43 10 83 f8 01 75
0x00007ffa76b967e0:   3d 48 85 db 74 38 48 8b 0b 48 85 c9 74 0d ff 15
0x00007ffa76b967f0:   b4 0a 00 00 48 c7 03 00 00 00 00 48 8b 4b 08 48
0x00007ffa76b96800:   85 c9 74 0d e8 07 c8 ff ff 48 c7 43 08 00 00 00
0x00007ffa76b96810:   00 ba 18 00 00 00 48 8b cb e8 f2 c7 ff ff 48 c7
0x00007ffa76b96820:   05 5f 64 01 00 00 00 00 00 48 83 c4 20 5b c3 cc 


Stack slot to memory mapping:
stack at sp + 0 slots: 0x0 is NULL
stack at sp + 1 slots: 0x00007ffab4c1e97b ucrtbase.dll
stack at sp + 2 slots: 0x000001c66fa3ed40 points into unknown readable memory: cb a4 09 58 dd 7e 00 00
stack at sp + 3 slots: 0x000001c66fa3ed30 points into unknown readable memory: cb 64 bf 91 68 ad ff 03
stack at sp + 4 slots: 0xfffffffffffffffe is an unknown value
stack at sp + 5 slots: 0x00007ffa76b93be0 glass.dll
stack at sp + 6 slots: 0x000001c66fa3ed38 points into unknown readable memory: cb a4 09 58 dd 7e 00 00
stack at sp + 7 slots: 0x00007ffab4c23bf6 ucrtbase.dll

VM_Operation (0x000000670bbff3a0): Exit, mode: safepoint, requested by thread 0x000001c67a702800


---------------  P R O C E S S  ---------------

Threads class SMR info:
_java_thread_list=0x000001c66fa6a700, length=19, elements={
0x000001c64a720000, 0x000001c66e968000, 0x000001c66e969800, 0x000001c66f20d000,
0x000001c66f20e000, 0x000001c66f20f000, 0x000001c66f215800, 0x000001c66f21e800,
0x000001c66f338000, 0x000001c66f6cf000, 0x000001c66f33a000, 0x000001c66f337800,
0x000001c66f33d000, 0x000001c66f339000, 0x000001c66f33a800, 0x000001c66f33b800,
0x000001c67a700000, 0x000001c67a702000, 0x000001c67a702800
}

Java Threads: ( => current thread )
  0x000001c64a720000 JavaThread "main" [_thread_blocked, id=9492, stack(0x000000670be00000,0x000000670bf00000)]
  0x000001c66e968000 JavaThread "Reference Handler" daemon [_thread_blocked, id=16348, stack(0x000000670c500000,0x000000670c600000)]
  0x000001c66e969800 JavaThread "Finalizer" daemon [_thread_blocked, id=21060, stack(0x000000670c600000,0x000000670c700000)]
  0x000001c66f20d000 JavaThread "Attach Listener" daemon [_thread_blocked, id=24292, stack(0x000000670c800000,0x000000670c900000)]
  0x000001c66f20e000 JavaThread "Service Thread" daemon [_thread_blocked, id=8404, stack(0x000000670c900000,0x000000670ca00000)]
  0x000001c66f20f000 JavaThread "C2 CompilerThread0" daemon [_thread_blocked, id=15376, stack(0x000000670ca00000,0x000000670cb00000)]
  0x000001c66f215800 JavaThread "C1 CompilerThread0" daemon [_thread_blocked, id=22780, stack(0x000000670cb00000,0x000000670cc00000)]
  0x000001c66f21e800 JavaThread "Sweeper thread" daemon [_thread_blocked, id=9504, stack(0x000000670cc00000,0x000000670cd00000)]
  0x000001c66f338000 JavaThread "Common-Cleaner" daemon [_thread_blocked, id=5776, stack(0x000000670cd00000,0x000000670ce00000)]
  0x000001c66f6cf000 JavaThread "JDWP Event Helper Thread" daemon [_thread_blocked, id=6372, stack(0x000000670d100000,0x000000670d200000)]
  0x000001c66f33a000 JavaThread "Notification Thread" daemon [_thread_blocked, id=15056, stack(0x000000670d300000,0x000000670d400000)]
  0x000001c66f337800 JavaThread "InvokeLaterDispatcher" daemon [_thread_blocked, id=14288, stack(0x000000670ce00000,0x000000670cf00000)]
  0x000001c66f33d000 JavaThread "JavaFX Application Thread" [_thread_blocked, id=16188, stack(0x000000670d600000,0x000000670d700000)]
  0x000001c66f339000 JavaThread "JavaFX-Launcher" [_thread_blocked, id=14244, stack(0x000000670d900000,0x000000670da00000)]
  0x000001c66f33a800 JavaThread "Thread-2" daemon [_thread_in_native, id=15200, stack(0x000000670d800000,0x000000670d900000)]
  0x000001c66f33b800 JavaThread "Prism Font Disposer" daemon [_thread_blocked, id=12300, stack(0x000000670e300000,0x000000670e400000)]
  0x000001c67a700000 JavaThread "Cleaner-0" daemon [_thread_blocked, id=21896, stack(0x000000670e500000,0x000000670e600000)]
  0x000001c67a702000 JavaThread "mysql-cj-abandoned-connection-cleanup" daemon [_thread_blocked, id=1944, stack(0x000000670e600000,0x000000670e700000)]
  0x000001c67a702800 JavaThread "SIGINT handler" daemon [_thread_blocked, id=17416, stack(0x000000670bb00000,0x000000670bc00000)]

Other Threads:
=>0x000001c66e964800 VMThread "VM Thread" [stack: 0x000000670c400000,0x000000670c500000] [id=13240]
  0x000001c64a787800 GCTaskThread "GC Thread#0" [stack: 0x000000670bf00000,0x000000670c000000] [id=14912]
  0x000001c675092800 GCTaskThread "GC Thread#1" [stack: 0x000000670da00000,0x000000670db00000] [id=9288]
  0x000001c675093000 GCTaskThread "GC Thread#2" [stack: 0x000000670db00000,0x000000670dc00000] [id=2140]
  0x000001c675094000 GCTaskThread "GC Thread#3" [stack: 0x000000670dc00000,0x000000670dd00000] [id=24940]
  0x000001c675091800 GCTaskThread "GC Thread#4" [stack: 0x000000670dd00000,0x000000670de00000] [id=19468]
  0x000001c67508f000 GCTaskThread "GC Thread#5" [stack: 0x000000670de00000,0x000000670df00000] [id=11808]
  0x000001c64a7aa000 ConcurrentGCThread "G1 Main Marker" [stack: 0x000000670c000000,0x000000670c100000] [id=9376]
  0x000001c64a7ab800 ConcurrentGCThread "G1 Conc#0" [stack: 0x000000670c100000,0x000000670c200000] [id=19372]
  0x000001c66e852800 ConcurrentGCThread "G1 Refine#0" [stack: 0x000000670c200000,0x000000670c300000] [id=23592]
  0x000001c66e854800 ConcurrentGCThread "G1 Young RemSet Sampling" [stack: 0x000000670c300000,0x000000670c400000] [id=23020]

Threads with active compile tasks:

VM state:at safepoint (shutting down)

VM Mutex/Monitor currently owned by a thread:  ([mutex/lock_event])
[0x000001c64a71ae00] Threads_lock - owner thread: 0x000001c66e964800
[0x000001c64a71bdc0] Heap_lock - owner thread: 0x000001c67a702800

Heap address: 0x0000000700e00000, size: 4082 MB, Compressed Oops mode: Zero based, Oop shift amount: 3
Narrow klass base: 0x0000000800000000, Narrow klass shift: 3
Compressed class space size: 1073741824 Address: 0x0000000800b30000

Heap:
 garbage-first heap   total 262144K, used 28934K [0x0000000700e00000, 0x0000000800000000)
  region size 1024K, 21 young (21504K), 4 survivors (4096K)
 Metaspace       used 19664K, capacity 20409K, committed 20480K, reserved 1067008K
  class space    used 2454K, capacity 2753K, committed 2816K, reserved 1048576K
Heap Regions: E=young(eden), S=young(survivor), O=old, HS=humongous(starts), HC=humongous(continues), CS=collection set, F=free, OA=open archive, CA=closed archive, TAMS=top-at-mark-start (previous, next)
|   0|0x0000000700e00000, 0x0000000700f00000, 0x0000000700f00000|100%| O|  |TAMS 0x0000000700e00000, 0x0000000700e00000| Untracked 
|   1|0x0000000700f00000, 0x0000000701000000, 0x0000000701000000|100%|HS|  |TAMS 0x0000000700f00000, 0x0000000700f00000| Complete 
|   2|0x0000000701000000, 0x0000000701100000, 0x0000000701100000|100%|HC|  |TAMS 0x0000000701000000, 0x0000000701000000| Complete 
|   3|0x0000000701100000, 0x0000000701200000, 0x0000000701200000|100%| O|  |TAMS 0x0000000701100000, 0x0000000701100000| Untracked 
|   4|0x0000000701200000, 0x0000000701300000, 0x0000000701300000|100%| O|  |TAMS 0x0000000701200000, 0x0000000701200000| Untracked 
|   5|0x0000000701300000, 0x0000000701341a00, 0x0000000701400000| 25%| O|  |TAMS 0x0000000701300000, 0x0000000701300000| Untracked 
|   6|0x0000000701400000, 0x0000000701500000, 0x0000000701500000|100%|HS|  |TAMS 0x0000000701400000, 0x0000000701400000| Complete 
|   7|0x0000000701500000, 0x0000000701600000, 0x0000000701600000|100%|HS|  |TAMS 0x0000000701500000, 0x0000000701500000| Complete 
|   8|0x0000000701600000, 0x0000000701700000, 0x0000000701700000|100%|HC|  |TAMS 0x0000000701600000, 0x0000000701600000| Complete 
|   9|0x0000000701700000, 0x0000000701700000, 0x0000000701800000|  0%| F|  |TAMS 0x0000000701700000, 0x0000000701700000| Untracked 
|  10|0x0000000701800000, 0x0000000701800000, 0x0000000701900000|  0%| F|  |TAMS 0x0000000701800000, 0x0000000701800000| Untracked 
|  11|0x0000000701900000, 0x0000000701900000, 0x0000000701a00000|  0%| F|  |TAMS 0x0000000701900000, 0x0000000701900000| Untracked 
|  12|0x0000000701a00000, 0x0000000701a00000, 0x0000000701b00000|  0%| F|  |TAMS 0x0000000701a00000, 0x0000000701a00000| Untracked 
|  13|0x0000000701b00000, 0x0000000701b00000, 0x0000000701c00000|  0%| F|  |TAMS 0x0000000701b00000, 0x0000000701b00000| Untracked 
|  14|0x0000000701c00000, 0x0000000701c00000, 0x0000000701d00000|  0%| F|  |TAMS 0x0000000701c00000, 0x0000000701c00000| Untracked 
|  15|0x0000000701d00000, 0x0000000701d00000, 0x0000000701e00000|  0%| F|  |TAMS 0x0000000701d00000, 0x0000000701d00000| Untracked 
|  16|0x0000000701e00000, 0x0000000701e00000, 0x0000000701f00000|  0%| F|  |TAMS 0x0000000701e00000, 0x0000000701e00000| Untracked 
|  17|0x0000000701f00000, 0x0000000701f00000, 0x0000000702000000|  0%| F|  |TAMS 0x0000000701f00000, 0x0000000701f00000| Untracked 
|  18|0x0000000702000000, 0x0000000702000000, 0x0000000702100000|  0%| F|  |TAMS 0x0000000702000000, 0x0000000702000000| Untracked 
|  19|0x0000000702100000, 0x0000000702100000, 0x0000000702200000|  0%| F|  |TAMS 0x0000000702100000, 0x0000000702100000| Untracked 
|  20|0x0000000702200000, 0x0000000702200000, 0x0000000702300000|  0%| F|  |TAMS 0x0000000702200000, 0x0000000702200000| Untracked 
|  21|0x0000000702300000, 0x0000000702300000, 0x0000000702400000|  0%| F|  |TAMS 0x0000000702300000, 0x0000000702300000| Untracked 
|  22|0x0000000702400000, 0x0000000702400000, 0x0000000702500000|  0%| F|  |TAMS 0x0000000702400000, 0x0000000702400000| Untracked 
|  23|0x0000000702500000, 0x0000000702500000, 0x0000000702600000|  0%| F|  |TAMS 0x0000000702500000, 0x0000000702500000| Untracked 
|  24|0x0000000702600000, 0x0000000702600000, 0x0000000702700000|  0%| F|  |TAMS 0x0000000702600000, 0x0000000702600000| Untracked 
|  25|0x0000000702700000, 0x0000000702700000, 0x0000000702800000|  0%| F|  |TAMS 0x0000000702700000, 0x0000000702700000| Untracked 
|  26|0x0000000702800000, 0x0000000702800000, 0x0000000702900000|  0%| F|  |TAMS 0x0000000702800000, 0x0000000702800000| Untracked 
|  27|0x0000000702900000, 0x0000000702900000, 0x0000000702a00000|  0%| F|  |TAMS 0x0000000702900000, 0x0000000702900000| Untracked 
|  28|0x0000000702a00000, 0x0000000702a00000, 0x0000000702b00000|  0%| F|  |TAMS 0x0000000702a00000, 0x0000000702a00000| Untracked 
|  29|0x0000000702b00000, 0x0000000702b00000, 0x0000000702c00000|  0%| F|  |TAMS 0x0000000702b00000, 0x0000000702b00000| Untracked 
|  30|0x0000000702c00000, 0x0000000702c00000, 0x0000000702d00000|  0%| F|  |TAMS 0x0000000702c00000, 0x0000000702c00000| Untracked 
|  31|0x0000000702d00000, 0x0000000702d00000, 0x0000000702e00000|  0%| F|  |TAMS 0x0000000702d00000, 0x0000000702d00000| Untracked 
|  32|0x0000000702e00000, 0x0000000702e00000, 0x0000000702f00000|  0%| F|  |TAMS 0x0000000702e00000, 0x0000000702e00000| Untracked 
|  33|0x0000000702f00000, 0x0000000702f00000, 0x0000000703000000|  0%| F|  |TAMS 0x0000000702f00000, 0x0000000702f00000| Untracked 
|  34|0x0000000703000000, 0x0000000703000000, 0x0000000703100000|  0%| F|  |TAMS 0x0000000703000000, 0x0000000703000000| Untracked 
|  35|0x0000000703100000, 0x0000000703100000, 0x0000000703200000|  0%| F|  |TAMS 0x0000000703100000, 0x0000000703100000| Untracked 
|  36|0x0000000703200000, 0x0000000703200000, 0x0000000703300000|  0%| F|  |TAMS 0x0000000703200000, 0x0000000703200000| Untracked 
|  37|0x0000000703300000, 0x0000000703300000, 0x0000000703400000|  0%| F|  |TAMS 0x0000000703300000, 0x0000000703300000| Untracked 
|  38|0x0000000703400000, 0x0000000703400000, 0x0000000703500000|  0%| F|  |TAMS 0x0000000703400000, 0x0000000703400000| Untracked 
|  39|0x0000000703500000, 0x0000000703500000, 0x0000000703600000|  0%| F|  |TAMS 0x0000000703500000, 0x0000000703500000| Untracked 
|  40|0x0000000703600000, 0x0000000703600000, 0x0000000703700000|  0%| F|  |TAMS 0x0000000703600000, 0x0000000703600000| Untracked 
|  41|0x0000000703700000, 0x0000000703700000, 0x0000000703800000|  0%| F|  |TAMS 0x0000000703700000, 0x0000000703700000| Untracked 
|  42|0x0000000703800000, 0x0000000703800000, 0x0000000703900000|  0%| F|  |TAMS 0x0000000703800000, 0x0000000703800000| Untracked 
|  43|0x0000000703900000, 0x0000000703900000, 0x0000000703a00000|  0%| F|  |TAMS 0x0000000703900000, 0x0000000703900000| Untracked 
|  44|0x0000000703a00000, 0x0000000703a00000, 0x0000000703b00000|  0%| F|  |TAMS 0x0000000703a00000, 0x0000000703a00000| Untracked 
|  45|0x0000000703b00000, 0x0000000703b00000, 0x0000000703c00000|  0%| F|  |TAMS 0x0000000703b00000, 0x0000000703b00000| Untracked 
|  46|0x0000000703c00000, 0x0000000703c00000, 0x0000000703d00000|  0%| F|  |TAMS 0x0000000703c00000, 0x0000000703c00000| Untracked 
|  47|0x0000000703d00000, 0x0000000703d00000, 0x0000000703e00000|  0%| F|  |TAMS 0x0000000703d00000, 0x0000000703d00000| Untracked 
|  48|0x0000000703e00000, 0x0000000703e00000, 0x0000000703f00000|  0%| F|  |TAMS 0x0000000703e00000, 0x0000000703e00000| Untracked 
|  49|0x0000000703f00000, 0x0000000703f00000, 0x0000000704000000|  0%| F|  |TAMS 0x0000000703f00000, 0x0000000703f00000| Untracked 
|  50|0x0000000704000000, 0x0000000704000000, 0x0000000704100000|  0%| F|  |TAMS 0x0000000704000000, 0x0000000704000000| Untracked 
|  51|0x0000000704100000, 0x0000000704100000, 0x0000000704200000|  0%| F|  |TAMS 0x0000000704100000, 0x0000000704100000| Untracked 
|  52|0x0000000704200000, 0x0000000704200000, 0x0000000704300000|  0%| F|  |TAMS 0x0000000704200000, 0x0000000704200000| Untracked 
|  53|0x0000000704300000, 0x0000000704300000, 0x0000000704400000|  0%| F|  |TAMS 0x0000000704300000, 0x0000000704300000| Untracked 
|  54|0x0000000704400000, 0x0000000704400000, 0x0000000704500000|  0%| F|  |TAMS 0x0000000704400000, 0x0000000704400000| Untracked 
|  55|0x0000000704500000, 0x0000000704500000, 0x0000000704600000|  0%| F|  |TAMS 0x0000000704500000, 0x0000000704500000| Untracked 
|  56|0x0000000704600000, 0x0000000704600000, 0x0000000704700000|  0%| F|  |TAMS 0x0000000704600000, 0x0000000704600000| Untracked 
|  57|0x0000000704700000, 0x0000000704700000, 0x0000000704800000|  0%| F|  |TAMS 0x0000000704700000, 0x0000000704700000| Untracked 
|  58|0x0000000704800000, 0x0000000704800000, 0x0000000704900000|  0%| F|  |TAMS 0x0000000704800000, 0x0000000704800000| Untracked 
|  59|0x0000000704900000, 0x0000000704900000, 0x0000000704a00000|  0%| F|  |TAMS 0x0000000704900000, 0x0000000704900000| Untracked 
|  60|0x0000000704a00000, 0x0000000704a00000, 0x0000000704b00000|  0%| F|  |TAMS 0x0000000704a00000, 0x0000000704a00000| Untracked 
|  61|0x0000000704b00000, 0x0000000704b00000, 0x0000000704c00000|  0%| F|  |TAMS 0x0000000704b00000, 0x0000000704b00000| Untracked 
|  62|0x0000000704c00000, 0x0000000704c00000, 0x0000000704d00000|  0%| F|  |TAMS 0x0000000704c00000, 0x0000000704c00000| Untracked 
|  63|0x0000000704d00000, 0x0000000704d00000, 0x0000000704e00000|  0%| F|  |TAMS 0x0000000704d00000, 0x0000000704d00000| Untracked 
|  64|0x0000000704e00000, 0x0000000704e00000, 0x0000000704f00000|  0%| F|  |TAMS 0x0000000704e00000, 0x0000000704e00000| Untracked 
|  65|0x0000000704f00000, 0x0000000704f00000, 0x0000000705000000|  0%| F|  |TAMS 0x0000000704f00000, 0x0000000704f00000| Untracked 
|  66|0x0000000705000000, 0x0000000705000000, 0x0000000705100000|  0%| F|  |TAMS 0x0000000705000000, 0x0000000705000000| Untracked 
|  67|0x0000000705100000, 0x0000000705100000, 0x0000000705200000|  0%| F|  |TAMS 0x0000000705100000, 0x0000000705100000| Untracked 
|  68|0x0000000705200000, 0x0000000705200000, 0x0000000705300000|  0%| F|  |TAMS 0x0000000705200000, 0x0000000705200000| Untracked 
|  69|0x0000000705300000, 0x0000000705300000, 0x0000000705400000|  0%| F|  |TAMS 0x0000000705300000, 0x0000000705300000| Untracked 
|  70|0x0000000705400000, 0x0000000705400000, 0x0000000705500000|  0%| F|  |TAMS 0x0000000705400000, 0x0000000705400000| Untracked 
|  71|0x0000000705500000, 0x0000000705500000, 0x0000000705600000|  0%| F|  |TAMS 0x0000000705500000, 0x0000000705500000| Untracked 
|  72|0x0000000705600000, 0x0000000705600000, 0x0000000705700000|  0%| F|  |TAMS 0x0000000705600000, 0x0000000705600000| Untracked 
|  73|0x0000000705700000, 0x0000000705700000, 0x0000000705800000|  0%| F|  |TAMS 0x0000000705700000, 0x0000000705700000| Untracked 
|  74|0x0000000705800000, 0x0000000705800000, 0x0000000705900000|  0%| F|  |TAMS 0x0000000705800000, 0x0000000705800000| Untracked 
|  75|0x0000000705900000, 0x0000000705900000, 0x0000000705a00000|  0%| F|  |TAMS 0x0000000705900000, 0x0000000705900000| Untracked 
|  76|0x0000000705a00000, 0x0000000705a00000, 0x0000000705b00000|  0%| F|  |TAMS 0x0000000705a00000, 0x0000000705a00000| Untracked 
|  77|0x0000000705b00000, 0x0000000705b00000, 0x0000000705c00000|  0%| F|  |TAMS 0x0000000705b00000, 0x0000000705b00000| Untracked 
|  78|0x0000000705c00000, 0x0000000705c00000, 0x0000000705d00000|  0%| F|  |TAMS 0x0000000705c00000, 0x0000000705c00000| Untracked 
|  79|0x0000000705d00000, 0x0000000705d00000, 0x0000000705e00000|  0%| F|  |TAMS 0x0000000705d00000, 0x0000000705d00000| Untracked 
|  80|0x0000000705e00000, 0x0000000705e00000, 0x0000000705f00000|  0%| F|  |TAMS 0x0000000705e00000, 0x0000000705e00000| Untracked 
|  81|0x0000000705f00000, 0x0000000705f00000, 0x0000000706000000|  0%| F|  |TAMS 0x0000000705f00000, 0x0000000705f00000| Untracked 
|  82|0x0000000706000000, 0x0000000706000000, 0x0000000706100000|  0%| F|  |TAMS 0x0000000706000000, 0x0000000706000000| Untracked 
|  83|0x0000000706100000, 0x0000000706100000, 0x0000000706200000|  0%| F|  |TAMS 0x0000000706100000, 0x0000000706100000| Untracked 
|  84|0x0000000706200000, 0x0000000706200000, 0x0000000706300000|  0%| F|  |TAMS 0x0000000706200000, 0x0000000706200000| Untracked 
|  85|0x0000000706300000, 0x0000000706300000, 0x0000000706400000|  0%| F|  |TAMS 0x0000000706300000, 0x0000000706300000| Untracked 
|  86|0x0000000706400000, 0x0000000706400000, 0x0000000706500000|  0%| F|  |TAMS 0x0000000706400000, 0x0000000706400000| Untracked 
|  87|0x0000000706500000, 0x0000000706500000, 0x0000000706600000|  0%| F|  |TAMS 0x0000000706500000, 0x0000000706500000| Untracked 
|  88|0x0000000706600000, 0x0000000706600000, 0x0000000706700000|  0%| F|  |TAMS 0x0000000706600000, 0x0000000706600000| Untracked 
|  89|0x0000000706700000, 0x0000000706700000, 0x0000000706800000|  0%| F|  |TAMS 0x0000000706700000, 0x0000000706700000| Untracked 
|  90|0x0000000706800000, 0x0000000706800000, 0x0000000706900000|  0%| F|  |TAMS 0x0000000706800000, 0x0000000706800000| Untracked 
|  91|0x0000000706900000, 0x0000000706900000, 0x0000000706a00000|  0%| F|  |TAMS 0x0000000706900000, 0x0000000706900000| Untracked 
|  92|0x0000000706a00000, 0x0000000706a00000, 0x0000000706b00000|  0%| F|  |TAMS 0x0000000706a00000, 0x0000000706a00000| Untracked 
|  93|0x0000000706b00000, 0x0000000706b00000, 0x0000000706c00000|  0%| F|  |TAMS 0x0000000706b00000, 0x0000000706b00000| Untracked 
|  94|0x0000000706c00000, 0x0000000706c00000, 0x0000000706d00000|  0%| F|  |TAMS 0x0000000706c00000, 0x0000000706c00000| Untracked 
|  95|0x0000000706d00000, 0x0000000706d00000, 0x0000000706e00000|  0%| F|  |TAMS 0x0000000706d00000, 0x0000000706d00000| Untracked 
|  96|0x0000000706e00000, 0x0000000706e00000, 0x0000000706f00000|  0%| F|  |TAMS 0x0000000706e00000, 0x0000000706e00000| Untracked 
|  97|0x0000000706f00000, 0x0000000706f00000, 0x0000000707000000|  0%| F|  |TAMS 0x0000000706f00000, 0x0000000706f00000| Untracked 
|  98|0x0000000707000000, 0x0000000707000000, 0x0000000707100000|  0%| F|  |TAMS 0x0000000707000000, 0x0000000707000000| Untracked 
|  99|0x0000000707100000, 0x0000000707100000, 0x0000000707200000|  0%| F|  |TAMS 0x0000000707100000, 0x0000000707100000| Untracked 
| 100|0x0000000707200000, 0x0000000707200000, 0x0000000707300000|  0%| F|  |TAMS 0x0000000707200000, 0x0000000707200000| Untracked 
| 101|0x0000000707300000, 0x0000000707300000, 0x0000000707400000|  0%| F|  |TAMS 0x0000000707300000, 0x0000000707300000| Untracked 
| 102|0x0000000707400000, 0x0000000707400000, 0x0000000707500000|  0%| F|  |TAMS 0x0000000707400000, 0x0000000707400000| Untracked 
| 103|0x0000000707500000, 0x0000000707500000, 0x0000000707600000|  0%| F|  |TAMS 0x0000000707500000, 0x0000000707500000| Untracked 
| 104|0x0000000707600000, 0x0000000707600000, 0x0000000707700000|  0%| F|  |TAMS 0x0000000707600000, 0x0000000707600000| Untracked 
| 105|0x0000000707700000, 0x0000000707700000, 0x0000000707800000|  0%| F|  |TAMS 0x0000000707700000, 0x0000000707700000| Untracked 
| 106|0x0000000707800000, 0x0000000707800000, 0x0000000707900000|  0%| F|  |TAMS 0x0000000707800000, 0x0000000707800000| Untracked 
| 107|0x0000000707900000, 0x0000000707900000, 0x0000000707a00000|  0%| F|  |TAMS 0x0000000707900000, 0x0000000707900000| Untracked 
| 108|0x0000000707a00000, 0x0000000707a00000, 0x0000000707b00000|  0%| F|  |TAMS 0x0000000707a00000, 0x0000000707a00000| Untracked 
| 109|0x0000000707b00000, 0x0000000707b00000, 0x0000000707c00000|  0%| F|  |TAMS 0x0000000707b00000, 0x0000000707b00000| Untracked 
| 110|0x0000000707c00000, 0x0000000707c00000, 0x0000000707d00000|  0%| F|  |TAMS 0x0000000707c00000, 0x0000000707c00000| Untracked 
| 111|0x0000000707d00000, 0x0000000707d00000, 0x0000000707e00000|  0%| F|  |TAMS 0x0000000707d00000, 0x0000000707d00000| Untracked 
| 112|0x0000000707e00000, 0x0000000707e00000, 0x0000000707f00000|  0%| F|  |TAMS 0x0000000707e00000, 0x0000000707e00000| Untracked 
| 113|0x0000000707f00000, 0x0000000707f00000, 0x0000000708000000|  0%| F|  |TAMS 0x0000000707f00000, 0x0000000707f00000| Untracked 
| 114|0x0000000708000000, 0x0000000708000000, 0x0000000708100000|  0%| F|  |TAMS 0x0000000708000000, 0x0000000708000000| Untracked 
| 115|0x0000000708100000, 0x0000000708100000, 0x0000000708200000|  0%| F|  |TAMS 0x0000000708100000, 0x0000000708100000| Untracked 
| 116|0x0000000708200000, 0x0000000708200000, 0x0000000708300000|  0%| F|  |TAMS 0x0000000708200000, 0x0000000708200000| Untracked 
| 117|0x0000000708300000, 0x0000000708300000, 0x0000000708400000|  0%| F|  |TAMS 0x0000000708300000, 0x0000000708300000| Untracked 
| 118|0x0000000708400000, 0x0000000708400000, 0x0000000708500000|  0%| F|  |TAMS 0x0000000708400000, 0x0000000708400000| Untracked 
| 119|0x0000000708500000, 0x0000000708500000, 0x0000000708600000|  0%| F|  |TAMS 0x0000000708500000, 0x0000000708500000| Untracked 
| 120|0x0000000708600000, 0x0000000708600000, 0x0000000708700000|  0%| F|  |TAMS 0x0000000708600000, 0x0000000708600000| Untracked 
| 121|0x0000000708700000, 0x0000000708700000, 0x0000000708800000|  0%| F|  |TAMS 0x0000000708700000, 0x0000000708700000| Untracked 
| 122|0x0000000708800000, 0x0000000708800000, 0x0000000708900000|  0%| F|  |TAMS 0x0000000708800000, 0x0000000708800000| Untracked 
| 123|0x0000000708900000, 0x0000000708900000, 0x0000000708a00000|  0%| F|  |TAMS 0x0000000708900000, 0x0000000708900000| Untracked 
| 124|0x0000000708a00000, 0x0000000708a00000, 0x0000000708b00000|  0%| F|  |TAMS 0x0000000708a00000, 0x0000000708a00000| Untracked 
| 125|0x0000000708b00000, 0x0000000708b00000, 0x0000000708c00000|  0%| F|  |TAMS 0x0000000708b00000, 0x0000000708b00000| Untracked 
| 126|0x0000000708c00000, 0x0000000708c00000, 0x0000000708d00000|  0%| F|  |TAMS 0x0000000708c00000, 0x0000000708c00000| Untracked 
| 127|0x0000000708d00000, 0x0000000708d00000, 0x0000000708e00000|  0%| F|  |TAMS 0x0000000708d00000, 0x0000000708d00000| Untracked 
| 128|0x0000000708e00000, 0x0000000708e00000, 0x0000000708f00000|  0%| F|  |TAMS 0x0000000708e00000, 0x0000000708e00000| Untracked 
| 129|0x0000000708f00000, 0x0000000708f00000, 0x0000000709000000|  0%| F|  |TAMS 0x0000000708f00000, 0x0000000708f00000| Untracked 
| 130|0x0000000709000000, 0x0000000709000000, 0x0000000709100000|  0%| F|  |TAMS 0x0000000709000000, 0x0000000709000000| Untracked 
| 131|0x0000000709100000, 0x0000000709100000, 0x0000000709200000|  0%| F|  |TAMS 0x0000000709100000, 0x0000000709100000| Untracked 
| 132|0x0000000709200000, 0x0000000709200000, 0x0000000709300000|  0%| F|  |TAMS 0x0000000709200000, 0x0000000709200000| Untracked 
| 133|0x0000000709300000, 0x0000000709300000, 0x0000000709400000|  0%| F|  |TAMS 0x0000000709300000, 0x0000000709300000| Untracked 
| 134|0x0000000709400000, 0x0000000709400000, 0x0000000709500000|  0%| F|  |TAMS 0x0000000709400000, 0x0000000709400000| Untracked 
| 135|0x0000000709500000, 0x0000000709500000, 0x0000000709600000|  0%| F|  |TAMS 0x0000000709500000, 0x0000000709500000| Untracked 
| 136|0x0000000709600000, 0x0000000709600000, 0x0000000709700000|  0%| F|  |TAMS 0x0000000709600000, 0x0000000709600000| Untracked 
| 137|0x0000000709700000, 0x0000000709700000, 0x0000000709800000|  0%| F|  |TAMS 0x0000000709700000, 0x0000000709700000| Untracked 
| 138|0x0000000709800000, 0x0000000709800000, 0x0000000709900000|  0%| F|  |TAMS 0x0000000709800000, 0x0000000709800000| Untracked 
| 139|0x0000000709900000, 0x0000000709900000, 0x0000000709a00000|  0%| F|  |TAMS 0x0000000709900000, 0x0000000709900000| Untracked 
| 140|0x0000000709a00000, 0x0000000709a00000, 0x0000000709b00000|  0%| F|  |TAMS 0x0000000709a00000, 0x0000000709a00000| Untracked 
| 141|0x0000000709b00000, 0x0000000709b00000, 0x0000000709c00000|  0%| F|  |TAMS 0x0000000709b00000, 0x0000000709b00000| Untracked 
| 142|0x0000000709c00000, 0x0000000709c00000, 0x0000000709d00000|  0%| F|  |TAMS 0x0000000709c00000, 0x0000000709c00000| Untracked 
| 143|0x0000000709d00000, 0x0000000709d00000, 0x0000000709e00000|  0%| F|  |TAMS 0x0000000709d00000, 0x0000000709d00000| Untracked 
| 144|0x0000000709e00000, 0x0000000709e00000, 0x0000000709f00000|  0%| F|  |TAMS 0x0000000709e00000, 0x0000000709e00000| Untracked 
| 145|0x0000000709f00000, 0x0000000709f00000, 0x000000070a000000|  0%| F|  |TAMS 0x0000000709f00000, 0x0000000709f00000| Untracked 
| 146|0x000000070a000000, 0x000000070a000000, 0x000000070a100000|  0%| F|  |TAMS 0x000000070a000000, 0x000000070a000000| Untracked 
| 147|0x000000070a100000, 0x000000070a100000, 0x000000070a200000|  0%| F|  |TAMS 0x000000070a100000, 0x000000070a100000| Untracked 
| 148|0x000000070a200000, 0x000000070a200000, 0x000000070a300000|  0%| F|  |TAMS 0x000000070a200000, 0x000000070a200000| Untracked 
| 149|0x000000070a300000, 0x000000070a300000, 0x000000070a400000|  0%| F|  |TAMS 0x000000070a300000, 0x000000070a300000| Untracked 
| 150|0x000000070a400000, 0x000000070a400000, 0x000000070a500000|  0%| F|  |TAMS 0x000000070a400000, 0x000000070a400000| Untracked 
| 151|0x000000070a500000, 0x000000070a500000, 0x000000070a600000|  0%| F|  |TAMS 0x000000070a500000, 0x000000070a500000| Untracked 
| 152|0x000000070a600000, 0x000000070a600000, 0x000000070a700000|  0%| F|  |TAMS 0x000000070a600000, 0x000000070a600000| Untracked 
| 153|0x000000070a700000, 0x000000070a700000, 0x000000070a800000|  0%| F|  |TAMS 0x000000070a700000, 0x000000070a700000| Untracked 
| 154|0x000000070a800000, 0x000000070a800000, 0x000000070a900000|  0%| F|  |TAMS 0x000000070a800000, 0x000000070a800000| Untracked 
| 155|0x000000070a900000, 0x000000070a900000, 0x000000070aa00000|  0%| F|  |TAMS 0x000000070a900000, 0x000000070a900000| Untracked 
| 156|0x000000070aa00000, 0x000000070aa00000, 0x000000070ab00000|  0%| F|  |TAMS 0x000000070aa00000, 0x000000070aa00000| Untracked 
| 157|0x000000070ab00000, 0x000000070ab00000, 0x000000070ac00000|  0%| F|  |TAMS 0x000000070ab00000, 0x000000070ab00000| Untracked 
| 158|0x000000070ac00000, 0x000000070ac00000, 0x000000070ad00000|  0%| F|  |TAMS 0x000000070ac00000, 0x000000070ac00000| Untracked 
| 159|0x000000070ad00000, 0x000000070ad00000, 0x000000070ae00000|  0%| F|  |TAMS 0x000000070ad00000, 0x000000070ad00000| Untracked 
| 160|0x000000070ae00000, 0x000000070ae00000, 0x000000070af00000|  0%| F|  |TAMS 0x000000070ae00000, 0x000000070ae00000| Untracked 
| 161|0x000000070af00000, 0x000000070af00000, 0x000000070b000000|  0%| F|  |TAMS 0x000000070af00000, 0x000000070af00000| Untracked 
| 162|0x000000070b000000, 0x000000070b000000, 0x000000070b100000|  0%| F|  |TAMS 0x000000070b000000, 0x000000070b000000| Untracked 
| 163|0x000000070b100000, 0x000000070b100000, 0x000000070b200000|  0%| F|  |TAMS 0x000000070b100000, 0x000000070b100000| Untracked 
| 164|0x000000070b200000, 0x000000070b200000, 0x000000070b300000|  0%| F|  |TAMS 0x000000070b200000, 0x000000070b200000| Untracked 
| 165|0x000000070b300000, 0x000000070b300000, 0x000000070b400000|  0%| F|  |TAMS 0x000000070b300000, 0x000000070b300000| Untracked 
| 166|0x000000070b400000, 0x000000070b400000, 0x000000070b500000|  0%| F|  |TAMS 0x000000070b400000, 0x000000070b400000| Untracked 
| 167|0x000000070b500000, 0x000000070b500000, 0x000000070b600000|  0%| F|  |TAMS 0x000000070b500000, 0x000000070b500000| Untracked 
| 168|0x000000070b600000, 0x000000070b600000, 0x000000070b700000|  0%| F|  |TAMS 0x000000070b600000, 0x000000070b600000| Untracked 
| 169|0x000000070b700000, 0x000000070b700000, 0x000000070b800000|  0%| F|  |TAMS 0x000000070b700000, 0x000000070b700000| Untracked 
| 170|0x000000070b800000, 0x000000070b800000, 0x000000070b900000|  0%| F|  |TAMS 0x000000070b800000, 0x000000070b800000| Untracked 
| 171|0x000000070b900000, 0x000000070b900000, 0x000000070ba00000|  0%| F|  |TAMS 0x000000070b900000, 0x000000070b900000| Untracked 
| 172|0x000000070ba00000, 0x000000070ba00000, 0x000000070bb00000|  0%| F|  |TAMS 0x000000070ba00000, 0x000000070ba00000| Untracked 
| 173|0x000000070bb00000, 0x000000070bb00000, 0x000000070bc00000|  0%| F|  |TAMS 0x000000070bb00000, 0x000000070bb00000| Untracked 
| 174|0x000000070bc00000, 0x000000070bc00000, 0x000000070bd00000|  0%| F|  |TAMS 0x000000070bc00000, 0x000000070bc00000| Untracked 
| 175|0x000000070bd00000, 0x000000070bd00000, 0x000000070be00000|  0%| F|  |TAMS 0x000000070bd00000, 0x000000070bd00000| Untracked 
| 176|0x000000070be00000, 0x000000070be00000, 0x000000070bf00000|  0%| F|  |TAMS 0x000000070be00000, 0x000000070be00000| Untracked 
| 177|0x000000070bf00000, 0x000000070bf00000, 0x000000070c000000|  0%| F|  |TAMS 0x000000070bf00000, 0x000000070bf00000| Untracked 
| 178|0x000000070c000000, 0x000000070c000000, 0x000000070c100000|  0%| F|  |TAMS 0x000000070c000000, 0x000000070c000000| Untracked 
| 179|0x000000070c100000, 0x000000070c100000, 0x000000070c200000|  0%| F|  |TAMS 0x000000070c100000, 0x000000070c100000| Untracked 
| 180|0x000000070c200000, 0x000000070c200000, 0x000000070c300000|  0%| F|  |TAMS 0x000000070c200000, 0x000000070c200000| Untracked 
| 181|0x000000070c300000, 0x000000070c300000, 0x000000070c400000|  0%| F|  |TAMS 0x000000070c300000, 0x000000070c300000| Untracked 
| 182|0x000000070c400000, 0x000000070c400000, 0x000000070c500000|  0%| F|  |TAMS 0x000000070c400000, 0x000000070c400000| Untracked 
| 183|0x000000070c500000, 0x000000070c500000, 0x000000070c600000|  0%| F|  |TAMS 0x000000070c500000, 0x000000070c500000| Untracked 
| 184|0x000000070c600000, 0x000000070c600000, 0x000000070c700000|  0%| F|  |TAMS 0x000000070c600000, 0x000000070c600000| Untracked 
| 185|0x000000070c700000, 0x000000070c700000, 0x000000070c800000|  0%| F|  |TAMS 0x000000070c700000, 0x000000070c700000| Untracked 
| 186|0x000000070c800000, 0x000000070c800000, 0x000000070c900000|  0%| F|  |TAMS 0x000000070c800000, 0x000000070c800000| Untracked 
| 187|0x000000070c900000, 0x000000070c900000, 0x000000070ca00000|  0%| F|  |TAMS 0x000000070c900000, 0x000000070c900000| Untracked 
| 188|0x000000070ca00000, 0x000000070ca00000, 0x000000070cb00000|  0%| F|  |TAMS 0x000000070ca00000, 0x000000070ca00000| Untracked 
| 189|0x000000070cb00000, 0x000000070cb00000, 0x000000070cc00000|  0%| F|  |TAMS 0x000000070cb00000, 0x000000070cb00000| Untracked 
| 190|0x000000070cc00000, 0x000000070cc00000, 0x000000070cd00000|  0%| F|  |TAMS 0x000000070cc00000, 0x000000070cc00000| Untracked 
| 191|0x000000070cd00000, 0x000000070cd00000, 0x000000070ce00000|  0%| F|  |TAMS 0x000000070cd00000, 0x000000070cd00000| Untracked 
| 192|0x000000070ce00000, 0x000000070ce00000, 0x000000070cf00000|  0%| F|  |TAMS 0x000000070ce00000, 0x000000070ce00000| Untracked 
| 193|0x000000070cf00000, 0x000000070cf00000, 0x000000070d000000|  0%| F|  |TAMS 0x000000070cf00000, 0x000000070cf00000| Untracked 
| 194|0x000000070d000000, 0x000000070d000000, 0x000000070d100000|  0%| F|  |TAMS 0x000000070d000000, 0x000000070d000000| Untracked 
| 195|0x000000070d100000, 0x000000070d100000, 0x000000070d200000|  0%| F|  |TAMS 0x000000070d100000, 0x000000070d100000| Untracked 
| 196|0x000000070d200000, 0x000000070d200000, 0x000000070d300000|  0%| F|  |TAMS 0x000000070d200000, 0x000000070d200000| Untracked 
| 197|0x000000070d300000, 0x000000070d300000, 0x000000070d400000|  0%| F|  |TAMS 0x000000070d300000, 0x000000070d300000| Untracked 
| 198|0x000000070d400000, 0x000000070d400000, 0x000000070d500000|  0%| F|  |TAMS 0x000000070d400000, 0x000000070d400000| Untracked 
| 199|0x000000070d500000, 0x000000070d500000, 0x000000070d600000|  0%| F|  |TAMS 0x000000070d500000, 0x000000070d500000| Untracked 
| 200|0x000000070d600000, 0x000000070d600000, 0x000000070d700000|  0%| F|  |TAMS 0x000000070d600000, 0x000000070d600000| Untracked 
| 201|0x000000070d700000, 0x000000070d700000, 0x000000070d800000|  0%| F|  |TAMS 0x000000070d700000, 0x000000070d700000| Untracked 
| 202|0x000000070d800000, 0x000000070d800000, 0x000000070d900000|  0%| F|  |TAMS 0x000000070d800000, 0x000000070d800000| Untracked 
| 203|0x000000070d900000, 0x000000070d900000, 0x000000070da00000|  0%| F|  |TAMS 0x000000070d900000, 0x000000070d900000| Untracked 
| 204|0x000000070da00000, 0x000000070da00000, 0x000000070db00000|  0%| F|  |TAMS 0x000000070da00000, 0x000000070da00000| Untracked 
| 205|0x000000070db00000, 0x000000070db00000, 0x000000070dc00000|  0%| F|  |TAMS 0x000000070db00000, 0x000000070db00000| Untracked 
| 206|0x000000070dc00000, 0x000000070dc00000, 0x000000070dd00000|  0%| F|  |TAMS 0x000000070dc00000, 0x000000070dc00000| Untracked 
| 207|0x000000070dd00000, 0x000000070dd00000, 0x000000070de00000|  0%| F|  |TAMS 0x000000070dd00000, 0x000000070dd00000| Untracked 
| 208|0x000000070de00000, 0x000000070de00000, 0x000000070df00000|  0%| F|  |TAMS 0x000000070de00000, 0x000000070de00000| Untracked 
| 209|0x000000070df00000, 0x000000070df00000, 0x000000070e000000|  0%| F|  |TAMS 0x000000070df00000, 0x000000070df00000| Untracked 
| 210|0x000000070e000000, 0x000000070e000000, 0x000000070e100000|  0%| F|  |TAMS 0x000000070e000000, 0x000000070e000000| Untracked 
| 211|0x000000070e100000, 0x000000070e100000, 0x000000070e200000|  0%| F|  |TAMS 0x000000070e100000, 0x000000070e100000| Untracked 
| 212|0x000000070e200000, 0x000000070e200000, 0x000000070e300000|  0%| F|  |TAMS 0x000000070e200000, 0x000000070e200000| Untracked 
| 213|0x000000070e300000, 0x000000070e300000, 0x000000070e400000|  0%| F|  |TAMS 0x000000070e300000, 0x000000070e300000| Untracked 
| 214|0x000000070e400000, 0x000000070e400000, 0x000000070e500000|  0%| F|  |TAMS 0x000000070e400000, 0x000000070e400000| Untracked 
| 215|0x000000070e500000, 0x000000070e500000, 0x000000070e600000|  0%| F|  |TAMS 0x000000070e500000, 0x000000070e500000| Untracked 
| 216|0x000000070e600000, 0x000000070e600000, 0x000000070e700000|  0%| F|  |TAMS 0x000000070e600000, 0x000000070e600000| Untracked 
| 217|0x000000070e700000, 0x000000070e700000, 0x000000070e800000|  0%| F|  |TAMS 0x000000070e700000, 0x000000070e700000| Untracked 
| 218|0x000000070e800000, 0x000000070e800000, 0x000000070e900000|  0%| F|  |TAMS 0x000000070e800000, 0x000000070e800000| Untracked 
| 219|0x000000070e900000, 0x000000070ea00000, 0x000000070ea00000|100%| S|CS|TAMS 0x000000070e900000, 0x000000070e900000| Complete 
| 220|0x000000070ea00000, 0x000000070eb00000, 0x000000070eb00000|100%| S|CS|TAMS 0x000000070ea00000, 0x000000070ea00000| Complete 
| 221|0x000000070eb00000, 0x000000070ec00000, 0x000000070ec00000|100%| S|CS|TAMS 0x000000070eb00000, 0x000000070eb00000| Complete 
| 222|0x000000070ec00000, 0x000000070ed00000, 0x000000070ed00000|100%| S|CS|TAMS 0x000000070ec00000, 0x000000070ec00000| Complete 
| 223|0x000000070ed00000, 0x000000070ed00000, 0x000000070ee00000|  0%| F|  |TAMS 0x000000070ed00000, 0x000000070ed00000| Untracked 
| 224|0x000000070ee00000, 0x000000070ee00000, 0x000000070ef00000|  0%| F|  |TAMS 0x000000070ee00000, 0x000000070ee00000| Untracked 
| 225|0x000000070ef00000, 0x000000070ef00000, 0x000000070f000000|  0%| F|  |TAMS 0x000000070ef00000, 0x000000070ef00000| Untracked 
| 226|0x000000070f000000, 0x000000070f000000, 0x000000070f100000|  0%| F|  |TAMS 0x000000070f000000, 0x000000070f000000| Untracked 
| 227|0x000000070f100000, 0x000000070f100000, 0x000000070f200000|  0%| F|  |TAMS 0x000000070f100000, 0x000000070f100000| Untracked 
| 228|0x000000070f200000, 0x000000070f200000, 0x000000070f300000|  0%| F|  |TAMS 0x000000070f200000, 0x000000070f200000| Untracked 
| 229|0x000000070f300000, 0x000000070f300000, 0x000000070f400000|  0%| F|  |TAMS 0x000000070f300000, 0x000000070f300000| Untracked 
| 230|0x000000070f400000, 0x000000070f400000, 0x000000070f500000|  0%| F|  |TAMS 0x000000070f400000, 0x000000070f400000| Untracked 
| 231|0x000000070f500000, 0x000000070f500000, 0x000000070f600000|  0%| F|  |TAMS 0x000000070f500000, 0x000000070f500000| Untracked 
| 232|0x000000070f600000, 0x000000070f600000, 0x000000070f700000|  0%| F|  |TAMS 0x000000070f600000, 0x000000070f600000| Untracked 
| 233|0x000000070f700000, 0x000000070f700000, 0x000000070f800000|  0%| F|  |TAMS 0x000000070f700000, 0x000000070f700000| Untracked 
| 234|0x000000070f800000, 0x000000070f800000, 0x000000070f900000|  0%| F|  |TAMS 0x000000070f800000, 0x000000070f800000| Untracked 
| 235|0x000000070f900000, 0x000000070f900000, 0x000000070fa00000|  0%| F|  |TAMS 0x000000070f900000, 0x000000070f900000| Untracked 
| 236|0x000000070fa00000, 0x000000070fa00000, 0x000000070fb00000|  0%| F|  |TAMS 0x000000070fa00000, 0x000000070fa00000| Untracked 
| 237|0x000000070fb00000, 0x000000070fb00000, 0x000000070fc00000|  0%| F|  |TAMS 0x000000070fb00000, 0x000000070fb00000| Untracked 
| 238|0x000000070fc00000, 0x000000070fc00000, 0x000000070fd00000|  0%| F|  |TAMS 0x000000070fc00000, 0x000000070fc00000| Untracked 
| 239|0x000000070fd00000, 0x000000070fe00000, 0x000000070fe00000|100%| E|  |TAMS 0x000000070fd00000, 0x000000070fd00000| Complete 
| 240|0x000000070fe00000, 0x000000070ff00000, 0x000000070ff00000|100%| E|CS|TAMS 0x000000070fe00000, 0x000000070fe00000| Complete 
| 241|0x000000070ff00000, 0x0000000710000000, 0x0000000710000000|100%| E|CS|TAMS 0x000000070ff00000, 0x000000070ff00000| Complete 
| 242|0x0000000710000000, 0x0000000710100000, 0x0000000710100000|100%| E|CS|TAMS 0x0000000710000000, 0x0000000710000000| Complete 
| 243|0x0000000710100000, 0x0000000710200000, 0x0000000710200000|100%| E|CS|TAMS 0x0000000710100000, 0x0000000710100000| Complete 
| 244|0x0000000710200000, 0x0000000710300000, 0x0000000710300000|100%| E|CS|TAMS 0x0000000710200000, 0x0000000710200000| Complete 
| 245|0x0000000710300000, 0x0000000710400000, 0x0000000710400000|100%| E|CS|TAMS 0x0000000710300000, 0x0000000710300000| Complete 
| 246|0x0000000710400000, 0x0000000710500000, 0x0000000710500000|100%| E|CS|TAMS 0x0000000710400000, 0x0000000710400000| Complete 
| 247|0x0000000710500000, 0x0000000710600000, 0x0000000710600000|100%| E|CS|TAMS 0x0000000710500000, 0x0000000710500000| Complete 
| 248|0x0000000710600000, 0x0000000710700000, 0x0000000710700000|100%| E|CS|TAMS 0x0000000710600000, 0x0000000710600000| Complete 
| 249|0x0000000710700000, 0x0000000710800000, 0x0000000710800000|100%| E|CS|TAMS 0x0000000710700000, 0x0000000710700000| Complete 
| 250|0x0000000710800000, 0x0000000710900000, 0x0000000710900000|100%| E|CS|TAMS 0x0000000710800000, 0x0000000710800000| Complete 
| 251|0x0000000710900000, 0x0000000710a00000, 0x0000000710a00000|100%| E|CS|TAMS 0x0000000710900000, 0x0000000710900000| Complete 
| 252|0x0000000710a00000, 0x0000000710b00000, 0x0000000710b00000|100%| E|CS|TAMS 0x0000000710a00000, 0x0000000710a00000| Complete 
| 253|0x0000000710b00000, 0x0000000710c00000, 0x0000000710c00000|100%| E|CS|TAMS 0x0000000710b00000, 0x0000000710b00000| Complete 
| 254|0x0000000710c00000, 0x0000000710d00000, 0x0000000710d00000|100%| E|CS|TAMS 0x0000000710c00000, 0x0000000710c00000| Complete 
| 255|0x0000000710d00000, 0x0000000710e00000, 0x0000000710e00000|100%| E|CS|TAMS 0x0000000710d00000, 0x0000000710d00000| Complete 

Card table byte_map: [0x000001c662c30000,0x000001c663430000] _byte_map_base: 0x000001c65f429000

Marking Bits (Prev, Next): (CMBitMap*) 0x000001c64a789108, (CMBitMap*) 0x000001c64a789148
 Prev Bits: [0x000001c663c30000, 0x000001c667bf8000)
 Next Bits: [0x000001c667c00000, 0x000001c66bbc8000)

Polling page: 0x000001c649f00000

Metaspace:

Usage:
  Non-class:     17.24 MB capacity,    16.81 MB ( 97%) used,   362.42 KB (  2%) free+waste,    83.69 KB ( <1%) overhead. 
      Class:      2.69 MB capacity,     2.40 MB ( 89%) used,   256.14 KB (  9%) free+waste,    42.69 KB (  2%) overhead. 
       Both:     19.93 MB capacity,    19.20 MB ( 96%) used,   618.56 KB (  3%) free+waste,   126.38 KB ( <1%) overhead. 

Virtual space:
  Non-class space:       18.00 MB reserved,      17.25 MB ( 96%) committed 
      Class space:        1.00 GB reserved,       2.75 MB ( <1%) committed 
             Both:        1.02 GB reserved,      20.00 MB (  2%) committed 

Chunk freelists:
   Non-Class:  8.00 KB
       Class:  0 bytes
        Both:  8.00 KB

MaxMetaspaceSize: 17179869184.00 GB
CompressedClassSpaceSize: 1.00 GB

CodeHeap 'non-profiled nmethods': size=120000Kb used=1902Kb max_used=1902Kb free=118097Kb
 bounds [0x000001c65a9a0000, 0x000001c65ac10000, 0x000001c661ed0000]
CodeHeap 'profiled nmethods': size=120000Kb used=6789Kb max_used=6789Kb free=113210Kb
 bounds [0x000001c653470000, 0x000001c653b20000, 0x000001c65a9a0000]
CodeHeap 'non-nmethods': size=5760Kb used=1573Kb max_used=1637Kb free=4186Kb
 bounds [0x000001c652ed0000, 0x000001c653140000, 0x000001c653470000]
 total_blobs=4249 nmethods=3425 adapters=736
 compilation: enabled
              stopped_count=0, restarted_count=0
 full_count=0

Compilation events (20 events):
Event: 7.493 Thread 0x000001c66f215800 nmethod 3420 0x000001c653b0c190 code [0x000001c653b0c420, 0x000001c653b0d7d8]
Event: 7.493 Thread 0x000001c66f215800 3418       3       sun.nio.cs.UTF_8$Decoder::decodeLoop (28 bytes)
Event: 7.494 Thread 0x000001c66f215800 nmethod 3418 0x000001c653b0dc90 code [0x000001c653b0de60, 0x000001c653b0e298]
Event: 7.494 Thread 0x000001c66f215800 3421       3       com.mysql.jdbc.ResultSetImpl::getString (107 bytes)
Event: 7.495 Thread 0x000001c66f215800 nmethod 3421 0x000001c653b0e410 code [0x000001c653b0e6a0, 0x000001c653b0f2a8]
Event: 7.495 Thread 0x000001c66f215800 3422   !   3       com.mysql.jdbc.StringUtils::findCharset (70 bytes)
Event: 7.496 Thread 0x000001c66f215800 nmethod 3422 0x000001c653b0f810 code [0x000001c653b0fa80, 0x000001c653b103e8]
Event: 7.496 Thread 0x000001c66f215800 3419       1       com.mysql.jdbc.Field::getEncoding (5 bytes)
Event: 7.496 Thread 0x000001c66f215800 nmethod 3419 0x000001c65ab76210 code [0x000001c65ab763a0, 0x000001c65ab76478]
Event: 7.496 Thread 0x000001c66f215800 3423       3       java.nio.CharBuffer::toString (13 bytes)
Event: 7.496 Thread 0x000001c66f215800 nmethod 3423 0x000001c653b10990 code [0x000001c653b10b40, 0x000001c653b10d68]
Event: 7.496 Thread 0x000001c66f215800 3424   !   3       java.nio.HeapCharBuffer::toString (30 bytes)
Event: 7.496 Thread 0x000001c66f215800 nmethod 3424 0x000001c653b10e10 code [0x000001c653b11000, 0x000001c653b11448]
Event: 7.500 Thread 0x000001c66f20f000 nmethod 3387 0x000001c65ab76510 code [0x000001c65ab76780, 0x000001c65ab78098]
Event: 7.500 Thread 0x000001c66f20f000 3410       4       jdk.internal.org.objectweb.asm.SymbolTable::addConstantUtf8Reference (101 bytes)
Event: 7.510 Thread 0x000001c66f20f000 nmethod 3410 0x000001c65ab78a10 code [0x000001c65ab78d40, 0x000001c65ab79fa8]
Event: 92.223 Thread 0x000001c66f20f000 3425       4       com.sun.javafx.tk.quantum.QuantumToolkit::postPulse (106 bytes)
Event: 92.225 Thread 0x000001c66f20f000 nmethod 3425 0x000001c65ab7a710 code [0x000001c65ab7a960, 0x000001c65ab7ad68]
Event: 92.225 Thread 0x000001c66f20f000 3426       4       com.sun.javafx.tk.quantum.QuantumToolkit$$Lambda$103/0x0000000800bcac40::run (8 bytes)
Event: 92.227 Thread 0x000001c66f20f000 nmethod 3426 0x000001c65ab7af90 code [0x000001c65ab7b200, 0x000001c65ab7b718]

GC Heap History (4 events):
Event: 0.581 GC heap before
{Heap before GC invocations=0 (full 0):
 garbage-first heap   total 262144K, used 23552K [0x0000000700e00000, 0x0000000800000000)
  region size 1024K, 23 young (23552K), 0 survivors (0K)
 Metaspace       used 7301K, capacity 9080K, committed 9344K, reserved 1056768K
  class space    used 909K, capacity 1120K, committed 1152K, reserved 1048576K
}
Event: 0.584 GC heap after
{Heap after GC invocations=1 (full 0):
 garbage-first heap   total 262144K, used 3182K [0x0000000700e00000, 0x0000000800000000)
  region size 1024K, 3 young (3072K), 3 survivors (3072K)
 Metaspace       used 7301K, capacity 9080K, committed 9344K, reserved 1056768K
  class space    used 909K, capacity 1120K, committed 1152K, reserved 1048576K
}
Event: 4.602 GC heap before
{Heap before GC invocations=1 (full 0):
 garbage-first heap   total 262144K, used 35950K [0x0000000700e00000, 0x0000000800000000)
  region size 1024K, 33 young (33792K), 3 survivors (3072K)
 Metaspace       used 15087K, capacity 16046K, committed 16256K, reserved 1062912K
  class space    used 2048K, capacity 2343K, committed 2432K, reserved 1048576K
}
Event: 4.606 GC heap after
{Heap after GC invocations=2 (full 0):
 garbage-first heap   total 262144K, used 9478K [0x0000000700e00000, 0x0000000800000000)
  region size 1024K, 4 young (4096K), 4 survivors (4096K)
 Metaspace       used 15087K, capacity 16046K, committed 16256K, reserved 1062912K
  class space    used 2048K, capacity 2343K, committed 2432K, reserved 1048576K
}

Deoptimization events (20 events):
Event: 5.338 Thread 0x000001c66f33c000 Uncommon trap: trap_request=0xffffff45 fr.pc=0x000001c65aabbac0 relative=0x0000000000009880
Event: 5.338 Thread 0x000001c66f33c000 Uncommon trap: reason=unstable_if action=reinterpret pc=0x000001c65aabbac0 method=com.sun.marlin.MaskMarlinAlphaConsumer.setAndClearRelativeAlphas([IIII)V @ 69 c2
Event: 5.338 Thread 0x000001c66f33c000 DEOPT PACKING pc=0x000001c65aabbac0 sp=0x000000670cffcb70
Event: 5.338 Thread 0x000001c66f33c000 DEOPT UNPACKING pc=0x000001c652f1912f sp=0x000000670cffc950 mode 2
Event: 5.339 Thread 0x000001c66f33c000 DEOPT PACKING pc=0x000001c6538afc4d sp=0x000000670cffcaf0
Event: 5.339 Thread 0x000001c66f33c000 DEOPT UNPACKING pc=0x000001c652f1964e sp=0x000000670cffbfb8 mode 0
Event: 5.717 Thread 0x000001c66f33d000 Uncommon trap: trap_request=0xffffffde fr.pc=0x000001c65aaca614 relative=0x0000000000000314
Event: 5.717 Thread 0x000001c66f33d000 Uncommon trap: reason=class_check action=maybe_recompile pc=0x000001c65aaca614 method=javafx.scene.Node.updateLocalToParentTransform()V @ 11 c2
Event: 5.717 Thread 0x000001c66f33d000 DEOPT PACKING pc=0x000001c65aaca614 sp=0x000000670d6f6f70
Event: 5.717 Thread 0x000001c66f33d000 DEOPT UNPACKING pc=0x000001c652f1912f sp=0x000000670d6f6f08 mode 2
Event: 6.759 Thread 0x000001c66f33d000 Uncommon trap: trap_request=0xffffffde fr.pc=0x000001c65ab68610 relative=0x00000000000018d0
Event: 6.759 Thread 0x000001c66f33d000 Uncommon trap: reason=class_check action=maybe_recompile pc=0x000001c65ab68610 method=com.sun.javafx.event.CompositeEventHandler.dispatchCapturingEvent(Ljavafx/event/Event;)V @ 12 c2
Event: 6.759 Thread 0x000001c66f33d000 DEOPT PACKING pc=0x000001c65ab68610 sp=0x000000670d6fb160
Event: 6.759 Thread 0x000001c66f33d000 DEOPT UNPACKING pc=0x000001c652f1912f sp=0x000000670d6fb0b8 mode 2
Event: 6.821 Thread 0x000001c66f33d000 Uncommon trap: trap_request=0xffffffde fr.pc=0x000001c65ab68610 relative=0x00000000000018d0
Event: 6.821 Thread 0x000001c66f33d000 Uncommon trap: reason=class_check action=maybe_recompile pc=0x000001c65ab68610 method=com.sun.javafx.event.CompositeEventHandler.dispatchCapturingEvent(Ljavafx/event/Event;)V @ 12 c2
Event: 6.821 Thread 0x000001c66f33d000 DEOPT PACKING pc=0x000001c65ab68610 sp=0x000000670d6fb160
Event: 6.821 Thread 0x000001c66f33d000 DEOPT UNPACKING pc=0x000001c652f1912f sp=0x000000670d6fb0b8 mode 2
Event: 92.240 Thread 0x000001c67a703800 DEOPT PACKING pc=0x000001c6535faf54 sp=0x000000670bcfee30
Event: 92.240 Thread 0x000001c67a703800 DEOPT UNPACKING pc=0x000001c652f1964e sp=0x000000670bcfe290 mode 1

Classes unloaded (0 events):
No events

Classes redefined (0 events):
No events

Internal exceptions (20 events):
Event: 0.718 Thread 0x000001c66f33d000 Exception <a 'java/io/FileNotFoundException'{0x00000007106dade8}> (0x00000007106dade8) 
thrown [./open/src/hotspot/share/prims/jni.cpp, line 599]
Event: 0.751 Thread 0x000001c66f33d000 Exception <a 'sun/nio/fs/WindowsException'{0x000000071030c5d8}> (0x000000071030c5d8) 
thrown [./open/src/hotspot/share/prims/jni.cpp, line 599]
Event: 0.756 Thread 0x000001c66f33d000 Implicit null exception at 0x000001c65aa03346 to 0x000001c65aa038c0
Event: 0.756 Thread 0x000001c66f33d000 Implicit null exception at 0x000001c65a9eb8e8 to 0x000001c65a9eb97a
Event: 0.766 Thread 0x000001c66f33d000 Implicit null exception at 0x000001c65a9bb1ef to 0x000001c65a9bb4cd
Event: 0.863 Thread 0x000001c66f33d000 Exception <a 'java/lang/NoSuchMethodError'{0x000000070fed3108}: 'java.lang.Object java.lang.invoke.DirectMethodHandle$Holder.invokeInterface(java.lang.Object, java.lang.Object, java.lang.Object)'> (0x000000070fed3108) 
thrown [./open/src/hotspot/share/interpreter/linkResolver.cpp, line 766]
Event: 0.863 Thread 0x000001c66f33d000 Exception <a 'java/lang/IncompatibleClassChangeError'{0x000000070fed6378}: Found class java.lang.Object, but interface was expected> (0x000000070fed6378) 
thrown [./open/src/hotspot/share/interpreter/linkResolver.cpp, line 832]
Event: 0.922 Thread 0x000001c66f33c000 Exception <a 'java/lang/NoSuchMethodError'{0x000000070fb82928}: 'int java.lang.invoke.DirectMethodHandle$Holder.invokeStaticInit(java.lang.Object, java.lang.Object)'> (0x000000070fb82928) 
thrown [./open/src/hotspot/share/interpreter/linkResolver.cpp, line 766]
Event: 3.990 Thread 0x000001c66f33d000 Exception <a 'java/lang/NoSuchMethodError'{0x000000070f379168}: 'long java.lang.invoke.DirectMethodHandle$Holder.invokeStatic(java.lang.Object, java.lang.Object, java.lang.Object)'> (0x000000070f379168) 
thrown [./open/src/hotspot/share/interpreter/linkResolver.cpp, line 766]
Event: 3.990 Thread 0x000001c66f33d000 Exception <a 'java/lang/NoSuchMethodError'{0x000000070f37be10}: 'long java.lang.invoke.DirectMethodHandle$Holder.invokeStaticInit(java.lang.Object, java.lang.Object, java.lang.Object)'> (0x000000070f37be10) 
thrown [./open/src/hotspot/share/interpreter/linkResolver.cpp, line 766]
Event: 3.991 Thread 0x000001c66f33d000 Exception <a 'java/lang/NoSuchMethodError'{0x000000070f3900e0}: 'java.lang.Object java.lang.invoke.Invokers$Holder.linkToTargetMethod(java.lang.Object, long, java.lang.Object)'> (0x000000070f3900e0) 
thrown [./open/src/hotspot/share/interpreter/linkResolver.cpp, line 766]
Event: 4.103 Thread 0x000001c66f33d000 Exception <a 'java/lang/ClassNotFoundException'{0x000000070f127a08}: com/sun/javafx/scene/control/skin/resources/controls> (0x000000070f127a08) 
thrown [./open/src/hotspot/share/prims/jni.cpp, line 620]
Event: 4.104 Thread 0x000001c66f33d000 Exception <a 'java/lang/ClassNotFoundException'{0x000000070f1357d0}: com/sun/javafx/scene/control/skin/resources/controls_ru> (0x000000070f1357d0) 
thrown [./open/src/hotspot/share/prims/jni.cpp, line 620]
Event: 4.104 Thread 0x000001c66f33d000 Exception <a 'java/lang/ClassNotFoundException'{0x000000070f136c80}: com/sun/javafx/scene/control/skin/resources/controls_ru_RU> (0x000000070f136c80) 
thrown [./open/src/hotspot/share/prims/jni.cpp, line 620]
Event: 5.130 Thread 0x000001c66f33d000 Exception <a 'sun/nio/fs/WindowsException'{0x0000000710d5f7d0}> (0x0000000710d5f7d0) 
thrown [./open/src/hotspot/share/prims/jni.cpp, line 599]
Event: 5.243 Thread 0x000001c66f33d000 Exception <a 'java/lang/ClassNotFoundException'{0x00000007106f2bd8}: jdk/net/ExtendedSocketOptions> (0x00000007106f2bd8) 
thrown [./open/src/hotspot/share/classfile/systemDictionary.cpp, line 226]
Event: 5.332 Thread 0x000001c66f33c000 Exception <a 'java/lang/NoSuchMethodError'{0x0000000710ca0f78}: 'java.lang.Object java.lang.invoke.DirectMethodHandle$Holder.invokeStaticInit(java.lang.Object, int)'> (0x0000000710ca0f78) 
thrown [./open/src/hotspot/share/interpreter/linkResolver.cpp, line 766]
Event: 5.714 Thread 0x000001c66f33d000 Exception <a 'java/lang/NoSuchMethodError'{0x00000007103b0760}: 'java.lang.Object java.lang.invoke.DirectMethodHandle$Holder.invokeStatic(java.lang.Object, java.lang.Object, java.lang.Object, double, double, double, double, int, int, int, int, int, int, int, int, int)'> (0x00000007103b0760) 
thrown [./open/src/hotspot/share/interpreter/linkResolver.cpp, line 766]
Event: 7.488 Thread 0x000001c66f33d000 Exception <a 'java/lang/NoSuchMethodError'{0x00000007100bfb40}: 'java.lang.Object java.lang.invoke.DirectMethodHandle$Holder.invokeStatic(java.lang.Object, java.lang.Object, java.lang.Object, java.lang.Object, java.lang.Object, java.lang.Object, java.lang.Object, java.lang.Object, java.lang.Object, java.lang.Object, java.lang.Object, java.lang.Object, java.lang.Object, java.lang.Object, java.lang.Object)'> (0x00000007100bfb40) 
thrown [./open/src/hotspot/share/interpreter/linkResolver.cpp, line 766]
Event: 7.490 Thread 0x000001c66f33d000 Exception <a 'java/lang/NoSuchMethodError'{0x00000007100cc870}: 'java.lang.Object java.lang.invoke.DirectMethodHandle$Holder.invokeStatic(java.lang.Object, java.lang.Object, java.lang.Object, java.lang.Object, java.lang.Object, java.lang.Object, java.lang.Object, java.lang.Object, java.lang.Object, java.lang.Object, java.lang.Object, java.lang.Object, java.lang.Object, java.lang.Object, java.lang.Object, java.lang.Object)'> (0x00000007100cc870) 
thrown [./open/src/hotspot/share/interpreter/linkResolver.cpp

Events (20 events):
Event: 92.239 Executing VM operation: HandshakeOneThread done
Event: 92.239 Thread 0x000001c67a703800 Thread added: 0x000001c67a703800
Event: 92.239 Thread 0x000001c67a6fd800 Thread added: 0x000001c67a6fd800
Event: 92.239 Executing VM operation: HandshakeOneThread
Event: 92.240 Executing VM operation: HandshakeOneThread done
Event: 92.240 Executing VM operation: HandshakeOneThread
Event: 92.240 Executing VM operation: HandshakeOneThread done
Event: 92.240 Executing VM operation: HandshakeOneThread
Event: 92.240 Executing VM operation: HandshakeOneThread done
Event: 92.240 Executing VM operation: HandshakeOneThread
Event: 92.240 Executing VM operation: HandshakeOneThread done
Event: 92.240 Executing VM operation: HandshakeOneThread
Event: 92.240 Executing VM operation: HandshakeOneThread done
Event: 92.240 Thread 0x000001c67a6fd800 Thread exited: 0x000001c67a6fd800
Event: 92.240 Thread 0x000001c67a703800 Thread exited: 0x000001c67a703800
Event: 92.240 Executing VM operation: HandshakeOneThread
Event: 92.240 Executing VM operation: HandshakeOneThread done
Event: 92.241 Thread 0x000001c66f33c000 Thread exited: 0x000001c66f33c000
Event: 92.241 Executing VM operation: Exit
Event: 92.241 Thread 0x000001c66f209000 Thread exited: 0x000001c66f209000


Dynamic libraries:
0x00007ff7f65e0000 - 0x00007ff7f65ef000 	C:\Program Files\Java\jdk-14.0.2\bin\java.exe
0x00007ffab7430000 - 0x00007ffab7626000 	C:\WINDOWS\SYSTEM32\ntdll.dll
0x00007ffab6850000 - 0x00007ffab690d000 	C:\WINDOWS\System32\KERNEL32.DLL
0x00007ffab50b0000 - 0x00007ffab5379000 	C:\WINDOWS\System32\KERNELBASE.dll
0x00007ffab4c10000 - 0x00007ffab4d10000 	C:\WINDOWS\System32\ucrtbase.dll
0x00007ffa94720000 - 0x00007ffa94738000 	C:\Program Files\Java\jdk-14.0.2\bin\jli.dll
0x00007ffa94700000 - 0x00007ffa94715000 	C:\Program Files\Java\jdk-14.0.2\bin\VCRUNTIME140.dll
0x00007ffab5fd0000 - 0x00007ffab607c000 	C:\WINDOWS\System32\ADVAPI32.dll
0x00007ffab5d60000 - 0x00007ffab5dfe000 	C:\WINDOWS\System32\msvcrt.dll
0x00007ffab70a0000 - 0x00007ffab713c000 	C:\WINDOWS\System32\sechost.dll
0x00007ffab7140000 - 0x00007ffab726b000 	C:\WINDOWS\System32\RPCRT4.dll
0x00007ffab6c70000 - 0x00007ffab6e10000 	C:\WINDOWS\System32\USER32.dll
0x00007ffab5380000 - 0x00007ffab53a2000 	C:\WINDOWS\System32\win32u.dll
0x00007ffab5f40000 - 0x00007ffab5f6a000 	C:\WINDOWS\System32\GDI32.dll
0x00007ffa9d7f0000 - 0x00007ffa9da8b000 	C:\WINDOWS\WinSxS\amd64_microsoft.windows.common-controls_6595b64144ccf1df_6.0.19041.488_none_ca04af081b815d21\COMCTL32.dll
0x00007ffab4d10000 - 0x00007ffab4e19000 	C:\WINDOWS\System32\gdi32full.dll
0x00007ffab4b70000 - 0x00007ffab4c0d000 	C:\WINDOWS\System32\msvcp_win.dll
0x00007ffaacb20000 - 0x00007ffaacb2a000 	C:\WINDOWS\SYSTEM32\VERSION.dll
0x00007ffab72d0000 - 0x00007ffab7300000 	C:\WINDOWS\System32\IMM32.DLL
0x00007ffa7a880000 - 0x00007ffa7a91b000 	C:\Program Files\Java\jdk-14.0.2\bin\msvcp140.dll
0x00007ffa6a080000 - 0x00007ffa6ab9e000 	C:\Program Files\Java\jdk-14.0.2\bin\server\jvm.dll
0x00007ffab5eb0000 - 0x00007ffab5eb8000 	C:\WINDOWS\System32\PSAPI.DLL
0x00007ffaa10f0000 - 0x00007ffaa10f9000 	C:\WINDOWS\SYSTEM32\WSOCK32.dll
0x00007ffaa1fe0000 - 0x00007ffaa2007000 	C:\WINDOWS\SYSTEM32\WINMM.dll
0x00007ffab6500000 - 0x00007ffab656b000 	C:\WINDOWS\System32\WS2_32.dll
0x00007ffab3430000 - 0x00007ffab3442000 	C:\WINDOWS\SYSTEM32\kernel.appcore.dll
0x00007ffaaf7e0000 - 0x00007ffaaf7ea000 	C:\Program Files\Java\jdk-14.0.2\bin\jimage.dll
0x00007ffab2910000 - 0x00007ffab2af4000 	C:\WINDOWS\SYSTEM32\DBGHELP.DLL
0x00007ffa9cb90000 - 0x00007ffa9cbbc000 	C:\WINDOWS\SYSTEM32\dbgcore.DLL
0x00007ffab4e20000 - 0x00007ffab4ea0000 	C:\WINDOWS\System32\bcryptPrimitives.dll
0x00007ffa8ad20000 - 0x00007ffa8ad58000 	C:\Program Files\Java\jdk-14.0.2\bin\jdwp.dll
0x00007ffa8ef90000 - 0x00007ffa8efb5000 	C:\Program Files\Java\jdk-14.0.2\bin\java.dll
0x00007ffa94230000 - 0x00007ffa94246000 	C:\Program Files\Java\jdk-14.0.2\bin\zip.dll
0x00007ffab5610000 - 0x00007ffab5d52000 	C:\WINDOWS\System32\SHELL32.dll
0x00007ffab2ba0000 - 0x00007ffab3335000 	C:\WINDOWS\SYSTEM32\windows.storage.dll
0x00007ffab6910000 - 0x00007ffab6c66000 	C:\WINDOWS\System32\combase.dll
0x00007ffab4440000 - 0x00007ffab446c000 	C:\WINDOWS\SYSTEM32\Wldp.dll
0x00007ffab5490000 - 0x00007ffab553e000 	C:\WINDOWS\System32\SHCORE.dll
0x00007ffab7270000 - 0x00007ffab72c5000 	C:\WINDOWS\System32\shlwapi.dll
0x00007ffab4aa0000 - 0x00007ffab4ac6000 	C:\WINDOWS\SYSTEM32\profapi.dll
0x00007ffa92190000 - 0x00007ffa921a9000 	C:\Program Files\Java\jdk-14.0.2\bin\net.dll
0x00007ffaae670000 - 0x00007ffaae770000 	C:\WINDOWS\SYSTEM32\WINHTTP.dll
0x00007ffab4230000 - 0x00007ffab429a000 	C:\WINDOWS\system32\mswsock.dll
0x00007ffa91bf0000 - 0x00007ffa91c02000 	C:\Program Files\Java\jdk-14.0.2\bin\nio.dll
0x00007ffaa24f0000 - 0x00007ffaa24fb000 	C:\Program Files\Java\jdk-14.0.2\bin\dt_socket.dll
0x00007ffab3f40000 - 0x00007ffab3f7b000 	C:\WINDOWS\SYSTEM32\IPHLPAPI.DLL
0x000001c64a680000 - 0x000001c64a683000 	C:\Users\Drainer\Desktop\3 kurse\BD\javafx-sdk-11.0.2\bin\api-ms-win-core-console-l1-1-0.dll
0x000001c64a690000 - 0x000001c64a693000 	C:\Users\Drainer\Desktop\3 kurse\BD\javafx-sdk-11.0.2\bin\api-ms-win-core-datetime-l1-1-0.dll
0x000001c64a6a0000 - 0x000001c64a6a3000 	C:\Users\Drainer\Desktop\3 kurse\BD\javafx-sdk-11.0.2\bin\api-ms-win-core-debug-l1-1-0.dll
0x000001c64a6b0000 - 0x000001c64a6b3000 	C:\Users\Drainer\Desktop\3 kurse\BD\javafx-sdk-11.0.2\bin\api-ms-win-core-errorhandling-l1-1-0.dll
0x000001c64a6c0000 - 0x000001c64a6c4000 	C:\Users\Drainer\Desktop\3 kurse\BD\javafx-sdk-11.0.2\bin\api-ms-win-core-file-l1-1-0.dll
0x000001c64a6d0000 - 0x000001c64a6d3000 	C:\Users\Drainer\Desktop\3 kurse\BD\javafx-sdk-11.0.2\bin\api-ms-win-core-file-l1-2-0.dll
0x000001c64a6e0000 - 0x000001c64a6e3000 	C:\Users\Drainer\Desktop\3 kurse\BD\javafx-sdk-11.0.2\bin\api-ms-win-core-file-l2-1-0.dll
0x000001c64a6f0000 - 0x000001c64a6f3000 	C:\Users\Drainer\Desktop\3 kurse\BD\javafx-sdk-11.0.2\bin\api-ms-win-core-handle-l1-1-0.dll
0x000001c66fe90000 - 0x000001c66fe93000 	C:\Users\Drainer\Desktop\3 kurse\BD\javafx-sdk-11.0.2\bin\api-ms-win-core-heap-l1-1-0.dll
0x000001c66fea0000 - 0x000001c66fea3000 	C:\Users\Drainer\Desktop\3 kurse\BD\javafx-sdk-11.0.2\bin\api-ms-win-core-interlocked-l1-1-0.dll
0x000001c66feb0000 - 0x000001c66feb3000 	C:\Users\Drainer\Desktop\3 kurse\BD\javafx-sdk-11.0.2\bin\api-ms-win-core-libraryloader-l1-1-0.dll
0x000001c66fec0000 - 0x000001c66fec3000 	C:\Users\Drainer\Desktop\3 kurse\BD\javafx-sdk-11.0.2\bin\api-ms-win-core-localization-l1-2-0.dll
0x000001c66fed0000 - 0x000001c66fed3000 	C:\Users\Drainer\Desktop\3 kurse\BD\javafx-sdk-11.0.2\bin\api-ms-win-core-memory-l1-1-0.dll
0x000001c66fee0000 - 0x000001c66fee3000 	C:\Users\Drainer\Desktop\3 kurse\BD\javafx-sdk-11.0.2\bin\api-ms-win-core-namedpipe-l1-1-0.dll
0x000001c66fef0000 - 0x000001c66fef3000 	C:\Users\Drainer\Desktop\3 kurse\BD\javafx-sdk-11.0.2\bin\api-ms-win-core-processenvironment-l1-1-0.dll
0x000001c66ff00000 - 0x000001c66ff03000 	C:\Users\Drainer\Desktop\3 kurse\BD\javafx-sdk-11.0.2\bin\api-ms-win-core-processthreads-l1-1-0.dll
0x000001c66ff10000 - 0x000001c66ff13000 	C:\Users\Drainer\Desktop\3 kurse\BD\javafx-sdk-11.0.2\bin\api-ms-win-core-processthreads-l1-1-1.dll
0x000001c66ff20000 - 0x000001c66ff23000 	C:\Users\Drainer\Desktop\3 kurse\BD\javafx-sdk-11.0.2\bin\api-ms-win-core-profile-l1-1-0.dll
0x000001c66ff30000 - 0x000001c66ff33000 	C:\Users\Drainer\Desktop\3 kurse\BD\javafx-sdk-11.0.2\bin\api-ms-win-core-rtlsupport-l1-1-0.dll
0x000001c66ff40000 - 0x000001c66ff43000 	C:\Users\Drainer\Desktop\3 kurse\BD\javafx-sdk-11.0.2\bin\api-ms-win-core-string-l1-1-0.dll
0x000001c66ff50000 - 0x000001c66ff53000 	C:\Users\Drainer\Desktop\3 kurse\BD\javafx-sdk-11.0.2\bin\api-ms-win-core-synch-l1-1-0.dll
0x000001c66ff60000 - 0x000001c66ff63000 	C:\Users\Drainer\Desktop\3 kurse\BD\javafx-sdk-11.0.2\bin\api-ms-win-core-synch-l1-2-0.dll
0x000001c66ff70000 - 0x000001c66ff73000 	C:\Users\Drainer\Desktop\3 kurse\BD\javafx-sdk-11.0.2\bin\api-ms-win-core-sysinfo-l1-1-0.dll
0x000001c66ff80000 - 0x000001c66ff83000 	C:\Users\Drainer\Desktop\3 kurse\BD\javafx-sdk-11.0.2\bin\api-ms-win-core-timezone-l1-1-0.dll
0x000001c66ff90000 - 0x000001c66ff93000 	C:\Users\Drainer\Desktop\3 kurse\BD\javafx-sdk-11.0.2\bin\api-ms-win-core-util-l1-1-0.dll
0x000001c66ffa0000 - 0x000001c66ffa3000 	C:\Users\Drainer\Desktop\3 kurse\BD\javafx-sdk-11.0.2\bin\api-ms-win-crt-conio-l1-1-0.dll
0x000001c66ffb0000 - 0x000001c66ffb4000 	C:\Users\Drainer\Desktop\3 kurse\BD\javafx-sdk-11.0.2\bin\api-ms-win-crt-convert-l1-1-0.dll
0x000001c66ffc0000 - 0x000001c66ffc3000 	C:\Users\Drainer\Desktop\3 kurse\BD\javafx-sdk-11.0.2\bin\api-ms-win-crt-environment-l1-1-0.dll
0x000001c66ffd0000 - 0x000001c66ffd3000 	C:\Users\Drainer\Desktop\3 kurse\BD\javafx-sdk-11.0.2\bin\api-ms-win-crt-filesystem-l1-1-0.dll
0x000001c66ffe0000 - 0x000001c66ffe3000 	C:\Users\Drainer\Desktop\3 kurse\BD\javafx-sdk-11.0.2\bin\api-ms-win-crt-heap-l1-1-0.dll
0x000001c66fff0000 - 0x000001c66fff3000 	C:\Users\Drainer\Desktop\3 kurse\BD\javafx-sdk-11.0.2\bin\api-ms-win-crt-locale-l1-1-0.dll
0x000001c670000000 - 0x000001c670005000 	C:\Users\Drainer\Desktop\3 kurse\BD\javafx-sdk-11.0.2\bin\api-ms-win-crt-math-l1-1-0.dll
0x000001c670010000 - 0x000001c670015000 	C:\Users\Drainer\Desktop\3 kurse\BD\javafx-sdk-11.0.2\bin\api-ms-win-crt-multibyte-l1-1-0.dll
0x000001c670020000 - 0x000001c670030000 	C:\Users\Drainer\Desktop\3 kurse\BD\javafx-sdk-11.0.2\bin\api-ms-win-crt-private-l1-1-0.dll
0x000001c670030000 - 0x000001c670033000 	C:\Users\Drainer\Desktop\3 kurse\BD\javafx-sdk-11.0.2\bin\api-ms-win-crt-process-l1-1-0.dll
0x000001c670040000 - 0x000001c670044000 	C:\Users\Drainer\Desktop\3 kurse\BD\javafx-sdk-11.0.2\bin\api-ms-win-crt-runtime-l1-1-0.dll
0x000001c670050000 - 0x000001c670054000 	C:\Users\Drainer\Desktop\3 kurse\BD\javafx-sdk-11.0.2\bin\api-ms-win-crt-stdio-l1-1-0.dll
0x000001c670060000 - 0x000001c670064000 	C:\Users\Drainer\Desktop\3 kurse\BD\javafx-sdk-11.0.2\bin\api-ms-win-crt-string-l1-1-0.dll
0x000001c670070000 - 0x000001c670073000 	C:\Users\Drainer\Desktop\3 kurse\BD\javafx-sdk-11.0.2\bin\api-ms-win-crt-time-l1-1-0.dll
0x000001c670080000 - 0x000001c670083000 	C:\Users\Drainer\Desktop\3 kurse\BD\javafx-sdk-11.0.2\bin\api-ms-win-crt-utility-l1-1-0.dll
0x00007ffa7a780000 - 0x00007ffa7a87a000 	C:\Users\Drainer\Desktop\3 kurse\BD\javafx-sdk-11.0.2\bin\ucrtbase.dll
0x00007ffa914c0000 - 0x00007ffa914d6000 	C:\Users\Drainer\Desktop\3 kurse\BD\javafx-sdk-11.0.2\bin\vcruntime140.dll
0x00007ffa785f0000 - 0x00007ffa78696000 	C:\Users\Drainer\Desktop\3 kurse\BD\javafx-sdk-11.0.2\bin\msvcp140.dll
0x00007ffa7a720000 - 0x00007ffa7a771000 	C:\Users\Drainer\Desktop\3 kurse\BD\javafx-sdk-11.0.2\bin\concrt140.dll
0x00007ffa7a6f0000 - 0x00007ffa7a713000 	C:\Users\Drainer\Desktop\3 kurse\BD\javafx-sdk-11.0.2\bin\prism_d3d.dll
0x00007ffaad920000 - 0x00007ffaadaef000 	C:\WINDOWS\system32\d3d9.dll
0x00007ffab2490000 - 0x00007ffab24bf000 	C:\WINDOWS\SYSTEM32\dwmapi.dll
0x00007ffab2110000 - 0x00007ffab21ae000 	C:\WINDOWS\system32\uxtheme.dll
0x00007ffaa90d0000 - 0x00007ffaa91d5000 	C:\WINDOWS\System32\DriverStore\FileRepository\nv_dispi.inf_amd64_a51067c0ac557884\nvldumdx.dll
0x00007ffab4690000 - 0x00007ffab46a2000 	C:\WINDOWS\SYSTEM32\msasn1.dll
0x00007ffaac790000 - 0x00007ffaac7c1000 	C:\WINDOWS\SYSTEM32\cryptnet.dll
0x00007ffab4f50000 - 0x00007ffab50ad000 	C:\WINDOWS\System32\CRYPT32.dll
0x00007ffab43b0000 - 0x00007ffab43bc000 	C:\WINDOWS\SYSTEM32\cryptbase.dll
0x00007ffab53b0000 - 0x00007ffab5410000 	C:\WINDOWS\System32\WINTRUST.DLL
0x00007ffab66a0000 - 0x00007ffab66bd000 	C:\WINDOWS\System32\imagehlp.dll
0x00007ffab44c0000 - 0x00007ffab44d8000 	C:\WINDOWS\SYSTEM32\CRYPTSP.dll
0x00007ffab3be0000 - 0x00007ffab3c14000 	C:\WINDOWS\system32\rsaenh.dll
0x00007ffab5410000 - 0x00007ffab5437000 	C:\WINDOWS\System32\bcrypt.dll
0x00007ffa64ef0000 - 0x00007ffa66b37000 	C:\WINDOWS\System32\DriverStore\FileRepository\nv_dispi.inf_amd64_a51067c0ac557884\nvd3dumx.dll
0x00007ffa76b70000 - 0x00007ffa76bb5000 	C:\Users\Drainer\Desktop\3 kurse\BD\javafx-sdk-11.0.2\bin\glass.dll
0x00007ffab6e10000 - 0x00007ffab6eeb000 	C:\WINDOWS\System32\COMDLG32.dll
0x00007ffab6570000 - 0x00007ffab669a000 	C:\WINDOWS\System32\ole32.dll
0x00007ffab5540000 - 0x00007ffab560d000 	C:\WINDOWS\System32\OLEAUT32.dll
0x00007ffab6730000 - 0x00007ffab6846000 	C:\WINDOWS\System32\MSCTF.dll
0x0000000180000000 - 0x0000000180272000 	C:\Program Files (x86)\RivaTuner Statistics Server\RTSSHooks64.dll
0x00007ffa93340000 - 0x00007ffa935f9000 	C:\WINDOWS\system32\nvspcap64.dll
0x00007ffab3870000 - 0x00007ffab38a3000 	C:\WINDOWS\SYSTEM32\ntmarta.dll
0x00007ffab3450000 - 0x00007ffab3473000 	C:\WINDOWS\SYSTEM32\gpapi.dll
0x00007ffaa9320000 - 0x00007ffaa935b000 	C:\WINDOWS\SYSTEM32\dxcore.dll
0x00007ffab5440000 - 0x00007ffab548e000 	C:\WINDOWS\System32\cfgmgr32.dll
0x00007ffa8ef70000 - 0x00007ffa8ef84000 	C:\Users\Drainer\Desktop\3 kurse\BD\javafx-sdk-11.0.2\bin\javafx_font.dll
0x00007ffaa2220000 - 0x00007ffaa249f000 	C:\WINDOWS\SYSTEM32\dwrite.dll
0x00007ffab5e00000 - 0x00007ffab5ea9000 	C:\WINDOWS\System32\clbcatq.dll
0x00007ffaacc90000 - 0x00007ffaace44000 	C:\WINDOWS\SYSTEM32\WindowsCodecs.dll
0x00007ffa9f5a0000 - 0x00007ffa9f5de000 	C:\WINDOWS\system32\dataexchange.dll
0x00007ffab1080000 - 0x00007ffab1267000 	C:\WINDOWS\system32\dcomp.dll
0x00007ffaafd30000 - 0x00007ffaaff94000 	C:\WINDOWS\system32\d3d11.dll
0x00007ffab3480000 - 0x00007ffab3573000 	C:\WINDOWS\system32\dxgi.dll
0x00007ffaacf00000 - 0x00007ffaad108000 	C:\WINDOWS\system32\twinapi.appcore.dll
0x00007ffa79b10000 - 0x00007ffa79b44000 	C:\Program Files\Common Files\Microsoft Shared\Ink\rtscom.dll
0x00007ffaaf7f0000 - 0x00007ffaaf8ed000 	C:\WINDOWS\SYSTEM32\textinputframework.dll
0x00007ffab1770000 - 0x00007ffab1ace000 	C:\WINDOWS\System32\CoreUIComponents.dll

dbghelp: loaded successfully - version: 4.0.5 - missing functions: none
symbol engine: initialized successfully - sym options: 0x614 - pdb path: .;C:\Program Files\Java\jdk-14.0.2\bin;C:\WINDOWS\SYSTEM32;C:\WINDOWS\WinSxS\amd64_microsoft.windows.common-controls_6595b64144ccf1df_6.0.19041.488_none_ca04af081b815d21;C:\Program Files\Java\jdk-14.0.2\bin\server;C:\Users\Drainer\Desktop\3 kurse\BD\javafx-sdk-11.0.2\bin;C:\WINDOWS\System32\DriverStore\FileRepository\nv_dispi.inf_amd64_a51067c0ac557884;C:\Program Files (x86)\RivaTuner Statistics Server;C:\Program Files\Common Files\Microsoft Shared\Ink

VM Arguments:
jvm_args: -agentlib:jdwp=transport=dt_socket,address=127.0.0.1:54919,suspend=y,server=n --add-modules=javafx.base,javafx.graphics --add-reads=javafx.base=ALL-UNNAMED --add-reads=javafx.graphics=ALL-UNNAMED -Dfile.encoding=UTF-8 --module-path=C:\Users\Drainer\Desktop\3 kurse\BD\javafx-sdk-11.0.2\lib\javafx.base.jar;C:\Users\Drainer\Desktop\3 kurse\BD\javafx-sdk-11.0.2\lib\javafx.graphics.jar;C:\Users\Drainer\Desktop\3 kurse\BD\BeautyBDProg\out\production\BeautyBDProg;C:\Users\Drainer\Desktop\3 kurse\BD\javafx-sdk-11.0.2\lib\javafx-swt.jar;C:\Users\Drainer\Desktop\3 kurse\BD\javafx-sdk-11.0.2\lib\javafx.controls.jar;C:\Users\Drainer\Desktop\3 kurse\BD\javafx-sdk-11.0.2\lib\javafx.fxml.jar;C:\Users\Drainer\Desktop\3 kurse\BD\javafx-sdk-11.0.2\lib\javafx.media.jar;C:\Users\Drainer\Desktop\3 kurse\BD\javafx-sdk-11.0.2\lib\javafx.swing.jar;C:\Users\Drainer\Desktop\3 kurse\BD\javafx-sdk-11.0.2\lib\javafx.web.jar;C:\Users\Drainer\Desktop\3 kurse\BD\BeautyBDProg\mysql-connector-java-5.1.49.jar -Djdk.module.main=sample 
java_command: sample/sample.Main
java_class_path (initial): C:\Program Files\JetBrains\IntelliJ IDEA Community Edition 2020.1.4\lib\idea_rt.jar
Launcher Type: SUN_STANDARD

[Global flags]
     intx CICompilerCount                          = 4                                         {product} {ergonomic}
     uint ConcGCThreads                            = 3                                         {product} {ergonomic}
     uint G1ConcRefinementThreads                  = 10                                        {product} {ergonomic}
   size_t G1HeapRegionSize                         = 1048576                                   {product} {ergonomic}
    uintx GCDrainStackTargetSize                   = 64                                        {product} {ergonomic}
   size_t InitialHeapSize                          = 268435456                                 {product} {ergonomic}
   size_t MarkStackSize                            = 4194304                                   {product} {ergonomic}
   size_t MaxHeapSize                              = 4280287232                                {product} {ergonomic}
   size_t MaxNewSize                               = 2567962624                                {product} {ergonomic}
   size_t MinHeapDeltaBytes                        = 1048576                                   {product} {ergonomic}
   size_t MinHeapSize                              = 8388608                                   {product} {ergonomic}
    uintx NonNMethodCodeHeapSize                   = 5839372                                {pd product} {ergonomic}
    uintx NonProfiledCodeHeapSize                  = 122909434                              {pd product} {ergonomic}
    uintx ProfiledCodeHeapSize                     = 122909434                              {pd product} {ergonomic}
    uintx ReservedCodeCacheSize                    = 251658240                              {pd product} {ergonomic}
     bool SegmentedCodeCache                       = true                                      {product} {ergonomic}
   size_t SoftMaxHeapSize                          = 4280287232                             {manageable} {ergonomic}
     bool UseCompressedClassPointers               = true                                 {lp64_product} {ergonomic}
     bool UseCompressedOops                        = true                                 {lp64_product} {ergonomic}
     bool UseG1GC                                  = true                                      {product} {ergonomic}
     bool UseLargePagesIndividualAllocation        = false                                  {pd product} {ergonomic}

Logging:
Log output configuration:
 #0: stdout all=off uptime,level,tags
 #1: stderr all=off uptime,level,tags

Environment Variables:
PATH=C:\Program Files\Java\jdk-14.0.2\bin;C:\WINDOWS\system32;C:\WINDOWS;C:\WINDOWS\System32\Wbem;C:\WINDOWS\System32\WindowsPowerShell\v1.0\;C:\WINDOWS\System32\OpenSSH\;C:\Program Files\Microsoft SQL Server\120\Tools\Binn\;C:\Program Files\NVIDIA Corporation\NVIDIA NvDLISR;C:\Program Files (x86)\Windows Kits\10\Windows Performance Toolkit\;C:\Program Files\dotnet\;C:\Program Files\MySQL\MySQL Shell 8.0\bin\;C:\Users\Drainer\AppData\Local\Microsoft\WindowsApps;C:\Users\Drainer\.dotnet\tools;C:\Program Files\JetBrains\PyCharm Community Edition 2020.3.1\bin;
USERNAME=Drainer
OS=Windows_NT
PROCESSOR_IDENTIFIER=Intel64 Family 6 Model 158 Stepping 10, GenuineIntel



---------------  S Y S T E M  ---------------

OS: Windows 10 , 64 bit Build 19041 (10.0.19041.662)
OS uptime: 5 days 12:10 hours
HyperV virtualization detected

CPU:total 12 (initial active 12) (6 cores per cpu, 2 threads per core) family 6 model 158 stepping 10, cmov, cx8, fxsr, mmx, sse, sse2, sse3, ssse3, sse4.1, sse4.2, popcnt, avx, avx2, aes, clmul, erms, rtm, 3dnowpref, lzcnt, ht, tsc, tscinvbit, bmi1, bmi2, adx, fma

Memory: 4k page, system-wide physical 16326M (6303M free)
TotalPageFile size 28102M (AvailPageFile size 8390M)
current process WorkingSet (physical memory assigned to process): 148M, peak: 197M
current process commit charge ("private bytes"): 471M, peak: 522M

vm_info: Java HotSpot(TM) 64-Bit Server VM (14.0.2+12-46) for windows-amd64 JRE (14.0.2+12-46), built on Jul  9 2020 00:35:52 by "mach5one" with MS VC++ 15.9 (VS2017)

END.
