#
# A fatal error has been detected by the Java Runtime Environment:
#
#  EXCEPTION_ACCESS_VIOLATION (0xc0000005) at pc=0x00007ffa43156730, pid=14200, tid=7500
#
# JRE version: Java(TM) SE Runtime Environment (14.0.2+12) (build 14.0.2+12-46)
# Java VM: Java HotSpot(TM) 64-Bit Server VM (14.0.2+12-46, mixed mode, sharing, tiered, compressed oops, g1 gc, windows-amd64)
# Problematic frame:
# C  [glass.dll+0x26730]
#
# No core dump will be written. Minidumps are not enabled by default on client versions of Windows
#
# If you would like to submit a bug report, please visit:
#   https://bugreport.java.com/bugreport/crash.jsp
#

---------------  S U M M A R Y ------------

Command Line: -agentlib:jdwp=transport=dt_socket,address=127.0.0.1:55187,suspend=y,server=n --add-modules=javafx.base,javafx.graphics --add-reads=javafx.base=ALL-UNNAMED --add-reads=javafx.graphics=ALL-UNNAMED -Dfile.encoding=UTF-8 --module-path=C:\Users\Drainer\Desktop\3 kurse\BD\javafx-sdk-11.0.2\lib\javafx.base.jar;C:\Users\Drainer\Desktop\3 kurse\BD\javafx-sdk-11.0.2\lib\javafx.graphics.jar;C:\Users\Drainer\Desktop\3 kurse\BD\BeautyBDProg\out\production\BeautyBDProg;C:\Users\Drainer\Desktop\3 kurse\BD\javafx-sdk-11.0.2\lib\javafx-swt.jar;C:\Users\Drainer\Desktop\3 kurse\BD\javafx-sdk-11.0.2\lib\javafx.controls.jar;C:\Users\Drainer\Desktop\3 kurse\BD\javafx-sdk-11.0.2\lib\javafx.fxml.jar;C:\Users\Drainer\Desktop\3 kurse\BD\javafx-sdk-11.0.2\lib\javafx.media.jar;C:\Users\Drainer\Desktop\3 kurse\BD\javafx-sdk-11.0.2\lib\javafx.swing.jar;C:\Users\Drainer\Desktop\3 kurse\BD\javafx-sdk-11.0.2\lib\javafx.web.jar;C:\Users\Drainer\Desktop\3 kurse\BD\BeautyBDProg\mysql-connector-java-5.1.49.jar -Djdk.module.main=sample sample/sample.Main

Host: Intel(R) Core(TM) i7-8700K CPU @ 3.70GHz, 12 cores, 15G,  Windows 10 , 64 bit Build 19041 (10.0.19041.662)
Time: Mon Jan  4 16:14:48 2021 RTZ 2 (зима) elapsed time: 53 seconds (0d 0h 0m 53s)

---------------  T H R E A D  ---------------

Current thread (0x00000177acd22800):  VMThread "VM Thread" [stack: 0x0000002793000000,0x0000002793100000] [id=7500]

Stack: [0x0000002793000000,0x0000002793100000],  sp=0x00000027930fed10,  free space=1019k
Native frames: (J=compiled Java code, j=interpreted, Vv=VM code, C=native code)
C  [glass.dll+0x26730]


siginfo: EXCEPTION_ACCESS_VIOLATION (0xc0000005), reading address 0x0000000000000000


Register to memory mapping:

RIP=0x00007ffa43156730 glass.dll
RAX=0x0 is NULL
RBX=0x00000177b8b62ac0 is a global jni handle
RCX=0x00000177acd22800 points into unknown readable memory: c0 a7 a7 4b fa 7f 00 00
RDX=0x00000027930fed10 points into unknown readable memory: 00 00 00 00 00 00 00 00
RSP=0x00000027930fed10 points into unknown readable memory: 00 00 00 00 00 00 00 00
RBP=0x00000177adb9ca88 points into unknown readable memory: 43 26 7c 88 b1 cf 00 00
RSI=0x00000177adb9ca60 points into unknown readable memory: 83 90 d5 90 63 30 03 00
RDI=0x0000cfb1887c2643 is an unknown value
R8 =0x0000000000010002 is an unknown value
R9 =0x0000cfb1887c2643 is an unknown value
R10=0x0000000000008000 is an unknown value
R11=0x00000027930fecb0 points into unknown readable memory: 60 ca b9 ad 77 01 00 00
R12=0x00007ffa43153be0 glass.dll
R13=0x0000017788b6ded8 points into unknown readable memory: 00 28 d2 ac 77 01 00 00
R14=0x00000027930fee18 points into unknown readable memory: 00 ee 0f 93 27 00 00 00
R15=0x00000177adb9ca60 points into unknown readable memory: 83 90 d5 90 63 30 03 00


Registers:
RAX=0x0000000000000000, RBX=0x00000177b8b62ac0, RCX=0x00000177acd22800, RDX=0x00000027930fed10
RSP=0x00000027930fed10, RBP=0x00000177adb9ca88, RSI=0x00000177adb9ca60, RDI=0x0000cfb1887c2643
R8 =0x0000000000010002, R9 =0x0000cfb1887c2643, R10=0x0000000000008000, R11=0x00000027930fecb0
R12=0x00007ffa43153be0, R13=0x0000017788b6ded8, R14=0x00000027930fee18, R15=0x00000177adb9ca60
RIP=0x00007ffa43156730, EFLAGS=0x0000000000010202

Top of Stack: (sp=0x00000027930fed10)
0x00000027930fed10:   0000000000000000 00007ffab4c1e97b
0x00000027930fed20:   00000177adb9ca70 00000177adb9ca60
0x00000027930fed30:   fffffffffffffffe 00007ffa43153be0
0x00000027930fed40:   00000177adb9ca68 00007ffab4c23bf6
0x00000027930fed50:   00000177adb9ca70 0000017700000000
0x00000027930fed60:   00000177adb9ca88 00000177adb9ca60
0x00000027930fed70:   fffffffffffffffe 0000000000000000
0x00000027930fed80:   0000000000000001 00007ffa43130000
0x00000027930fed90:   00000027930fee08 00007ffab4c23b1b
0x00000027930feda0:   0000000000000000 00000027930fee18
0x00000027930fedb0:   00000027930ff0d0 00007ffab4d00e40
0x00000027930fedc0:   0000000000000001 00007ffab4c23ad4
0x00000027930fedd0:   0000000000000000 0000000000000001
0x00000027930fede0:   ffffffff00000001 00000027930fee08
0x00000027930fedf0:   0000000000000000 00007ffa43153a60
0x00000027930fee00:   00007ffa4316d100 0000002700000002 

Instructions: (pc=0x00007ffa43156730)
0x00007ffa43156630:   8b 4d 60 e8 d8 c9 ff ff 48 8b 55 68 48 8b 8d 08
0x00007ffa43156640:   01 00 00 e8 a9 be ff ff 33 d2 33 c9 e8 a9 de ff
0x00007ffa43156650:   ff 90 cc cc cc cc cc cc cc cc cc cc cc cc cc cc
0x00007ffa43156660:   48 8d 8a 80 00 00 00 e9 14 ea fe ff 48 89 54 24
0x00007ffa43156670:   10 55 48 83 ec 20 48 8b ea 48 8d 05 1d cb ff ff
0x00007ffa43156680:   48 83 c4 20 5d c3 cc 40 55 48 8b ea 48 8b 01 33
0x00007ffa43156690:   c9 81 38 05 00 00 c0 0f 94 c1 8b c1 5d c3 cc 40
0x00007ffa431566a0:   55 48 83 ec 20 48 8b ea 8a 4d 40 48 83 c4 20 5d
0x00007ffa431566b0:   e9 23 ce ff ff cc 40 55 48 83 ec 20 48 8b ea e8
0x00007ffa431566c0:   3c cc ff ff 8a 4d 38 48 83 c4 20 5d e9 07 ce ff
0x00007ffa431566d0:   ff cc 40 55 48 83 ec 30 48 8b ea 48 8b 01 8b 10
0x00007ffa431566e0:   48 89 4c 24 28 89 54 24 20 4c 8d 0d d0 d1 ff ff
0x00007ffa431566f0:   4c 8b 45 70 8b 55 68 48 8b 4d 60 e8 70 cb ff ff
0x00007ffa43156700:   90 48 83 c4 30 5d c3 cc cc cc cc cc cc cc cc cc
0x00007ffa43156710:   40 53 48 83 ec 30 48 c7 44 24 20 fe ff ff ff 48
0x00007ffa43156720:   8b 1d ea 63 01 00 48 85 db 74 16 e8 90 86 ff ff
0x00007ffa43156730:   4c 8b 00 48 8b d3 48 8b c8 41 ff 90 b0 00 00 00
0x00007ffa43156740:   90 48 83 c4 30 5b c3 cc cc cc cc cc cc cc cc cc
0x00007ffa43156750:   40 53 48 83 ec 20 48 8b 1d 4b 65 01 00 48 85 db
0x00007ffa43156760:   74 57 b8 ff ff ff ff f0 0f c1 43 10 83 f8 01 75
0x00007ffa43156770:   3d 48 85 db 74 38 48 8b 0b 48 85 c9 74 0d ff 15
0x00007ffa43156780:   24 0b 00 00 48 c7 03 00 00 00 00 48 8b 4b 08 48
0x00007ffa43156790:   85 c9 74 0d e8 77 c8 ff ff 48 c7 43 08 00 00 00
0x00007ffa431567a0:   00 ba 18 00 00 00 48 8b cb e8 62 c8 ff ff 48 c7
0x00007ffa431567b0:   05 ef 64 01 00 00 00 00 00 48 83 c4 20 5b c3 cc
0x00007ffa431567c0:   40 53 48 83 ec 20 48 8b 1d bb 64 01 00 48 85 db
0x00007ffa431567d0:   74 57 b8 ff ff ff ff f0 0f c1 43 10 83 f8 01 75
0x00007ffa431567e0:   3d 48 85 db 74 38 48 8b 0b 48 85 c9 74 0d ff 15
0x00007ffa431567f0:   b4 0a 00 00 48 c7 03 00 00 00 00 48 8b 4b 08 48
0x00007ffa43156800:   85 c9 74 0d e8 07 c8 ff ff 48 c7 43 08 00 00 00
0x00007ffa43156810:   00 ba 18 00 00 00 48 8b cb e8 f2 c7 ff ff 48 c7
0x00007ffa43156820:   05 5f 64 01 00 00 00 00 00 48 83 c4 20 5b c3 cc 


Stack slot to memory mapping:
stack at sp + 0 slots: 0x0 is NULL
stack at sp + 1 slots: 0x00007ffab4c1e97b ucrtbase.dll
stack at sp + 2 slots: 0x00000177adb9ca70 points into unknown readable memory: 43 26 7c 88 b1 cf 00 00
stack at sp + 3 slots: 0x00000177adb9ca60 points into unknown readable memory: 83 90 d5 90 63 30 03 00
stack at sp + 4 slots: 0xfffffffffffffffe is an unknown value
stack at sp + 5 slots: 0x00007ffa43153be0 glass.dll
stack at sp + 6 slots: 0x00000177adb9ca68 points into unknown readable memory: 43 26 7c 88 b1 cf 00 00
stack at sp + 7 slots: 0x00007ffab4c23bf6 ucrtbase.dll

VM_Operation (0x0000002793cfecb0): Exit, mode: safepoint, requested by thread 0x00000177b2fa8000


---------------  P R O C E S S  ---------------

Threads class SMR info:
_java_thread_list=0x00000177ae0fb3f0, length=21, elements={
0x0000017788ae0800, 0x00000177acd2a800, 0x00000177acd2b800, 0x00000177ad5ca800,
0x00000177ad5cf800, 0x00000177ad5d0800, 0x00000177ad5d2000, 0x00000177ad5d3000,
0x00000177ad5d7800, 0x00000177ad5c0800, 0x00000177adbd7800, 0x00000177adc45000,
0x00000177addbf800, 0x00000177addfa000, 0x00000177adeaa800, 0x00000177b2a5a000,
0x00000177b2a5d000, 0x00000177b3062000, 0x00000177b7e40800, 0x00000177b916e000,
0x00000177b2fa8000
}

Java Threads: ( => current thread )
  0x0000017788ae0800 JavaThread "main" [_thread_blocked, id=24144, stack(0x0000002792a00000,0x0000002792b00000)]
  0x00000177acd2a800 JavaThread "Reference Handler" daemon [_thread_blocked, id=3264, stack(0x0000002793100000,0x0000002793200000)]
  0x00000177acd2b800 JavaThread "Finalizer" daemon [_thread_blocked, id=9360, stack(0x0000002793200000,0x0000002793300000)]
  0x00000177ad5ca800 JavaThread "Signal Dispatcher" daemon [_thread_blocked, id=4732, stack(0x0000002793300000,0x0000002793400000)]
  0x00000177ad5cf800 JavaThread "Attach Listener" daemon [_thread_blocked, id=19096, stack(0x0000002793400000,0x0000002793500000)]
  0x00000177ad5d0800 JavaThread "Service Thread" daemon [_thread_blocked, id=12432, stack(0x0000002793500000,0x0000002793600000)]
  0x00000177ad5d2000 JavaThread "C2 CompilerThread0" daemon [_thread_blocked, id=12900, stack(0x0000002793600000,0x0000002793700000)]
  0x00000177ad5d3000 JavaThread "C1 CompilerThread0" daemon [_thread_blocked, id=6648, stack(0x0000002793700000,0x0000002793800000)]
  0x00000177ad5d7800 JavaThread "Sweeper thread" daemon [_thread_blocked, id=10472, stack(0x0000002793800000,0x0000002793900000)]
  0x00000177ad5c0800 JavaThread "Common-Cleaner" daemon [_thread_blocked, id=16632, stack(0x0000002793900000,0x0000002793a00000)]
  0x00000177adbd7800 JavaThread "JDWP Event Helper Thread" daemon [_thread_blocked, id=5548, stack(0x0000002793d00000,0x0000002793e00000)]
  0x00000177adc45000 JavaThread "Notification Thread" daemon [_thread_blocked, id=3708, stack(0x0000002793f00000,0x0000002794000000)]
  0x00000177addbf800 JavaThread "QuantumRenderer-0" daemon [_thread_blocked, id=11192, stack(0x0000002794100000,0x0000002794200000)]
  0x00000177addfa000 JavaThread "InvokeLaterDispatcher" daemon [_thread_blocked, id=8704, stack(0x0000002793b00000,0x0000002793c00000)]
  0x00000177adeaa800 JavaThread "JavaFX Application Thread" [_thread_blocked, id=1400, stack(0x0000002794300000,0x0000002794400000)]
  0x00000177b2a5a000 JavaThread "JavaFX-Launcher" [_thread_blocked, id=22372, stack(0x0000002794600000,0x0000002794700000)]
  0x00000177b2a5d000 JavaThread "Thread-2" daemon [_thread_in_native, id=13532, stack(0x0000002794500000,0x0000002794600000)]
  0x00000177b3062000 JavaThread "Prism Font Disposer" daemon [_thread_blocked, id=9076, stack(0x0000002795000000,0x0000002795100000)]
  0x00000177b7e40800 JavaThread "Cleaner-0" daemon [_thread_blocked, id=5888, stack(0x0000002795140000,0x0000002795240000)]
  0x00000177b916e000 JavaThread "mysql-cj-abandoned-connection-cleanup" daemon [_thread_blocked, id=5060, stack(0x0000002793a00000,0x0000002793b00000)]
  0x00000177b2fa8000 JavaThread "SIGINT handler" daemon [_thread_blocked, id=13044, stack(0x0000002793c00000,0x0000002793d00000)]

Other Threads:
=>0x00000177acd22800 VMThread "VM Thread" [stack: 0x0000002793000000,0x0000002793100000] [id=7500]
  0x0000017788b47000 GCTaskThread "GC Thread#0" [stack: 0x0000002792b00000,0x0000002792c00000] [id=17848]
  0x00000177b2aee800 GCTaskThread "GC Thread#1" [stack: 0x0000002794700000,0x0000002794800000] [id=2120]
  0x00000177b2b66000 GCTaskThread "GC Thread#2" [stack: 0x0000002794800000,0x0000002794900000] [id=23800]
  0x00000177b2b67000 GCTaskThread "GC Thread#3" [stack: 0x0000002794900000,0x0000002794a00000] [id=16644]
  0x00000177b2b78000 GCTaskThread "GC Thread#4" [stack: 0x0000002794a00000,0x0000002794b00000] [id=22856]
  0x00000177b2b78800 GCTaskThread "GC Thread#5" [stack: 0x0000002794b00000,0x0000002794c00000] [id=19084]
  0x0000017788b69000 ConcurrentGCThread "G1 Main Marker" [stack: 0x0000002792c00000,0x0000002792d00000] [id=21964]
  0x0000017788b6a800 ConcurrentGCThread "G1 Conc#0" [stack: 0x0000002792d00000,0x0000002792e00000] [id=12280]
  0x00000177acc10800 ConcurrentGCThread "G1 Refine#0" [stack: 0x0000002792e00000,0x0000002792f00000] [id=18944]
  0x00000177acc12000 ConcurrentGCThread "G1 Young RemSet Sampling" [stack: 0x0000002792f00000,0x0000002793000000] [id=9428]

Threads with active compile tasks:

VM state:at safepoint (shutting down)

VM Mutex/Monitor currently owned by a thread:  ([mutex/lock_event])
[0x0000017788adcb00] Threads_lock - owner thread: 0x00000177acd22800
[0x0000017788adb7e0] Heap_lock - owner thread: 0x00000177b2fa8000

Heap address: 0x0000000700e00000, size: 4082 MB, Compressed Oops mode: Zero based, Oop shift amount: 3
Narrow klass base: 0x0000000800000000, Narrow klass shift: 3
Compressed class space size: 1073741824 Address: 0x0000000800b30000

Heap:
 garbage-first heap   total 262144K, used 26879K [0x0000000700e00000, 0x0000000800000000)
  region size 1024K, 20 young (20480K), 5 survivors (5120K)
 Metaspace       used 19231K, capacity 20032K, committed 20224K, reserved 1067008K
  class space    used 2438K, capacity 2734K, committed 2816K, reserved 1048576K
Heap Regions: E=young(eden), S=young(survivor), O=old, HS=humongous(starts), HC=humongous(continues), CS=collection set, F=free, OA=open archive, CA=closed archive, TAMS=top-at-mark-start (previous, next)
|   0|0x0000000700e00000, 0x0000000700f00000, 0x0000000700f00000|100%| O|  |TAMS 0x0000000700e00000, 0x0000000700e00000| Untracked 
|   1|0x0000000700f00000, 0x0000000701000000, 0x0000000701000000|100%|HS|  |TAMS 0x0000000700f00000, 0x0000000700f00000| Complete 
|   2|0x0000000701000000, 0x0000000701100000, 0x0000000701100000|100%|HC|  |TAMS 0x0000000701000000, 0x0000000701000000| Complete 
|   3|0x0000000701100000, 0x0000000701200000, 0x0000000701200000|100%| O|  |TAMS 0x0000000701100000, 0x0000000701100000| Untracked 
|   4|0x0000000701200000, 0x0000000701300000, 0x0000000701300000|100%| O|  |TAMS 0x0000000701200000, 0x0000000701200000| Untracked 
|   5|0x0000000701300000, 0x0000000701331c00, 0x0000000701400000| 19%| O|  |TAMS 0x0000000701300000, 0x0000000701300000| Untracked 
|   6|0x0000000701400000, 0x0000000701500000, 0x0000000701500000|100%|HS|  |TAMS 0x0000000701400000, 0x0000000701400000| Complete 
|   7|0x0000000701500000, 0x0000000701600000, 0x0000000701600000|100%|HS|  |TAMS 0x0000000701500000, 0x0000000701500000| Complete 
|   8|0x0000000701600000, 0x0000000701700000, 0x0000000701700000|100%|HC|  |TAMS 0x0000000701600000, 0x0000000701600000| Complete 
|   9|0x0000000701700000, 0x0000000701700000, 0x0000000701800000|  0%| F|  |TAMS 0x0000000701700000, 0x0000000701700000| Untracked 
|  10|0x0000000701800000, 0x0000000701800000, 0x0000000701900000|  0%| F|  |TAMS 0x0000000701800000, 0x0000000701800000| Untracked 
|  11|0x0000000701900000, 0x0000000701900000, 0x0000000701a00000|  0%| F|  |TAMS 0x0000000701900000, 0x0000000701900000| Untracked 
|  12|0x0000000701a00000, 0x0000000701a00000, 0x0000000701b00000|  0%| F|  |TAMS 0x0000000701a00000, 0x0000000701a00000| Untracked 
|  13|0x0000000701b00000, 0x0000000701b00000, 0x0000000701c00000|  0%| F|  |TAMS 0x0000000701b00000, 0x0000000701b00000| Untracked 
|  14|0x0000000701c00000, 0x0000000701c00000, 0x0000000701d00000|  0%| F|  |TAMS 0x0000000701c00000, 0x0000000701c00000| Untracked 
|  15|0x0000000701d00000, 0x0000000701d00000, 0x0000000701e00000|  0%| F|  |TAMS 0x0000000701d00000, 0x0000000701d00000| Untracked 
|  16|0x0000000701e00000, 0x0000000701e00000, 0x0000000701f00000|  0%| F|  |TAMS 0x0000000701e00000, 0x0000000701e00000| Untracked 
|  17|0x0000000701f00000, 0x0000000701f00000, 0x0000000702000000|  0%| F|  |TAMS 0x0000000701f00000, 0x0000000701f00000| Untracked 
|  18|0x0000000702000000, 0x0000000702000000, 0x0000000702100000|  0%| F|  |TAMS 0x0000000702000000, 0x0000000702000000| Untracked 
|  19|0x0000000702100000, 0x0000000702100000, 0x0000000702200000|  0%| F|  |TAMS 0x0000000702100000, 0x0000000702100000| Untracked 
|  20|0x0000000702200000, 0x0000000702200000, 0x0000000702300000|  0%| F|  |TAMS 0x0000000702200000, 0x0000000702200000| Untracked 
|  21|0x0000000702300000, 0x0000000702300000, 0x0000000702400000|  0%| F|  |TAMS 0x0000000702300000, 0x0000000702300000| Untracked 
|  22|0x0000000702400000, 0x0000000702400000, 0x0000000702500000|  0%| F|  |TAMS 0x0000000702400000, 0x0000000702400000| Untracked 
|  23|0x0000000702500000, 0x0000000702500000, 0x0000000702600000|  0%| F|  |TAMS 0x0000000702500000, 0x0000000702500000| Untracked 
|  24|0x0000000702600000, 0x0000000702600000, 0x0000000702700000|  0%| F|  |TAMS 0x0000000702600000, 0x0000000702600000| Untracked 
|  25|0x0000000702700000, 0x0000000702700000, 0x0000000702800000|  0%| F|  |TAMS 0x0000000702700000, 0x0000000702700000| Untracked 
|  26|0x0000000702800000, 0x0000000702800000, 0x0000000702900000|  0%| F|  |TAMS 0x0000000702800000, 0x0000000702800000| Untracked 
|  27|0x0000000702900000, 0x0000000702900000, 0x0000000702a00000|  0%| F|  |TAMS 0x0000000702900000, 0x0000000702900000| Untracked 
|  28|0x0000000702a00000, 0x0000000702a00000, 0x0000000702b00000|  0%| F|  |TAMS 0x0000000702a00000, 0x0000000702a00000| Untracked 
|  29|0x0000000702b00000, 0x0000000702b00000, 0x0000000702c00000|  0%| F|  |TAMS 0x0000000702b00000, 0x0000000702b00000| Untracked 
|  30|0x0000000702c00000, 0x0000000702c00000, 0x0000000702d00000|  0%| F|  |TAMS 0x0000000702c00000, 0x0000000702c00000| Untracked 
|  31|0x0000000702d00000, 0x0000000702d00000, 0x0000000702e00000|  0%| F|  |TAMS 0x0000000702d00000, 0x0000000702d00000| Untracked 
|  32|0x0000000702e00000, 0x0000000702e00000, 0x0000000702f00000|  0%| F|  |TAMS 0x0000000702e00000, 0x0000000702e00000| Untracked 
|  33|0x0000000702f00000, 0x0000000702f00000, 0x0000000703000000|  0%| F|  |TAMS 0x0000000702f00000, 0x0000000702f00000| Untracked 
|  34|0x0000000703000000, 0x0000000703000000, 0x0000000703100000|  0%| F|  |TAMS 0x0000000703000000, 0x0000000703000000| Untracked 
|  35|0x0000000703100000, 0x0000000703100000, 0x0000000703200000|  0%| F|  |TAMS 0x0000000703100000, 0x0000000703100000| Untracked 
|  36|0x0000000703200000, 0x0000000703200000, 0x0000000703300000|  0%| F|  |TAMS 0x0000000703200000, 0x0000000703200000| Untracked 
|  37|0x0000000703300000, 0x0000000703300000, 0x0000000703400000|  0%| F|  |TAMS 0x0000000703300000, 0x0000000703300000| Untracked 
|  38|0x0000000703400000, 0x0000000703400000, 0x0000000703500000|  0%| F|  |TAMS 0x0000000703400000, 0x0000000703400000| Untracked 
|  39|0x0000000703500000, 0x0000000703500000, 0x0000000703600000|  0%| F|  |TAMS 0x0000000703500000, 0x0000000703500000| Untracked 
|  40|0x0000000703600000, 0x0000000703600000, 0x0000000703700000|  0%| F|  |TAMS 0x0000000703600000, 0x0000000703600000| Untracked 
|  41|0x0000000703700000, 0x0000000703700000, 0x0000000703800000|  0%| F|  |TAMS 0x0000000703700000, 0x0000000703700000| Untracked 
|  42|0x0000000703800000, 0x0000000703800000, 0x0000000703900000|  0%| F|  |TAMS 0x0000000703800000, 0x0000000703800000| Untracked 
|  43|0x0000000703900000, 0x0000000703900000, 0x0000000703a00000|  0%| F|  |TAMS 0x0000000703900000, 0x0000000703900000| Untracked 
|  44|0x0000000703a00000, 0x0000000703a00000, 0x0000000703b00000|  0%| F|  |TAMS 0x0000000703a00000, 0x0000000703a00000| Untracked 
|  45|0x0000000703b00000, 0x0000000703b00000, 0x0000000703c00000|  0%| F|  |TAMS 0x0000000703b00000, 0x0000000703b00000| Untracked 
|  46|0x0000000703c00000, 0x0000000703c00000, 0x0000000703d00000|  0%| F|  |TAMS 0x0000000703c00000, 0x0000000703c00000| Untracked 
|  47|0x0000000703d00000, 0x0000000703d00000, 0x0000000703e00000|  0%| F|  |TAMS 0x0000000703d00000, 0x0000000703d00000| Untracked 
|  48|0x0000000703e00000, 0x0000000703e00000, 0x0000000703f00000|  0%| F|  |TAMS 0x0000000703e00000, 0x0000000703e00000| Untracked 
|  49|0x0000000703f00000, 0x0000000703f00000, 0x0000000704000000|  0%| F|  |TAMS 0x0000000703f00000, 0x0000000703f00000| Untracked 
|  50|0x0000000704000000, 0x0000000704000000, 0x0000000704100000|  0%| F|  |TAMS 0x0000000704000000, 0x0000000704000000| Untracked 
|  51|0x0000000704100000, 0x0000000704100000, 0x0000000704200000|  0%| F|  |TAMS 0x0000000704100000, 0x0000000704100000| Untracked 
|  52|0x0000000704200000, 0x0000000704200000, 0x0000000704300000|  0%| F|  |TAMS 0x0000000704200000, 0x0000000704200000| Untracked 
|  53|0x0000000704300000, 0x0000000704300000, 0x0000000704400000|  0%| F|  |TAMS 0x0000000704300000, 0x0000000704300000| Untracked 
|  54|0x0000000704400000, 0x0000000704400000, 0x0000000704500000|  0%| F|  |TAMS 0x0000000704400000, 0x0000000704400000| Untracked 
|  55|0x0000000704500000, 0x0000000704500000, 0x0000000704600000|  0%| F|  |TAMS 0x0000000704500000, 0x0000000704500000| Untracked 
|  56|0x0000000704600000, 0x0000000704600000, 0x0000000704700000|  0%| F|  |TAMS 0x0000000704600000, 0x0000000704600000| Untracked 
|  57|0x0000000704700000, 0x0000000704700000, 0x0000000704800000|  0%| F|  |TAMS 0x0000000704700000, 0x0000000704700000| Untracked 
|  58|0x0000000704800000, 0x0000000704800000, 0x0000000704900000|  0%| F|  |TAMS 0x0000000704800000, 0x0000000704800000| Untracked 
|  59|0x0000000704900000, 0x0000000704900000, 0x0000000704a00000|  0%| F|  |TAMS 0x0000000704900000, 0x0000000704900000| Untracked 
|  60|0x0000000704a00000, 0x0000000704a00000, 0x0000000704b00000|  0%| F|  |TAMS 0x0000000704a00000, 0x0000000704a00000| Untracked 
|  61|0x0000000704b00000, 0x0000000704b00000, 0x0000000704c00000|  0%| F|  |TAMS 0x0000000704b00000, 0x0000000704b00000| Untracked 
|  62|0x0000000704c00000, 0x0000000704c00000, 0x0000000704d00000|  0%| F|  |TAMS 0x0000000704c00000, 0x0000000704c00000| Untracked 
|  63|0x0000000704d00000, 0x0000000704d00000, 0x0000000704e00000|  0%| F|  |TAMS 0x0000000704d00000, 0x0000000704d00000| Untracked 
|  64|0x0000000704e00000, 0x0000000704e00000, 0x0000000704f00000|  0%| F|  |TAMS 0x0000000704e00000, 0x0000000704e00000| Untracked 
|  65|0x0000000704f00000, 0x0000000704f00000, 0x0000000705000000|  0%| F|  |TAMS 0x0000000704f00000, 0x0000000704f00000| Untracked 
|  66|0x0000000705000000, 0x0000000705000000, 0x0000000705100000|  0%| F|  |TAMS 0x0000000705000000, 0x0000000705000000| Untracked 
|  67|0x0000000705100000, 0x0000000705100000, 0x0000000705200000|  0%| F|  |TAMS 0x0000000705100000, 0x0000000705100000| Untracked 
|  68|0x0000000705200000, 0x0000000705200000, 0x0000000705300000|  0%| F|  |TAMS 0x0000000705200000, 0x0000000705200000| Untracked 
|  69|0x0000000705300000, 0x0000000705300000, 0x0000000705400000|  0%| F|  |TAMS 0x0000000705300000, 0x0000000705300000| Untracked 
|  70|0x0000000705400000, 0x0000000705400000, 0x0000000705500000|  0%| F|  |TAMS 0x0000000705400000, 0x0000000705400000| Untracked 
|  71|0x0000000705500000, 0x0000000705500000, 0x0000000705600000|  0%| F|  |TAMS 0x0000000705500000, 0x0000000705500000| Untracked 
|  72|0x0000000705600000, 0x0000000705600000, 0x0000000705700000|  0%| F|  |TAMS 0x0000000705600000, 0x0000000705600000| Untracked 
|  73|0x0000000705700000, 0x0000000705700000, 0x0000000705800000|  0%| F|  |TAMS 0x0000000705700000, 0x0000000705700000| Untracked 
|  74|0x0000000705800000, 0x0000000705800000, 0x0000000705900000|  0%| F|  |TAMS 0x0000000705800000, 0x0000000705800000| Untracked 
|  75|0x0000000705900000, 0x0000000705900000, 0x0000000705a00000|  0%| F|  |TAMS 0x0000000705900000, 0x0000000705900000| Untracked 
|  76|0x0000000705a00000, 0x0000000705a00000, 0x0000000705b00000|  0%| F|  |TAMS 0x0000000705a00000, 0x0000000705a00000| Untracked 
|  77|0x0000000705b00000, 0x0000000705b00000, 0x0000000705c00000|  0%| F|  |TAMS 0x0000000705b00000, 0x0000000705b00000| Untracked 
|  78|0x0000000705c00000, 0x0000000705c00000, 0x0000000705d00000|  0%| F|  |TAMS 0x0000000705c00000, 0x0000000705c00000| Untracked 
|  79|0x0000000705d00000, 0x0000000705d00000, 0x0000000705e00000|  0%| F|  |TAMS 0x0000000705d00000, 0x0000000705d00000| Untracked 
|  80|0x0000000705e00000, 0x0000000705e00000, 0x0000000705f00000|  0%| F|  |TAMS 0x0000000705e00000, 0x0000000705e00000| Untracked 
|  81|0x0000000705f00000, 0x0000000705f00000, 0x0000000706000000|  0%| F|  |TAMS 0x0000000705f00000, 0x0000000705f00000| Untracked 
|  82|0x0000000706000000, 0x0000000706000000, 0x0000000706100000|  0%| F|  |TAMS 0x0000000706000000, 0x0000000706000000| Untracked 
|  83|0x0000000706100000, 0x0000000706100000, 0x0000000706200000|  0%| F|  |TAMS 0x0000000706100000, 0x0000000706100000| Untracked 
|  84|0x0000000706200000, 0x0000000706200000, 0x0000000706300000|  0%| F|  |TAMS 0x0000000706200000, 0x0000000706200000| Untracked 
|  85|0x0000000706300000, 0x0000000706300000, 0x0000000706400000|  0%| F|  |TAMS 0x0000000706300000, 0x0000000706300000| Untracked 
|  86|0x0000000706400000, 0x0000000706400000, 0x0000000706500000|  0%| F|  |TAMS 0x0000000706400000, 0x0000000706400000| Untracked 
|  87|0x0000000706500000, 0x0000000706500000, 0x0000000706600000|  0%| F|  |TAMS 0x0000000706500000, 0x0000000706500000| Untracked 
|  88|0x0000000706600000, 0x0000000706600000, 0x0000000706700000|  0%| F|  |TAMS 0x0000000706600000, 0x0000000706600000| Untracked 
|  89|0x0000000706700000, 0x0000000706700000, 0x0000000706800000|  0%| F|  |TAMS 0x0000000706700000, 0x0000000706700000| Untracked 
|  90|0x0000000706800000, 0x0000000706800000, 0x0000000706900000|  0%| F|  |TAMS 0x0000000706800000, 0x0000000706800000| Untracked 
|  91|0x0000000706900000, 0x0000000706900000, 0x0000000706a00000|  0%| F|  |TAMS 0x0000000706900000, 0x0000000706900000| Untracked 
|  92|0x0000000706a00000, 0x0000000706a00000, 0x0000000706b00000|  0%| F|  |TAMS 0x0000000706a00000, 0x0000000706a00000| Untracked 
|  93|0x0000000706b00000, 0x0000000706b00000, 0x0000000706c00000|  0%| F|  |TAMS 0x0000000706b00000, 0x0000000706b00000| Untracked 
|  94|0x0000000706c00000, 0x0000000706c00000, 0x0000000706d00000|  0%| F|  |TAMS 0x0000000706c00000, 0x0000000706c00000| Untracked 
|  95|0x0000000706d00000, 0x0000000706d00000, 0x0000000706e00000|  0%| F|  |TAMS 0x0000000706d00000, 0x0000000706d00000| Untracked 
|  96|0x0000000706e00000, 0x0000000706e00000, 0x0000000706f00000|  0%| F|  |TAMS 0x0000000706e00000, 0x0000000706e00000| Untracked 
|  97|0x0000000706f00000, 0x0000000706f00000, 0x0000000707000000|  0%| F|  |TAMS 0x0000000706f00000, 0x0000000706f00000| Untracked 
|  98|0x0000000707000000, 0x0000000707000000, 0x0000000707100000|  0%| F|  |TAMS 0x0000000707000000, 0x0000000707000000| Untracked 
|  99|0x0000000707100000, 0x0000000707100000, 0x0000000707200000|  0%| F|  |TAMS 0x0000000707100000, 0x0000000707100000| Untracked 
| 100|0x0000000707200000, 0x0000000707200000, 0x0000000707300000|  0%| F|  |TAMS 0x0000000707200000, 0x0000000707200000| Untracked 
| 101|0x0000000707300000, 0x0000000707300000, 0x0000000707400000|  0%| F|  |TAMS 0x0000000707300000, 0x0000000707300000| Untracked 
| 102|0x0000000707400000, 0x0000000707400000, 0x0000000707500000|  0%| F|  |TAMS 0x0000000707400000, 0x0000000707400000| Untracked 
| 103|0x0000000707500000, 0x0000000707500000, 0x0000000707600000|  0%| F|  |TAMS 0x0000000707500000, 0x0000000707500000| Untracked 
| 104|0x0000000707600000, 0x0000000707600000, 0x0000000707700000|  0%| F|  |TAMS 0x0000000707600000, 0x0000000707600000| Untracked 
| 105|0x0000000707700000, 0x0000000707700000, 0x0000000707800000|  0%| F|  |TAMS 0x0000000707700000, 0x0000000707700000| Untracked 
| 106|0x0000000707800000, 0x0000000707800000, 0x0000000707900000|  0%| F|  |TAMS 0x0000000707800000, 0x0000000707800000| Untracked 
| 107|0x0000000707900000, 0x0000000707900000, 0x0000000707a00000|  0%| F|  |TAMS 0x0000000707900000, 0x0000000707900000| Untracked 
| 108|0x0000000707a00000, 0x0000000707a00000, 0x0000000707b00000|  0%| F|  |TAMS 0x0000000707a00000, 0x0000000707a00000| Untracked 
| 109|0x0000000707b00000, 0x0000000707b00000, 0x0000000707c00000|  0%| F|  |TAMS 0x0000000707b00000, 0x0000000707b00000| Untracked 
| 110|0x0000000707c00000, 0x0000000707c00000, 0x0000000707d00000|  0%| F|  |TAMS 0x0000000707c00000, 0x0000000707c00000| Untracked 
| 111|0x0000000707d00000, 0x0000000707d00000, 0x0000000707e00000|  0%| F|  |TAMS 0x0000000707d00000, 0x0000000707d00000| Untracked 
| 112|0x0000000707e00000, 0x0000000707e00000, 0x0000000707f00000|  0%| F|  |TAMS 0x0000000707e00000, 0x0000000707e00000| Untracked 
| 113|0x0000000707f00000, 0x0000000707f00000, 0x0000000708000000|  0%| F|  |TAMS 0x0000000707f00000, 0x0000000707f00000| Untracked 
| 114|0x0000000708000000, 0x0000000708000000, 0x0000000708100000|  0%| F|  |TAMS 0x0000000708000000, 0x0000000708000000| Untracked 
| 115|0x0000000708100000, 0x0000000708100000, 0x0000000708200000|  0%| F|  |TAMS 0x0000000708100000, 0x0000000708100000| Untracked 
| 116|0x0000000708200000, 0x0000000708200000, 0x0000000708300000|  0%| F|  |TAMS 0x0000000708200000, 0x0000000708200000| Untracked 
| 117|0x0000000708300000, 0x0000000708300000, 0x0000000708400000|  0%| F|  |TAMS 0x0000000708300000, 0x0000000708300000| Untracked 
| 118|0x0000000708400000, 0x0000000708400000, 0x0000000708500000|  0%| F|  |TAMS 0x0000000708400000, 0x0000000708400000| Untracked 
| 119|0x0000000708500000, 0x0000000708500000, 0x0000000708600000|  0%| F|  |TAMS 0x0000000708500000, 0x0000000708500000| Untracked 
| 120|0x0000000708600000, 0x0000000708600000, 0x0000000708700000|  0%| F|  |TAMS 0x0000000708600000, 0x0000000708600000| Untracked 
| 121|0x0000000708700000, 0x0000000708700000, 0x0000000708800000|  0%| F|  |TAMS 0x0000000708700000, 0x0000000708700000| Untracked 
| 122|0x0000000708800000, 0x0000000708800000, 0x0000000708900000|  0%| F|  |TAMS 0x0000000708800000, 0x0000000708800000| Untracked 
| 123|0x0000000708900000, 0x0000000708900000, 0x0000000708a00000|  0%| F|  |TAMS 0x0000000708900000, 0x0000000708900000| Untracked 
| 124|0x0000000708a00000, 0x0000000708a00000, 0x0000000708b00000|  0%| F|  |TAMS 0x0000000708a00000, 0x0000000708a00000| Untracked 
| 125|0x0000000708b00000, 0x0000000708b00000, 0x0000000708c00000|  0%| F|  |TAMS 0x0000000708b00000, 0x0000000708b00000| Untracked 
| 126|0x0000000708c00000, 0x0000000708c00000, 0x0000000708d00000|  0%| F|  |TAMS 0x0000000708c00000, 0x0000000708c00000| Untracked 
| 127|0x0000000708d00000, 0x0000000708d00000, 0x0000000708e00000|  0%| F|  |TAMS 0x0000000708d00000, 0x0000000708d00000| Untracked 
| 128|0x0000000708e00000, 0x0000000708e00000, 0x0000000708f00000|  0%| F|  |TAMS 0x0000000708e00000, 0x0000000708e00000| Untracked 
| 129|0x0000000708f00000, 0x0000000708f00000, 0x0000000709000000|  0%| F|  |TAMS 0x0000000708f00000, 0x0000000708f00000| Untracked 
| 130|0x0000000709000000, 0x0000000709000000, 0x0000000709100000|  0%| F|  |TAMS 0x0000000709000000, 0x0000000709000000| Untracked 
| 131|0x0000000709100000, 0x0000000709100000, 0x0000000709200000|  0%| F|  |TAMS 0x0000000709100000, 0x0000000709100000| Untracked 
| 132|0x0000000709200000, 0x0000000709200000, 0x0000000709300000|  0%| F|  |TAMS 0x0000000709200000, 0x0000000709200000| Untracked 
| 133|0x0000000709300000, 0x0000000709300000, 0x0000000709400000|  0%| F|  |TAMS 0x0000000709300000, 0x0000000709300000| Untracked 
| 134|0x0000000709400000, 0x0000000709400000, 0x0000000709500000|  0%| F|  |TAMS 0x0000000709400000, 0x0000000709400000| Untracked 
| 135|0x0000000709500000, 0x0000000709500000, 0x0000000709600000|  0%| F|  |TAMS 0x0000000709500000, 0x0000000709500000| Untracked 
| 136|0x0000000709600000, 0x0000000709600000, 0x0000000709700000|  0%| F|  |TAMS 0x0000000709600000, 0x0000000709600000| Untracked 
| 137|0x0000000709700000, 0x0000000709700000, 0x0000000709800000|  0%| F|  |TAMS 0x0000000709700000, 0x0000000709700000| Untracked 
| 138|0x0000000709800000, 0x0000000709800000, 0x0000000709900000|  0%| F|  |TAMS 0x0000000709800000, 0x0000000709800000| Untracked 
| 139|0x0000000709900000, 0x0000000709900000, 0x0000000709a00000|  0%| F|  |TAMS 0x0000000709900000, 0x0000000709900000| Untracked 
| 140|0x0000000709a00000, 0x0000000709a00000, 0x0000000709b00000|  0%| F|  |TAMS 0x0000000709a00000, 0x0000000709a00000| Untracked 
| 141|0x0000000709b00000, 0x0000000709b00000, 0x0000000709c00000|  0%| F|  |TAMS 0x0000000709b00000, 0x0000000709b00000| Untracked 
| 142|0x0000000709c00000, 0x0000000709c00000, 0x0000000709d00000|  0%| F|  |TAMS 0x0000000709c00000, 0x0000000709c00000| Untracked 
| 143|0x0000000709d00000, 0x0000000709d00000, 0x0000000709e00000|  0%| F|  |TAMS 0x0000000709d00000, 0x0000000709d00000| Untracked 
| 144|0x0000000709e00000, 0x0000000709e00000, 0x0000000709f00000|  0%| F|  |TAMS 0x0000000709e00000, 0x0000000709e00000| Untracked 
| 145|0x0000000709f00000, 0x0000000709f00000, 0x000000070a000000|  0%| F|  |TAMS 0x0000000709f00000, 0x0000000709f00000| Untracked 
| 146|0x000000070a000000, 0x000000070a000000, 0x000000070a100000|  0%| F|  |TAMS 0x000000070a000000, 0x000000070a000000| Untracked 
| 147|0x000000070a100000, 0x000000070a100000, 0x000000070a200000|  0%| F|  |TAMS 0x000000070a100000, 0x000000070a100000| Untracked 
| 148|0x000000070a200000, 0x000000070a200000, 0x000000070a300000|  0%| F|  |TAMS 0x000000070a200000, 0x000000070a200000| Untracked 
| 149|0x000000070a300000, 0x000000070a300000, 0x000000070a400000|  0%| F|  |TAMS 0x000000070a300000, 0x000000070a300000| Untracked 
| 150|0x000000070a400000, 0x000000070a400000, 0x000000070a500000|  0%| F|  |TAMS 0x000000070a400000, 0x000000070a400000| Untracked 
| 151|0x000000070a500000, 0x000000070a500000, 0x000000070a600000|  0%| F|  |TAMS 0x000000070a500000, 0x000000070a500000| Untracked 
| 152|0x000000070a600000, 0x000000070a600000, 0x000000070a700000|  0%| F|  |TAMS 0x000000070a600000, 0x000000070a600000| Untracked 
| 153|0x000000070a700000, 0x000000070a700000, 0x000000070a800000|  0%| F|  |TAMS 0x000000070a700000, 0x000000070a700000| Untracked 
| 154|0x000000070a800000, 0x000000070a800000, 0x000000070a900000|  0%| F|  |TAMS 0x000000070a800000, 0x000000070a800000| Untracked 
| 155|0x000000070a900000, 0x000000070a900000, 0x000000070aa00000|  0%| F|  |TAMS 0x000000070a900000, 0x000000070a900000| Untracked 
| 156|0x000000070aa00000, 0x000000070aa00000, 0x000000070ab00000|  0%| F|  |TAMS 0x000000070aa00000, 0x000000070aa00000| Untracked 
| 157|0x000000070ab00000, 0x000000070ab00000, 0x000000070ac00000|  0%| F|  |TAMS 0x000000070ab00000, 0x000000070ab00000| Untracked 
| 158|0x000000070ac00000, 0x000000070ac00000, 0x000000070ad00000|  0%| F|  |TAMS 0x000000070ac00000, 0x000000070ac00000| Untracked 
| 159|0x000000070ad00000, 0x000000070ad00000, 0x000000070ae00000|  0%| F|  |TAMS 0x000000070ad00000, 0x000000070ad00000| Untracked 
| 160|0x000000070ae00000, 0x000000070ae00000, 0x000000070af00000|  0%| F|  |TAMS 0x000000070ae00000, 0x000000070ae00000| Untracked 
| 161|0x000000070af00000, 0x000000070af00000, 0x000000070b000000|  0%| F|  |TAMS 0x000000070af00000, 0x000000070af00000| Untracked 
| 162|0x000000070b000000, 0x000000070b000000, 0x000000070b100000|  0%| F|  |TAMS 0x000000070b000000, 0x000000070b000000| Untracked 
| 163|0x000000070b100000, 0x000000070b100000, 0x000000070b200000|  0%| F|  |TAMS 0x000000070b100000, 0x000000070b100000| Untracked 
| 164|0x000000070b200000, 0x000000070b200000, 0x000000070b300000|  0%| F|  |TAMS 0x000000070b200000, 0x000000070b200000| Untracked 
| 165|0x000000070b300000, 0x000000070b300000, 0x000000070b400000|  0%| F|  |TAMS 0x000000070b300000, 0x000000070b300000| Untracked 
| 166|0x000000070b400000, 0x000000070b400000, 0x000000070b500000|  0%| F|  |TAMS 0x000000070b400000, 0x000000070b400000| Untracked 
| 167|0x000000070b500000, 0x000000070b500000, 0x000000070b600000|  0%| F|  |TAMS 0x000000070b500000, 0x000000070b500000| Untracked 
| 168|0x000000070b600000, 0x000000070b600000, 0x000000070b700000|  0%| F|  |TAMS 0x000000070b600000, 0x000000070b600000| Untracked 
| 169|0x000000070b700000, 0x000000070b700000, 0x000000070b800000|  0%| F|  |TAMS 0x000000070b700000, 0x000000070b700000| Untracked 
| 170|0x000000070b800000, 0x000000070b800000, 0x000000070b900000|  0%| F|  |TAMS 0x000000070b800000, 0x000000070b800000| Untracked 
| 171|0x000000070b900000, 0x000000070b900000, 0x000000070ba00000|  0%| F|  |TAMS 0x000000070b900000, 0x000000070b900000| Untracked 
| 172|0x000000070ba00000, 0x000000070ba00000, 0x000000070bb00000|  0%| F|  |TAMS 0x000000070ba00000, 0x000000070ba00000| Untracked 
| 173|0x000000070bb00000, 0x000000070bb00000, 0x000000070bc00000|  0%| F|  |TAMS 0x000000070bb00000, 0x000000070bb00000| Untracked 
| 174|0x000000070bc00000, 0x000000070bc00000, 0x000000070bd00000|  0%| F|  |TAMS 0x000000070bc00000, 0x000000070bc00000| Untracked 
| 175|0x000000070bd00000, 0x000000070bd00000, 0x000000070be00000|  0%| F|  |TAMS 0x000000070bd00000, 0x000000070bd00000| Untracked 
| 176|0x000000070be00000, 0x000000070be00000, 0x000000070bf00000|  0%| F|  |TAMS 0x000000070be00000, 0x000000070be00000| Untracked 
| 177|0x000000070bf00000, 0x000000070bf00000, 0x000000070c000000|  0%| F|  |TAMS 0x000000070bf00000, 0x000000070bf00000| Untracked 
| 178|0x000000070c000000, 0x000000070c000000, 0x000000070c100000|  0%| F|  |TAMS 0x000000070c000000, 0x000000070c000000| Untracked 
| 179|0x000000070c100000, 0x000000070c100000, 0x000000070c200000|  0%| F|  |TAMS 0x000000070c100000, 0x000000070c100000| Untracked 
| 180|0x000000070c200000, 0x000000070c200000, 0x000000070c300000|  0%| F|  |TAMS 0x000000070c200000, 0x000000070c200000| Untracked 
| 181|0x000000070c300000, 0x000000070c300000, 0x000000070c400000|  0%| F|  |TAMS 0x000000070c300000, 0x000000070c300000| Untracked 
| 182|0x000000070c400000, 0x000000070c400000, 0x000000070c500000|  0%| F|  |TAMS 0x000000070c400000, 0x000000070c400000| Untracked 
| 183|0x000000070c500000, 0x000000070c500000, 0x000000070c600000|  0%| F|  |TAMS 0x000000070c500000, 0x000000070c500000| Untracked 
| 184|0x000000070c600000, 0x000000070c600000, 0x000000070c700000|  0%| F|  |TAMS 0x000000070c600000, 0x000000070c600000| Untracked 
| 185|0x000000070c700000, 0x000000070c700000, 0x000000070c800000|  0%| F|  |TAMS 0x000000070c700000, 0x000000070c700000| Untracked 
| 186|0x000000070c800000, 0x000000070c800000, 0x000000070c900000|  0%| F|  |TAMS 0x000000070c800000, 0x000000070c800000| Untracked 
| 187|0x000000070c900000, 0x000000070c900000, 0x000000070ca00000|  0%| F|  |TAMS 0x000000070c900000, 0x000000070c900000| Untracked 
| 188|0x000000070ca00000, 0x000000070ca00000, 0x000000070cb00000|  0%| F|  |TAMS 0x000000070ca00000, 0x000000070ca00000| Untracked 
| 189|0x000000070cb00000, 0x000000070cb00000, 0x000000070cc00000|  0%| F|  |TAMS 0x000000070cb00000, 0x000000070cb00000| Untracked 
| 190|0x000000070cc00000, 0x000000070cc00000, 0x000000070cd00000|  0%| F|  |TAMS 0x000000070cc00000, 0x000000070cc00000| Untracked 
| 191|0x000000070cd00000, 0x000000070cd00000, 0x000000070ce00000|  0%| F|  |TAMS 0x000000070cd00000, 0x000000070cd00000| Untracked 
| 192|0x000000070ce00000, 0x000000070ce00000, 0x000000070cf00000|  0%| F|  |TAMS 0x000000070ce00000, 0x000000070ce00000| Untracked 
| 193|0x000000070cf00000, 0x000000070cf00000, 0x000000070d000000|  0%| F|  |TAMS 0x000000070cf00000, 0x000000070cf00000| Untracked 
| 194|0x000000070d000000, 0x000000070d000000, 0x000000070d100000|  0%| F|  |TAMS 0x000000070d000000, 0x000000070d000000| Untracked 
| 195|0x000000070d100000, 0x000000070d100000, 0x000000070d200000|  0%| F|  |TAMS 0x000000070d100000, 0x000000070d100000| Untracked 
| 196|0x000000070d200000, 0x000000070d200000, 0x000000070d300000|  0%| F|  |TAMS 0x000000070d200000, 0x000000070d200000| Untracked 
| 197|0x000000070d300000, 0x000000070d300000, 0x000000070d400000|  0%| F|  |TAMS 0x000000070d300000, 0x000000070d300000| Untracked 
| 198|0x000000070d400000, 0x000000070d400000, 0x000000070d500000|  0%| F|  |TAMS 0x000000070d400000, 0x000000070d400000| Untracked 
| 199|0x000000070d500000, 0x000000070d500000, 0x000000070d600000|  0%| F|  |TAMS 0x000000070d500000, 0x000000070d500000| Untracked 
| 200|0x000000070d600000, 0x000000070d600000, 0x000000070d700000|  0%| F|  |TAMS 0x000000070d600000, 0x000000070d600000| Untracked 
| 201|0x000000070d700000, 0x000000070d700000, 0x000000070d800000|  0%| F|  |TAMS 0x000000070d700000, 0x000000070d700000| Untracked 
| 202|0x000000070d800000, 0x000000070d800000, 0x000000070d900000|  0%| F|  |TAMS 0x000000070d800000, 0x000000070d800000| Untracked 
| 203|0x000000070d900000, 0x000000070d900000, 0x000000070da00000|  0%| F|  |TAMS 0x000000070d900000, 0x000000070d900000| Untracked 
| 204|0x000000070da00000, 0x000000070da00000, 0x000000070db00000|  0%| F|  |TAMS 0x000000070da00000, 0x000000070da00000| Untracked 
| 205|0x000000070db00000, 0x000000070db00000, 0x000000070dc00000|  0%| F|  |TAMS 0x000000070db00000, 0x000000070db00000| Untracked 
| 206|0x000000070dc00000, 0x000000070dc00000, 0x000000070dd00000|  0%| F|  |TAMS 0x000000070dc00000, 0x000000070dc00000| Untracked 
| 207|0x000000070dd00000, 0x000000070dd00000, 0x000000070de00000|  0%| F|  |TAMS 0x000000070dd00000, 0x000000070dd00000| Untracked 
| 208|0x000000070de00000, 0x000000070de00000, 0x000000070df00000|  0%| F|  |TAMS 0x000000070de00000, 0x000000070de00000| Untracked 
| 209|0x000000070df00000, 0x000000070df00000, 0x000000070e000000|  0%| F|  |TAMS 0x000000070df00000, 0x000000070df00000| Untracked 
| 210|0x000000070e000000, 0x000000070e000000, 0x000000070e100000|  0%| F|  |TAMS 0x000000070e000000, 0x000000070e000000| Untracked 
| 211|0x000000070e100000, 0x000000070e100000, 0x000000070e200000|  0%| F|  |TAMS 0x000000070e100000, 0x000000070e100000| Untracked 
| 212|0x000000070e200000, 0x000000070e200000, 0x000000070e300000|  0%| F|  |TAMS 0x000000070e200000, 0x000000070e200000| Untracked 
| 213|0x000000070e300000, 0x000000070e300000, 0x000000070e400000|  0%| F|  |TAMS 0x000000070e300000, 0x000000070e300000| Untracked 
| 214|0x000000070e400000, 0x000000070e400000, 0x000000070e500000|  0%| F|  |TAMS 0x000000070e400000, 0x000000070e400000| Untracked 
| 215|0x000000070e500000, 0x000000070e500000, 0x000000070e600000|  0%| F|  |TAMS 0x000000070e500000, 0x000000070e500000| Untracked 
| 216|0x000000070e600000, 0x000000070e600000, 0x000000070e700000|  0%| F|  |TAMS 0x000000070e600000, 0x000000070e600000| Untracked 
| 217|0x000000070e700000, 0x000000070e70e200, 0x000000070e800000|  5%| S|CS|TAMS 0x000000070e700000, 0x000000070e700000| Complete 
| 218|0x000000070e800000, 0x000000070e900000, 0x000000070e900000|100%| S|CS|TAMS 0x000000070e800000, 0x000000070e800000| Complete 
| 219|0x000000070e900000, 0x000000070ea00000, 0x000000070ea00000|100%| S|CS|TAMS 0x000000070e900000, 0x000000070e900000| Complete 
| 220|0x000000070ea00000, 0x000000070eb00000, 0x000000070eb00000|100%| S|CS|TAMS 0x000000070ea00000, 0x000000070ea00000| Complete 
| 221|0x000000070eb00000, 0x000000070ec00000, 0x000000070ec00000|100%| S|CS|TAMS 0x000000070eb00000, 0x000000070eb00000| Complete 
| 222|0x000000070ec00000, 0x000000070ec00000, 0x000000070ed00000|  0%| F|  |TAMS 0x000000070ec00000, 0x000000070ec00000| Untracked 
| 223|0x000000070ed00000, 0x000000070ed00000, 0x000000070ee00000|  0%| F|  |TAMS 0x000000070ed00000, 0x000000070ed00000| Untracked 
| 224|0x000000070ee00000, 0x000000070ee00000, 0x000000070ef00000|  0%| F|  |TAMS 0x000000070ee00000, 0x000000070ee00000| Untracked 
| 225|0x000000070ef00000, 0x000000070ef00000, 0x000000070f000000|  0%| F|  |TAMS 0x000000070ef00000, 0x000000070ef00000| Untracked 
| 226|0x000000070f000000, 0x000000070f000000, 0x000000070f100000|  0%| F|  |TAMS 0x000000070f000000, 0x000000070f000000| Untracked 
| 227|0x000000070f100000, 0x000000070f100000, 0x000000070f200000|  0%| F|  |TAMS 0x000000070f100000, 0x000000070f100000| Untracked 
| 228|0x000000070f200000, 0x000000070f200000, 0x000000070f300000|  0%| F|  |TAMS 0x000000070f200000, 0x000000070f200000| Untracked 
| 229|0x000000070f300000, 0x000000070f300000, 0x000000070f400000|  0%| F|  |TAMS 0x000000070f300000, 0x000000070f300000| Untracked 
| 230|0x000000070f400000, 0x000000070f400000, 0x000000070f500000|  0%| F|  |TAMS 0x000000070f400000, 0x000000070f400000| Untracked 
| 231|0x000000070f500000, 0x000000070f500000, 0x000000070f600000|  0%| F|  |TAMS 0x000000070f500000, 0x000000070f500000| Untracked 
| 232|0x000000070f600000, 0x000000070f600000, 0x000000070f700000|  0%| F|  |TAMS 0x000000070f600000, 0x000000070f600000| Untracked 
| 233|0x000000070f700000, 0x000000070f700000, 0x000000070f800000|  0%| F|  |TAMS 0x000000070f700000, 0x000000070f700000| Untracked 
| 234|0x000000070f800000, 0x000000070f800000, 0x000000070f900000|  0%| F|  |TAMS 0x000000070f800000, 0x000000070f800000| Untracked 
| 235|0x000000070f900000, 0x000000070f900000, 0x000000070fa00000|  0%| F|  |TAMS 0x000000070f900000, 0x000000070f900000| Untracked 
| 236|0x000000070fa00000, 0x000000070fa00000, 0x000000070fb00000|  0%| F|  |TAMS 0x000000070fa00000, 0x000000070fa00000| Untracked 
| 237|0x000000070fb00000, 0x000000070fb00000, 0x000000070fc00000|  0%| F|  |TAMS 0x000000070fb00000, 0x000000070fb00000| Untracked 
| 238|0x000000070fc00000, 0x000000070fc00000, 0x000000070fd00000|  0%| F|  |TAMS 0x000000070fc00000, 0x000000070fc00000| Untracked 
| 239|0x000000070fd00000, 0x000000070fd00000, 0x000000070fe00000|  0%| F|  |TAMS 0x000000070fd00000, 0x000000070fd00000| Untracked 
| 240|0x000000070fe00000, 0x000000070fe00000, 0x000000070ff00000|  0%| F|  |TAMS 0x000000070fe00000, 0x000000070fe00000| Untracked 
| 241|0x000000070ff00000, 0x000000070ff80800, 0x0000000710000000| 50%| E|  |TAMS 0x000000070ff00000, 0x000000070ff00000| Complete 
| 242|0x0000000710000000, 0x0000000710100000, 0x0000000710100000|100%| E|CS|TAMS 0x0000000710000000, 0x0000000710000000| Complete 
| 243|0x0000000710100000, 0x0000000710200000, 0x0000000710200000|100%| E|CS|TAMS 0x0000000710100000, 0x0000000710100000| Complete 
| 244|0x0000000710200000, 0x0000000710300000, 0x0000000710300000|100%| E|CS|TAMS 0x0000000710200000, 0x0000000710200000| Complete 
| 245|0x0000000710300000, 0x0000000710400000, 0x0000000710400000|100%| E|CS|TAMS 0x0000000710300000, 0x0000000710300000| Complete 
| 246|0x0000000710400000, 0x0000000710500000, 0x0000000710500000|100%| E|CS|TAMS 0x0000000710400000, 0x0000000710400000| Complete 
| 247|0x0000000710500000, 0x0000000710600000, 0x0000000710600000|100%| E|CS|TAMS 0x0000000710500000, 0x0000000710500000| Complete 
| 248|0x0000000710600000, 0x0000000710700000, 0x0000000710700000|100%| E|CS|TAMS 0x0000000710600000, 0x0000000710600000| Complete 
| 249|0x0000000710700000, 0x0000000710800000, 0x0000000710800000|100%| E|CS|TAMS 0x0000000710700000, 0x0000000710700000| Complete 
| 250|0x0000000710800000, 0x0000000710900000, 0x0000000710900000|100%| E|CS|TAMS 0x0000000710800000, 0x0000000710800000| Complete 
| 251|0x0000000710900000, 0x0000000710a00000, 0x0000000710a00000|100%| E|CS|TAMS 0x0000000710900000, 0x0000000710900000| Complete 
| 252|0x0000000710a00000, 0x0000000710b00000, 0x0000000710b00000|100%| E|CS|TAMS 0x0000000710a00000, 0x0000000710a00000| Complete 
| 253|0x0000000710b00000, 0x0000000710c00000, 0x0000000710c00000|100%| E|CS|TAMS 0x0000000710b00000, 0x0000000710b00000| Complete 
| 254|0x0000000710c00000, 0x0000000710d00000, 0x0000000710d00000|100%| E|CS|TAMS 0x0000000710c00000, 0x0000000710c00000| Complete 
| 255|0x0000000710d00000, 0x0000000710e00000, 0x0000000710e00000|100%| E|CS|TAMS 0x0000000710d00000, 0x0000000710d00000| Complete 

Card table byte_map: [0x00000177a0fe0000,0x00000177a17e0000] _byte_map_base: 0x000001779d7d9000

Marking Bits (Prev, Next): (CMBitMap*) 0x0000017788b48788, (CMBitMap*) 0x0000017788b487c8
 Prev Bits: [0x00000177a1fe0000, 0x00000177a5fa8000)
 Next Bits: [0x00000177a5fb0000, 0x00000177a9f78000)

Polling page: 0x00000177868a0000

Metaspace:

Usage:
  Non-class:     16.89 MB capacity,    16.40 MB ( 97%) used,   424.09 KB (  2%) free+waste,    81.00 KB ( <1%) overhead. 
      Class:      2.67 MB capacity,     2.38 MB ( 89%) used,   253.66 KB (  9%) free+waste,    41.50 KB (  2%) overhead. 
       Both:     19.56 MB capacity,    18.78 MB ( 96%) used,   677.74 KB (  3%) free+waste,   122.50 KB ( <1%) overhead. 

Virtual space:
  Non-class space:       18.00 MB reserved,      17.00 MB ( 94%) committed 
      Class space:        1.00 GB reserved,       2.75 MB ( <1%) committed 
             Both:        1.02 GB reserved,      19.75 MB (  2%) committed 

Chunk freelists:
   Non-Class:  46.00 KB
       Class:  18.00 KB
        Both:  64.00 KB

MaxMetaspaceSize: 17179869184.00 GB
CompressedClassSpaceSize: 1.00 GB

CodeHeap 'non-profiled nmethods': size=120000Kb used=1838Kb max_used=1838Kb free=118161Kb
 bounds [0x0000017798d60000, 0x0000017798fd0000, 0x00000177a0290000]
CodeHeap 'profiled nmethods': size=120000Kb used=5752Kb max_used=5752Kb free=114247Kb
 bounds [0x0000017791830000, 0x0000017791dd0000, 0x0000017798d60000]
CodeHeap 'non-nmethods': size=5760Kb used=1569Kb max_used=1640Kb free=4190Kb
 bounds [0x0000017791290000, 0x0000017791500000, 0x0000017791830000]
 total_blobs=3813 nmethods=2997 adapters=728
 compilation: enabled
              stopped_count=0, restarted_count=0
 full_count=0

Compilation events (20 events):
Event: 8.329 Thread 0x00000177ad5d3000 nmethod 2988 0x0000017791dc0010 code [0x0000017791dc01e0, 0x0000017791dc0598]
Event: 8.329 Thread 0x00000177ad5d3000 2989       3       com.mysql.jdbc.util.ReadAheadInputStream::readFromUnderlyingStreamIfNecessary (243 bytes)
Event: 8.330 Thread 0x00000177ad5d3000 nmethod 2989 0x0000017791dc0710 code [0x0000017791dc0ae0, 0x0000017791dc2348]
Event: 8.330 Thread 0x00000177ad5d3000 2992       3       sun.nio.cs.UTF_8$Decoder::decodeArrayLoop (691 bytes)
Event: 8.334 Thread 0x00000177ad5d3000 nmethod 2992 0x0000017791dc2b90 code [0x0000017791dc35c0, 0x0000017791dc9ee8]
Event: 8.334 Thread 0x00000177ad5d3000 2991       3       java.nio.charset.CharsetDecoder::implReset (1 bytes)
Event: 8.334 Thread 0x00000177ad5d3000 nmethod 2991 0x0000017791dcc110 code [0x0000017791dcc2a0, 0x0000017791dcc3b8]
Event: 8.334 Thread 0x00000177ad5d3000 2994       3       java.nio.CharBuffer::hasArray (20 bytes)
Event: 8.335 Thread 0x00000177ad5d3000 nmethod 2994 0x0000017791dcc490 code [0x0000017791dcc620, 0x0000017791dcc7d8]
Event: 8.335 Thread 0x00000177ad5d3000 2995       3       sun.nio.cs.UTF_8::updatePositions (23 bytes)
Event: 8.335 Thread 0x00000177ad5d3000 nmethod 2995 0x0000017791dcc890 code [0x0000017791dcca60, 0x0000017791dcce98]
Event: 8.335 Thread 0x00000177ad5d3000 2990       3       java.nio.charset.CharsetDecoder::onMalformedInput (26 bytes)
Event: 8.335 Thread 0x00000177ad5d3000 nmethod 2990 0x0000017791dcd010 code [0x0000017791dcd1e0, 0x0000017791dcd568]
Event: 8.335 Thread 0x00000177ad5d3000 2996       3       sun.nio.cs.UTF_8$Decoder::xflow (31 bytes)
Event: 8.335 Thread 0x00000177ad5d3000 nmethod 2996 0x0000017791dcd690 code [0x0000017791dcd880, 0x0000017791dcddd8]
Event: 8.335 Thread 0x00000177ad5d3000 2997       3       java.nio.Buffer::flip (20 bytes)
Event: 8.335 Thread 0x00000177ad5d3000 nmethod 2997 0x0000017791dcdf90 code [0x0000017791dce120, 0x0000017791dce258]
Event: 8.335 Thread 0x00000177ad5d3000 2993       1       com.mysql.jdbc.Field::getEncoding (5 bytes)
Event: 8.335 Thread 0x00000177ad5d3000 nmethod 2993 0x0000017798f29110 code [0x0000017798f292a0, 0x0000017798f29378]
Event: 8.344 Thread 0x00000177ad5d2000 nmethod 2977 0x0000017798f29410 code [0x0000017798f29680, 0x0000017798f2af98]

GC Heap History (4 events):
Event: 0.510 GC heap before
{Heap before GC invocations=0 (full 0):
 garbage-first heap   total 262144K, used 23552K [0x0000000700e00000, 0x0000000800000000)
  region size 1024K, 23 young (23552K), 0 survivors (0K)
 Metaspace       used 7139K, capacity 8940K, committed 9088K, reserved 1056768K
  class space    used 892K, capacity 1116K, committed 1152K, reserved 1048576K
}
Event: 0.512 GC heap after
{Heap after GC invocations=1 (full 0):
 garbage-first heap   total 262144K, used 3182K [0x0000000700e00000, 0x0000000800000000)
  region size 1024K, 3 young (3072K), 3 survivors (3072K)
 Metaspace       used 7139K, capacity 8940K, committed 9088K, reserved 1056768K
  class space    used 892K, capacity 1116K, committed 1152K, reserved 1048576K
}
Event: 4.031 GC heap before
{Heap before GC invocations=1 (full 0):
 garbage-first heap   total 262144K, used 36974K [0x0000000700e00000, 0x0000000800000000)
  region size 1024K, 34 young (34816K), 3 survivors (3072K)
 Metaspace       used 15312K, capacity 16284K, committed 16512K, reserved 1062912K
  class space    used 2070K, capacity 2382K, committed 2432K, reserved 1048576K
}
Event: 4.035 GC heap after
{Heap after GC invocations=2 (full 0):
 garbage-first heap   total 262144K, used 9471K [0x0000000700e00000, 0x0000000800000000)
  region size 1024K, 5 young (5120K), 5 survivors (5120K)
 Metaspace       used 15312K, capacity 16284K, committed 16512K, reserved 1062912K
  class space    used 2070K, capacity 2382K, committed 2432K, reserved 1048576K
}

Deoptimization events (20 events):
Event: 4.821 Thread 0x00000177adeaa800 Uncommon trap: trap_request=0xffffff45 fr.pc=0x0000017798e3e374 relative=0x0000000000000274
Event: 4.821 Thread 0x00000177adeaa800 Uncommon trap: reason=unstable_if action=reinterpret pc=0x0000017798e3e374 method=java.util.WeakHashMap.expungeStaleEntries()V @ 9 c2
Event: 4.821 Thread 0x00000177adeaa800 DEOPT PACKING pc=0x0000017798e3e374 sp=0x00000027943fa030
Event: 4.821 Thread 0x00000177adeaa800 DEOPT UNPACKING pc=0x00000177912d912f sp=0x00000027943f9fd8 mode 2
Event: 4.834 Thread 0x00000177addbf800 DEOPT PACKING pc=0x0000017791c4d3cd sp=0x00000027941fcbd0
Event: 4.834 Thread 0x00000177addbf800 DEOPT UNPACKING pc=0x00000177912d964e sp=0x00000027941fc098 mode 0
Event: 4.834 Thread 0x00000177addbf800 DEOPT PACKING pc=0x0000017791c3d84e sp=0x00000027941fca40
Event: 4.834 Thread 0x00000177addbf800 DEOPT UNPACKING pc=0x00000177912d964e sp=0x00000027941fc098 mode 0
Event: 4.835 Thread 0x00000177addbf800 DEOPT PACKING pc=0x0000017791c4d3cd sp=0x00000027941fcbd0
Event: 4.835 Thread 0x00000177addbf800 DEOPT UNPACKING pc=0x00000177912d964e sp=0x00000027941fc098 mode 0
Event: 4.835 Thread 0x00000177addbf800 DEOPT PACKING pc=0x0000017791c4d3cd sp=0x00000027941fcbd0
Event: 4.835 Thread 0x00000177addbf800 DEOPT UNPACKING pc=0x00000177912d964e sp=0x00000027941fc098 mode 0
Event: 8.184 Thread 0x00000177addbf800 DEOPT PACKING pc=0x0000017791c4d3cd sp=0x00000027941fcbc0
Event: 8.184 Thread 0x00000177addbf800 DEOPT UNPACKING pc=0x00000177912d964e sp=0x00000027941fc088 mode 0
Event: 8.184 Thread 0x00000177addbf800 DEOPT PACKING pc=0x0000017791c4d3cd sp=0x00000027941fcbc0
Event: 8.184 Thread 0x00000177addbf800 DEOPT UNPACKING pc=0x00000177912d964e sp=0x00000027941fc088 mode 0
Event: 8.184 Thread 0x00000177addbf800 DEOPT PACKING pc=0x0000017791c4d3cd sp=0x00000027941fcbc0
Event: 8.184 Thread 0x00000177addbf800 DEOPT UNPACKING pc=0x00000177912d964e sp=0x00000027941fc088 mode 0
Event: 53.308 Thread 0x00000177b2faa800 DEOPT PACKING pc=0x0000017791997cd4 sp=0x0000002793eff0f0
Event: 53.308 Thread 0x00000177b2faa800 DEOPT UNPACKING pc=0x00000177912d964e sp=0x0000002793efe550 mode 1

Classes unloaded (0 events):
No events

Classes redefined (0 events):
No events

Internal exceptions (20 events):
Event: 0.617 Thread 0x00000177adeaa800 Exception <a 'java/lang/NoSuchMethodError'{0x00000007106630c8}: 'java.lang.Object java.lang.invoke.Invokers$Holder.linkToTargetMethod(java.lang.Object, int, java.lang.Object)'> (0x00000007106630c8) 
thrown [./open/src/hotspot/share/interpreter/linkResolver.cpp, line 766]
Event: 0.630 Thread 0x00000177adeaa800 Exception <a 'java/io/FileNotFoundException'{0x00000007106e2910}> (0x00000007106e2910) 
thrown [./open/src/hotspot/share/prims/jni.cpp, line 599]
Event: 0.632 Thread 0x00000177adeaa800 Exception <a 'java/io/FileNotFoundException'{0x00000007106fd6e8}> (0x00000007106fd6e8) 
thrown [./open/src/hotspot/share/prims/jni.cpp, line 599]
Event: 0.661 Thread 0x00000177adeaa800 Exception <a 'sun/nio/fs/WindowsException'{0x0000000710330cc8}> (0x0000000710330cc8) 
thrown [./open/src/hotspot/share/prims/jni.cpp, line 599]
Event: 0.666 Thread 0x00000177adeaa800 Implicit null exception at 0x0000017798dc51e6 to 0x0000017798dc5930
Event: 0.674 Thread 0x00000177adeaa800 Implicit null exception at 0x0000017798d7abef to 0x0000017798d7aeb5
Event: 0.771 Thread 0x00000177adeaa800 Exception <a 'java/lang/NoSuchMethodError'{0x000000070fd19340}: 'java.lang.Object java.lang.invoke.DirectMethodHandle$Holder.invokeInterface(java.lang.Object, java.lang.Object, java.lang.Object)'> (0x000000070fd19340) 
thrown [./open/src/hotspot/share/interpreter/linkResolver.cpp, line 766]
Event: 0.771 Thread 0x00000177adeaa800 Exception <a 'java/lang/IncompatibleClassChangeError'{0x000000070fd1c1d0}: Found class java.lang.Object, but interface was expected> (0x000000070fd1c1d0) 
thrown [./open/src/hotspot/share/interpreter/linkResolver.cpp, line 832]
Event: 0.826 Thread 0x00000177addbf800 Exception <a 'java/lang/NoSuchMethodError'{0x000000070fa19680}: 'int java.lang.invoke.DirectMethodHandle$Holder.invokeStaticInit(java.lang.Object, java.lang.Object)'> (0x000000070fa19680) 
thrown [./open/src/hotspot/share/interpreter/linkResolver.cpp, line 766]
Event: 1.795 Thread 0x00000177adeaa800 Exception <a 'java/lang/NoSuchMethodError'{0x000000070f3d59d0}: 'long java.lang.invoke.DirectMethodHandle$Holder.invokeStatic(java.lang.Object, java.lang.Object, java.lang.Object)'> (0x000000070f3d59d0) 
thrown [./open/src/hotspot/share/interpreter/linkResolver.cpp, line 766]
Event: 1.796 Thread 0x00000177adeaa800 Exception <a 'java/lang/NoSuchMethodError'{0x000000070f3d89c0}: 'long java.lang.invoke.DirectMethodHandle$Holder.invokeStaticInit(java.lang.Object, java.lang.Object, java.lang.Object)'> (0x000000070f3d89c0) 
thrown [./open/src/hotspot/share/interpreter/linkResolver.cpp, line 766]
Event: 1.797 Thread 0x00000177adeaa800 Exception <a 'java/lang/NoSuchMethodError'{0x000000070f3ecc90}: 'java.lang.Object java.lang.invoke.Invokers$Holder.linkToTargetMethod(java.lang.Object, long, java.lang.Object)'> (0x000000070f3ecc90) 
thrown [./open/src/hotspot/share/interpreter/linkResolver.cpp, line 766]
Event: 1.938 Thread 0x00000177adeaa800 Exception <a 'java/lang/ClassNotFoundException'{0x000000070f184000}: com/sun/javafx/scene/control/skin/resources/controls> (0x000000070f184000) 
thrown [./open/src/hotspot/share/prims/jni.cpp, line 620]
Event: 1.938 Thread 0x00000177adeaa800 Exception <a 'java/lang/ClassNotFoundException'{0x000000070f191dc8}: com/sun/javafx/scene/control/skin/resources/controls_ru> (0x000000070f191dc8) 
thrown [./open/src/hotspot/share/prims/jni.cpp, line 620]
Event: 1.939 Thread 0x00000177adeaa800 Exception <a 'java/lang/ClassNotFoundException'{0x000000070f193278}: com/sun/javafx/scene/control/skin/resources/controls_ru_RU> (0x000000070f193278) 
thrown [./open/src/hotspot/share/prims/jni.cpp, line 620]
Event: 4.026 Thread 0x00000177adeaa800 Exception <a 'sun/nio/fs/WindowsException'{0x000000070ec95ec8}> (0x000000070ec95ec8) 
thrown [./open/src/hotspot/share/prims/jni.cpp, line 599]
Event: 4.129 Thread 0x00000177adeaa800 Exception <a 'java/lang/ClassNotFoundException'{0x000000071074b508}: jdk/net/ExtendedSocketOptions> (0x000000071074b508) 
thrown [./open/src/hotspot/share/classfile/systemDictionary.cpp, line 226]
Event: 4.217 Thread 0x00000177addbf800 Exception <a 'java/lang/NoSuchMethodError'{0x0000000710420890}: 'java.lang.Object java.lang.invoke.DirectMethodHandle$Holder.invokeStaticInit(java.lang.Object, int)'> (0x0000000710420890) 
thrown [./open/src/hotspot/share/interpreter/linkResolver.cpp, line 766]
Event: 27.475 Thread 0x00000177adeaa800 Exception <a 'java/lang/NullPointerException'{0x0000000710114a40}> (0x0000000710114a40) 
thrown [./open/src/hotspot/share/interpreter/linkResolver.cpp, line 1348]
Event: 27.475 Thread 0x00000177adeaa800 Exception <a 'java/lang/reflect/InvocationTargetException'{0x0000000710115508}> (0x0000000710115508) 
thrown [./open/src/hotspot/share/runtime/reflection.cpp, line 1188]

Events (20 events):
Event: 53.307 loading class jdk/internal/misc/Signal$1
Event: 53.307 loading class jdk/internal/misc/Signal$1 done
Event: 53.307 Thread 0x00000177b2fa8000 Thread added: 0x00000177b2fa8000
Event: 53.307 Executing VM operation: HandshakeOneThread
Event: 53.307 Executing VM operation: HandshakeOneThread done
Event: 53.307 Thread 0x00000177b2faa800 Thread added: 0x00000177b2faa800
Event: 53.307 Thread 0x00000177b2fa8800 Thread added: 0x00000177b2fa8800
Event: 53.308 Executing VM operation: HandshakeOneThread
Event: 53.308 Executing VM operation: HandshakeOneThread done
Event: 53.308 Executing VM operation: HandshakeOneThread
Event: 53.308 Executing VM operation: HandshakeOneThread done
Event: 53.308 Executing VM operation: HandshakeOneThread
Event: 53.308 Executing VM operation: HandshakeOneThread done
Event: 53.308 Executing VM operation: HandshakeOneThread
Event: 53.308 Executing VM operation: HandshakeOneThread done
Event: 53.308 Executing VM operation: HandshakeOneThread
Event: 53.308 Executing VM operation: HandshakeOneThread done
Event: 53.308 Thread 0x00000177b2fa8800 Thread exited: 0x00000177b2fa8800
Event: 53.308 Thread 0x00000177b2faa800 Thread exited: 0x00000177b2faa800
Event: 53.309 Executing VM operation: Exit


Dynamic libraries:
0x00007ff640050000 - 0x00007ff64005f000 	C:\Program Files\Java\jdk-14.0.2\bin\java.exe
0x00007ffab7430000 - 0x00007ffab7626000 	C:\WINDOWS\SYSTEM32\ntdll.dll
0x00007ffab6850000 - 0x00007ffab690d000 	C:\WINDOWS\System32\KERNEL32.DLL
0x00007ffab50b0000 - 0x00007ffab5379000 	C:\WINDOWS\System32\KERNELBASE.dll
0x00007ffab4c10000 - 0x00007ffab4d10000 	C:\WINDOWS\System32\ucrtbase.dll
0x00007ffaaf7b0000 - 0x00007ffaaf7c8000 	C:\Program Files\Java\jdk-14.0.2\bin\jli.dll
0x00007ffaaf790000 - 0x00007ffaaf7a5000 	C:\Program Files\Java\jdk-14.0.2\bin\VCRUNTIME140.dll
0x00007ffab5fd0000 - 0x00007ffab607c000 	C:\WINDOWS\System32\ADVAPI32.dll
0x00007ffab5d60000 - 0x00007ffab5dfe000 	C:\WINDOWS\System32\msvcrt.dll
0x00007ffab70a0000 - 0x00007ffab713c000 	C:\WINDOWS\System32\sechost.dll
0x00007ffab7140000 - 0x00007ffab726b000 	C:\WINDOWS\System32\RPCRT4.dll
0x00007ffab6c70000 - 0x00007ffab6e10000 	C:\WINDOWS\System32\USER32.dll
0x00007ffab5380000 - 0x00007ffab53a2000 	C:\WINDOWS\System32\win32u.dll
0x00007ffa9d7f0000 - 0x00007ffa9da8b000 	C:\WINDOWS\WinSxS\amd64_microsoft.windows.common-controls_6595b64144ccf1df_6.0.19041.488_none_ca04af081b815d21\COMCTL32.dll
0x00007ffab5f40000 - 0x00007ffab5f6a000 	C:\WINDOWS\System32\GDI32.dll
0x00007ffab4d10000 - 0x00007ffab4e19000 	C:\WINDOWS\System32\gdi32full.dll
0x00007ffab4b70000 - 0x00007ffab4c0d000 	C:\WINDOWS\System32\msvcp_win.dll
0x00007ffaacb20000 - 0x00007ffaacb2a000 	C:\WINDOWS\SYSTEM32\VERSION.dll
0x00007ffab72d0000 - 0x00007ffab7300000 	C:\WINDOWS\System32\IMM32.DLL
0x00007ffaaf6f0000 - 0x00007ffaaf78b000 	C:\Program Files\Java\jdk-14.0.2\bin\msvcp140.dll
0x00007ffa4b1b0000 - 0x00007ffa4bcce000 	C:\Program Files\Java\jdk-14.0.2\bin\server\jvm.dll
0x00007ffab5eb0000 - 0x00007ffab5eb8000 	C:\WINDOWS\System32\PSAPI.DLL
0x00007ffaa10f0000 - 0x00007ffaa10f9000 	C:\WINDOWS\SYSTEM32\WSOCK32.dll
0x00007ffaa1fe0000 - 0x00007ffaa2007000 	C:\WINDOWS\SYSTEM32\WINMM.dll
0x00007ffab6500000 - 0x00007ffab656b000 	C:\WINDOWS\System32\WS2_32.dll
0x00007ffab3430000 - 0x00007ffab3442000 	C:\WINDOWS\SYSTEM32\kernel.appcore.dll
0x00007ffab1f30000 - 0x00007ffab1f3a000 	C:\Program Files\Java\jdk-14.0.2\bin\jimage.dll
0x00007ffab2910000 - 0x00007ffab2af4000 	C:\WINDOWS\SYSTEM32\DBGHELP.DLL
0x00007ffa9cb90000 - 0x00007ffa9cbbc000 	C:\WINDOWS\SYSTEM32\dbgcore.DLL
0x00007ffab4e20000 - 0x00007ffab4ea0000 	C:\WINDOWS\System32\bcryptPrimitives.dll
0x00007ffa4c1b0000 - 0x00007ffa4c1e8000 	C:\Program Files\Java\jdk-14.0.2\bin\jdwp.dll
0x00007ffaaf6c0000 - 0x00007ffaaf6e5000 	C:\Program Files\Java\jdk-14.0.2\bin\java.dll
0x00007ffaaf6a0000 - 0x00007ffaaf6b6000 	C:\Program Files\Java\jdk-14.0.2\bin\zip.dll
0x00007ffab5610000 - 0x00007ffab5d52000 	C:\WINDOWS\System32\SHELL32.dll
0x00007ffab2ba0000 - 0x00007ffab3335000 	C:\WINDOWS\SYSTEM32\windows.storage.dll
0x00007ffab6910000 - 0x00007ffab6c66000 	C:\WINDOWS\System32\combase.dll
0x00007ffab4440000 - 0x00007ffab446c000 	C:\WINDOWS\SYSTEM32\Wldp.dll
0x00007ffab5490000 - 0x00007ffab553e000 	C:\WINDOWS\System32\SHCORE.dll
0x00007ffab7270000 - 0x00007ffab72c5000 	C:\WINDOWS\System32\shlwapi.dll
0x00007ffab4aa0000 - 0x00007ffab4ac6000 	C:\WINDOWS\SYSTEM32\profapi.dll
0x00007ffaaf680000 - 0x00007ffaaf699000 	C:\Program Files\Java\jdk-14.0.2\bin\net.dll
0x00007ffaae670000 - 0x00007ffaae770000 	C:\WINDOWS\SYSTEM32\WINHTTP.dll
0x00007ffab4230000 - 0x00007ffab429a000 	C:\WINDOWS\system32\mswsock.dll
0x00007ffaa1100000 - 0x00007ffaa1112000 	C:\Program Files\Java\jdk-14.0.2\bin\nio.dll
0x00007ffaa0dc0000 - 0x00007ffaa0dcb000 	C:\Program Files\Java\jdk-14.0.2\bin\dt_socket.dll
0x00007ffab3f40000 - 0x00007ffab3f7b000 	C:\WINDOWS\SYSTEM32\IPHLPAPI.DLL
0x0000017786a50000 - 0x0000017786a53000 	C:\Users\Drainer\Desktop\3 kurse\BD\javafx-sdk-11.0.2\bin\api-ms-win-core-console-l1-1-0.dll
0x0000017786a60000 - 0x0000017786a63000 	C:\Users\Drainer\Desktop\3 kurse\BD\javafx-sdk-11.0.2\bin\api-ms-win-core-datetime-l1-1-0.dll
0x0000017786a70000 - 0x0000017786a73000 	C:\Users\Drainer\Desktop\3 kurse\BD\javafx-sdk-11.0.2\bin\api-ms-win-core-debug-l1-1-0.dll
0x0000017786a80000 - 0x0000017786a83000 	C:\Users\Drainer\Desktop\3 kurse\BD\javafx-sdk-11.0.2\bin\api-ms-win-core-errorhandling-l1-1-0.dll
0x0000017786a90000 - 0x0000017786a94000 	C:\Users\Drainer\Desktop\3 kurse\BD\javafx-sdk-11.0.2\bin\api-ms-win-core-file-l1-1-0.dll
0x0000017786aa0000 - 0x0000017786aa3000 	C:\Users\Drainer\Desktop\3 kurse\BD\javafx-sdk-11.0.2\bin\api-ms-win-core-file-l1-2-0.dll
0x0000017786ab0000 - 0x0000017786ab3000 	C:\Users\Drainer\Desktop\3 kurse\BD\javafx-sdk-11.0.2\bin\api-ms-win-core-file-l2-1-0.dll
0x0000017786ac0000 - 0x0000017786ac3000 	C:\Users\Drainer\Desktop\3 kurse\BD\javafx-sdk-11.0.2\bin\api-ms-win-core-handle-l1-1-0.dll
0x0000017786ad0000 - 0x0000017786ad3000 	C:\Users\Drainer\Desktop\3 kurse\BD\javafx-sdk-11.0.2\bin\api-ms-win-core-heap-l1-1-0.dll
0x0000017786ae0000 - 0x0000017786ae3000 	C:\Users\Drainer\Desktop\3 kurse\BD\javafx-sdk-11.0.2\bin\api-ms-win-core-interlocked-l1-1-0.dll
0x0000017786af0000 - 0x0000017786af3000 	C:\Users\Drainer\Desktop\3 kurse\BD\javafx-sdk-11.0.2\bin\api-ms-win-core-libraryloader-l1-1-0.dll
0x0000017786b00000 - 0x0000017786b03000 	C:\Users\Drainer\Desktop\3 kurse\BD\javafx-sdk-11.0.2\bin\api-ms-win-core-localization-l1-2-0.dll
0x00000177889f0000 - 0x00000177889f3000 	C:\Users\Drainer\Desktop\3 kurse\BD\javafx-sdk-11.0.2\bin\api-ms-win-core-memory-l1-1-0.dll
0x0000017788a00000 - 0x0000017788a03000 	C:\Users\Drainer\Desktop\3 kurse\BD\javafx-sdk-11.0.2\bin\api-ms-win-core-namedpipe-l1-1-0.dll
0x0000017788a10000 - 0x0000017788a13000 	C:\Users\Drainer\Desktop\3 kurse\BD\javafx-sdk-11.0.2\bin\api-ms-win-core-processenvironment-l1-1-0.dll
0x0000017788a20000 - 0x0000017788a23000 	C:\Users\Drainer\Desktop\3 kurse\BD\javafx-sdk-11.0.2\bin\api-ms-win-core-processthreads-l1-1-0.dll
0x0000017788a30000 - 0x0000017788a33000 	C:\Users\Drainer\Desktop\3 kurse\BD\javafx-sdk-11.0.2\bin\api-ms-win-core-processthreads-l1-1-1.dll
0x0000017788a40000 - 0x0000017788a43000 	C:\Users\Drainer\Desktop\3 kurse\BD\javafx-sdk-11.0.2\bin\api-ms-win-core-profile-l1-1-0.dll
0x0000017788a50000 - 0x0000017788a53000 	C:\Users\Drainer\Desktop\3 kurse\BD\javafx-sdk-11.0.2\bin\api-ms-win-core-rtlsupport-l1-1-0.dll
0x0000017788a60000 - 0x0000017788a63000 	C:\Users\Drainer\Desktop\3 kurse\BD\javafx-sdk-11.0.2\bin\api-ms-win-core-string-l1-1-0.dll
0x0000017788a70000 - 0x0000017788a73000 	C:\Users\Drainer\Desktop\3 kurse\BD\javafx-sdk-11.0.2\bin\api-ms-win-core-synch-l1-1-0.dll
0x0000017788a80000 - 0x0000017788a83000 	C:\Users\Drainer\Desktop\3 kurse\BD\javafx-sdk-11.0.2\bin\api-ms-win-core-synch-l1-2-0.dll
0x0000017788a90000 - 0x0000017788a93000 	C:\Users\Drainer\Desktop\3 kurse\BD\javafx-sdk-11.0.2\bin\api-ms-win-core-sysinfo-l1-1-0.dll
0x0000017788aa0000 - 0x0000017788aa3000 	C:\Users\Drainer\Desktop\3 kurse\BD\javafx-sdk-11.0.2\bin\api-ms-win-core-timezone-l1-1-0.dll
0x0000017788ab0000 - 0x0000017788ab3000 	C:\Users\Drainer\Desktop\3 kurse\BD\javafx-sdk-11.0.2\bin\api-ms-win-core-util-l1-1-0.dll
0x00000177ae250000 - 0x00000177ae253000 	C:\Users\Drainer\Desktop\3 kurse\BD\javafx-sdk-11.0.2\bin\api-ms-win-crt-conio-l1-1-0.dll
0x00000177ae260000 - 0x00000177ae264000 	C:\Users\Drainer\Desktop\3 kurse\BD\javafx-sdk-11.0.2\bin\api-ms-win-crt-convert-l1-1-0.dll
0x00000177ae270000 - 0x00000177ae273000 	C:\Users\Drainer\Desktop\3 kurse\BD\javafx-sdk-11.0.2\bin\api-ms-win-crt-environment-l1-1-0.dll
0x00000177ae280000 - 0x00000177ae283000 	C:\Users\Drainer\Desktop\3 kurse\BD\javafx-sdk-11.0.2\bin\api-ms-win-crt-filesystem-l1-1-0.dll
0x00000177ae290000 - 0x00000177ae293000 	C:\Users\Drainer\Desktop\3 kurse\BD\javafx-sdk-11.0.2\bin\api-ms-win-crt-heap-l1-1-0.dll
0x00000177ae2a0000 - 0x00000177ae2a3000 	C:\Users\Drainer\Desktop\3 kurse\BD\javafx-sdk-11.0.2\bin\api-ms-win-crt-locale-l1-1-0.dll
0x00000177ae2b0000 - 0x00000177ae2b5000 	C:\Users\Drainer\Desktop\3 kurse\BD\javafx-sdk-11.0.2\bin\api-ms-win-crt-math-l1-1-0.dll
0x00000177ae2c0000 - 0x00000177ae2c5000 	C:\Users\Drainer\Desktop\3 kurse\BD\javafx-sdk-11.0.2\bin\api-ms-win-crt-multibyte-l1-1-0.dll
0x00000177ae2d0000 - 0x00000177ae2e0000 	C:\Users\Drainer\Desktop\3 kurse\BD\javafx-sdk-11.0.2\bin\api-ms-win-crt-private-l1-1-0.dll
0x00000177ae2e0000 - 0x00000177ae2e3000 	C:\Users\Drainer\Desktop\3 kurse\BD\javafx-sdk-11.0.2\bin\api-ms-win-crt-process-l1-1-0.dll
0x00000177ae2f0000 - 0x00000177ae2f4000 	C:\Users\Drainer\Desktop\3 kurse\BD\javafx-sdk-11.0.2\bin\api-ms-win-crt-runtime-l1-1-0.dll
0x00000177ae300000 - 0x00000177ae304000 	C:\Users\Drainer\Desktop\3 kurse\BD\javafx-sdk-11.0.2\bin\api-ms-win-crt-stdio-l1-1-0.dll
0x00000177ae310000 - 0x00000177ae314000 	C:\Users\Drainer\Desktop\3 kurse\BD\javafx-sdk-11.0.2\bin\api-ms-win-crt-string-l1-1-0.dll
0x00000177ae320000 - 0x00000177ae323000 	C:\Users\Drainer\Desktop\3 kurse\BD\javafx-sdk-11.0.2\bin\api-ms-win-crt-time-l1-1-0.dll
0x00000177ae330000 - 0x00000177ae333000 	C:\Users\Drainer\Desktop\3 kurse\BD\javafx-sdk-11.0.2\bin\api-ms-win-crt-utility-l1-1-0.dll
0x00007ffa43180000 - 0x00007ffa4327a000 	C:\Users\Drainer\Desktop\3 kurse\BD\javafx-sdk-11.0.2\bin\ucrtbase.dll
0x00007ffa70170000 - 0x00007ffa70186000 	C:\Users\Drainer\Desktop\3 kurse\BD\javafx-sdk-11.0.2\bin\vcruntime140.dll
0x00007ffa4a0a0000 - 0x00007ffa4a146000 	C:\Users\Drainer\Desktop\3 kurse\BD\javafx-sdk-11.0.2\bin\msvcp140.dll
0x00007ffa48fe0000 - 0x00007ffa49031000 	C:\Users\Drainer\Desktop\3 kurse\BD\javafx-sdk-11.0.2\bin\concrt140.dll
0x00007ffa4c180000 - 0x00007ffa4c1a3000 	C:\Users\Drainer\Desktop\3 kurse\BD\javafx-sdk-11.0.2\bin\prism_d3d.dll
0x00007ffaad920000 - 0x00007ffaadaef000 	C:\WINDOWS\system32\d3d9.dll
0x00007ffab2490000 - 0x00007ffab24bf000 	C:\WINDOWS\SYSTEM32\dwmapi.dll
0x00007ffab2110000 - 0x00007ffab21ae000 	C:\WINDOWS\system32\uxtheme.dll
0x00007ffab4690000 - 0x00007ffab46a2000 	C:\WINDOWS\SYSTEM32\msasn1.dll
0x00007ffaac790000 - 0x00007ffaac7c1000 	C:\WINDOWS\SYSTEM32\cryptnet.dll
0x00007ffab4f50000 - 0x00007ffab50ad000 	C:\WINDOWS\System32\CRYPT32.dll
0x00007ffab43b0000 - 0x00007ffab43bc000 	C:\WINDOWS\SYSTEM32\cryptbase.dll
0x00007ffab53b0000 - 0x00007ffab5410000 	C:\WINDOWS\System32\WINTRUST.DLL
0x00007ffab66a0000 - 0x00007ffab66bd000 	C:\WINDOWS\System32\imagehlp.dll
0x00007ffab44c0000 - 0x00007ffab44d8000 	C:\WINDOWS\SYSTEM32\CRYPTSP.dll
0x00007ffab3be0000 - 0x00007ffab3c14000 	C:\WINDOWS\system32\rsaenh.dll
0x00007ffab5410000 - 0x00007ffab5437000 	C:\WINDOWS\System32\bcrypt.dll
0x00007ffa43130000 - 0x00007ffa43175000 	C:\Users\Drainer\Desktop\3 kurse\BD\javafx-sdk-11.0.2\bin\glass.dll
0x00007ffab6e10000 - 0x00007ffab6eeb000 	C:\WINDOWS\System32\COMDLG32.dll
0x00007ffab6570000 - 0x00007ffab669a000 	C:\WINDOWS\System32\ole32.dll
0x00007ffab5540000 - 0x00007ffab560d000 	C:\WINDOWS\System32\OLEAUT32.dll
0x00007ffab6730000 - 0x00007ffab6846000 	C:\WINDOWS\System32\MSCTF.dll
0x00007ffa93340000 - 0x00007ffa935f9000 	C:\WINDOWS\system32\nvspcap64.dll
0x00007ffab3870000 - 0x00007ffab38a3000 	C:\WINDOWS\SYSTEM32\ntmarta.dll
0x00007ffab3450000 - 0x00007ffab3473000 	C:\WINDOWS\SYSTEM32\gpapi.dll
0x00007ffaa9320000 - 0x00007ffaa935b000 	C:\WINDOWS\SYSTEM32\dxcore.dll
0x00007ffab5440000 - 0x00007ffab548e000 	C:\WINDOWS\System32\cfgmgr32.dll
0x00007ffa4c4c0000 - 0x00007ffa4c4d4000 	C:\Users\Drainer\Desktop\3 kurse\BD\javafx-sdk-11.0.2\bin\javafx_font.dll
0x00007ffaa2220000 - 0x00007ffaa249f000 	C:\WINDOWS\SYSTEM32\dwrite.dll
0x00007ffab5e00000 - 0x00007ffab5ea9000 	C:\WINDOWS\System32\clbcatq.dll
0x00007ffaacc90000 - 0x00007ffaace44000 	C:\WINDOWS\SYSTEM32\WindowsCodecs.dll
0x00007ffa9f5a0000 - 0x00007ffa9f5de000 	C:\WINDOWS\system32\dataexchange.dll
0x00007ffaafd30000 - 0x00007ffaaff94000 	C:\WINDOWS\system32\d3d11.dll
0x00007ffab1080000 - 0x00007ffab1267000 	C:\WINDOWS\system32\dcomp.dll
0x00007ffab3480000 - 0x00007ffab3573000 	C:\WINDOWS\system32\dxgi.dll
0x00007ffaacf00000 - 0x00007ffaad108000 	C:\WINDOWS\system32\twinapi.appcore.dll
0x00007ffa4c690000 - 0x00007ffa4c6c4000 	C:\Program Files\Common Files\Microsoft Shared\Ink\rtscom.dll
0x00007ffaaf7f0000 - 0x00007ffaaf8ed000 	C:\WINDOWS\SYSTEM32\textinputframework.dll
0x00007ffab1770000 - 0x00007ffab1ace000 	C:\WINDOWS\System32\CoreUIComponents.dll
0x00007ffab1ad0000 - 0x00007ffab1bc2000 	C:\WINDOWS\System32\CoreMessaging.dll
0x00007ffab0e70000 - 0x00007ffab0fc6000 	C:\WINDOWS\SYSTEM32\wintypes.dll
0x00007ffaadc20000 - 0x00007ffaadc30000 	C:\Program Files\Java\jdk-14.0.2\bin\verify.dll

dbghelp: loaded successfully - version: 4.0.5 - missing functions: none
symbol engine: initialized successfully - sym options: 0x614 - pdb path: .;C:\Program Files\Java\jdk-14.0.2\bin;C:\WINDOWS\SYSTEM32;C:\WINDOWS\WinSxS\amd64_microsoft.windows.common-controls_6595b64144ccf1df_6.0.19041.488_none_ca04af081b815d21;C:\Program Files\Java\jdk-14.0.2\bin\server;C:\Users\Drainer\Desktop\3 kurse\BD\javafx-sdk-11.0.2\bin;C:\WINDOWS\System32\DriverStore\FileRepository\nv_dispi.inf_amd64_a51067c0ac557884;C:\Program Files\Common Files\Microsoft Shared\Ink

VM Arguments:
jvm_args: -agentlib:jdwp=transport=dt_socket,address=127.0.0.1:55187,suspend=y,server=n --add-modules=javafx.base,javafx.graphics --add-reads=javafx.base=ALL-UNNAMED --add-reads=javafx.graphics=ALL-UNNAMED -Dfile.encoding=UTF-8 --module-path=C:\Users\Drainer\Desktop\3 kurse\BD\javafx-sdk-11.0.2\lib\javafx.base.jar;C:\Users\Drainer\Desktop\3 kurse\BD\javafx-sdk-11.0.2\lib\javafx.graphics.jar;C:\Users\Drainer\Desktop\3 kurse\BD\BeautyBDProg\out\production\BeautyBDProg;C:\Users\Drainer\Desktop\3 kurse\BD\javafx-sdk-11.0.2\lib\javafx-swt.jar;C:\Users\Drainer\Desktop\3 kurse\BD\javafx-sdk-11.0.2\lib\javafx.controls.jar;C:\Users\Drainer\Desktop\3 kurse\BD\javafx-sdk-11.0.2\lib\javafx.fxml.jar;C:\Users\Drainer\Desktop\3 kurse\BD\javafx-sdk-11.0.2\lib\javafx.media.jar;C:\Users\Drainer\Desktop\3 kurse\BD\javafx-sdk-11.0.2\lib\javafx.swing.jar;C:\Users\Drainer\Desktop\3 kurse\BD\javafx-sdk-11.0.2\lib\javafx.web.jar;C:\Users\Drainer\Desktop\3 kurse\BD\BeautyBDProg\mysql-connector-java-5.1.49.jar -Djdk.module.main=sample 
java_command: sample/sample.Main
java_class_path (initial): C:\Program Files\JetBrains\IntelliJ IDEA Community Edition 2020.1.4\lib\idea_rt.jar
Launcher Type: SUN_STANDARD

[Global flags]
     intx CICompilerCount                          = 4                                         {product} {ergonomic}
     uint ConcGCThreads                            = 3                                         {product} {ergonomic}
     uint G1ConcRefinementThreads                  = 10                                        {product} {ergonomic}
   size_t G1HeapRegionSize                         = 1048576                                   {product} {ergonomic}
    uintx GCDrainStackTargetSize                   = 64                                        {product} {ergonomic}
   size_t InitialHeapSize                          = 268435456                                 {product} {ergonomic}
   size_t MarkStackSize                            = 4194304                                   {product} {ergonomic}
   size_t MaxHeapSize                              = 4280287232                                {product} {ergonomic}
   size_t MaxNewSize                               = 2567962624                                {product} {ergonomic}
   size_t MinHeapDeltaBytes                        = 1048576                                   {product} {ergonomic}
   size_t MinHeapSize                              = 8388608                                   {product} {ergonomic}
    uintx NonNMethodCodeHeapSize                   = 5839372                                {pd product} {ergonomic}
    uintx NonProfiledCodeHeapSize                  = 122909434                              {pd product} {ergonomic}
    uintx ProfiledCodeHeapSize                     = 122909434                              {pd product} {ergonomic}
    uintx ReservedCodeCacheSize                    = 251658240                              {pd product} {ergonomic}
     bool SegmentedCodeCache                       = true                                      {product} {ergonomic}
   size_t SoftMaxHeapSize                          = 4280287232                             {manageable} {ergonomic}
     bool UseCompressedClassPointers               = true                                 {lp64_product} {ergonomic}
     bool UseCompressedOops                        = true                                 {lp64_product} {ergonomic}
     bool UseG1GC                                  = true                                      {product} {ergonomic}
     bool UseLargePagesIndividualAllocation        = false                                  {pd product} {ergonomic}

Logging:
Log output configuration:
 #0: stdout all=off uptime,level,tags
 #1: stderr all=off uptime,level,tags

Environment Variables:
PATH=C:\Program Files\Java\jdk-14.0.2\bin;C:\WINDOWS\system32;C:\WINDOWS;C:\WINDOWS\System32\Wbem;C:\WINDOWS\System32\WindowsPowerShell\v1.0\;C:\WINDOWS\System32\OpenSSH\;C:\Program Files\Microsoft SQL Server\120\Tools\Binn\;C:\Program Files\NVIDIA Corporation\NVIDIA NvDLISR;C:\Program Files (x86)\Windows Kits\10\Windows Performance Toolkit\;C:\Program Files\dotnet\;C:\Program Files\MySQL\MySQL Shell 8.0\bin\;C:\Users\Drainer\AppData\Local\Microsoft\WindowsApps;C:\Users\Drainer\.dotnet\tools;C:\Program Files\JetBrains\PyCharm Community Edition 2020.3.1\bin;
USERNAME=Drainer
OS=Windows_NT
PROCESSOR_IDENTIFIER=Intel64 Family 6 Model 158 Stepping 10, GenuineIntel



---------------  S Y S T E M  ---------------

OS: Windows 10 , 64 bit Build 19041 (10.0.19041.662)
OS uptime: 5 days 5:13 hours
HyperV virtualization detected

CPU:total 12 (initial active 12) (6 cores per cpu, 2 threads per core) family 6 model 158 stepping 10, cmov, cx8, fxsr, mmx, sse, sse2, sse3, ssse3, sse4.1, sse4.2, popcnt, avx, avx2, aes, clmul, erms, rtm, 3dnowpref, lzcnt, ht, tsc, tscinvbit, bmi1, bmi2, adx, fma

Memory: 4k page, system-wide physical 16326M (5985M free)
TotalPageFile size 28102M (AvailPageFile size 9008M)
current process WorkingSet (physical memory assigned to process): 136M, peak: 200M
current process commit charge ("private bytes"): 458M, peak: 523M

vm_info: Java HotSpot(TM) 64-Bit Server VM (14.0.2+12-46) for windows-amd64 JRE (14.0.2+12-46), built on Jul  9 2020 00:35:52 by "mach5one" with MS VC++ 15.9 (VS2017)

END.
