#
# A fatal error has been detected by the Java Runtime Environment:
#
#  EXCEPTION_ACCESS_VIOLATION (0xc0000005) at pc=0x00007ffa4c1c6730, pid=8984, tid=8672
#
# JRE version: Java(TM) SE Runtime Environment (14.0.2+12) (build 14.0.2+12-46)
# Java VM: Java HotSpot(TM) 64-Bit Server VM (14.0.2+12-46, mixed mode, sharing, tiered, compressed oops, g1 gc, windows-amd64)
# Problematic frame:
# C  [glass.dll+0x26730]
#
# No core dump will be written. Minidumps are not enabled by default on client versions of Windows
#
# If you would like to submit a bug report, please visit:
#   https://bugreport.java.com/bugreport/crash.jsp
#

---------------  S U M M A R Y ------------

Command Line: -agentlib:jdwp=transport=dt_socket,address=127.0.0.1:55527,suspend=y,server=n --add-modules=javafx.base,javafx.graphics --add-reads=javafx.base=ALL-UNNAMED --add-reads=javafx.graphics=ALL-UNNAMED -Dfile.encoding=UTF-8 --module-path=C:\Users\Drainer\Desktop\3 kurse\BD\javafx-sdk-11.0.2\lib\javafx.base.jar;C:\Users\Drainer\Desktop\3 kurse\BD\javafx-sdk-11.0.2\lib\javafx.graphics.jar;C:\Users\Drainer\Desktop\3 kurse\BD\BeautyBDProg\out\production\BeautyBDProg;C:\Users\Drainer\Desktop\3 kurse\BD\javafx-sdk-11.0.2\lib\javafx-swt.jar;C:\Users\Drainer\Desktop\3 kurse\BD\javafx-sdk-11.0.2\lib\javafx.controls.jar;C:\Users\Drainer\Desktop\3 kurse\BD\javafx-sdk-11.0.2\lib\javafx.fxml.jar;C:\Users\Drainer\Desktop\3 kurse\BD\javafx-sdk-11.0.2\lib\javafx.media.jar;C:\Users\Drainer\Desktop\3 kurse\BD\javafx-sdk-11.0.2\lib\javafx.swing.jar;C:\Users\Drainer\Desktop\3 kurse\BD\javafx-sdk-11.0.2\lib\javafx.web.jar;C:\Users\Drainer\Desktop\3 kurse\BD\BeautyBDProg\mysql-connector-java-5.1.49.jar -Djdk.module.main=sample sample/sample.Main

Host: Intel(R) Core(TM) i7-8700K CPU @ 3.70GHz, 12 cores, 15G,  Windows 10 , 64 bit Build 19041 (10.0.19041.662)
Time: Mon Jan  4 16:22:57 2021 RTZ 2 (зима) elapsed time: 8 seconds (0d 0h 0m 8s)

---------------  T H R E A D  ---------------

Current thread (0x000001be31cc4800):  VMThread "VM Thread" [stack: 0x0000002a4a000000,0x0000002a4a100000] [id=8672]

Stack: [0x0000002a4a000000,0x0000002a4a100000],  sp=0x0000002a4a0fef30,  free space=1019k
Native frames: (J=compiled Java code, j=interpreted, Vv=VM code, C=native code)
C  [glass.dll+0x26730]


siginfo: EXCEPTION_ACCESS_VIOLATION (0xc0000005), reading address 0x0000000000000000


Register to memory mapping:

RIP=0x00007ffa4c1c6730 glass.dll
RAX=0x0 is NULL
RBX=0x000001be31cdee18 is a global jni handle
RCX=0x000001be31cc4800 points into unknown readable memory: c0 a7 a7 4b fa 7f 00 00
RDX=0x0000002a4a0fef30 points into unknown readable memory: 00 00 00 00 00 00 00 00
RSP=0x0000002a4a0fef30 points into unknown readable memory: 00 00 00 00 00 00 00 00
RBP=0x000001be324d9d98 points into unknown readable memory: 89 6c 3f ac 96 cc 00 00
RSI=0x000001be324d9d70 points into unknown readable memory: 89 dc 52 94 0e 38 ff 00
RDI=0x0000cc96ac3f6c89 is an unknown value
R8 =0x0000000000010002 is an unknown value
R9 =0x0000cc96ac3f6c89 is an unknown value
R10=0x0000000000008000 is an unknown value
R11=0x0000002a4a0feed0 points into unknown readable memory: 70 9d 4d 32 be 01 00 00
R12=0x00007ffa4c1c3be0 glass.dll
R13=0x000001be0d271278 points into unknown readable memory: 00 48 cc 31 be 01 00 00
R14=0x0000002a4a0ff038 points into unknown readable memory: 20 f0 0f 4a 2a 00 00 00
R15=0x000001be324d9d70 points into unknown readable memory: 89 dc 52 94 0e 38 ff 00


Registers:
RAX=0x0000000000000000, RBX=0x000001be31cdee18, RCX=0x000001be31cc4800, RDX=0x0000002a4a0fef30
RSP=0x0000002a4a0fef30, RBP=0x000001be324d9d98, RSI=0x000001be324d9d70, RDI=0x0000cc96ac3f6c89
R8 =0x0000000000010002, R9 =0x0000cc96ac3f6c89, R10=0x0000000000008000, R11=0x0000002a4a0feed0
R12=0x00007ffa4c1c3be0, R13=0x000001be0d271278, R14=0x0000002a4a0ff038, R15=0x000001be324d9d70
RIP=0x00007ffa4c1c6730, EFLAGS=0x0000000000010206

Top of Stack: (sp=0x0000002a4a0fef30)
0x0000002a4a0fef30:   0000000000000000 00007ffab4c1e97b
0x0000002a4a0fef40:   000001be324d9d80 000001be324d9d70
0x0000002a4a0fef50:   fffffffffffffffe 00007ffa4c1c3be0
0x0000002a4a0fef60:   000001be324d9d78 00007ffab4c23bf6
0x0000002a4a0fef70:   000001be324d9d80 000001be00000000
0x0000002a4a0fef80:   000001be324d9d98 000001be324d9d70
0x0000002a4a0fef90:   fffffffffffffffe 0000000000000000
0x0000002a4a0fefa0:   0000000000000001 00007ffa4c1a0000
0x0000002a4a0fefb0:   0000002a4a0ff028 00007ffab4c23b1b
0x0000002a4a0fefc0:   0000000000000000 0000002a4a0ff038
0x0000002a4a0fefd0:   0000002a4a0ff2f0 00007ffab4d00e40
0x0000002a4a0fefe0:   0000000000000001 00007ffab4c23ad4
0x0000002a4a0feff0:   0000000000000000 0000000000000001
0x0000002a4a0ff000:   ffffffff00000001 0000002a4a0ff028
0x0000002a4a0ff010:   0000000000000000 00007ffa4c1c3a60
0x0000002a4a0ff020:   00007ffa4c1dd100 0000002a00000002 

Instructions: (pc=0x00007ffa4c1c6730)
0x00007ffa4c1c6630:   8b 4d 60 e8 d8 c9 ff ff 48 8b 55 68 48 8b 8d 08
0x00007ffa4c1c6640:   01 00 00 e8 a9 be ff ff 33 d2 33 c9 e8 a9 de ff
0x00007ffa4c1c6650:   ff 90 cc cc cc cc cc cc cc cc cc cc cc cc cc cc
0x00007ffa4c1c6660:   48 8d 8a 80 00 00 00 e9 14 ea fe ff 48 89 54 24
0x00007ffa4c1c6670:   10 55 48 83 ec 20 48 8b ea 48 8d 05 1d cb ff ff
0x00007ffa4c1c6680:   48 83 c4 20 5d c3 cc 40 55 48 8b ea 48 8b 01 33
0x00007ffa4c1c6690:   c9 81 38 05 00 00 c0 0f 94 c1 8b c1 5d c3 cc 40
0x00007ffa4c1c66a0:   55 48 83 ec 20 48 8b ea 8a 4d 40 48 83 c4 20 5d
0x00007ffa4c1c66b0:   e9 23 ce ff ff cc 40 55 48 83 ec 20 48 8b ea e8
0x00007ffa4c1c66c0:   3c cc ff ff 8a 4d 38 48 83 c4 20 5d e9 07 ce ff
0x00007ffa4c1c66d0:   ff cc 40 55 48 83 ec 30 48 8b ea 48 8b 01 8b 10
0x00007ffa4c1c66e0:   48 89 4c 24 28 89 54 24 20 4c 8d 0d d0 d1 ff ff
0x00007ffa4c1c66f0:   4c 8b 45 70 8b 55 68 48 8b 4d 60 e8 70 cb ff ff
0x00007ffa4c1c6700:   90 48 83 c4 30 5d c3 cc cc cc cc cc cc cc cc cc
0x00007ffa4c1c6710:   40 53 48 83 ec 30 48 c7 44 24 20 fe ff ff ff 48
0x00007ffa4c1c6720:   8b 1d ea 63 01 00 48 85 db 74 16 e8 90 86 ff ff
0x00007ffa4c1c6730:   4c 8b 00 48 8b d3 48 8b c8 41 ff 90 b0 00 00 00
0x00007ffa4c1c6740:   90 48 83 c4 30 5b c3 cc cc cc cc cc cc cc cc cc
0x00007ffa4c1c6750:   40 53 48 83 ec 20 48 8b 1d 4b 65 01 00 48 85 db
0x00007ffa4c1c6760:   74 57 b8 ff ff ff ff f0 0f c1 43 10 83 f8 01 75
0x00007ffa4c1c6770:   3d 48 85 db 74 38 48 8b 0b 48 85 c9 74 0d ff 15
0x00007ffa4c1c6780:   24 0b 00 00 48 c7 03 00 00 00 00 48 8b 4b 08 48
0x00007ffa4c1c6790:   85 c9 74 0d e8 77 c8 ff ff 48 c7 43 08 00 00 00
0x00007ffa4c1c67a0:   00 ba 18 00 00 00 48 8b cb e8 62 c8 ff ff 48 c7
0x00007ffa4c1c67b0:   05 ef 64 01 00 00 00 00 00 48 83 c4 20 5b c3 cc
0x00007ffa4c1c67c0:   40 53 48 83 ec 20 48 8b 1d bb 64 01 00 48 85 db
0x00007ffa4c1c67d0:   74 57 b8 ff ff ff ff f0 0f c1 43 10 83 f8 01 75
0x00007ffa4c1c67e0:   3d 48 85 db 74 38 48 8b 0b 48 85 c9 74 0d ff 15
0x00007ffa4c1c67f0:   b4 0a 00 00 48 c7 03 00 00 00 00 48 8b 4b 08 48
0x00007ffa4c1c6800:   85 c9 74 0d e8 07 c8 ff ff 48 c7 43 08 00 00 00
0x00007ffa4c1c6810:   00 ba 18 00 00 00 48 8b cb e8 f2 c7 ff ff 48 c7
0x00007ffa4c1c6820:   05 5f 64 01 00 00 00 00 00 48 83 c4 20 5b c3 cc 


Stack slot to memory mapping:
stack at sp + 0 slots: 0x0 is NULL
stack at sp + 1 slots: 0x00007ffab4c1e97b ucrtbase.dll
stack at sp + 2 slots: 0x000001be324d9d80 points into unknown readable memory: 89 6c 3f ac 96 cc 00 00
stack at sp + 3 slots: 0x000001be324d9d70 points into unknown readable memory: 89 dc 52 94 0e 38 ff 00
stack at sp + 4 slots: 0xfffffffffffffffe is an unknown value
stack at sp + 5 slots: 0x00007ffa4c1c3be0 glass.dll
stack at sp + 6 slots: 0x000001be324d9d78 points into unknown readable memory: 89 6c 3f ac 96 cc 00 00
stack at sp + 7 slots: 0x00007ffab4c23bf6 ucrtbase.dll

VM_Operation (0x0000002a4acff3d0): Exit, mode: safepoint, requested by thread 0x000001be373fd000


---------------  P R O C E S S  ---------------

Threads class SMR info:
_java_thread_list=0x000001be3e658fb0, length=21, elements={
0x000001be0d1de000, 0x000001be31ccc800, 0x000001be31ccd800, 0x000001be31ceb000,
0x000001be31cef000, 0x000001be31cf1800, 0x000001be31cfe800, 0x000001be31d2a000,
0x000001be31d2b000, 0x000001be31e40000, 0x000001be322f6000, 0x000001be3229d800,
0x000001be3247e800, 0x000001be324db800, 0x000001be3257a000, 0x000001be37278800,
0x000001be37279800, 0x000001be374eb800, 0x000001be375f1000, 0x000001be37b6e800,
0x000001be373fd000
}

Java Threads: ( => current thread )
  0x000001be0d1de000 JavaThread "main" [_thread_blocked, id=25572, stack(0x0000002a49a00000,0x0000002a49b00000)]
  0x000001be31ccc800 JavaThread "Reference Handler" daemon [_thread_blocked, id=11600, stack(0x0000002a4a100000,0x0000002a4a200000)]
  0x000001be31ccd800 JavaThread "Finalizer" daemon [_thread_blocked, id=11948, stack(0x0000002a4a200000,0x0000002a4a300000)]
  0x000001be31ceb000 JavaThread "Signal Dispatcher" daemon [_thread_blocked, id=24936, stack(0x0000002a4a300000,0x0000002a4a400000)]
  0x000001be31cef000 JavaThread "Attach Listener" daemon [_thread_blocked, id=12184, stack(0x0000002a4a400000,0x0000002a4a500000)]
  0x000001be31cf1800 JavaThread "Service Thread" daemon [_thread_blocked, id=25060, stack(0x0000002a4a500000,0x0000002a4a600000)]
  0x000001be31cfe800 JavaThread "C2 CompilerThread0" daemon [_thread_blocked, id=5208, stack(0x0000002a4a600000,0x0000002a4a700000)]
  0x000001be31d2a000 JavaThread "C1 CompilerThread0" daemon [_thread_blocked, id=13144, stack(0x0000002a4a700000,0x0000002a4a800000)]
  0x000001be31d2b000 JavaThread "Sweeper thread" daemon [_thread_blocked, id=21128, stack(0x0000002a4a800000,0x0000002a4a900000)]
  0x000001be31e40000 JavaThread "Common-Cleaner" daemon [_thread_blocked, id=21084, stack(0x0000002a4a900000,0x0000002a4aa00000)]
  0x000001be322f6000 JavaThread "JDWP Event Helper Thread" daemon [_thread_blocked, id=2624, stack(0x0000002a4ad00000,0x0000002a4ae00000)]
  0x000001be3229d800 JavaThread "Notification Thread" daemon [_thread_blocked, id=25040, stack(0x0000002a4af00000,0x0000002a4b000000)]
  0x000001be3247e800 JavaThread "QuantumRenderer-0" daemon [_thread_blocked, id=16648, stack(0x0000002a4b100000,0x0000002a4b200000)]
  0x000001be324db800 JavaThread "InvokeLaterDispatcher" daemon [_thread_blocked, id=1720, stack(0x0000002a4b300000,0x0000002a4b400000)]
  0x000001be3257a000 JavaThread "JavaFX Application Thread" [_thread_blocked, id=12312, stack(0x0000002a4b400000,0x0000002a4b500000)]
  0x000001be37278800 JavaThread "JavaFX-Launcher" [_thread_blocked, id=19964, stack(0x0000002a4aa00000,0x0000002a4ab00000)]
  0x000001be37279800 JavaThread "Thread-2" daemon [_thread_in_native, id=23104, stack(0x0000002a4b600000,0x0000002a4b700000)]
  0x000001be374eb800 JavaThread "Prism Font Disposer" daemon [_thread_blocked, id=15796, stack(0x0000002a4bf00000,0x0000002a4c000000)]
  0x000001be375f1000 JavaThread "Cleaner-0" daemon [_thread_blocked, id=5148, stack(0x0000002a4c140000,0x0000002a4c240000)]
  0x000001be37b6e800 JavaThread "mysql-cj-abandoned-connection-cleanup" daemon [_thread_blocked, id=5768, stack(0x0000002a4c000000,0x0000002a4c100000)]
  0x000001be373fd000 JavaThread "SIGINT handler" daemon [_thread_blocked, id=13684, stack(0x0000002a4ac00000,0x0000002a4ad00000)]

Other Threads:
=>0x000001be31cc4800 VMThread "VM Thread" [stack: 0x0000002a4a000000,0x0000002a4a100000] [id=8672]
  0x000001be0d245800 GCTaskThread "GC Thread#0" [stack: 0x0000002a49b00000,0x0000002a49c00000] [id=3812]
  0x000001be3732f800 GCTaskThread "GC Thread#1" [stack: 0x0000002a4ab00000,0x0000002a4ac00000] [id=11280]
  0x000001be373ae800 GCTaskThread "GC Thread#2" [stack: 0x0000002a4b700000,0x0000002a4b800000] [id=1672]
  0x000001be373af000 GCTaskThread "GC Thread#3" [stack: 0x0000002a4b800000,0x0000002a4b900000] [id=17432]
  0x000001be373af800 GCTaskThread "GC Thread#4" [stack: 0x0000002a4b900000,0x0000002a4ba00000] [id=3884]
  0x000001be3739c800 GCTaskThread "GC Thread#5" [stack: 0x0000002a4ba00000,0x0000002a4bb00000] [id=20424]
  0x000001be0d268800 ConcurrentGCThread "G1 Main Marker" [stack: 0x0000002a49c00000,0x0000002a49d00000] [id=16736]
  0x000001be0d26a000 ConcurrentGCThread "G1 Conc#0" [stack: 0x0000002a49d00000,0x0000002a49e00000] [id=15348]
  0x000001be30bc4800 ConcurrentGCThread "G1 Refine#0" [stack: 0x0000002a49e00000,0x0000002a49f00000] [id=7648]
  0x000001be30bc5800 ConcurrentGCThread "G1 Young RemSet Sampling" [stack: 0x0000002a49f00000,0x0000002a4a000000] [id=20748]

Threads with active compile tasks:
C2 CompilerThread0     8456 3086       4       javafx.css.CompoundSelector::applies (144 bytes)
C1 CompilerThread0     8456 3113       3       java.lang.invoke.AbstractValidatingLambdaMetafactory::validateMetafactoryArgs (607 bytes)

VM state:at safepoint (shutting down)

VM Mutex/Monitor currently owned by a thread:  ([mutex/lock_event])
[0x000001be0d1d9ce0] Threads_lock - owner thread: 0x000001be31cc4800
[0x000001be0d1d9980] Heap_lock - owner thread: 0x000001be373fd000

Heap address: 0x0000000700e00000, size: 4082 MB, Compressed Oops mode: Zero based, Oop shift amount: 3
Narrow klass base: 0x0000000800000000, Narrow klass shift: 3
Compressed class space size: 1073741824 Address: 0x0000000800b30000

Heap:
 garbage-first heap   total 262144K, used 28081K [0x0000000700e00000, 0x0000000800000000)
  region size 1024K, 21 young (21504K), 5 survivors (5120K)
 Metaspace       used 19703K, capacity 20511K, committed 20864K, reserved 1067008K
  class space    used 2495K, capacity 2829K, committed 2944K, reserved 1048576K
Heap Regions: E=young(eden), S=young(survivor), O=old, HS=humongous(starts), HC=humongous(continues), CS=collection set, F=free, OA=open archive, CA=closed archive, TAMS=top-at-mark-start (previous, next)
|   0|0x0000000700e00000, 0x0000000700f00000, 0x0000000700f00000|100%| O|  |TAMS 0x0000000700e00000, 0x0000000700e00000| Untracked 
|   1|0x0000000700f00000, 0x0000000701000000, 0x0000000701000000|100%|HS|  |TAMS 0x0000000700f00000, 0x0000000700f00000| Complete 
|   2|0x0000000701000000, 0x0000000701100000, 0x0000000701100000|100%|HC|  |TAMS 0x0000000701000000, 0x0000000701000000| Complete 
|   3|0x0000000701100000, 0x0000000701200000, 0x0000000701200000|100%| O|  |TAMS 0x0000000701100000, 0x0000000701100000| Untracked 
|   4|0x0000000701200000, 0x0000000701300000, 0x0000000701300000|100%| O|  |TAMS 0x0000000701200000, 0x0000000701200000| Untracked 
|   5|0x0000000701300000, 0x000000070132d800, 0x0000000701400000| 17%| O|  |TAMS 0x0000000701300000, 0x0000000701300000| Untracked 
|   6|0x0000000701400000, 0x0000000701500000, 0x0000000701500000|100%|HS|  |TAMS 0x0000000701400000, 0x0000000701400000| Complete 
|   7|0x0000000701500000, 0x0000000701600000, 0x0000000701600000|100%|HS|  |TAMS 0x0000000701500000, 0x0000000701500000| Complete 
|   8|0x0000000701600000, 0x0000000701700000, 0x0000000701700000|100%|HC|  |TAMS 0x0000000701600000, 0x0000000701600000| Complete 
|   9|0x0000000701700000, 0x0000000701700000, 0x0000000701800000|  0%| F|  |TAMS 0x0000000701700000, 0x0000000701700000| Untracked 
|  10|0x0000000701800000, 0x0000000701800000, 0x0000000701900000|  0%| F|  |TAMS 0x0000000701800000, 0x0000000701800000| Untracked 
|  11|0x0000000701900000, 0x0000000701900000, 0x0000000701a00000|  0%| F|  |TAMS 0x0000000701900000, 0x0000000701900000| Untracked 
|  12|0x0000000701a00000, 0x0000000701a00000, 0x0000000701b00000|  0%| F|  |TAMS 0x0000000701a00000, 0x0000000701a00000| Untracked 
|  13|0x0000000701b00000, 0x0000000701b00000, 0x0000000701c00000|  0%| F|  |TAMS 0x0000000701b00000, 0x0000000701b00000| Untracked 
|  14|0x0000000701c00000, 0x0000000701c00000, 0x0000000701d00000|  0%| F|  |TAMS 0x0000000701c00000, 0x0000000701c00000| Untracked 
|  15|0x0000000701d00000, 0x0000000701d00000, 0x0000000701e00000|  0%| F|  |TAMS 0x0000000701d00000, 0x0000000701d00000| Untracked 
|  16|0x0000000701e00000, 0x0000000701e00000, 0x0000000701f00000|  0%| F|  |TAMS 0x0000000701e00000, 0x0000000701e00000| Untracked 
|  17|0x0000000701f00000, 0x0000000701f00000, 0x0000000702000000|  0%| F|  |TAMS 0x0000000701f00000, 0x0000000701f00000| Untracked 
|  18|0x0000000702000000, 0x0000000702000000, 0x0000000702100000|  0%| F|  |TAMS 0x0000000702000000, 0x0000000702000000| Untracked 
|  19|0x0000000702100000, 0x0000000702100000, 0x0000000702200000|  0%| F|  |TAMS 0x0000000702100000, 0x0000000702100000| Untracked 
|  20|0x0000000702200000, 0x0000000702200000, 0x0000000702300000|  0%| F|  |TAMS 0x0000000702200000, 0x0000000702200000| Untracked 
|  21|0x0000000702300000, 0x0000000702300000, 0x0000000702400000|  0%| F|  |TAMS 0x0000000702300000, 0x0000000702300000| Untracked 
|  22|0x0000000702400000, 0x0000000702400000, 0x0000000702500000|  0%| F|  |TAMS 0x0000000702400000, 0x0000000702400000| Untracked 
|  23|0x0000000702500000, 0x0000000702500000, 0x0000000702600000|  0%| F|  |TAMS 0x0000000702500000, 0x0000000702500000| Untracked 
|  24|0x0000000702600000, 0x0000000702600000, 0x0000000702700000|  0%| F|  |TAMS 0x0000000702600000, 0x0000000702600000| Untracked 
|  25|0x0000000702700000, 0x0000000702700000, 0x0000000702800000|  0%| F|  |TAMS 0x0000000702700000, 0x0000000702700000| Untracked 
|  26|0x0000000702800000, 0x0000000702800000, 0x0000000702900000|  0%| F|  |TAMS 0x0000000702800000, 0x0000000702800000| Untracked 
|  27|0x0000000702900000, 0x0000000702900000, 0x0000000702a00000|  0%| F|  |TAMS 0x0000000702900000, 0x0000000702900000| Untracked 
|  28|0x0000000702a00000, 0x0000000702a00000, 0x0000000702b00000|  0%| F|  |TAMS 0x0000000702a00000, 0x0000000702a00000| Untracked 
|  29|0x0000000702b00000, 0x0000000702b00000, 0x0000000702c00000|  0%| F|  |TAMS 0x0000000702b00000, 0x0000000702b00000| Untracked 
|  30|0x0000000702c00000, 0x0000000702c00000, 0x0000000702d00000|  0%| F|  |TAMS 0x0000000702c00000, 0x0000000702c00000| Untracked 
|  31|0x0000000702d00000, 0x0000000702d00000, 0x0000000702e00000|  0%| F|  |TAMS 0x0000000702d00000, 0x0000000702d00000| Untracked 
|  32|0x0000000702e00000, 0x0000000702e00000, 0x0000000702f00000|  0%| F|  |TAMS 0x0000000702e00000, 0x0000000702e00000| Untracked 
|  33|0x0000000702f00000, 0x0000000702f00000, 0x0000000703000000|  0%| F|  |TAMS 0x0000000702f00000, 0x0000000702f00000| Untracked 
|  34|0x0000000703000000, 0x0000000703000000, 0x0000000703100000|  0%| F|  |TAMS 0x0000000703000000, 0x0000000703000000| Untracked 
|  35|0x0000000703100000, 0x0000000703100000, 0x0000000703200000|  0%| F|  |TAMS 0x0000000703100000, 0x0000000703100000| Untracked 
|  36|0x0000000703200000, 0x0000000703200000, 0x0000000703300000|  0%| F|  |TAMS 0x0000000703200000, 0x0000000703200000| Untracked 
|  37|0x0000000703300000, 0x0000000703300000, 0x0000000703400000|  0%| F|  |TAMS 0x0000000703300000, 0x0000000703300000| Untracked 
|  38|0x0000000703400000, 0x0000000703400000, 0x0000000703500000|  0%| F|  |TAMS 0x0000000703400000, 0x0000000703400000| Untracked 
|  39|0x0000000703500000, 0x0000000703500000, 0x0000000703600000|  0%| F|  |TAMS 0x0000000703500000, 0x0000000703500000| Untracked 
|  40|0x0000000703600000, 0x0000000703600000, 0x0000000703700000|  0%| F|  |TAMS 0x0000000703600000, 0x0000000703600000| Untracked 
|  41|0x0000000703700000, 0x0000000703700000, 0x0000000703800000|  0%| F|  |TAMS 0x0000000703700000, 0x0000000703700000| Untracked 
|  42|0x0000000703800000, 0x0000000703800000, 0x0000000703900000|  0%| F|  |TAMS 0x0000000703800000, 0x0000000703800000| Untracked 
|  43|0x0000000703900000, 0x0000000703900000, 0x0000000703a00000|  0%| F|  |TAMS 0x0000000703900000, 0x0000000703900000| Untracked 
|  44|0x0000000703a00000, 0x0000000703a00000, 0x0000000703b00000|  0%| F|  |TAMS 0x0000000703a00000, 0x0000000703a00000| Untracked 
|  45|0x0000000703b00000, 0x0000000703b00000, 0x0000000703c00000|  0%| F|  |TAMS 0x0000000703b00000, 0x0000000703b00000| Untracked 
|  46|0x0000000703c00000, 0x0000000703c00000, 0x0000000703d00000|  0%| F|  |TAMS 0x0000000703c00000, 0x0000000703c00000| Untracked 
|  47|0x0000000703d00000, 0x0000000703d00000, 0x0000000703e00000|  0%| F|  |TAMS 0x0000000703d00000, 0x0000000703d00000| Untracked 
|  48|0x0000000703e00000, 0x0000000703e00000, 0x0000000703f00000|  0%| F|  |TAMS 0x0000000703e00000, 0x0000000703e00000| Untracked 
|  49|0x0000000703f00000, 0x0000000703f00000, 0x0000000704000000|  0%| F|  |TAMS 0x0000000703f00000, 0x0000000703f00000| Untracked 
|  50|0x0000000704000000, 0x0000000704000000, 0x0000000704100000|  0%| F|  |TAMS 0x0000000704000000, 0x0000000704000000| Untracked 
|  51|0x0000000704100000, 0x0000000704100000, 0x0000000704200000|  0%| F|  |TAMS 0x0000000704100000, 0x0000000704100000| Untracked 
|  52|0x0000000704200000, 0x0000000704200000, 0x0000000704300000|  0%| F|  |TAMS 0x0000000704200000, 0x0000000704200000| Untracked 
|  53|0x0000000704300000, 0x0000000704300000, 0x0000000704400000|  0%| F|  |TAMS 0x0000000704300000, 0x0000000704300000| Untracked 
|  54|0x0000000704400000, 0x0000000704400000, 0x0000000704500000|  0%| F|  |TAMS 0x0000000704400000, 0x0000000704400000| Untracked 
|  55|0x0000000704500000, 0x0000000704500000, 0x0000000704600000|  0%| F|  |TAMS 0x0000000704500000, 0x0000000704500000| Untracked 
|  56|0x0000000704600000, 0x0000000704600000, 0x0000000704700000|  0%| F|  |TAMS 0x0000000704600000, 0x0000000704600000| Untracked 
|  57|0x0000000704700000, 0x0000000704700000, 0x0000000704800000|  0%| F|  |TAMS 0x0000000704700000, 0x0000000704700000| Untracked 
|  58|0x0000000704800000, 0x0000000704800000, 0x0000000704900000|  0%| F|  |TAMS 0x0000000704800000, 0x0000000704800000| Untracked 
|  59|0x0000000704900000, 0x0000000704900000, 0x0000000704a00000|  0%| F|  |TAMS 0x0000000704900000, 0x0000000704900000| Untracked 
|  60|0x0000000704a00000, 0x0000000704a00000, 0x0000000704b00000|  0%| F|  |TAMS 0x0000000704a00000, 0x0000000704a00000| Untracked 
|  61|0x0000000704b00000, 0x0000000704b00000, 0x0000000704c00000|  0%| F|  |TAMS 0x0000000704b00000, 0x0000000704b00000| Untracked 
|  62|0x0000000704c00000, 0x0000000704c00000, 0x0000000704d00000|  0%| F|  |TAMS 0x0000000704c00000, 0x0000000704c00000| Untracked 
|  63|0x0000000704d00000, 0x0000000704d00000, 0x0000000704e00000|  0%| F|  |TAMS 0x0000000704d00000, 0x0000000704d00000| Untracked 
|  64|0x0000000704e00000, 0x0000000704e00000, 0x0000000704f00000|  0%| F|  |TAMS 0x0000000704e00000, 0x0000000704e00000| Untracked 
|  65|0x0000000704f00000, 0x0000000704f00000, 0x0000000705000000|  0%| F|  |TAMS 0x0000000704f00000, 0x0000000704f00000| Untracked 
|  66|0x0000000705000000, 0x0000000705000000, 0x0000000705100000|  0%| F|  |TAMS 0x0000000705000000, 0x0000000705000000| Untracked 
|  67|0x0000000705100000, 0x0000000705100000, 0x0000000705200000|  0%| F|  |TAMS 0x0000000705100000, 0x0000000705100000| Untracked 
|  68|0x0000000705200000, 0x0000000705200000, 0x0000000705300000|  0%| F|  |TAMS 0x0000000705200000, 0x0000000705200000| Untracked 
|  69|0x0000000705300000, 0x0000000705300000, 0x0000000705400000|  0%| F|  |TAMS 0x0000000705300000, 0x0000000705300000| Untracked 
|  70|0x0000000705400000, 0x0000000705400000, 0x0000000705500000|  0%| F|  |TAMS 0x0000000705400000, 0x0000000705400000| Untracked 
|  71|0x0000000705500000, 0x0000000705500000, 0x0000000705600000|  0%| F|  |TAMS 0x0000000705500000, 0x0000000705500000| Untracked 
|  72|0x0000000705600000, 0x0000000705600000, 0x0000000705700000|  0%| F|  |TAMS 0x0000000705600000, 0x0000000705600000| Untracked 
|  73|0x0000000705700000, 0x0000000705700000, 0x0000000705800000|  0%| F|  |TAMS 0x0000000705700000, 0x0000000705700000| Untracked 
|  74|0x0000000705800000, 0x0000000705800000, 0x0000000705900000|  0%| F|  |TAMS 0x0000000705800000, 0x0000000705800000| Untracked 
|  75|0x0000000705900000, 0x0000000705900000, 0x0000000705a00000|  0%| F|  |TAMS 0x0000000705900000, 0x0000000705900000| Untracked 
|  76|0x0000000705a00000, 0x0000000705a00000, 0x0000000705b00000|  0%| F|  |TAMS 0x0000000705a00000, 0x0000000705a00000| Untracked 
|  77|0x0000000705b00000, 0x0000000705b00000, 0x0000000705c00000|  0%| F|  |TAMS 0x0000000705b00000, 0x0000000705b00000| Untracked 
|  78|0x0000000705c00000, 0x0000000705c00000, 0x0000000705d00000|  0%| F|  |TAMS 0x0000000705c00000, 0x0000000705c00000| Untracked 
|  79|0x0000000705d00000, 0x0000000705d00000, 0x0000000705e00000|  0%| F|  |TAMS 0x0000000705d00000, 0x0000000705d00000| Untracked 
|  80|0x0000000705e00000, 0x0000000705e00000, 0x0000000705f00000|  0%| F|  |TAMS 0x0000000705e00000, 0x0000000705e00000| Untracked 
|  81|0x0000000705f00000, 0x0000000705f00000, 0x0000000706000000|  0%| F|  |TAMS 0x0000000705f00000, 0x0000000705f00000| Untracked 
|  82|0x0000000706000000, 0x0000000706000000, 0x0000000706100000|  0%| F|  |TAMS 0x0000000706000000, 0x0000000706000000| Untracked 
|  83|0x0000000706100000, 0x0000000706100000, 0x0000000706200000|  0%| F|  |TAMS 0x0000000706100000, 0x0000000706100000| Untracked 
|  84|0x0000000706200000, 0x0000000706200000, 0x0000000706300000|  0%| F|  |TAMS 0x0000000706200000, 0x0000000706200000| Untracked 
|  85|0x0000000706300000, 0x0000000706300000, 0x0000000706400000|  0%| F|  |TAMS 0x0000000706300000, 0x0000000706300000| Untracked 
|  86|0x0000000706400000, 0x0000000706400000, 0x0000000706500000|  0%| F|  |TAMS 0x0000000706400000, 0x0000000706400000| Untracked 
|  87|0x0000000706500000, 0x0000000706500000, 0x0000000706600000|  0%| F|  |TAMS 0x0000000706500000, 0x0000000706500000| Untracked 
|  88|0x0000000706600000, 0x0000000706600000, 0x0000000706700000|  0%| F|  |TAMS 0x0000000706600000, 0x0000000706600000| Untracked 
|  89|0x0000000706700000, 0x0000000706700000, 0x0000000706800000|  0%| F|  |TAMS 0x0000000706700000, 0x0000000706700000| Untracked 
|  90|0x0000000706800000, 0x0000000706800000, 0x0000000706900000|  0%| F|  |TAMS 0x0000000706800000, 0x0000000706800000| Untracked 
|  91|0x0000000706900000, 0x0000000706900000, 0x0000000706a00000|  0%| F|  |TAMS 0x0000000706900000, 0x0000000706900000| Untracked 
|  92|0x0000000706a00000, 0x0000000706a00000, 0x0000000706b00000|  0%| F|  |TAMS 0x0000000706a00000, 0x0000000706a00000| Untracked 
|  93|0x0000000706b00000, 0x0000000706b00000, 0x0000000706c00000|  0%| F|  |TAMS 0x0000000706b00000, 0x0000000706b00000| Untracked 
|  94|0x0000000706c00000, 0x0000000706c00000, 0x0000000706d00000|  0%| F|  |TAMS 0x0000000706c00000, 0x0000000706c00000| Untracked 
|  95|0x0000000706d00000, 0x0000000706d00000, 0x0000000706e00000|  0%| F|  |TAMS 0x0000000706d00000, 0x0000000706d00000| Untracked 
|  96|0x0000000706e00000, 0x0000000706e00000, 0x0000000706f00000|  0%| F|  |TAMS 0x0000000706e00000, 0x0000000706e00000| Untracked 
|  97|0x0000000706f00000, 0x0000000706f00000, 0x0000000707000000|  0%| F|  |TAMS 0x0000000706f00000, 0x0000000706f00000| Untracked 
|  98|0x0000000707000000, 0x0000000707000000, 0x0000000707100000|  0%| F|  |TAMS 0x0000000707000000, 0x0000000707000000| Untracked 
|  99|0x0000000707100000, 0x0000000707100000, 0x0000000707200000|  0%| F|  |TAMS 0x0000000707100000, 0x0000000707100000| Untracked 
| 100|0x0000000707200000, 0x0000000707200000, 0x0000000707300000|  0%| F|  |TAMS 0x0000000707200000, 0x0000000707200000| Untracked 
| 101|0x0000000707300000, 0x0000000707300000, 0x0000000707400000|  0%| F|  |TAMS 0x0000000707300000, 0x0000000707300000| Untracked 
| 102|0x0000000707400000, 0x0000000707400000, 0x0000000707500000|  0%| F|  |TAMS 0x0000000707400000, 0x0000000707400000| Untracked 
| 103|0x0000000707500000, 0x0000000707500000, 0x0000000707600000|  0%| F|  |TAMS 0x0000000707500000, 0x0000000707500000| Untracked 
| 104|0x0000000707600000, 0x0000000707600000, 0x0000000707700000|  0%| F|  |TAMS 0x0000000707600000, 0x0000000707600000| Untracked 
| 105|0x0000000707700000, 0x0000000707700000, 0x0000000707800000|  0%| F|  |TAMS 0x0000000707700000, 0x0000000707700000| Untracked 
| 106|0x0000000707800000, 0x0000000707800000, 0x0000000707900000|  0%| F|  |TAMS 0x0000000707800000, 0x0000000707800000| Untracked 
| 107|0x0000000707900000, 0x0000000707900000, 0x0000000707a00000|  0%| F|  |TAMS 0x0000000707900000, 0x0000000707900000| Untracked 
| 108|0x0000000707a00000, 0x0000000707a00000, 0x0000000707b00000|  0%| F|  |TAMS 0x0000000707a00000, 0x0000000707a00000| Untracked 
| 109|0x0000000707b00000, 0x0000000707b00000, 0x0000000707c00000|  0%| F|  |TAMS 0x0000000707b00000, 0x0000000707b00000| Untracked 
| 110|0x0000000707c00000, 0x0000000707c00000, 0x0000000707d00000|  0%| F|  |TAMS 0x0000000707c00000, 0x0000000707c00000| Untracked 
| 111|0x0000000707d00000, 0x0000000707d00000, 0x0000000707e00000|  0%| F|  |TAMS 0x0000000707d00000, 0x0000000707d00000| Untracked 
| 112|0x0000000707e00000, 0x0000000707e00000, 0x0000000707f00000|  0%| F|  |TAMS 0x0000000707e00000, 0x0000000707e00000| Untracked 
| 113|0x0000000707f00000, 0x0000000707f00000, 0x0000000708000000|  0%| F|  |TAMS 0x0000000707f00000, 0x0000000707f00000| Untracked 
| 114|0x0000000708000000, 0x0000000708000000, 0x0000000708100000|  0%| F|  |TAMS 0x0000000708000000, 0x0000000708000000| Untracked 
| 115|0x0000000708100000, 0x0000000708100000, 0x0000000708200000|  0%| F|  |TAMS 0x0000000708100000, 0x0000000708100000| Untracked 
| 116|0x0000000708200000, 0x0000000708200000, 0x0000000708300000|  0%| F|  |TAMS 0x0000000708200000, 0x0000000708200000| Untracked 
| 117|0x0000000708300000, 0x0000000708300000, 0x0000000708400000|  0%| F|  |TAMS 0x0000000708300000, 0x0000000708300000| Untracked 
| 118|0x0000000708400000, 0x0000000708400000, 0x0000000708500000|  0%| F|  |TAMS 0x0000000708400000, 0x0000000708400000| Untracked 
| 119|0x0000000708500000, 0x0000000708500000, 0x0000000708600000|  0%| F|  |TAMS 0x0000000708500000, 0x0000000708500000| Untracked 
| 120|0x0000000708600000, 0x0000000708600000, 0x0000000708700000|  0%| F|  |TAMS 0x0000000708600000, 0x0000000708600000| Untracked 
| 121|0x0000000708700000, 0x0000000708700000, 0x0000000708800000|  0%| F|  |TAMS 0x0000000708700000, 0x0000000708700000| Untracked 
| 122|0x0000000708800000, 0x0000000708800000, 0x0000000708900000|  0%| F|  |TAMS 0x0000000708800000, 0x0000000708800000| Untracked 
| 123|0x0000000708900000, 0x0000000708900000, 0x0000000708a00000|  0%| F|  |TAMS 0x0000000708900000, 0x0000000708900000| Untracked 
| 124|0x0000000708a00000, 0x0000000708a00000, 0x0000000708b00000|  0%| F|  |TAMS 0x0000000708a00000, 0x0000000708a00000| Untracked 
| 125|0x0000000708b00000, 0x0000000708b00000, 0x0000000708c00000|  0%| F|  |TAMS 0x0000000708b00000, 0x0000000708b00000| Untracked 
| 126|0x0000000708c00000, 0x0000000708c00000, 0x0000000708d00000|  0%| F|  |TAMS 0x0000000708c00000, 0x0000000708c00000| Untracked 
| 127|0x0000000708d00000, 0x0000000708d00000, 0x0000000708e00000|  0%| F|  |TAMS 0x0000000708d00000, 0x0000000708d00000| Untracked 
| 128|0x0000000708e00000, 0x0000000708e00000, 0x0000000708f00000|  0%| F|  |TAMS 0x0000000708e00000, 0x0000000708e00000| Untracked 
| 129|0x0000000708f00000, 0x0000000708f00000, 0x0000000709000000|  0%| F|  |TAMS 0x0000000708f00000, 0x0000000708f00000| Untracked 
| 130|0x0000000709000000, 0x0000000709000000, 0x0000000709100000|  0%| F|  |TAMS 0x0000000709000000, 0x0000000709000000| Untracked 
| 131|0x0000000709100000, 0x0000000709100000, 0x0000000709200000|  0%| F|  |TAMS 0x0000000709100000, 0x0000000709100000| Untracked 
| 132|0x0000000709200000, 0x0000000709200000, 0x0000000709300000|  0%| F|  |TAMS 0x0000000709200000, 0x0000000709200000| Untracked 
| 133|0x0000000709300000, 0x0000000709300000, 0x0000000709400000|  0%| F|  |TAMS 0x0000000709300000, 0x0000000709300000| Untracked 
| 134|0x0000000709400000, 0x0000000709400000, 0x0000000709500000|  0%| F|  |TAMS 0x0000000709400000, 0x0000000709400000| Untracked 
| 135|0x0000000709500000, 0x0000000709500000, 0x0000000709600000|  0%| F|  |TAMS 0x0000000709500000, 0x0000000709500000| Untracked 
| 136|0x0000000709600000, 0x0000000709600000, 0x0000000709700000|  0%| F|  |TAMS 0x0000000709600000, 0x0000000709600000| Untracked 
| 137|0x0000000709700000, 0x0000000709700000, 0x0000000709800000|  0%| F|  |TAMS 0x0000000709700000, 0x0000000709700000| Untracked 
| 138|0x0000000709800000, 0x0000000709800000, 0x0000000709900000|  0%| F|  |TAMS 0x0000000709800000, 0x0000000709800000| Untracked 
| 139|0x0000000709900000, 0x0000000709900000, 0x0000000709a00000|  0%| F|  |TAMS 0x0000000709900000, 0x0000000709900000| Untracked 
| 140|0x0000000709a00000, 0x0000000709a00000, 0x0000000709b00000|  0%| F|  |TAMS 0x0000000709a00000, 0x0000000709a00000| Untracked 
| 141|0x0000000709b00000, 0x0000000709b00000, 0x0000000709c00000|  0%| F|  |TAMS 0x0000000709b00000, 0x0000000709b00000| Untracked 
| 142|0x0000000709c00000, 0x0000000709c00000, 0x0000000709d00000|  0%| F|  |TAMS 0x0000000709c00000, 0x0000000709c00000| Untracked 
| 143|0x0000000709d00000, 0x0000000709d00000, 0x0000000709e00000|  0%| F|  |TAMS 0x0000000709d00000, 0x0000000709d00000| Untracked 
| 144|0x0000000709e00000, 0x0000000709e00000, 0x0000000709f00000|  0%| F|  |TAMS 0x0000000709e00000, 0x0000000709e00000| Untracked 
| 145|0x0000000709f00000, 0x0000000709f00000, 0x000000070a000000|  0%| F|  |TAMS 0x0000000709f00000, 0x0000000709f00000| Untracked 
| 146|0x000000070a000000, 0x000000070a000000, 0x000000070a100000|  0%| F|  |TAMS 0x000000070a000000, 0x000000070a000000| Untracked 
| 147|0x000000070a100000, 0x000000070a100000, 0x000000070a200000|  0%| F|  |TAMS 0x000000070a100000, 0x000000070a100000| Untracked 
| 148|0x000000070a200000, 0x000000070a200000, 0x000000070a300000|  0%| F|  |TAMS 0x000000070a200000, 0x000000070a200000| Untracked 
| 149|0x000000070a300000, 0x000000070a300000, 0x000000070a400000|  0%| F|  |TAMS 0x000000070a300000, 0x000000070a300000| Untracked 
| 150|0x000000070a400000, 0x000000070a400000, 0x000000070a500000|  0%| F|  |TAMS 0x000000070a400000, 0x000000070a400000| Untracked 
| 151|0x000000070a500000, 0x000000070a500000, 0x000000070a600000|  0%| F|  |TAMS 0x000000070a500000, 0x000000070a500000| Untracked 
| 152|0x000000070a600000, 0x000000070a600000, 0x000000070a700000|  0%| F|  |TAMS 0x000000070a600000, 0x000000070a600000| Untracked 
| 153|0x000000070a700000, 0x000000070a700000, 0x000000070a800000|  0%| F|  |TAMS 0x000000070a700000, 0x000000070a700000| Untracked 
| 154|0x000000070a800000, 0x000000070a800000, 0x000000070a900000|  0%| F|  |TAMS 0x000000070a800000, 0x000000070a800000| Untracked 
| 155|0x000000070a900000, 0x000000070a900000, 0x000000070aa00000|  0%| F|  |TAMS 0x000000070a900000, 0x000000070a900000| Untracked 
| 156|0x000000070aa00000, 0x000000070aa00000, 0x000000070ab00000|  0%| F|  |TAMS 0x000000070aa00000, 0x000000070aa00000| Untracked 
| 157|0x000000070ab00000, 0x000000070ab00000, 0x000000070ac00000|  0%| F|  |TAMS 0x000000070ab00000, 0x000000070ab00000| Untracked 
| 158|0x000000070ac00000, 0x000000070ac00000, 0x000000070ad00000|  0%| F|  |TAMS 0x000000070ac00000, 0x000000070ac00000| Untracked 
| 159|0x000000070ad00000, 0x000000070ad00000, 0x000000070ae00000|  0%| F|  |TAMS 0x000000070ad00000, 0x000000070ad00000| Untracked 
| 160|0x000000070ae00000, 0x000000070ae00000, 0x000000070af00000|  0%| F|  |TAMS 0x000000070ae00000, 0x000000070ae00000| Untracked 
| 161|0x000000070af00000, 0x000000070af00000, 0x000000070b000000|  0%| F|  |TAMS 0x000000070af00000, 0x000000070af00000| Untracked 
| 162|0x000000070b000000, 0x000000070b000000, 0x000000070b100000|  0%| F|  |TAMS 0x000000070b000000, 0x000000070b000000| Untracked 
| 163|0x000000070b100000, 0x000000070b100000, 0x000000070b200000|  0%| F|  |TAMS 0x000000070b100000, 0x000000070b100000| Untracked 
| 164|0x000000070b200000, 0x000000070b200000, 0x000000070b300000|  0%| F|  |TAMS 0x000000070b200000, 0x000000070b200000| Untracked 
| 165|0x000000070b300000, 0x000000070b300000, 0x000000070b400000|  0%| F|  |TAMS 0x000000070b300000, 0x000000070b300000| Untracked 
| 166|0x000000070b400000, 0x000000070b400000, 0x000000070b500000|  0%| F|  |TAMS 0x000000070b400000, 0x000000070b400000| Untracked 
| 167|0x000000070b500000, 0x000000070b500000, 0x000000070b600000|  0%| F|  |TAMS 0x000000070b500000, 0x000000070b500000| Untracked 
| 168|0x000000070b600000, 0x000000070b600000, 0x000000070b700000|  0%| F|  |TAMS 0x000000070b600000, 0x000000070b600000| Untracked 
| 169|0x000000070b700000, 0x000000070b700000, 0x000000070b800000|  0%| F|  |TAMS 0x000000070b700000, 0x000000070b700000| Untracked 
| 170|0x000000070b800000, 0x000000070b800000, 0x000000070b900000|  0%| F|  |TAMS 0x000000070b800000, 0x000000070b800000| Untracked 
| 171|0x000000070b900000, 0x000000070b900000, 0x000000070ba00000|  0%| F|  |TAMS 0x000000070b900000, 0x000000070b900000| Untracked 
| 172|0x000000070ba00000, 0x000000070ba00000, 0x000000070bb00000|  0%| F|  |TAMS 0x000000070ba00000, 0x000000070ba00000| Untracked 
| 173|0x000000070bb00000, 0x000000070bb00000, 0x000000070bc00000|  0%| F|  |TAMS 0x000000070bb00000, 0x000000070bb00000| Untracked 
| 174|0x000000070bc00000, 0x000000070bc00000, 0x000000070bd00000|  0%| F|  |TAMS 0x000000070bc00000, 0x000000070bc00000| Untracked 
| 175|0x000000070bd00000, 0x000000070bd00000, 0x000000070be00000|  0%| F|  |TAMS 0x000000070bd00000, 0x000000070bd00000| Untracked 
| 176|0x000000070be00000, 0x000000070be00000, 0x000000070bf00000|  0%| F|  |TAMS 0x000000070be00000, 0x000000070be00000| Untracked 
| 177|0x000000070bf00000, 0x000000070bf00000, 0x000000070c000000|  0%| F|  |TAMS 0x000000070bf00000, 0x000000070bf00000| Untracked 
| 178|0x000000070c000000, 0x000000070c000000, 0x000000070c100000|  0%| F|  |TAMS 0x000000070c000000, 0x000000070c000000| Untracked 
| 179|0x000000070c100000, 0x000000070c100000, 0x000000070c200000|  0%| F|  |TAMS 0x000000070c100000, 0x000000070c100000| Untracked 
| 180|0x000000070c200000, 0x000000070c200000, 0x000000070c300000|  0%| F|  |TAMS 0x000000070c200000, 0x000000070c200000| Untracked 
| 181|0x000000070c300000, 0x000000070c300000, 0x000000070c400000|  0%| F|  |TAMS 0x000000070c300000, 0x000000070c300000| Untracked 
| 182|0x000000070c400000, 0x000000070c400000, 0x000000070c500000|  0%| F|  |TAMS 0x000000070c400000, 0x000000070c400000| Untracked 
| 183|0x000000070c500000, 0x000000070c500000, 0x000000070c600000|  0%| F|  |TAMS 0x000000070c500000, 0x000000070c500000| Untracked 
| 184|0x000000070c600000, 0x000000070c600000, 0x000000070c700000|  0%| F|  |TAMS 0x000000070c600000, 0x000000070c600000| Untracked 
| 185|0x000000070c700000, 0x000000070c700000, 0x000000070c800000|  0%| F|  |TAMS 0x000000070c700000, 0x000000070c700000| Untracked 
| 186|0x000000070c800000, 0x000000070c800000, 0x000000070c900000|  0%| F|  |TAMS 0x000000070c800000, 0x000000070c800000| Untracked 
| 187|0x000000070c900000, 0x000000070c900000, 0x000000070ca00000|  0%| F|  |TAMS 0x000000070c900000, 0x000000070c900000| Untracked 
| 188|0x000000070ca00000, 0x000000070ca00000, 0x000000070cb00000|  0%| F|  |TAMS 0x000000070ca00000, 0x000000070ca00000| Untracked 
| 189|0x000000070cb00000, 0x000000070cb00000, 0x000000070cc00000|  0%| F|  |TAMS 0x000000070cb00000, 0x000000070cb00000| Untracked 
| 190|0x000000070cc00000, 0x000000070cc00000, 0x000000070cd00000|  0%| F|  |TAMS 0x000000070cc00000, 0x000000070cc00000| Untracked 
| 191|0x000000070cd00000, 0x000000070cd00000, 0x000000070ce00000|  0%| F|  |TAMS 0x000000070cd00000, 0x000000070cd00000| Untracked 
| 192|0x000000070ce00000, 0x000000070ce00000, 0x000000070cf00000|  0%| F|  |TAMS 0x000000070ce00000, 0x000000070ce00000| Untracked 
| 193|0x000000070cf00000, 0x000000070cf00000, 0x000000070d000000|  0%| F|  |TAMS 0x000000070cf00000, 0x000000070cf00000| Untracked 
| 194|0x000000070d000000, 0x000000070d000000, 0x000000070d100000|  0%| F|  |TAMS 0x000000070d000000, 0x000000070d000000| Untracked 
| 195|0x000000070d100000, 0x000000070d100000, 0x000000070d200000|  0%| F|  |TAMS 0x000000070d100000, 0x000000070d100000| Untracked 
| 196|0x000000070d200000, 0x000000070d200000, 0x000000070d300000|  0%| F|  |TAMS 0x000000070d200000, 0x000000070d200000| Untracked 
| 197|0x000000070d300000, 0x000000070d300000, 0x000000070d400000|  0%| F|  |TAMS 0x000000070d300000, 0x000000070d300000| Untracked 
| 198|0x000000070d400000, 0x000000070d400000, 0x000000070d500000|  0%| F|  |TAMS 0x000000070d400000, 0x000000070d400000| Untracked 
| 199|0x000000070d500000, 0x000000070d500000, 0x000000070d600000|  0%| F|  |TAMS 0x000000070d500000, 0x000000070d500000| Untracked 
| 200|0x000000070d600000, 0x000000070d600000, 0x000000070d700000|  0%| F|  |TAMS 0x000000070d600000, 0x000000070d600000| Untracked 
| 201|0x000000070d700000, 0x000000070d700000, 0x000000070d800000|  0%| F|  |TAMS 0x000000070d700000, 0x000000070d700000| Untracked 
| 202|0x000000070d800000, 0x000000070d800000, 0x000000070d900000|  0%| F|  |TAMS 0x000000070d800000, 0x000000070d800000| Untracked 
| 203|0x000000070d900000, 0x000000070d900000, 0x000000070da00000|  0%| F|  |TAMS 0x000000070d900000, 0x000000070d900000| Untracked 
| 204|0x000000070da00000, 0x000000070da00000, 0x000000070db00000|  0%| F|  |TAMS 0x000000070da00000, 0x000000070da00000| Untracked 
| 205|0x000000070db00000, 0x000000070db00000, 0x000000070dc00000|  0%| F|  |TAMS 0x000000070db00000, 0x000000070db00000| Untracked 
| 206|0x000000070dc00000, 0x000000070dc00000, 0x000000070dd00000|  0%| F|  |TAMS 0x000000070dc00000, 0x000000070dc00000| Untracked 
| 207|0x000000070dd00000, 0x000000070dd00000, 0x000000070de00000|  0%| F|  |TAMS 0x000000070dd00000, 0x000000070dd00000| Untracked 
| 208|0x000000070de00000, 0x000000070de00000, 0x000000070df00000|  0%| F|  |TAMS 0x000000070de00000, 0x000000070de00000| Untracked 
| 209|0x000000070df00000, 0x000000070df00000, 0x000000070e000000|  0%| F|  |TAMS 0x000000070df00000, 0x000000070df00000| Untracked 
| 210|0x000000070e000000, 0x000000070e000000, 0x000000070e100000|  0%| F|  |TAMS 0x000000070e000000, 0x000000070e000000| Untracked 
| 211|0x000000070e100000, 0x000000070e100000, 0x000000070e200000|  0%| F|  |TAMS 0x000000070e100000, 0x000000070e100000| Untracked 
| 212|0x000000070e200000, 0x000000070e200000, 0x000000070e300000|  0%| F|  |TAMS 0x000000070e200000, 0x000000070e200000| Untracked 
| 213|0x000000070e300000, 0x000000070e300000, 0x000000070e400000|  0%| F|  |TAMS 0x000000070e300000, 0x000000070e300000| Untracked 
| 214|0x000000070e400000, 0x000000070e400000, 0x000000070e500000|  0%| F|  |TAMS 0x000000070e400000, 0x000000070e400000| Untracked 
| 215|0x000000070e500000, 0x000000070e500000, 0x000000070e600000|  0%| F|  |TAMS 0x000000070e500000, 0x000000070e500000| Untracked 
| 216|0x000000070e600000, 0x000000070e600000, 0x000000070e700000|  0%| F|  |TAMS 0x000000070e600000, 0x000000070e600000| Untracked 
| 217|0x000000070e700000, 0x000000070e700000, 0x000000070e800000|  0%| F|  |TAMS 0x000000070e700000, 0x000000070e700000| Untracked 
| 218|0x000000070e800000, 0x000000070e83ec18, 0x000000070e900000| 24%| S|CS|TAMS 0x000000070e800000, 0x000000070e800000| Complete 
| 219|0x000000070e900000, 0x000000070ea00000, 0x000000070ea00000|100%| S|CS|TAMS 0x000000070e900000, 0x000000070e900000| Complete 
| 220|0x000000070ea00000, 0x000000070eb00000, 0x000000070eb00000|100%| S|CS|TAMS 0x000000070ea00000, 0x000000070ea00000| Complete 
| 221|0x000000070eb00000, 0x000000070ec00000, 0x000000070ec00000|100%| S|CS|TAMS 0x000000070eb00000, 0x000000070eb00000| Complete 
| 222|0x000000070ec00000, 0x000000070ed00000, 0x000000070ed00000|100%| S|CS|TAMS 0x000000070ec00000, 0x000000070ec00000| Complete 
| 223|0x000000070ed00000, 0x000000070ed00000, 0x000000070ee00000|  0%| F|  |TAMS 0x000000070ed00000, 0x000000070ed00000| Untracked 
| 224|0x000000070ee00000, 0x000000070ee00000, 0x000000070ef00000|  0%| F|  |TAMS 0x000000070ee00000, 0x000000070ee00000| Untracked 
| 225|0x000000070ef00000, 0x000000070ef00000, 0x000000070f000000|  0%| F|  |TAMS 0x000000070ef00000, 0x000000070ef00000| Untracked 
| 226|0x000000070f000000, 0x000000070f000000, 0x000000070f100000|  0%| F|  |TAMS 0x000000070f000000, 0x000000070f000000| Untracked 
| 227|0x000000070f100000, 0x000000070f100000, 0x000000070f200000|  0%| F|  |TAMS 0x000000070f100000, 0x000000070f100000| Untracked 
| 228|0x000000070f200000, 0x000000070f200000, 0x000000070f300000|  0%| F|  |TAMS 0x000000070f200000, 0x000000070f200000| Untracked 
| 229|0x000000070f300000, 0x000000070f300000, 0x000000070f400000|  0%| F|  |TAMS 0x000000070f300000, 0x000000070f300000| Untracked 
| 230|0x000000070f400000, 0x000000070f400000, 0x000000070f500000|  0%| F|  |TAMS 0x000000070f400000, 0x000000070f400000| Untracked 
| 231|0x000000070f500000, 0x000000070f500000, 0x000000070f600000|  0%| F|  |TAMS 0x000000070f500000, 0x000000070f500000| Untracked 
| 232|0x000000070f600000, 0x000000070f600000, 0x000000070f700000|  0%| F|  |TAMS 0x000000070f600000, 0x000000070f600000| Untracked 
| 233|0x000000070f700000, 0x000000070f700000, 0x000000070f800000|  0%| F|  |TAMS 0x000000070f700000, 0x000000070f700000| Untracked 
| 234|0x000000070f800000, 0x000000070f800000, 0x000000070f900000|  0%| F|  |TAMS 0x000000070f800000, 0x000000070f800000| Untracked 
| 235|0x000000070f900000, 0x000000070f900000, 0x000000070fa00000|  0%| F|  |TAMS 0x000000070f900000, 0x000000070f900000| Untracked 
| 236|0x000000070fa00000, 0x000000070fa00000, 0x000000070fb00000|  0%| F|  |TAMS 0x000000070fa00000, 0x000000070fa00000| Untracked 
| 237|0x000000070fb00000, 0x000000070fb00000, 0x000000070fc00000|  0%| F|  |TAMS 0x000000070fb00000, 0x000000070fb00000| Untracked 
| 238|0x000000070fc00000, 0x000000070fc00000, 0x000000070fd00000|  0%| F|  |TAMS 0x000000070fc00000, 0x000000070fc00000| Untracked 
| 239|0x000000070fd00000, 0x000000070fd00000, 0x000000070fe00000|  0%| F|  |TAMS 0x000000070fd00000, 0x000000070fd00000| Untracked 
| 240|0x000000070fe00000, 0x000000070fe80800, 0x000000070ff00000| 50%| E|  |TAMS 0x000000070fe00000, 0x000000070fe00000| Complete 
| 241|0x000000070ff00000, 0x0000000710000000, 0x0000000710000000|100%| E|CS|TAMS 0x000000070ff00000, 0x000000070ff00000| Complete 
| 242|0x0000000710000000, 0x0000000710100000, 0x0000000710100000|100%| E|CS|TAMS 0x0000000710000000, 0x0000000710000000| Complete 
| 243|0x0000000710100000, 0x0000000710200000, 0x0000000710200000|100%| E|CS|TAMS 0x0000000710100000, 0x0000000710100000| Complete 
| 244|0x0000000710200000, 0x0000000710300000, 0x0000000710300000|100%| E|CS|TAMS 0x0000000710200000, 0x0000000710200000| Complete 
| 245|0x0000000710300000, 0x0000000710400000, 0x0000000710400000|100%| E|CS|TAMS 0x0000000710300000, 0x0000000710300000| Complete 
| 246|0x0000000710400000, 0x0000000710500000, 0x0000000710500000|100%| E|CS|TAMS 0x0000000710400000, 0x0000000710400000| Complete 
| 247|0x0000000710500000, 0x0000000710600000, 0x0000000710600000|100%| E|CS|TAMS 0x0000000710500000, 0x0000000710500000| Complete 
| 248|0x0000000710600000, 0x0000000710700000, 0x0000000710700000|100%| E|CS|TAMS 0x0000000710600000, 0x0000000710600000| Complete 
| 249|0x0000000710700000, 0x0000000710800000, 0x0000000710800000|100%| E|CS|TAMS 0x0000000710700000, 0x0000000710700000| Complete 
| 250|0x0000000710800000, 0x0000000710900000, 0x0000000710900000|100%| E|CS|TAMS 0x0000000710800000, 0x0000000710800000| Complete 
| 251|0x0000000710900000, 0x0000000710a00000, 0x0000000710a00000|100%| E|CS|TAMS 0x0000000710900000, 0x0000000710900000| Complete 
| 252|0x0000000710a00000, 0x0000000710b00000, 0x0000000710b00000|100%| E|CS|TAMS 0x0000000710a00000, 0x0000000710a00000| Complete 
| 253|0x0000000710b00000, 0x0000000710c00000, 0x0000000710c00000|100%| E|CS|TAMS 0x0000000710b00000, 0x0000000710b00000| Complete 
| 254|0x0000000710c00000, 0x0000000710d00000, 0x0000000710d00000|100%| E|CS|TAMS 0x0000000710c00000, 0x0000000710c00000| Complete 
| 255|0x0000000710d00000, 0x0000000710e00000, 0x0000000710e00000|100%| E|CS|TAMS 0x0000000710d00000, 0x0000000710d00000| Complete 

Card table byte_map: [0x000001be256f0000,0x000001be25ef0000] _byte_map_base: 0x000001be21ee9000

Marking Bits (Prev, Next): (CMBitMap*) 0x000001be0d247568, (CMBitMap*) 0x000001be0d2475a8
 Prev Bits: [0x000001be266f0000, 0x000001be2a6b8000)
 Next Bits: [0x000001be2a6c0000, 0x000001be2e688000)

Polling page: 0x000001be0af50000

Metaspace:

Usage:
  Non-class:     17.27 MB capacity,    16.80 MB ( 97%) used,   388.71 KB (  2%) free+waste,    85.31 KB ( <1%) overhead. 
      Class:      2.76 MB capacity,     2.44 MB ( 88%) used,   290.09 KB ( 10%) free+waste,    43.56 KB (  2%) overhead. 
       Both:     20.03 MB capacity,    19.24 MB ( 96%) used,   678.80 KB (  3%) free+waste,   128.88 KB ( <1%) overhead. 

Virtual space:
  Non-class space:       18.00 MB reserved,      17.50 MB ( 97%) committed 
      Class space:        1.00 GB reserved,       2.88 MB ( <1%) committed 
             Both:        1.02 GB reserved,      20.38 MB (  2%) committed 

Chunk freelists:
   Non-Class:  0 bytes
       Class:  0 bytes
        Both:  0 bytes

MaxMetaspaceSize: 17179869184.00 GB
CompressedClassSpaceSize: 1.00 GB

CodeHeap 'non-profiled nmethods': size=120000Kb used=1731Kb max_used=1731Kb free=118268Kb
 bounds [0x000001be1d460000, 0x000001be1d6d0000, 0x000001be24990000]
CodeHeap 'profiled nmethods': size=120000Kb used=6038Kb max_used=6038Kb free=113961Kb
 bounds [0x000001be15f30000, 0x000001be16520000, 0x000001be1d460000]
CodeHeap 'non-nmethods': size=5760Kb used=1568Kb max_used=1637Kb free=4191Kb
 bounds [0x000001be15990000, 0x000001be15c00000, 0x000001be15f30000]
 total_blobs=3921 nmethods=3105 adapters=728
 compilation: enabled
              stopped_count=0, restarted_count=0
 full_count=0

Compilation events (20 events):
Event: 7.731 Thread 0x000001be31d2a000 nmethod 3099 0x000001be1d60d190 code [0x000001be1d60d320, 0x000001be1d60d3f8]
Event: 7.731 Thread 0x000001be31d2a000 3100       1       javafx.scene.layout.CornerRadii::isBottomLeftVerticalRadiusAsPercentage (5 bytes)
Event: 7.731 Thread 0x000001be31d2a000 nmethod 3100 0x000001be1d60d490 code [0x000001be1d60d620, 0x000001be1d60d6f8]
Event: 7.731 Thread 0x000001be31d2a000 3101       1       javafx.scene.layout.CornerRadii::isBottomLeftHorizontalRadiusAsPercentage (5 bytes)
Event: 7.731 Thread 0x000001be31d2a000 nmethod 3101 0x000001be1d60d790 code [0x000001be1d60d920, 0x000001be1d60d9f8]
Event: 7.733 Thread 0x000001be31d2a000 3102       3       java.util.Arrays$ArrayItr::next (36 bytes)
Event: 7.734 Thread 0x000001be31d2a000 nmethod 3102 0x000001be1650be90 code [0x000001be1650c040, 0x000001be1650c2c8]
Event: 7.735 Thread 0x000001be31d2a000 3103       3       javafx.scene.shape.Shape::getFill (24 bytes)
Event: 7.735 Thread 0x000001be31d2a000 nmethod 3103 0x000001be1650c410 code [0x000001be1650c5c0, 0x000001be1650c928]
Event: 7.737 Thread 0x000001be31d2a000 3104       3       java.lang.invoke.MethodHandles::insertArguments (98 bytes)
Event: 7.738 Thread 0x000001be31d2a000 nmethod 3104 0x000001be1650ca10 code [0x000001be1650cc80, 0x000001be1650d808]
Event: 7.738 Thread 0x000001be31d2a000 3108       3       java.lang.invoke.AbstractValidatingLambdaMetafactory::checkDescriptor (133 bytes)
Event: 7.739 Thread 0x000001be31d2a000 nmethod 3108 0x000001be1650dd90 code [0x000001be1650e0e0, 0x000001be1650fad8]
Event: 7.739 Thread 0x000001be31d2a000 3110       3       java.lang.invoke.InnerClassLambdaMetafactory::spinInnerClass (527 bytes)
Event: 7.740 Thread 0x000001be31d2a000 nmethod 3110 0x000001be16510390 code [0x000001be16510880, 0x000001be16513028]
Event: 7.740 Thread 0x000001be31d2a000 3111       3       java.lang.invoke.InnerClassLambdaMetafactory::generateConstructor (153 bytes)
Event: 7.741 Thread 0x000001be31d2a000 nmethod 3111 0x000001be16514010 code [0x000001be165142e0, 0x000001be16515368]
Event: 7.741 Thread 0x000001be31d2a000 3113       3       java.lang.invoke.AbstractValidatingLambdaMetafactory::validateMetafactoryArgs (607 bytes)
Event: 7.742 Thread 0x000001be31cfe800 nmethod 3083 0x000001be1d60da90 code [0x000001be1d60df80, 0x000001be1d60ff70]
Event: 7.742 Thread 0x000001be31cfe800 3086       4       javafx.css.CompoundSelector::applies (144 bytes)

GC Heap History (4 events):
Event: 0.500 GC heap before
{Heap before GC invocations=0 (full 0):
 garbage-first heap   total 262144K, used 23552K [0x0000000700e00000, 0x0000000800000000)
  region size 1024K, 23 young (23552K), 0 survivors (0K)
 Metaspace       used 7281K, capacity 9080K, committed 9344K, reserved 1056768K
  class space    used 906K, capacity 1120K, committed 1152K, reserved 1048576K
}
Event: 0.503 GC heap after
{Heap after GC invocations=1 (full 0):
 garbage-first heap   total 262144K, used 3199K [0x0000000700e00000, 0x0000000800000000)
  region size 1024K, 3 young (3072K), 3 survivors (3072K)
 Metaspace       used 7281K, capacity 9080K, committed 9344K, reserved 1056768K
  class space    used 906K, capacity 1120K, committed 1152K, reserved 1048576K
}
Event: 2.624 GC heap before
{Heap before GC invocations=1 (full 0):
 garbage-first heap   total 262144K, used 34943K [0x0000000700e00000, 0x0000000800000000)
  region size 1024K, 33 young (33792K), 3 survivors (3072K)
 Metaspace       used 15310K, capacity 16220K, committed 16512K, reserved 1062912K
  class space    used 2071K, capacity 2382K, committed 2432K, reserved 1048576K
}
Event: 2.628 GC heap after
{Heap after GC invocations=2 (full 0):
 garbage-first heap   total 262144K, used 9649K [0x0000000700e00000, 0x0000000800000000)
  region size 1024K, 5 young (5120K), 5 survivors (5120K)
 Metaspace       used 15310K, capacity 16220K, committed 16512K, reserved 1062912K
  class space    used 2071K, capacity 2382K, committed 2432K, reserved 1048576K
}

Deoptimization events (20 events):
Event: 3.247 Thread 0x000001be3247e800 DEOPT PACKING pc=0x000001be1635966f sp=0x0000002a4b1fd0b0
Event: 3.247 Thread 0x000001be3247e800 DEOPT UNPACKING pc=0x000001be159d964e sp=0x0000002a4b1fc578 mode 0
Event: 3.819 Thread 0x000001be3247e800 DEOPT PACKING pc=0x000001be163596fd sp=0x0000002a4b1fdcf0
Event: 3.819 Thread 0x000001be3247e800 DEOPT UNPACKING pc=0x000001be159d964e sp=0x0000002a4b1fd1b8 mode 0
Event: 4.149 Thread 0x000001be3257a000 DEOPT PACKING pc=0x000001be161300e4 sp=0x0000002a4b4fa5c0
Event: 4.149 Thread 0x000001be3257a000 DEOPT UNPACKING pc=0x000001be159d964e sp=0x0000002a4b4f9a90 mode 1
Event: 7.716 Thread 0x000001be3257a000 DEOPT PACKING pc=0x000001be161e558c sp=0x0000002a4b4fa460
Event: 7.716 Thread 0x000001be3257a000 DEOPT UNPACKING pc=0x000001be159d964e sp=0x0000002a4b4f9900 mode 1
Event: 7.716 Thread 0x000001be3257a000 DEOPT PACKING pc=0x000001be1612f41c sp=0x0000002a4b4fa4b0
Event: 7.716 Thread 0x000001be3257a000 DEOPT UNPACKING pc=0x000001be159d964e sp=0x0000002a4b4f99a0 mode 1
Event: 7.716 Thread 0x000001be3257a000 DEOPT PACKING pc=0x000001be161e558c sp=0x0000002a4b4fa640
Event: 7.716 Thread 0x000001be3257a000 DEOPT UNPACKING pc=0x000001be159d964e sp=0x0000002a4b4f9ae0 mode 1
Event: 7.716 Thread 0x000001be3257a000 DEOPT PACKING pc=0x000001be1612f41c sp=0x0000002a4b4fa690
Event: 7.716 Thread 0x000001be3257a000 DEOPT UNPACKING pc=0x000001be159d964e sp=0x0000002a4b4f9b80 mode 1
Event: 7.720 Thread 0x000001be3257a000 Uncommon trap: trap_request=0xffffff45 fr.pc=0x000001be1d59b0bc relative=0x000000000000211c
Event: 7.720 Thread 0x000001be3257a000 Uncommon trap: reason=unstable_if action=reinterpret pc=0x000001be1d59b0bc method=javafx.css.SimpleSelector.applies(Ljavafx/css/Styleable;)Z @ 7 c2
Event: 7.720 Thread 0x000001be3257a000 DEOPT PACKING pc=0x000001be1d59b0bc sp=0x0000002a4b4f9860
Event: 7.720 Thread 0x000001be3257a000 DEOPT UNPACKING pc=0x000001be159d912f sp=0x0000002a4b4f9878 mode 2
Event: 7.742 Thread 0x000001be373fe800 DEOPT PACKING pc=0x000001be160bc2d4 sp=0x0000002a4aeff0d0
Event: 7.742 Thread 0x000001be373fe800 DEOPT UNPACKING pc=0x000001be159d964e sp=0x0000002a4aefe530 mode 1

Classes unloaded (0 events):
No events

Classes redefined (0 events):
No events

Internal exceptions (20 events):
Event: 0.576 Thread 0x000001be3257a000 Exception <a 'sun/nio/fs/WindowsException'{0x000000071071ec18}> (0x000000071071ec18) 
thrown [./open/src/hotspot/share/prims/jni.cpp, line 599]
Event: 0.598 Thread 0x000001be3257a000 Exception <a 'java/lang/NoSuchMethodError'{0x00000007107bf638}: 'java.lang.Object java.lang.invoke.Invokers$Holder.linkToTargetMethod(java.lang.Object, int, java.lang.Object)'> (0x00000007107bf638) 
thrown [./open/src/hotspot/share/interpreter/linkResolver.cpp, line 766]
Event: 0.610 Thread 0x000001be3257a000 Exception <a 'java/io/FileNotFoundException'{0x000000071063f840}> (0x000000071063f840) 
thrown [./open/src/hotspot/share/prims/jni.cpp, line 599]
Event: 0.612 Thread 0x000001be3257a000 Exception <a 'java/io/FileNotFoundException'{0x000000071065a618}> (0x000000071065a618) 
thrown [./open/src/hotspot/share/prims/jni.cpp, line 599]
Event: 0.638 Thread 0x000001be3257a000 Exception <a 'sun/nio/fs/WindowsException'{0x000000071048de38}> (0x000000071048de38) 
thrown [./open/src/hotspot/share/prims/jni.cpp, line 599]
Event: 0.643 Thread 0x000001be3257a000 Implicit null exception at 0x000001be1d4c0fa9 to 0x000001be1d4c1770
Event: 0.652 Thread 0x000001be3257a000 Implicit null exception at 0x000001be1d48c76f to 0x000001be1d48ca4d
Event: 0.740 Thread 0x000001be3257a000 Exception <a 'java/lang/NoSuchMethodError'{0x000000070fe56580}: 'java.lang.Object java.lang.invoke.DirectMethodHandle$Holder.invokeInterface(java.lang.Object, java.lang.Object, java.lang.Object)'> (0x000000070fe56580) 
thrown [./open/src/hotspot/share/interpreter/linkResolver.cpp, line 766]
Event: 0.741 Thread 0x000001be3257a000 Exception <a 'java/lang/IncompatibleClassChangeError'{0x000000070fe59410}: Found class java.lang.Object, but interface was expected> (0x000000070fe59410) 
thrown [./open/src/hotspot/share/interpreter/linkResolver.cpp, line 832]
Event: 0.803 Thread 0x000001be3247e800 Exception <a 'java/lang/NoSuchMethodError'{0x000000070fb840a8}: 'int java.lang.invoke.DirectMethodHandle$Holder.invokeStaticInit(java.lang.Object, java.lang.Object)'> (0x000000070fb840a8) 
thrown [./open/src/hotspot/share/interpreter/linkResolver.cpp, line 766]
Event: 1.690 Thread 0x000001be3257a000 Exception <a 'java/lang/NoSuchMethodError'{0x000000070f356638}: 'long java.lang.invoke.DirectMethodHandle$Holder.invokeStatic(java.lang.Object, java.lang.Object, java.lang.Object)'> (0x000000070f356638) 
thrown [./open/src/hotspot/share/interpreter/linkResolver.cpp, line 766]
Event: 1.691 Thread 0x000001be3257a000 Exception <a 'java/lang/NoSuchMethodError'{0x000000070f3592e0}: 'long java.lang.invoke.DirectMethodHandle$Holder.invokeStaticInit(java.lang.Object, java.lang.Object, java.lang.Object)'> (0x000000070f3592e0) 
thrown [./open/src/hotspot/share/interpreter/linkResolver.cpp, line 766]
Event: 1.692 Thread 0x000001be3257a000 Exception <a 'java/lang/NoSuchMethodError'{0x000000070f36d7f8}: 'java.lang.Object java.lang.invoke.Invokers$Holder.linkToTargetMethod(java.lang.Object, long, java.lang.Object)'> (0x000000070f36d7f8) 
thrown [./open/src/hotspot/share/interpreter/linkResolver.cpp, line 766]
Event: 1.832 Thread 0x000001be3257a000 Exception <a 'java/lang/ClassNotFoundException'{0x000000070f127a08}: com/sun/javafx/scene/control/skin/resources/controls> (0x000000070f127a08) 
thrown [./open/src/hotspot/share/prims/jni.cpp, line 620]
Event: 1.833 Thread 0x000001be3257a000 Exception <a 'java/lang/ClassNotFoundException'{0x000000070f1357d0}: com/sun/javafx/scene/control/skin/resources/controls_ru> (0x000000070f1357d0) 
thrown [./open/src/hotspot/share/prims/jni.cpp, line 620]
Event: 1.833 Thread 0x000001be3257a000 Exception <a 'java/lang/ClassNotFoundException'{0x000000070f136c80}: com/sun/javafx/scene/control/skin/resources/controls_ru_RU> (0x000000070f136c80) 
thrown [./open/src/hotspot/share/prims/jni.cpp, line 620]
Event: 2.614 Thread 0x000001be3257a000 Exception <a 'sun/nio/fs/WindowsException'{0x000000070ed587d8}> (0x000000070ed587d8) 
thrown [./open/src/hotspot/share/prims/jni.cpp, line 599]
Event: 2.713 Thread 0x000001be3257a000 Exception <a 'java/lang/ClassNotFoundException'{0x00000007108888b8}: jdk/net/ExtendedSocketOptions> (0x00000007108888b8) 
thrown [./open/src/hotspot/share/classfile/systemDictionary.cpp, line 226]
Event: 2.819 Thread 0x000001be3247e800 Exception <a 'java/lang/NoSuchMethodError'{0x0000000710420968}: 'java.lang.Object java.lang.invoke.DirectMethodHandle$Holder.invokeStaticInit(java.lang.Object, int)'> (0x0000000710420968) 
thrown [./open/src/hotspot/share/interpreter/linkResolver.cpp, line 766]
Event: 7.716 Thread 0x000001be3257a000 Exception <a 'java/lang/reflect/InvocationTargetException'{0x0000000710266758}> (0x0000000710266758) 
thrown [./open/src/hotspot/share/runtime/reflection.cpp, line 1188]

Events (20 events):
Event: 7.741 loading class jdk/internal/misc/Signal$1
Event: 7.741 loading class jdk/internal/misc/Signal$1 done
Event: 7.741 Thread 0x000001be373fd000 Thread added: 0x000001be373fd000
Event: 7.741 Executing VM operation: HandshakeOneThread
Event: 7.741 Executing VM operation: HandshakeOneThread done
Event: 7.741 Thread 0x000001be373fe800 Thread added: 0x000001be373fe800
Event: 7.741 Thread 0x000001be37400000 Thread added: 0x000001be37400000
Event: 7.742 Executing VM operation: HandshakeOneThread
Event: 7.742 Executing VM operation: HandshakeOneThread done
Event: 7.742 Executing VM operation: HandshakeOneThread
Event: 7.742 Executing VM operation: HandshakeOneThread done
Event: 7.742 Executing VM operation: HandshakeOneThread
Event: 7.742 Executing VM operation: HandshakeOneThread done
Event: 7.742 Executing VM operation: HandshakeOneThread
Event: 7.742 Executing VM operation: HandshakeOneThread done
Event: 7.742 Executing VM operation: HandshakeOneThread
Event: 7.742 Thread 0x000001be373fe800 Thread exited: 0x000001be373fe800
Event: 7.742 Executing VM operation: HandshakeOneThread done
Event: 7.742 Thread 0x000001be37400000 Thread exited: 0x000001be37400000
Event: 7.743 Executing VM operation: Exit


Dynamic libraries:
0x00007ff640050000 - 0x00007ff64005f000 	C:\Program Files\Java\jdk-14.0.2\bin\java.exe
0x00007ffab7430000 - 0x00007ffab7626000 	C:\WINDOWS\SYSTEM32\ntdll.dll
0x00007ffab6850000 - 0x00007ffab690d000 	C:\WINDOWS\System32\KERNEL32.DLL
0x00007ffab50b0000 - 0x00007ffab5379000 	C:\WINDOWS\System32\KERNELBASE.dll
0x00007ffab4c10000 - 0x00007ffab4d10000 	C:\WINDOWS\System32\ucrtbase.dll
0x00007ffaaf7b0000 - 0x00007ffaaf7c8000 	C:\Program Files\Java\jdk-14.0.2\bin\jli.dll
0x00007ffaaf790000 - 0x00007ffaaf7a5000 	C:\Program Files\Java\jdk-14.0.2\bin\VCRUNTIME140.dll
0x00007ffab5fd0000 - 0x00007ffab607c000 	C:\WINDOWS\System32\ADVAPI32.dll
0x00007ffab5d60000 - 0x00007ffab5dfe000 	C:\WINDOWS\System32\msvcrt.dll
0x00007ffab70a0000 - 0x00007ffab713c000 	C:\WINDOWS\System32\sechost.dll
0x00007ffab7140000 - 0x00007ffab726b000 	C:\WINDOWS\System32\RPCRT4.dll
0x00007ffab6c70000 - 0x00007ffab6e10000 	C:\WINDOWS\System32\USER32.dll
0x00007ffab5380000 - 0x00007ffab53a2000 	C:\WINDOWS\System32\win32u.dll
0x00007ffa9d7f0000 - 0x00007ffa9da8b000 	C:\WINDOWS\WinSxS\amd64_microsoft.windows.common-controls_6595b64144ccf1df_6.0.19041.488_none_ca04af081b815d21\COMCTL32.dll
0x00007ffab5f40000 - 0x00007ffab5f6a000 	C:\WINDOWS\System32\GDI32.dll
0x00007ffab4d10000 - 0x00007ffab4e19000 	C:\WINDOWS\System32\gdi32full.dll
0x00007ffab4b70000 - 0x00007ffab4c0d000 	C:\WINDOWS\System32\msvcp_win.dll
0x00007ffaacb20000 - 0x00007ffaacb2a000 	C:\WINDOWS\SYSTEM32\VERSION.dll
0x00007ffab72d0000 - 0x00007ffab7300000 	C:\WINDOWS\System32\IMM32.DLL
0x00007ffaaf6f0000 - 0x00007ffaaf78b000 	C:\Program Files\Java\jdk-14.0.2\bin\msvcp140.dll
0x00007ffa4b1b0000 - 0x00007ffa4bcce000 	C:\Program Files\Java\jdk-14.0.2\bin\server\jvm.dll
0x00007ffab5eb0000 - 0x00007ffab5eb8000 	C:\WINDOWS\System32\PSAPI.DLL
0x00007ffaa10f0000 - 0x00007ffaa10f9000 	C:\WINDOWS\SYSTEM32\WSOCK32.dll
0x00007ffaa1fe0000 - 0x00007ffaa2007000 	C:\WINDOWS\SYSTEM32\WINMM.dll
0x00007ffab6500000 - 0x00007ffab656b000 	C:\WINDOWS\System32\WS2_32.dll
0x00007ffab3430000 - 0x00007ffab3442000 	C:\WINDOWS\SYSTEM32\kernel.appcore.dll
0x00007ffab1f30000 - 0x00007ffab1f3a000 	C:\Program Files\Java\jdk-14.0.2\bin\jimage.dll
0x00007ffab2910000 - 0x00007ffab2af4000 	C:\WINDOWS\SYSTEM32\DBGHELP.DLL
0x00007ffa9cb90000 - 0x00007ffa9cbbc000 	C:\WINDOWS\SYSTEM32\dbgcore.DLL
0x00007ffab4e20000 - 0x00007ffab4ea0000 	C:\WINDOWS\System32\bcryptPrimitives.dll
0x00007ffaaf6b0000 - 0x00007ffaaf6e8000 	C:\Program Files\Java\jdk-14.0.2\bin\jdwp.dll
0x00007ffaaf680000 - 0x00007ffaaf6a5000 	C:\Program Files\Java\jdk-14.0.2\bin\java.dll
0x00007ffaa1100000 - 0x00007ffaa1116000 	C:\Program Files\Java\jdk-14.0.2\bin\zip.dll
0x00007ffab5610000 - 0x00007ffab5d52000 	C:\WINDOWS\System32\SHELL32.dll
0x00007ffab2ba0000 - 0x00007ffab3335000 	C:\WINDOWS\SYSTEM32\windows.storage.dll
0x00007ffab6910000 - 0x00007ffab6c66000 	C:\WINDOWS\System32\combase.dll
0x00007ffab4440000 - 0x00007ffab446c000 	C:\WINDOWS\SYSTEM32\Wldp.dll
0x00007ffab5490000 - 0x00007ffab553e000 	C:\WINDOWS\System32\SHCORE.dll
0x00007ffab7270000 - 0x00007ffab72c5000 	C:\WINDOWS\System32\shlwapi.dll
0x00007ffab4aa0000 - 0x00007ffab4ac6000 	C:\WINDOWS\SYSTEM32\profapi.dll
0x00007ffaa0db0000 - 0x00007ffaa0dc9000 	C:\Program Files\Java\jdk-14.0.2\bin\net.dll
0x00007ffaae670000 - 0x00007ffaae770000 	C:\WINDOWS\SYSTEM32\WINHTTP.dll
0x00007ffab4230000 - 0x00007ffab429a000 	C:\WINDOWS\system32\mswsock.dll
0x00007ffa9ea70000 - 0x00007ffa9ea82000 	C:\Program Files\Java\jdk-14.0.2\bin\nio.dll
0x00007ffaa0580000 - 0x00007ffaa058b000 	C:\Program Files\Java\jdk-14.0.2\bin\dt_socket.dll
0x00007ffab3f40000 - 0x00007ffab3f7b000 	C:\WINDOWS\SYSTEM32\IPHLPAPI.DLL
0x000001be0d110000 - 0x000001be0d113000 	C:\Users\Drainer\Desktop\3 kurse\BD\javafx-sdk-11.0.2\bin\api-ms-win-core-console-l1-1-0.dll
0x000001be0d120000 - 0x000001be0d123000 	C:\Users\Drainer\Desktop\3 kurse\BD\javafx-sdk-11.0.2\bin\api-ms-win-core-datetime-l1-1-0.dll
0x000001be0d130000 - 0x000001be0d133000 	C:\Users\Drainer\Desktop\3 kurse\BD\javafx-sdk-11.0.2\bin\api-ms-win-core-debug-l1-1-0.dll
0x000001be0d140000 - 0x000001be0d143000 	C:\Users\Drainer\Desktop\3 kurse\BD\javafx-sdk-11.0.2\bin\api-ms-win-core-errorhandling-l1-1-0.dll
0x000001be0d150000 - 0x000001be0d154000 	C:\Users\Drainer\Desktop\3 kurse\BD\javafx-sdk-11.0.2\bin\api-ms-win-core-file-l1-1-0.dll
0x000001be0d160000 - 0x000001be0d163000 	C:\Users\Drainer\Desktop\3 kurse\BD\javafx-sdk-11.0.2\bin\api-ms-win-core-file-l1-2-0.dll
0x000001be0d170000 - 0x000001be0d173000 	C:\Users\Drainer\Desktop\3 kurse\BD\javafx-sdk-11.0.2\bin\api-ms-win-core-file-l2-1-0.dll
0x000001be0d180000 - 0x000001be0d183000 	C:\Users\Drainer\Desktop\3 kurse\BD\javafx-sdk-11.0.2\bin\api-ms-win-core-handle-l1-1-0.dll
0x000001be0d190000 - 0x000001be0d193000 	C:\Users\Drainer\Desktop\3 kurse\BD\javafx-sdk-11.0.2\bin\api-ms-win-core-heap-l1-1-0.dll
0x000001be0d1a0000 - 0x000001be0d1a3000 	C:\Users\Drainer\Desktop\3 kurse\BD\javafx-sdk-11.0.2\bin\api-ms-win-core-interlocked-l1-1-0.dll
0x000001be0d1b0000 - 0x000001be0d1b3000 	C:\Users\Drainer\Desktop\3 kurse\BD\javafx-sdk-11.0.2\bin\api-ms-win-core-libraryloader-l1-1-0.dll
0x000001be32950000 - 0x000001be32953000 	C:\Users\Drainer\Desktop\3 kurse\BD\javafx-sdk-11.0.2\bin\api-ms-win-core-localization-l1-2-0.dll
0x000001be32960000 - 0x000001be32963000 	C:\Users\Drainer\Desktop\3 kurse\BD\javafx-sdk-11.0.2\bin\api-ms-win-core-memory-l1-1-0.dll
0x000001be32970000 - 0x000001be32973000 	C:\Users\Drainer\Desktop\3 kurse\BD\javafx-sdk-11.0.2\bin\api-ms-win-core-namedpipe-l1-1-0.dll
0x000001be32980000 - 0x000001be32983000 	C:\Users\Drainer\Desktop\3 kurse\BD\javafx-sdk-11.0.2\bin\api-ms-win-core-processenvironment-l1-1-0.dll
0x000001be32990000 - 0x000001be32993000 	C:\Users\Drainer\Desktop\3 kurse\BD\javafx-sdk-11.0.2\bin\api-ms-win-core-processthreads-l1-1-0.dll
0x000001be329a0000 - 0x000001be329a3000 	C:\Users\Drainer\Desktop\3 kurse\BD\javafx-sdk-11.0.2\bin\api-ms-win-core-processthreads-l1-1-1.dll
0x000001be329b0000 - 0x000001be329b3000 	C:\Users\Drainer\Desktop\3 kurse\BD\javafx-sdk-11.0.2\bin\api-ms-win-core-profile-l1-1-0.dll
0x000001be329c0000 - 0x000001be329c3000 	C:\Users\Drainer\Desktop\3 kurse\BD\javafx-sdk-11.0.2\bin\api-ms-win-core-rtlsupport-l1-1-0.dll
0x000001be329d0000 - 0x000001be329d3000 	C:\Users\Drainer\Desktop\3 kurse\BD\javafx-sdk-11.0.2\bin\api-ms-win-core-string-l1-1-0.dll
0x000001be329e0000 - 0x000001be329e3000 	C:\Users\Drainer\Desktop\3 kurse\BD\javafx-sdk-11.0.2\bin\api-ms-win-core-synch-l1-1-0.dll
0x000001be329f0000 - 0x000001be329f3000 	C:\Users\Drainer\Desktop\3 kurse\BD\javafx-sdk-11.0.2\bin\api-ms-win-core-synch-l1-2-0.dll
0x000001be32a00000 - 0x000001be32a03000 	C:\Users\Drainer\Desktop\3 kurse\BD\javafx-sdk-11.0.2\bin\api-ms-win-core-sysinfo-l1-1-0.dll
0x000001be32a10000 - 0x000001be32a13000 	C:\Users\Drainer\Desktop\3 kurse\BD\javafx-sdk-11.0.2\bin\api-ms-win-core-timezone-l1-1-0.dll
0x000001be32a20000 - 0x000001be32a23000 	C:\Users\Drainer\Desktop\3 kurse\BD\javafx-sdk-11.0.2\bin\api-ms-win-core-util-l1-1-0.dll
0x000001be32a30000 - 0x000001be32a33000 	C:\Users\Drainer\Desktop\3 kurse\BD\javafx-sdk-11.0.2\bin\api-ms-win-crt-conio-l1-1-0.dll
0x000001be32a40000 - 0x000001be32a44000 	C:\Users\Drainer\Desktop\3 kurse\BD\javafx-sdk-11.0.2\bin\api-ms-win-crt-convert-l1-1-0.dll
0x000001be32a50000 - 0x000001be32a53000 	C:\Users\Drainer\Desktop\3 kurse\BD\javafx-sdk-11.0.2\bin\api-ms-win-crt-environment-l1-1-0.dll
0x000001be32a60000 - 0x000001be32a63000 	C:\Users\Drainer\Desktop\3 kurse\BD\javafx-sdk-11.0.2\bin\api-ms-win-crt-filesystem-l1-1-0.dll
0x000001be32a70000 - 0x000001be32a73000 	C:\Users\Drainer\Desktop\3 kurse\BD\javafx-sdk-11.0.2\bin\api-ms-win-crt-heap-l1-1-0.dll
0x000001be32a80000 - 0x000001be32a83000 	C:\Users\Drainer\Desktop\3 kurse\BD\javafx-sdk-11.0.2\bin\api-ms-win-crt-locale-l1-1-0.dll
0x000001be32a90000 - 0x000001be32a95000 	C:\Users\Drainer\Desktop\3 kurse\BD\javafx-sdk-11.0.2\bin\api-ms-win-crt-math-l1-1-0.dll
0x000001be32aa0000 - 0x000001be32aa5000 	C:\Users\Drainer\Desktop\3 kurse\BD\javafx-sdk-11.0.2\bin\api-ms-win-crt-multibyte-l1-1-0.dll
0x000001be32ab0000 - 0x000001be32ac0000 	C:\Users\Drainer\Desktop\3 kurse\BD\javafx-sdk-11.0.2\bin\api-ms-win-crt-private-l1-1-0.dll
0x000001be32ac0000 - 0x000001be32ac3000 	C:\Users\Drainer\Desktop\3 kurse\BD\javafx-sdk-11.0.2\bin\api-ms-win-crt-process-l1-1-0.dll
0x000001be32ad0000 - 0x000001be32ad4000 	C:\Users\Drainer\Desktop\3 kurse\BD\javafx-sdk-11.0.2\bin\api-ms-win-crt-runtime-l1-1-0.dll
0x000001be32ae0000 - 0x000001be32ae4000 	C:\Users\Drainer\Desktop\3 kurse\BD\javafx-sdk-11.0.2\bin\api-ms-win-crt-stdio-l1-1-0.dll
0x000001be32af0000 - 0x000001be32af4000 	C:\Users\Drainer\Desktop\3 kurse\BD\javafx-sdk-11.0.2\bin\api-ms-win-crt-string-l1-1-0.dll
0x000001be32b00000 - 0x000001be32b03000 	C:\Users\Drainer\Desktop\3 kurse\BD\javafx-sdk-11.0.2\bin\api-ms-win-crt-time-l1-1-0.dll
0x000001be32b10000 - 0x000001be32b13000 	C:\Users\Drainer\Desktop\3 kurse\BD\javafx-sdk-11.0.2\bin\api-ms-win-crt-utility-l1-1-0.dll
0x00007ffa43c50000 - 0x00007ffa43d4a000 	C:\Users\Drainer\Desktop\3 kurse\BD\javafx-sdk-11.0.2\bin\ucrtbase.dll
0x00007ffa9ea50000 - 0x00007ffa9ea66000 	C:\Users\Drainer\Desktop\3 kurse\BD\javafx-sdk-11.0.2\bin\vcruntime140.dll
0x00007ffa4a0a0000 - 0x00007ffa4a146000 	C:\Users\Drainer\Desktop\3 kurse\BD\javafx-sdk-11.0.2\bin\msvcp140.dll
0x00007ffa7a1f0000 - 0x00007ffa7a241000 	C:\Users\Drainer\Desktop\3 kurse\BD\javafx-sdk-11.0.2\bin\concrt140.dll
0x00007ffa9ea20000 - 0x00007ffa9ea43000 	C:\Users\Drainer\Desktop\3 kurse\BD\javafx-sdk-11.0.2\bin\prism_d3d.dll
0x00007ffaad920000 - 0x00007ffaadaef000 	C:\WINDOWS\system32\d3d9.dll
0x00007ffab2490000 - 0x00007ffab24bf000 	C:\WINDOWS\SYSTEM32\dwmapi.dll
0x00007ffab2110000 - 0x00007ffab21ae000 	C:\WINDOWS\system32\uxtheme.dll
0x00007ffab4690000 - 0x00007ffab46a2000 	C:\WINDOWS\SYSTEM32\msasn1.dll
0x00007ffaac790000 - 0x00007ffaac7c1000 	C:\WINDOWS\SYSTEM32\cryptnet.dll
0x00007ffab4f50000 - 0x00007ffab50ad000 	C:\WINDOWS\System32\CRYPT32.dll
0x00007ffab43b0000 - 0x00007ffab43bc000 	C:\WINDOWS\SYSTEM32\cryptbase.dll
0x00007ffab53b0000 - 0x00007ffab5410000 	C:\WINDOWS\System32\WINTRUST.DLL
0x00007ffab66a0000 - 0x00007ffab66bd000 	C:\WINDOWS\System32\imagehlp.dll
0x00007ffab44c0000 - 0x00007ffab44d8000 	C:\WINDOWS\SYSTEM32\CRYPTSP.dll
0x00007ffab3be0000 - 0x00007ffab3c14000 	C:\WINDOWS\system32\rsaenh.dll
0x00007ffab5410000 - 0x00007ffab5437000 	C:\WINDOWS\System32\bcrypt.dll
0x00007ffa4c1a0000 - 0x00007ffa4c1e5000 	C:\Users\Drainer\Desktop\3 kurse\BD\javafx-sdk-11.0.2\bin\glass.dll
0x00007ffab6e10000 - 0x00007ffab6eeb000 	C:\WINDOWS\System32\COMDLG32.dll
0x00007ffab6570000 - 0x00007ffab669a000 	C:\WINDOWS\System32\ole32.dll
0x00007ffab5540000 - 0x00007ffab560d000 	C:\WINDOWS\System32\OLEAUT32.dll
0x00007ffab6730000 - 0x00007ffab6846000 	C:\WINDOWS\System32\MSCTF.dll
0x00007ffa93340000 - 0x00007ffa935f9000 	C:\WINDOWS\system32\nvspcap64.dll
0x00007ffab3870000 - 0x00007ffab38a3000 	C:\WINDOWS\SYSTEM32\ntmarta.dll
0x00007ffab3450000 - 0x00007ffab3473000 	C:\WINDOWS\SYSTEM32\gpapi.dll
0x00007ffaa9320000 - 0x00007ffaa935b000 	C:\WINDOWS\SYSTEM32\dxcore.dll
0x00007ffab5440000 - 0x00007ffab548e000 	C:\WINDOWS\System32\cfgmgr32.dll
0x00007ffa7a1d0000 - 0x00007ffa7a1e4000 	C:\Users\Drainer\Desktop\3 kurse\BD\javafx-sdk-11.0.2\bin\javafx_font.dll
0x00007ffaa2220000 - 0x00007ffaa249f000 	C:\WINDOWS\SYSTEM32\dwrite.dll
0x00007ffab5e00000 - 0x00007ffab5ea9000 	C:\WINDOWS\System32\clbcatq.dll
0x00007ffaacc90000 - 0x00007ffaace44000 	C:\WINDOWS\SYSTEM32\WindowsCodecs.dll
0x00007ffa9f5a0000 - 0x00007ffa9f5de000 	C:\WINDOWS\system32\dataexchange.dll
0x00007ffaafd30000 - 0x00007ffaaff94000 	C:\WINDOWS\system32\d3d11.dll
0x00007ffab1080000 - 0x00007ffab1267000 	C:\WINDOWS\system32\dcomp.dll
0x00007ffab3480000 - 0x00007ffab3573000 	C:\WINDOWS\system32\dxgi.dll
0x00007ffaacf00000 - 0x00007ffaad108000 	C:\WINDOWS\system32\twinapi.appcore.dll
0x00007ffa4c690000 - 0x00007ffa4c6c4000 	C:\Program Files\Common Files\Microsoft Shared\Ink\rtscom.dll
0x00007ffaaf7f0000 - 0x00007ffaaf8ed000 	C:\WINDOWS\SYSTEM32\textinputframework.dll
0x00007ffab1ad0000 - 0x00007ffab1bc2000 	C:\WINDOWS\System32\CoreMessaging.dll
0x00007ffab1770000 - 0x00007ffab1ace000 	C:\WINDOWS\System32\CoreUIComponents.dll
0x00007ffab0e70000 - 0x00007ffab0fc6000 	C:\WINDOWS\SYSTEM32\wintypes.dll
0x00007ffaadc20000 - 0x00007ffaadc30000 	C:\Program Files\Java\jdk-14.0.2\bin\verify.dll

dbghelp: loaded successfully - version: 4.0.5 - missing functions: none
symbol engine: initialized successfully - sym options: 0x614 - pdb path: .;C:\Program Files\Java\jdk-14.0.2\bin;C:\WINDOWS\SYSTEM32;C:\WINDOWS\WinSxS\amd64_microsoft.windows.common-controls_6595b64144ccf1df_6.0.19041.488_none_ca04af081b815d21;C:\Program Files\Java\jdk-14.0.2\bin\server;C:\Users\Drainer\Desktop\3 kurse\BD\javafx-sdk-11.0.2\bin;C:\WINDOWS\System32\DriverStore\FileRepository\nv_dispi.inf_amd64_a51067c0ac557884;C:\Program Files\Common Files\Microsoft Shared\Ink

VM Arguments:
jvm_args: -agentlib:jdwp=transport=dt_socket,address=127.0.0.1:55527,suspend=y,server=n --add-modules=javafx.base,javafx.graphics --add-reads=javafx.base=ALL-UNNAMED --add-reads=javafx.graphics=ALL-UNNAMED -Dfile.encoding=UTF-8 --module-path=C:\Users\Drainer\Desktop\3 kurse\BD\javafx-sdk-11.0.2\lib\javafx.base.jar;C:\Users\Drainer\Desktop\3 kurse\BD\javafx-sdk-11.0.2\lib\javafx.graphics.jar;C:\Users\Drainer\Desktop\3 kurse\BD\BeautyBDProg\out\production\BeautyBDProg;C:\Users\Drainer\Desktop\3 kurse\BD\javafx-sdk-11.0.2\lib\javafx-swt.jar;C:\Users\Drainer\Desktop\3 kurse\BD\javafx-sdk-11.0.2\lib\javafx.controls.jar;C:\Users\Drainer\Desktop\3 kurse\BD\javafx-sdk-11.0.2\lib\javafx.fxml.jar;C:\Users\Drainer\Desktop\3 kurse\BD\javafx-sdk-11.0.2\lib\javafx.media.jar;C:\Users\Drainer\Desktop\3 kurse\BD\javafx-sdk-11.0.2\lib\javafx.swing.jar;C:\Users\Drainer\Desktop\3 kurse\BD\javafx-sdk-11.0.2\lib\javafx.web.jar;C:\Users\Drainer\Desktop\3 kurse\BD\BeautyBDProg\mysql-connector-java-5.1.49.jar -Djdk.module.main=sample 
java_command: sample/sample.Main
java_class_path (initial): C:\Program Files\JetBrains\IntelliJ IDEA Community Edition 2020.1.4\lib\idea_rt.jar
Launcher Type: SUN_STANDARD

[Global flags]
     intx CICompilerCount                          = 4                                         {product} {ergonomic}
     uint ConcGCThreads                            = 3                                         {product} {ergonomic}
     uint G1ConcRefinementThreads                  = 10                                        {product} {ergonomic}
   size_t G1HeapRegionSize                         = 1048576                                   {product} {ergonomic}
    uintx GCDrainStackTargetSize                   = 64                                        {product} {ergonomic}
   size_t InitialHeapSize                          = 268435456                                 {product} {ergonomic}
   size_t MarkStackSize                            = 4194304                                   {product} {ergonomic}
   size_t MaxHeapSize                              = 4280287232                                {product} {ergonomic}
   size_t MaxNewSize                               = 2567962624                                {product} {ergonomic}
   size_t MinHeapDeltaBytes                        = 1048576                                   {product} {ergonomic}
   size_t MinHeapSize                              = 8388608                                   {product} {ergonomic}
    uintx NonNMethodCodeHeapSize                   = 5839372                                {pd product} {ergonomic}
    uintx NonProfiledCodeHeapSize                  = 122909434                              {pd product} {ergonomic}
    uintx ProfiledCodeHeapSize                     = 122909434                              {pd product} {ergonomic}
    uintx ReservedCodeCacheSize                    = 251658240                              {pd product} {ergonomic}
     bool SegmentedCodeCache                       = true                                      {product} {ergonomic}
   size_t SoftMaxHeapSize                          = 4280287232                             {manageable} {ergonomic}
     bool UseCompressedClassPointers               = true                                 {lp64_product} {ergonomic}
     bool UseCompressedOops                        = true                                 {lp64_product} {ergonomic}
     bool UseG1GC                                  = true                                      {product} {ergonomic}
     bool UseLargePagesIndividualAllocation        = false                                  {pd product} {ergonomic}

Logging:
Log output configuration:
 #0: stdout all=off uptime,level,tags
 #1: stderr all=off uptime,level,tags

Environment Variables:
PATH=C:\Program Files\Java\jdk-14.0.2\bin;C:\WINDOWS\system32;C:\WINDOWS;C:\WINDOWS\System32\Wbem;C:\WINDOWS\System32\WindowsPowerShell\v1.0\;C:\WINDOWS\System32\OpenSSH\;C:\Program Files\Microsoft SQL Server\120\Tools\Binn\;C:\Program Files\NVIDIA Corporation\NVIDIA NvDLISR;C:\Program Files (x86)\Windows Kits\10\Windows Performance Toolkit\;C:\Program Files\dotnet\;C:\Program Files\MySQL\MySQL Shell 8.0\bin\;C:\Users\Drainer\AppData\Local\Microsoft\WindowsApps;C:\Users\Drainer\.dotnet\tools;C:\Program Files\JetBrains\PyCharm Community Edition 2020.3.1\bin;
USERNAME=Drainer
OS=Windows_NT
PROCESSOR_IDENTIFIER=Intel64 Family 6 Model 158 Stepping 10, GenuineIntel



---------------  S Y S T E M  ---------------

OS: Windows 10 , 64 bit Build 19041 (10.0.19041.662)
OS uptime: 5 days 5:21 hours
HyperV virtualization detected

CPU:total 12 (initial active 12) (6 cores per cpu, 2 threads per core) family 6 model 158 stepping 10, cmov, cx8, fxsr, mmx, sse, sse2, sse3, ssse3, sse4.1, sse4.2, popcnt, avx, avx2, aes, clmul, erms, rtm, 3dnowpref, lzcnt, ht, tsc, tscinvbit, bmi1, bmi2, adx, fma

Memory: 4k page, system-wide physical 16326M (6148M free)
TotalPageFile size 28102M (AvailPageFile size 9047M)
current process WorkingSet (physical memory assigned to process): 139M, peak: 175M
current process commit charge ("private bytes"): 464M, peak: 499M

vm_info: Java HotSpot(TM) 64-Bit Server VM (14.0.2+12-46) for windows-amd64 JRE (14.0.2+12-46), built on Jul  9 2020 00:35:52 by "mach5one" with MS VC++ 15.9 (VS2017)

END.
