#
# A fatal error has been detected by the Java Runtime Environment:
#
#  EXCEPTION_ACCESS_VIOLATION (0xc0000005) at pc=0x00007ffa4a0a6730, pid=11748, tid=14364
#
# JRE version: Java(TM) SE Runtime Environment (14.0.2+12) (build 14.0.2+12-46)
# Java VM: Java HotSpot(TM) 64-Bit Server VM (14.0.2+12-46, mixed mode, sharing, tiered, compressed oops, g1 gc, windows-amd64)
# Problematic frame:
# C  [glass.dll+0x26730]
#
# No core dump will be written. Minidumps are not enabled by default on client versions of Windows
#
# If you would like to submit a bug report, please visit:
#   https://bugreport.java.com/bugreport/crash.jsp
#

---------------  S U M M A R Y ------------

Command Line: -agentlib:jdwp=transport=dt_socket,address=127.0.0.1:57149,suspend=y,server=n --add-modules=javafx.base,javafx.graphics --add-reads=javafx.base=ALL-UNNAMED --add-reads=javafx.graphics=ALL-UNNAMED -Dfile.encoding=UTF-8 --module-path=C:\Users\Drainer\Desktop\3 kurse\BD\javafx-sdk-11.0.2\lib\javafx.base.jar;C:\Users\Drainer\Desktop\3 kurse\BD\javafx-sdk-11.0.2\lib\javafx.graphics.jar;C:\Users\Drainer\Desktop\3 kurse\BD\BeautyBDProg\out\production\BeautyBDProg;C:\Users\Drainer\Desktop\3 kurse\BD\javafx-sdk-11.0.2\lib\javafx-swt.jar;C:\Users\Drainer\Desktop\3 kurse\BD\javafx-sdk-11.0.2\lib\javafx.controls.jar;C:\Users\Drainer\Desktop\3 kurse\BD\javafx-sdk-11.0.2\lib\javafx.fxml.jar;C:\Users\Drainer\Desktop\3 kurse\BD\javafx-sdk-11.0.2\lib\javafx.media.jar;C:\Users\Drainer\Desktop\3 kurse\BD\javafx-sdk-11.0.2\lib\javafx.swing.jar;C:\Users\Drainer\Desktop\3 kurse\BD\javafx-sdk-11.0.2\lib\javafx.web.jar;C:\Users\Drainer\Desktop\3 kurse\BD\BeautyBDProg\mysql-connector-java-5.1.49.jar -Djdk.module.main=sample sample/sample.Main

Host: Intel(R) Core(TM) i7-8700K CPU @ 3.70GHz, 12 cores, 15G,  Windows 10 , 64 bit Build 19041 (10.0.19041.662)
Time: Mon Jan  4 17:06:49 2021 RTZ 2 (зима) elapsed time: 21 seconds (0d 0h 0m 21s)

---------------  T H R E A D  ---------------

Current thread (0x000001f4a6a66800):  VMThread "VM Thread" [stack: 0x0000007698500000,0x0000007698600000] [id=14364]

Stack: [0x0000007698500000,0x0000007698600000],  sp=0x00000076985fecf0,  free space=1019k
Native frames: (J=compiled Java code, j=interpreted, Vv=VM code, C=native code)
C  [glass.dll+0x26730]


siginfo: EXCEPTION_ACCESS_VIOLATION (0xc0000005), reading address 0x0000000000000000


Register to memory mapping:

RIP=0x00007ffa4a0a6730 glass.dll
RAX=0x0 is NULL
RBX=0x000001f4a6a75918 is a global jni handle
RCX=0x000001f4a6a66800 points into unknown readable memory: c0 a7 a7 4b fa 7f 00 00
RDX=0x00000076985fecf0 points into unknown readable memory: 00 00 00 00 00 00 00 00
RSP=0x00000076985fecf0 points into unknown readable memory: 00 00 00 00 00 00 00 00
RBP=0x000001f4a7cb6678 points into unknown readable memory: 7b 79 e4 b9 7d 8a 00 00
RSI=0x000001f4a7cb6650 points into unknown readable memory: cd 28 b4 6b 82 89 00 c0
RDI=0x00008a7db9e4797b is an unknown value
R8 =0x0000000000010002 is an unknown value
R9 =0x00008a7db9e4797b is an unknown value
R10=0x0000000000008000 is an unknown value
R11=0x00000076985fec90 points into unknown readable memory: 50 66 cb a7 f4 01 00 00
R12=0x00007ffa4a0a3be0 glass.dll
R13=0x000001f4828b30c8 points into unknown readable memory: 00 68 a6 a6 f4 01 00 00
R14=0x00000076985fedf8 points into unknown readable memory: e0 ed 5f 98 76 00 00 00
R15=0x000001f4a7cb6650 points into unknown readable memory: cd 28 b4 6b 82 89 00 c0


Registers:
RAX=0x0000000000000000, RBX=0x000001f4a6a75918, RCX=0x000001f4a6a66800, RDX=0x00000076985fecf0
RSP=0x00000076985fecf0, RBP=0x000001f4a7cb6678, RSI=0x000001f4a7cb6650, RDI=0x00008a7db9e4797b
R8 =0x0000000000010002, R9 =0x00008a7db9e4797b, R10=0x0000000000008000, R11=0x00000076985fec90
R12=0x00007ffa4a0a3be0, R13=0x000001f4828b30c8, R14=0x00000076985fedf8, R15=0x000001f4a7cb6650
RIP=0x00007ffa4a0a6730, EFLAGS=0x0000000000010206

Top of Stack: (sp=0x00000076985fecf0)
0x00000076985fecf0:   0000000000000000 00007ffab4c1e97b
0x00000076985fed00:   000001f4a7cb6660 000001f4a7cb6650
0x00000076985fed10:   fffffffffffffffe 00007ffa4a0a3be0
0x00000076985fed20:   000001f4a7cb6658 00007ffab4c23bf6
0x00000076985fed30:   000001f4a7cb6660 000001f400000000
0x00000076985fed40:   000001f4a7cb6678 000001f4a7cb6650
0x00000076985fed50:   fffffffffffffffe 0000000000000000
0x00000076985fed60:   0000000000000001 00007ffa4a080000
0x00000076985fed70:   00000076985fede8 00007ffab4c23b1b
0x00000076985fed80:   0000000000000000 00000076985fedf8
0x00000076985fed90:   00000076985ff0b0 00007ffab4d00e40
0x00000076985feda0:   0000000000000001 00007ffab4c23ad4
0x00000076985fedb0:   0000000000000000 0000000000000001
0x00000076985fedc0:   ffffffff00000001 00000076985fede8
0x00000076985fedd0:   0000000000000000 00007ffa4a0a3a60
0x00000076985fede0:   00007ffa4a0bd100 0000007600000002 

Instructions: (pc=0x00007ffa4a0a6730)
0x00007ffa4a0a6630:   8b 4d 60 e8 d8 c9 ff ff 48 8b 55 68 48 8b 8d 08
0x00007ffa4a0a6640:   01 00 00 e8 a9 be ff ff 33 d2 33 c9 e8 a9 de ff
0x00007ffa4a0a6650:   ff 90 cc cc cc cc cc cc cc cc cc cc cc cc cc cc
0x00007ffa4a0a6660:   48 8d 8a 80 00 00 00 e9 14 ea fe ff 48 89 54 24
0x00007ffa4a0a6670:   10 55 48 83 ec 20 48 8b ea 48 8d 05 1d cb ff ff
0x00007ffa4a0a6680:   48 83 c4 20 5d c3 cc 40 55 48 8b ea 48 8b 01 33
0x00007ffa4a0a6690:   c9 81 38 05 00 00 c0 0f 94 c1 8b c1 5d c3 cc 40
0x00007ffa4a0a66a0:   55 48 83 ec 20 48 8b ea 8a 4d 40 48 83 c4 20 5d
0x00007ffa4a0a66b0:   e9 23 ce ff ff cc 40 55 48 83 ec 20 48 8b ea e8
0x00007ffa4a0a66c0:   3c cc ff ff 8a 4d 38 48 83 c4 20 5d e9 07 ce ff
0x00007ffa4a0a66d0:   ff cc 40 55 48 83 ec 30 48 8b ea 48 8b 01 8b 10
0x00007ffa4a0a66e0:   48 89 4c 24 28 89 54 24 20 4c 8d 0d d0 d1 ff ff
0x00007ffa4a0a66f0:   4c 8b 45 70 8b 55 68 48 8b 4d 60 e8 70 cb ff ff
0x00007ffa4a0a6700:   90 48 83 c4 30 5d c3 cc cc cc cc cc cc cc cc cc
0x00007ffa4a0a6710:   40 53 48 83 ec 30 48 c7 44 24 20 fe ff ff ff 48
0x00007ffa4a0a6720:   8b 1d ea 63 01 00 48 85 db 74 16 e8 90 86 ff ff
0x00007ffa4a0a6730:   4c 8b 00 48 8b d3 48 8b c8 41 ff 90 b0 00 00 00
0x00007ffa4a0a6740:   90 48 83 c4 30 5b c3 cc cc cc cc cc cc cc cc cc
0x00007ffa4a0a6750:   40 53 48 83 ec 20 48 8b 1d 4b 65 01 00 48 85 db
0x00007ffa4a0a6760:   74 57 b8 ff ff ff ff f0 0f c1 43 10 83 f8 01 75
0x00007ffa4a0a6770:   3d 48 85 db 74 38 48 8b 0b 48 85 c9 74 0d ff 15
0x00007ffa4a0a6780:   24 0b 00 00 48 c7 03 00 00 00 00 48 8b 4b 08 48
0x00007ffa4a0a6790:   85 c9 74 0d e8 77 c8 ff ff 48 c7 43 08 00 00 00
0x00007ffa4a0a67a0:   00 ba 18 00 00 00 48 8b cb e8 62 c8 ff ff 48 c7
0x00007ffa4a0a67b0:   05 ef 64 01 00 00 00 00 00 48 83 c4 20 5b c3 cc
0x00007ffa4a0a67c0:   40 53 48 83 ec 20 48 8b 1d bb 64 01 00 48 85 db
0x00007ffa4a0a67d0:   74 57 b8 ff ff ff ff f0 0f c1 43 10 83 f8 01 75
0x00007ffa4a0a67e0:   3d 48 85 db 74 38 48 8b 0b 48 85 c9 74 0d ff 15
0x00007ffa4a0a67f0:   b4 0a 00 00 48 c7 03 00 00 00 00 48 8b 4b 08 48
0x00007ffa4a0a6800:   85 c9 74 0d e8 07 c8 ff ff 48 c7 43 08 00 00 00
0x00007ffa4a0a6810:   00 ba 18 00 00 00 48 8b cb e8 f2 c7 ff ff 48 c7
0x00007ffa4a0a6820:   05 5f 64 01 00 00 00 00 00 48 83 c4 20 5b c3 cc 


Stack slot to memory mapping:
stack at sp + 0 slots: 0x0 is NULL
stack at sp + 1 slots: 0x00007ffab4c1e97b ucrtbase.dll
stack at sp + 2 slots: 0x000001f4a7cb6660 points into unknown readable memory: 7b 79 e4 b9 7d 8a 00 00
stack at sp + 3 slots: 0x000001f4a7cb6650 points into unknown readable memory: cd 28 b4 6b 82 89 00 c0
stack at sp + 4 slots: 0xfffffffffffffffe is an unknown value
stack at sp + 5 slots: 0x00007ffa4a0a3be0 glass.dll
stack at sp + 6 slots: 0x000001f4a7cb6658 points into unknown readable memory: 7b 79 e4 b9 7d 8a 00 00
stack at sp + 7 slots: 0x00007ffab4c23bf6 ucrtbase.dll

VM_Operation (0x0000007698fff050): Exit, mode: safepoint, requested by thread 0x000001f4b1c5c000


---------------  P R O C E S S  ---------------

Threads class SMR info:
_java_thread_list=0x000001f4a7c881b0, length=20, elements={
0x000001f482823000, 0x000001f4a6a68800, 0x000001f4a6a69800, 0x000001f4a730c800,
0x000001f4a730e800, 0x000001f4a7311800, 0x000001f4a731e000, 0x000001f4a7329800,
0x000001f4a7300800, 0x000001f4a77fa000, 0x000001f4a7c8a000, 0x000001f4a7cbf000,
0x000001f4a7d51000, 0x000001f4a7b2a800, 0x000001f4ac87d800, 0x000001f4ac9ba000,
0x000001f4b1e1a800, 0x000001f4b1e5f800, 0x000001f4aca73800, 0x000001f4b1c5c000
}

Java Threads: ( => current thread )
  0x000001f482823000 JavaThread "main" [_thread_blocked, id=14264, stack(0x0000007697f00000,0x0000007698000000)]
  0x000001f4a6a68800 JavaThread "Reference Handler" daemon [_thread_blocked, id=16844, stack(0x0000007698600000,0x0000007698700000)]
  0x000001f4a6a69800 JavaThread "Finalizer" daemon [_thread_blocked, id=10300, stack(0x0000007698700000,0x0000007698800000)]
  0x000001f4a730c800 JavaThread "Attach Listener" daemon [_thread_blocked, id=12988, stack(0x0000007698900000,0x0000007698a00000)]
  0x000001f4a730e800 JavaThread "Service Thread" daemon [_thread_blocked, id=10988, stack(0x0000007698a00000,0x0000007698b00000)]
  0x000001f4a7311800 JavaThread "C2 CompilerThread0" daemon [_thread_blocked, id=23872, stack(0x0000007698b00000,0x0000007698c00000)]
  0x000001f4a731e000 JavaThread "C1 CompilerThread0" daemon [_thread_blocked, id=12480, stack(0x0000007698c00000,0x0000007698d00000)]
  0x000001f4a7329800 JavaThread "Sweeper thread" daemon [_thread_blocked, id=18928, stack(0x0000007698d00000,0x0000007698e00000)]
  0x000001f4a7300800 JavaThread "Common-Cleaner" daemon [_thread_blocked, id=1548, stack(0x0000007698e00000,0x0000007698f00000)]
  0x000001f4a77fa000 JavaThread "JDWP Event Helper Thread" daemon [_thread_blocked, id=13480, stack(0x0000007699200000,0x0000007699300000)]
  0x000001f4a7c8a000 JavaThread "Notification Thread" daemon [_thread_blocked, id=2344, stack(0x0000007699400000,0x0000007699500000)]
  0x000001f4a7cbf000 JavaThread "QuantumRenderer-0" daemon [_thread_blocked, id=15104, stack(0x0000007699600000,0x0000007699700000)]
  0x000001f4a7d51000 JavaThread "InvokeLaterDispatcher" daemon [_thread_blocked, id=24748, stack(0x0000007699800000,0x0000007699900000)]
  0x000001f4a7b2a800 JavaThread "JavaFX Application Thread" [_thread_blocked, id=5488, stack(0x0000007699900000,0x0000007699a00000)]
  0x000001f4ac87d800 JavaThread "JavaFX-Launcher" [_thread_blocked, id=3264, stack(0x0000007699b00000,0x0000007699c00000)]
  0x000001f4ac9ba000 JavaThread "Thread-2" daemon [_thread_in_native, id=21448, stack(0x0000007699000000,0x0000007699100000)]
  0x000001f4b1e1a800 JavaThread "Prism Font Disposer" daemon [_thread_blocked, id=10188, stack(0x000000769a400000,0x000000769a500000)]
  0x000001f4b1e5f800 JavaThread "Cleaner-0" daemon [_thread_blocked, id=7544, stack(0x000000769a500000,0x000000769a600000)]
  0x000001f4aca73800 JavaThread "mysql-cj-abandoned-connection-cleanup" daemon [_thread_blocked, id=13352, stack(0x000000769a600000,0x000000769a700000)]
  0x000001f4b1c5c000 JavaThread "SIGINT handler" daemon [_thread_blocked, id=2132, stack(0x0000007698f00000,0x0000007699000000)]

Other Threads:
=>0x000001f4a6a66800 VMThread "VM Thread" [stack: 0x0000007698500000,0x0000007698600000] [id=14364]
  0x000001f48288a800 GCTaskThread "GC Thread#0" [stack: 0x0000007698000000,0x0000007698100000] [id=21660]
  0x000001f4ac911000 GCTaskThread "GC Thread#1" [stack: 0x0000007699c00000,0x0000007699d00000] [id=11608]
  0x000001f4ac944800 GCTaskThread "GC Thread#2" [stack: 0x0000007699d00000,0x0000007699e00000] [id=14216]
  0x000001f4ac9b4000 GCTaskThread "GC Thread#3" [stack: 0x0000007699e00000,0x0000007699f00000] [id=14928]
  0x000001f4ac9b3800 GCTaskThread "GC Thread#4" [stack: 0x0000007699f00000,0x000000769a000000] [id=14000]
  0x000001f4ac9b0000 GCTaskThread "GC Thread#5" [stack: 0x000000769a000000,0x000000769a100000] [id=19660]
  0x000001f4828ac000 ConcurrentGCThread "G1 Main Marker" [stack: 0x0000007698100000,0x0000007698200000] [id=20368]
  0x000001f4828ad000 ConcurrentGCThread "G1 Conc#0" [stack: 0x0000007698200000,0x0000007698300000] [id=15996]
  0x000001f4a694d800 ConcurrentGCThread "G1 Refine#0" [stack: 0x0000007698300000,0x0000007698400000] [id=23064]
  0x000001f4a694f800 ConcurrentGCThread "G1 Young RemSet Sampling" [stack: 0x0000007698400000,0x0000007698500000] [id=4592]

Threads with active compile tasks:
C2 CompilerThread0    21296 3418   !   4       javafx.scene.CssStyleHelper::lookup (512 bytes)

VM state:at safepoint (shutting down)

VM Mutex/Monitor currently owned by a thread:  ([mutex/lock_event])
[0x000001f48281e7a0] Threads_lock - owner thread: 0x000001f4a6a66800
[0x000001f48281dab0] Heap_lock - owner thread: 0x000001f4b1c5c000

Heap address: 0x0000000700e00000, size: 4082 MB, Compressed Oops mode: Zero based, Oop shift amount: 3
Narrow klass base: 0x0000000800000000, Narrow klass shift: 3
Compressed class space size: 1073741824 Address: 0x0000000800b30000

Heap:
 garbage-first heap   total 262144K, used 27851K [0x0000000700e00000, 0x0000000800000000)
  region size 1024K, 21 young (21504K), 5 survivors (5120K)
 Metaspace       used 19760K, capacity 20540K, committed 20736K, reserved 1067008K
  class space    used 2456K, capacity 2774K, committed 2816K, reserved 1048576K
Heap Regions: E=young(eden), S=young(survivor), O=old, HS=humongous(starts), HC=humongous(continues), CS=collection set, F=free, OA=open archive, CA=closed archive, TAMS=top-at-mark-start (previous, next)
|   0|0x0000000700e00000, 0x0000000700f00000, 0x0000000700f00000|100%| O|  |TAMS 0x0000000700e00000, 0x0000000700e00000| Untracked 
|   1|0x0000000700f00000, 0x0000000701000000, 0x0000000701000000|100%|HS|  |TAMS 0x0000000700f00000, 0x0000000700f00000| Complete 
|   2|0x0000000701000000, 0x0000000701100000, 0x0000000701100000|100%|HC|  |TAMS 0x0000000701000000, 0x0000000701000000| Complete 
|   3|0x0000000701100000, 0x0000000701200000, 0x0000000701200000|100%| O|  |TAMS 0x0000000701100000, 0x0000000701100000| Untracked 
|   4|0x0000000701200000, 0x0000000701300000, 0x0000000701300000|100%| O|  |TAMS 0x0000000701200000, 0x0000000701200000| Untracked 
|   5|0x0000000701300000, 0x0000000701400000, 0x0000000701400000|100%|HS|  |TAMS 0x0000000701300000, 0x0000000701300000| Complete 
|   6|0x0000000701400000, 0x0000000701500000, 0x0000000701500000|100%|HS|  |TAMS 0x0000000701400000, 0x0000000701400000| Complete 
|   7|0x0000000701500000, 0x0000000701600000, 0x0000000701600000|100%|HC|  |TAMS 0x0000000701500000, 0x0000000701500000| Complete 
|   8|0x0000000701600000, 0x0000000701600000, 0x0000000701700000|  0%| F|  |TAMS 0x0000000701600000, 0x0000000701600000| Untracked 
|   9|0x0000000701700000, 0x0000000701700000, 0x0000000701800000|  0%| F|  |TAMS 0x0000000701700000, 0x0000000701700000| Untracked 
|  10|0x0000000701800000, 0x0000000701800000, 0x0000000701900000|  0%| F|  |TAMS 0x0000000701800000, 0x0000000701800000| Untracked 
|  11|0x0000000701900000, 0x0000000701900000, 0x0000000701a00000|  0%| F|  |TAMS 0x0000000701900000, 0x0000000701900000| Untracked 
|  12|0x0000000701a00000, 0x0000000701a00000, 0x0000000701b00000|  0%| F|  |TAMS 0x0000000701a00000, 0x0000000701a00000| Untracked 
|  13|0x0000000701b00000, 0x0000000701b00000, 0x0000000701c00000|  0%| F|  |TAMS 0x0000000701b00000, 0x0000000701b00000| Untracked 
|  14|0x0000000701c00000, 0x0000000701c00000, 0x0000000701d00000|  0%| F|  |TAMS 0x0000000701c00000, 0x0000000701c00000| Untracked 
|  15|0x0000000701d00000, 0x0000000701d00000, 0x0000000701e00000|  0%| F|  |TAMS 0x0000000701d00000, 0x0000000701d00000| Untracked 
|  16|0x0000000701e00000, 0x0000000701e00000, 0x0000000701f00000|  0%| F|  |TAMS 0x0000000701e00000, 0x0000000701e00000| Untracked 
|  17|0x0000000701f00000, 0x0000000701f00000, 0x0000000702000000|  0%| F|  |TAMS 0x0000000701f00000, 0x0000000701f00000| Untracked 
|  18|0x0000000702000000, 0x0000000702000000, 0x0000000702100000|  0%| F|  |TAMS 0x0000000702000000, 0x0000000702000000| Untracked 
|  19|0x0000000702100000, 0x0000000702100000, 0x0000000702200000|  0%| F|  |TAMS 0x0000000702100000, 0x0000000702100000| Untracked 
|  20|0x0000000702200000, 0x0000000702200000, 0x0000000702300000|  0%| F|  |TAMS 0x0000000702200000, 0x0000000702200000| Untracked 
|  21|0x0000000702300000, 0x0000000702300000, 0x0000000702400000|  0%| F|  |TAMS 0x0000000702300000, 0x0000000702300000| Untracked 
|  22|0x0000000702400000, 0x0000000702400000, 0x0000000702500000|  0%| F|  |TAMS 0x0000000702400000, 0x0000000702400000| Untracked 
|  23|0x0000000702500000, 0x0000000702500000, 0x0000000702600000|  0%| F|  |TAMS 0x0000000702500000, 0x0000000702500000| Untracked 
|  24|0x0000000702600000, 0x0000000702600000, 0x0000000702700000|  0%| F|  |TAMS 0x0000000702600000, 0x0000000702600000| Untracked 
|  25|0x0000000702700000, 0x0000000702700000, 0x0000000702800000|  0%| F|  |TAMS 0x0000000702700000, 0x0000000702700000| Untracked 
|  26|0x0000000702800000, 0x0000000702800000, 0x0000000702900000|  0%| F|  |TAMS 0x0000000702800000, 0x0000000702800000| Untracked 
|  27|0x0000000702900000, 0x0000000702900000, 0x0000000702a00000|  0%| F|  |TAMS 0x0000000702900000, 0x0000000702900000| Untracked 
|  28|0x0000000702a00000, 0x0000000702a00000, 0x0000000702b00000|  0%| F|  |TAMS 0x0000000702a00000, 0x0000000702a00000| Untracked 
|  29|0x0000000702b00000, 0x0000000702b00000, 0x0000000702c00000|  0%| F|  |TAMS 0x0000000702b00000, 0x0000000702b00000| Untracked 
|  30|0x0000000702c00000, 0x0000000702c00000, 0x0000000702d00000|  0%| F|  |TAMS 0x0000000702c00000, 0x0000000702c00000| Untracked 
|  31|0x0000000702d00000, 0x0000000702d00000, 0x0000000702e00000|  0%| F|  |TAMS 0x0000000702d00000, 0x0000000702d00000| Untracked 
|  32|0x0000000702e00000, 0x0000000702e00000, 0x0000000702f00000|  0%| F|  |TAMS 0x0000000702e00000, 0x0000000702e00000| Untracked 
|  33|0x0000000702f00000, 0x0000000702f00000, 0x0000000703000000|  0%| F|  |TAMS 0x0000000702f00000, 0x0000000702f00000| Untracked 
|  34|0x0000000703000000, 0x0000000703000000, 0x0000000703100000|  0%| F|  |TAMS 0x0000000703000000, 0x0000000703000000| Untracked 
|  35|0x0000000703100000, 0x0000000703100000, 0x0000000703200000|  0%| F|  |TAMS 0x0000000703100000, 0x0000000703100000| Untracked 
|  36|0x0000000703200000, 0x0000000703200000, 0x0000000703300000|  0%| F|  |TAMS 0x0000000703200000, 0x0000000703200000| Untracked 
|  37|0x0000000703300000, 0x0000000703300000, 0x0000000703400000|  0%| F|  |TAMS 0x0000000703300000, 0x0000000703300000| Untracked 
|  38|0x0000000703400000, 0x0000000703400000, 0x0000000703500000|  0%| F|  |TAMS 0x0000000703400000, 0x0000000703400000| Untracked 
|  39|0x0000000703500000, 0x0000000703500000, 0x0000000703600000|  0%| F|  |TAMS 0x0000000703500000, 0x0000000703500000| Untracked 
|  40|0x0000000703600000, 0x0000000703600000, 0x0000000703700000|  0%| F|  |TAMS 0x0000000703600000, 0x0000000703600000| Untracked 
|  41|0x0000000703700000, 0x0000000703700000, 0x0000000703800000|  0%| F|  |TAMS 0x0000000703700000, 0x0000000703700000| Untracked 
|  42|0x0000000703800000, 0x0000000703800000, 0x0000000703900000|  0%| F|  |TAMS 0x0000000703800000, 0x0000000703800000| Untracked 
|  43|0x0000000703900000, 0x0000000703900000, 0x0000000703a00000|  0%| F|  |TAMS 0x0000000703900000, 0x0000000703900000| Untracked 
|  44|0x0000000703a00000, 0x0000000703a00000, 0x0000000703b00000|  0%| F|  |TAMS 0x0000000703a00000, 0x0000000703a00000| Untracked 
|  45|0x0000000703b00000, 0x0000000703b00000, 0x0000000703c00000|  0%| F|  |TAMS 0x0000000703b00000, 0x0000000703b00000| Untracked 
|  46|0x0000000703c00000, 0x0000000703c00000, 0x0000000703d00000|  0%| F|  |TAMS 0x0000000703c00000, 0x0000000703c00000| Untracked 
|  47|0x0000000703d00000, 0x0000000703d00000, 0x0000000703e00000|  0%| F|  |TAMS 0x0000000703d00000, 0x0000000703d00000| Untracked 
|  48|0x0000000703e00000, 0x0000000703e00000, 0x0000000703f00000|  0%| F|  |TAMS 0x0000000703e00000, 0x0000000703e00000| Untracked 
|  49|0x0000000703f00000, 0x0000000703f00000, 0x0000000704000000|  0%| F|  |TAMS 0x0000000703f00000, 0x0000000703f00000| Untracked 
|  50|0x0000000704000000, 0x0000000704000000, 0x0000000704100000|  0%| F|  |TAMS 0x0000000704000000, 0x0000000704000000| Untracked 
|  51|0x0000000704100000, 0x0000000704100000, 0x0000000704200000|  0%| F|  |TAMS 0x0000000704100000, 0x0000000704100000| Untracked 
|  52|0x0000000704200000, 0x0000000704200000, 0x0000000704300000|  0%| F|  |TAMS 0x0000000704200000, 0x0000000704200000| Untracked 
|  53|0x0000000704300000, 0x0000000704300000, 0x0000000704400000|  0%| F|  |TAMS 0x0000000704300000, 0x0000000704300000| Untracked 
|  54|0x0000000704400000, 0x0000000704400000, 0x0000000704500000|  0%| F|  |TAMS 0x0000000704400000, 0x0000000704400000| Untracked 
|  55|0x0000000704500000, 0x0000000704500000, 0x0000000704600000|  0%| F|  |TAMS 0x0000000704500000, 0x0000000704500000| Untracked 
|  56|0x0000000704600000, 0x0000000704600000, 0x0000000704700000|  0%| F|  |TAMS 0x0000000704600000, 0x0000000704600000| Untracked 
|  57|0x0000000704700000, 0x0000000704700000, 0x0000000704800000|  0%| F|  |TAMS 0x0000000704700000, 0x0000000704700000| Untracked 
|  58|0x0000000704800000, 0x0000000704800000, 0x0000000704900000|  0%| F|  |TAMS 0x0000000704800000, 0x0000000704800000| Untracked 
|  59|0x0000000704900000, 0x0000000704900000, 0x0000000704a00000|  0%| F|  |TAMS 0x0000000704900000, 0x0000000704900000| Untracked 
|  60|0x0000000704a00000, 0x0000000704a00000, 0x0000000704b00000|  0%| F|  |TAMS 0x0000000704a00000, 0x0000000704a00000| Untracked 
|  61|0x0000000704b00000, 0x0000000704b00000, 0x0000000704c00000|  0%| F|  |TAMS 0x0000000704b00000, 0x0000000704b00000| Untracked 
|  62|0x0000000704c00000, 0x0000000704c00000, 0x0000000704d00000|  0%| F|  |TAMS 0x0000000704c00000, 0x0000000704c00000| Untracked 
|  63|0x0000000704d00000, 0x0000000704d00000, 0x0000000704e00000|  0%| F|  |TAMS 0x0000000704d00000, 0x0000000704d00000| Untracked 
|  64|0x0000000704e00000, 0x0000000704e00000, 0x0000000704f00000|  0%| F|  |TAMS 0x0000000704e00000, 0x0000000704e00000| Untracked 
|  65|0x0000000704f00000, 0x0000000704f00000, 0x0000000705000000|  0%| F|  |TAMS 0x0000000704f00000, 0x0000000704f00000| Untracked 
|  66|0x0000000705000000, 0x0000000705000000, 0x0000000705100000|  0%| F|  |TAMS 0x0000000705000000, 0x0000000705000000| Untracked 
|  67|0x0000000705100000, 0x0000000705100000, 0x0000000705200000|  0%| F|  |TAMS 0x0000000705100000, 0x0000000705100000| Untracked 
|  68|0x0000000705200000, 0x0000000705200000, 0x0000000705300000|  0%| F|  |TAMS 0x0000000705200000, 0x0000000705200000| Untracked 
|  69|0x0000000705300000, 0x0000000705300000, 0x0000000705400000|  0%| F|  |TAMS 0x0000000705300000, 0x0000000705300000| Untracked 
|  70|0x0000000705400000, 0x0000000705400000, 0x0000000705500000|  0%| F|  |TAMS 0x0000000705400000, 0x0000000705400000| Untracked 
|  71|0x0000000705500000, 0x0000000705500000, 0x0000000705600000|  0%| F|  |TAMS 0x0000000705500000, 0x0000000705500000| Untracked 
|  72|0x0000000705600000, 0x0000000705600000, 0x0000000705700000|  0%| F|  |TAMS 0x0000000705600000, 0x0000000705600000| Untracked 
|  73|0x0000000705700000, 0x0000000705700000, 0x0000000705800000|  0%| F|  |TAMS 0x0000000705700000, 0x0000000705700000| Untracked 
|  74|0x0000000705800000, 0x0000000705800000, 0x0000000705900000|  0%| F|  |TAMS 0x0000000705800000, 0x0000000705800000| Untracked 
|  75|0x0000000705900000, 0x0000000705900000, 0x0000000705a00000|  0%| F|  |TAMS 0x0000000705900000, 0x0000000705900000| Untracked 
|  76|0x0000000705a00000, 0x0000000705a00000, 0x0000000705b00000|  0%| F|  |TAMS 0x0000000705a00000, 0x0000000705a00000| Untracked 
|  77|0x0000000705b00000, 0x0000000705b00000, 0x0000000705c00000|  0%| F|  |TAMS 0x0000000705b00000, 0x0000000705b00000| Untracked 
|  78|0x0000000705c00000, 0x0000000705c00000, 0x0000000705d00000|  0%| F|  |TAMS 0x0000000705c00000, 0x0000000705c00000| Untracked 
|  79|0x0000000705d00000, 0x0000000705d00000, 0x0000000705e00000|  0%| F|  |TAMS 0x0000000705d00000, 0x0000000705d00000| Untracked 
|  80|0x0000000705e00000, 0x0000000705e00000, 0x0000000705f00000|  0%| F|  |TAMS 0x0000000705e00000, 0x0000000705e00000| Untracked 
|  81|0x0000000705f00000, 0x0000000705f00000, 0x0000000706000000|  0%| F|  |TAMS 0x0000000705f00000, 0x0000000705f00000| Untracked 
|  82|0x0000000706000000, 0x0000000706000000, 0x0000000706100000|  0%| F|  |TAMS 0x0000000706000000, 0x0000000706000000| Untracked 
|  83|0x0000000706100000, 0x0000000706100000, 0x0000000706200000|  0%| F|  |TAMS 0x0000000706100000, 0x0000000706100000| Untracked 
|  84|0x0000000706200000, 0x0000000706200000, 0x0000000706300000|  0%| F|  |TAMS 0x0000000706200000, 0x0000000706200000| Untracked 
|  85|0x0000000706300000, 0x0000000706300000, 0x0000000706400000|  0%| F|  |TAMS 0x0000000706300000, 0x0000000706300000| Untracked 
|  86|0x0000000706400000, 0x0000000706400000, 0x0000000706500000|  0%| F|  |TAMS 0x0000000706400000, 0x0000000706400000| Untracked 
|  87|0x0000000706500000, 0x0000000706500000, 0x0000000706600000|  0%| F|  |TAMS 0x0000000706500000, 0x0000000706500000| Untracked 
|  88|0x0000000706600000, 0x0000000706600000, 0x0000000706700000|  0%| F|  |TAMS 0x0000000706600000, 0x0000000706600000| Untracked 
|  89|0x0000000706700000, 0x0000000706700000, 0x0000000706800000|  0%| F|  |TAMS 0x0000000706700000, 0x0000000706700000| Untracked 
|  90|0x0000000706800000, 0x0000000706800000, 0x0000000706900000|  0%| F|  |TAMS 0x0000000706800000, 0x0000000706800000| Untracked 
|  91|0x0000000706900000, 0x0000000706900000, 0x0000000706a00000|  0%| F|  |TAMS 0x0000000706900000, 0x0000000706900000| Untracked 
|  92|0x0000000706a00000, 0x0000000706a00000, 0x0000000706b00000|  0%| F|  |TAMS 0x0000000706a00000, 0x0000000706a00000| Untracked 
|  93|0x0000000706b00000, 0x0000000706b00000, 0x0000000706c00000|  0%| F|  |TAMS 0x0000000706b00000, 0x0000000706b00000| Untracked 
|  94|0x0000000706c00000, 0x0000000706c00000, 0x0000000706d00000|  0%| F|  |TAMS 0x0000000706c00000, 0x0000000706c00000| Untracked 
|  95|0x0000000706d00000, 0x0000000706d00000, 0x0000000706e00000|  0%| F|  |TAMS 0x0000000706d00000, 0x0000000706d00000| Untracked 
|  96|0x0000000706e00000, 0x0000000706e00000, 0x0000000706f00000|  0%| F|  |TAMS 0x0000000706e00000, 0x0000000706e00000| Untracked 
|  97|0x0000000706f00000, 0x0000000706f00000, 0x0000000707000000|  0%| F|  |TAMS 0x0000000706f00000, 0x0000000706f00000| Untracked 
|  98|0x0000000707000000, 0x0000000707000000, 0x0000000707100000|  0%| F|  |TAMS 0x0000000707000000, 0x0000000707000000| Untracked 
|  99|0x0000000707100000, 0x0000000707100000, 0x0000000707200000|  0%| F|  |TAMS 0x0000000707100000, 0x0000000707100000| Untracked 
| 100|0x0000000707200000, 0x0000000707200000, 0x0000000707300000|  0%| F|  |TAMS 0x0000000707200000, 0x0000000707200000| Untracked 
| 101|0x0000000707300000, 0x0000000707300000, 0x0000000707400000|  0%| F|  |TAMS 0x0000000707300000, 0x0000000707300000| Untracked 
| 102|0x0000000707400000, 0x0000000707400000, 0x0000000707500000|  0%| F|  |TAMS 0x0000000707400000, 0x0000000707400000| Untracked 
| 103|0x0000000707500000, 0x0000000707500000, 0x0000000707600000|  0%| F|  |TAMS 0x0000000707500000, 0x0000000707500000| Untracked 
| 104|0x0000000707600000, 0x0000000707600000, 0x0000000707700000|  0%| F|  |TAMS 0x0000000707600000, 0x0000000707600000| Untracked 
| 105|0x0000000707700000, 0x0000000707700000, 0x0000000707800000|  0%| F|  |TAMS 0x0000000707700000, 0x0000000707700000| Untracked 
| 106|0x0000000707800000, 0x0000000707800000, 0x0000000707900000|  0%| F|  |TAMS 0x0000000707800000, 0x0000000707800000| Untracked 
| 107|0x0000000707900000, 0x0000000707900000, 0x0000000707a00000|  0%| F|  |TAMS 0x0000000707900000, 0x0000000707900000| Untracked 
| 108|0x0000000707a00000, 0x0000000707a00000, 0x0000000707b00000|  0%| F|  |TAMS 0x0000000707a00000, 0x0000000707a00000| Untracked 
| 109|0x0000000707b00000, 0x0000000707b00000, 0x0000000707c00000|  0%| F|  |TAMS 0x0000000707b00000, 0x0000000707b00000| Untracked 
| 110|0x0000000707c00000, 0x0000000707c00000, 0x0000000707d00000|  0%| F|  |TAMS 0x0000000707c00000, 0x0000000707c00000| Untracked 
| 111|0x0000000707d00000, 0x0000000707d00000, 0x0000000707e00000|  0%| F|  |TAMS 0x0000000707d00000, 0x0000000707d00000| Untracked 
| 112|0x0000000707e00000, 0x0000000707e00000, 0x0000000707f00000|  0%| F|  |TAMS 0x0000000707e00000, 0x0000000707e00000| Untracked 
| 113|0x0000000707f00000, 0x0000000707f00000, 0x0000000708000000|  0%| F|  |TAMS 0x0000000707f00000, 0x0000000707f00000| Untracked 
| 114|0x0000000708000000, 0x0000000708000000, 0x0000000708100000|  0%| F|  |TAMS 0x0000000708000000, 0x0000000708000000| Untracked 
| 115|0x0000000708100000, 0x0000000708100000, 0x0000000708200000|  0%| F|  |TAMS 0x0000000708100000, 0x0000000708100000| Untracked 
| 116|0x0000000708200000, 0x0000000708200000, 0x0000000708300000|  0%| F|  |TAMS 0x0000000708200000, 0x0000000708200000| Untracked 
| 117|0x0000000708300000, 0x0000000708300000, 0x0000000708400000|  0%| F|  |TAMS 0x0000000708300000, 0x0000000708300000| Untracked 
| 118|0x0000000708400000, 0x0000000708400000, 0x0000000708500000|  0%| F|  |TAMS 0x0000000708400000, 0x0000000708400000| Untracked 
| 119|0x0000000708500000, 0x0000000708500000, 0x0000000708600000|  0%| F|  |TAMS 0x0000000708500000, 0x0000000708500000| Untracked 
| 120|0x0000000708600000, 0x0000000708600000, 0x0000000708700000|  0%| F|  |TAMS 0x0000000708600000, 0x0000000708600000| Untracked 
| 121|0x0000000708700000, 0x0000000708700000, 0x0000000708800000|  0%| F|  |TAMS 0x0000000708700000, 0x0000000708700000| Untracked 
| 122|0x0000000708800000, 0x0000000708800000, 0x0000000708900000|  0%| F|  |TAMS 0x0000000708800000, 0x0000000708800000| Untracked 
| 123|0x0000000708900000, 0x0000000708900000, 0x0000000708a00000|  0%| F|  |TAMS 0x0000000708900000, 0x0000000708900000| Untracked 
| 124|0x0000000708a00000, 0x0000000708a00000, 0x0000000708b00000|  0%| F|  |TAMS 0x0000000708a00000, 0x0000000708a00000| Untracked 
| 125|0x0000000708b00000, 0x0000000708b00000, 0x0000000708c00000|  0%| F|  |TAMS 0x0000000708b00000, 0x0000000708b00000| Untracked 
| 126|0x0000000708c00000, 0x0000000708c00000, 0x0000000708d00000|  0%| F|  |TAMS 0x0000000708c00000, 0x0000000708c00000| Untracked 
| 127|0x0000000708d00000, 0x0000000708d00000, 0x0000000708e00000|  0%| F|  |TAMS 0x0000000708d00000, 0x0000000708d00000| Untracked 
| 128|0x0000000708e00000, 0x0000000708e00000, 0x0000000708f00000|  0%| F|  |TAMS 0x0000000708e00000, 0x0000000708e00000| Untracked 
| 129|0x0000000708f00000, 0x0000000708f00000, 0x0000000709000000|  0%| F|  |TAMS 0x0000000708f00000, 0x0000000708f00000| Untracked 
| 130|0x0000000709000000, 0x0000000709000000, 0x0000000709100000|  0%| F|  |TAMS 0x0000000709000000, 0x0000000709000000| Untracked 
| 131|0x0000000709100000, 0x0000000709100000, 0x0000000709200000|  0%| F|  |TAMS 0x0000000709100000, 0x0000000709100000| Untracked 
| 132|0x0000000709200000, 0x0000000709200000, 0x0000000709300000|  0%| F|  |TAMS 0x0000000709200000, 0x0000000709200000| Untracked 
| 133|0x0000000709300000, 0x0000000709300000, 0x0000000709400000|  0%| F|  |TAMS 0x0000000709300000, 0x0000000709300000| Untracked 
| 134|0x0000000709400000, 0x0000000709400000, 0x0000000709500000|  0%| F|  |TAMS 0x0000000709400000, 0x0000000709400000| Untracked 
| 135|0x0000000709500000, 0x0000000709500000, 0x0000000709600000|  0%| F|  |TAMS 0x0000000709500000, 0x0000000709500000| Untracked 
| 136|0x0000000709600000, 0x0000000709600000, 0x0000000709700000|  0%| F|  |TAMS 0x0000000709600000, 0x0000000709600000| Untracked 
| 137|0x0000000709700000, 0x0000000709700000, 0x0000000709800000|  0%| F|  |TAMS 0x0000000709700000, 0x0000000709700000| Untracked 
| 138|0x0000000709800000, 0x0000000709800000, 0x0000000709900000|  0%| F|  |TAMS 0x0000000709800000, 0x0000000709800000| Untracked 
| 139|0x0000000709900000, 0x0000000709900000, 0x0000000709a00000|  0%| F|  |TAMS 0x0000000709900000, 0x0000000709900000| Untracked 
| 140|0x0000000709a00000, 0x0000000709a00000, 0x0000000709b00000|  0%| F|  |TAMS 0x0000000709a00000, 0x0000000709a00000| Untracked 
| 141|0x0000000709b00000, 0x0000000709b00000, 0x0000000709c00000|  0%| F|  |TAMS 0x0000000709b00000, 0x0000000709b00000| Untracked 
| 142|0x0000000709c00000, 0x0000000709c00000, 0x0000000709d00000|  0%| F|  |TAMS 0x0000000709c00000, 0x0000000709c00000| Untracked 
| 143|0x0000000709d00000, 0x0000000709d00000, 0x0000000709e00000|  0%| F|  |TAMS 0x0000000709d00000, 0x0000000709d00000| Untracked 
| 144|0x0000000709e00000, 0x0000000709e00000, 0x0000000709f00000|  0%| F|  |TAMS 0x0000000709e00000, 0x0000000709e00000| Untracked 
| 145|0x0000000709f00000, 0x0000000709f00000, 0x000000070a000000|  0%| F|  |TAMS 0x0000000709f00000, 0x0000000709f00000| Untracked 
| 146|0x000000070a000000, 0x000000070a000000, 0x000000070a100000|  0%| F|  |TAMS 0x000000070a000000, 0x000000070a000000| Untracked 
| 147|0x000000070a100000, 0x000000070a100000, 0x000000070a200000|  0%| F|  |TAMS 0x000000070a100000, 0x000000070a100000| Untracked 
| 148|0x000000070a200000, 0x000000070a200000, 0x000000070a300000|  0%| F|  |TAMS 0x000000070a200000, 0x000000070a200000| Untracked 
| 149|0x000000070a300000, 0x000000070a300000, 0x000000070a400000|  0%| F|  |TAMS 0x000000070a300000, 0x000000070a300000| Untracked 
| 150|0x000000070a400000, 0x000000070a400000, 0x000000070a500000|  0%| F|  |TAMS 0x000000070a400000, 0x000000070a400000| Untracked 
| 151|0x000000070a500000, 0x000000070a500000, 0x000000070a600000|  0%| F|  |TAMS 0x000000070a500000, 0x000000070a500000| Untracked 
| 152|0x000000070a600000, 0x000000070a600000, 0x000000070a700000|  0%| F|  |TAMS 0x000000070a600000, 0x000000070a600000| Untracked 
| 153|0x000000070a700000, 0x000000070a700000, 0x000000070a800000|  0%| F|  |TAMS 0x000000070a700000, 0x000000070a700000| Untracked 
| 154|0x000000070a800000, 0x000000070a800000, 0x000000070a900000|  0%| F|  |TAMS 0x000000070a800000, 0x000000070a800000| Untracked 
| 155|0x000000070a900000, 0x000000070a900000, 0x000000070aa00000|  0%| F|  |TAMS 0x000000070a900000, 0x000000070a900000| Untracked 
| 156|0x000000070aa00000, 0x000000070aa00000, 0x000000070ab00000|  0%| F|  |TAMS 0x000000070aa00000, 0x000000070aa00000| Untracked 
| 157|0x000000070ab00000, 0x000000070ab00000, 0x000000070ac00000|  0%| F|  |TAMS 0x000000070ab00000, 0x000000070ab00000| Untracked 
| 158|0x000000070ac00000, 0x000000070ac00000, 0x000000070ad00000|  0%| F|  |TAMS 0x000000070ac00000, 0x000000070ac00000| Untracked 
| 159|0x000000070ad00000, 0x000000070ad00000, 0x000000070ae00000|  0%| F|  |TAMS 0x000000070ad00000, 0x000000070ad00000| Untracked 
| 160|0x000000070ae00000, 0x000000070ae00000, 0x000000070af00000|  0%| F|  |TAMS 0x000000070ae00000, 0x000000070ae00000| Untracked 
| 161|0x000000070af00000, 0x000000070af00000, 0x000000070b000000|  0%| F|  |TAMS 0x000000070af00000, 0x000000070af00000| Untracked 
| 162|0x000000070b000000, 0x000000070b000000, 0x000000070b100000|  0%| F|  |TAMS 0x000000070b000000, 0x000000070b000000| Untracked 
| 163|0x000000070b100000, 0x000000070b100000, 0x000000070b200000|  0%| F|  |TAMS 0x000000070b100000, 0x000000070b100000| Untracked 
| 164|0x000000070b200000, 0x000000070b200000, 0x000000070b300000|  0%| F|  |TAMS 0x000000070b200000, 0x000000070b200000| Untracked 
| 165|0x000000070b300000, 0x000000070b300000, 0x000000070b400000|  0%| F|  |TAMS 0x000000070b300000, 0x000000070b300000| Untracked 
| 166|0x000000070b400000, 0x000000070b400000, 0x000000070b500000|  0%| F|  |TAMS 0x000000070b400000, 0x000000070b400000| Untracked 
| 167|0x000000070b500000, 0x000000070b500000, 0x000000070b600000|  0%| F|  |TAMS 0x000000070b500000, 0x000000070b500000| Untracked 
| 168|0x000000070b600000, 0x000000070b600000, 0x000000070b700000|  0%| F|  |TAMS 0x000000070b600000, 0x000000070b600000| Untracked 
| 169|0x000000070b700000, 0x000000070b700000, 0x000000070b800000|  0%| F|  |TAMS 0x000000070b700000, 0x000000070b700000| Untracked 
| 170|0x000000070b800000, 0x000000070b800000, 0x000000070b900000|  0%| F|  |TAMS 0x000000070b800000, 0x000000070b800000| Untracked 
| 171|0x000000070b900000, 0x000000070b900000, 0x000000070ba00000|  0%| F|  |TAMS 0x000000070b900000, 0x000000070b900000| Untracked 
| 172|0x000000070ba00000, 0x000000070ba00000, 0x000000070bb00000|  0%| F|  |TAMS 0x000000070ba00000, 0x000000070ba00000| Untracked 
| 173|0x000000070bb00000, 0x000000070bb00000, 0x000000070bc00000|  0%| F|  |TAMS 0x000000070bb00000, 0x000000070bb00000| Untracked 
| 174|0x000000070bc00000, 0x000000070bc00000, 0x000000070bd00000|  0%| F|  |TAMS 0x000000070bc00000, 0x000000070bc00000| Untracked 
| 175|0x000000070bd00000, 0x000000070bd00000, 0x000000070be00000|  0%| F|  |TAMS 0x000000070bd00000, 0x000000070bd00000| Untracked 
| 176|0x000000070be00000, 0x000000070be00000, 0x000000070bf00000|  0%| F|  |TAMS 0x000000070be00000, 0x000000070be00000| Untracked 
| 177|0x000000070bf00000, 0x000000070bf00000, 0x000000070c000000|  0%| F|  |TAMS 0x000000070bf00000, 0x000000070bf00000| Untracked 
| 178|0x000000070c000000, 0x000000070c000000, 0x000000070c100000|  0%| F|  |TAMS 0x000000070c000000, 0x000000070c000000| Untracked 
| 179|0x000000070c100000, 0x000000070c100000, 0x000000070c200000|  0%| F|  |TAMS 0x000000070c100000, 0x000000070c100000| Untracked 
| 180|0x000000070c200000, 0x000000070c200000, 0x000000070c300000|  0%| F|  |TAMS 0x000000070c200000, 0x000000070c200000| Untracked 
| 181|0x000000070c300000, 0x000000070c300000, 0x000000070c400000|  0%| F|  |TAMS 0x000000070c300000, 0x000000070c300000| Untracked 
| 182|0x000000070c400000, 0x000000070c400000, 0x000000070c500000|  0%| F|  |TAMS 0x000000070c400000, 0x000000070c400000| Untracked 
| 183|0x000000070c500000, 0x000000070c500000, 0x000000070c600000|  0%| F|  |TAMS 0x000000070c500000, 0x000000070c500000| Untracked 
| 184|0x000000070c600000, 0x000000070c600000, 0x000000070c700000|  0%| F|  |TAMS 0x000000070c600000, 0x000000070c600000| Untracked 
| 185|0x000000070c700000, 0x000000070c700000, 0x000000070c800000|  0%| F|  |TAMS 0x000000070c700000, 0x000000070c700000| Untracked 
| 186|0x000000070c800000, 0x000000070c800000, 0x000000070c900000|  0%| F|  |TAMS 0x000000070c800000, 0x000000070c800000| Untracked 
| 187|0x000000070c900000, 0x000000070c900000, 0x000000070ca00000|  0%| F|  |TAMS 0x000000070c900000, 0x000000070c900000| Untracked 
| 188|0x000000070ca00000, 0x000000070ca00000, 0x000000070cb00000|  0%| F|  |TAMS 0x000000070ca00000, 0x000000070ca00000| Untracked 
| 189|0x000000070cb00000, 0x000000070cb00000, 0x000000070cc00000|  0%| F|  |TAMS 0x000000070cb00000, 0x000000070cb00000| Untracked 
| 190|0x000000070cc00000, 0x000000070cc00000, 0x000000070cd00000|  0%| F|  |TAMS 0x000000070cc00000, 0x000000070cc00000| Untracked 
| 191|0x000000070cd00000, 0x000000070cd00000, 0x000000070ce00000|  0%| F|  |TAMS 0x000000070cd00000, 0x000000070cd00000| Untracked 
| 192|0x000000070ce00000, 0x000000070ce00000, 0x000000070cf00000|  0%| F|  |TAMS 0x000000070ce00000, 0x000000070ce00000| Untracked 
| 193|0x000000070cf00000, 0x000000070cf00000, 0x000000070d000000|  0%| F|  |TAMS 0x000000070cf00000, 0x000000070cf00000| Untracked 
| 194|0x000000070d000000, 0x000000070d000000, 0x000000070d100000|  0%| F|  |TAMS 0x000000070d000000, 0x000000070d000000| Untracked 
| 195|0x000000070d100000, 0x000000070d100000, 0x000000070d200000|  0%| F|  |TAMS 0x000000070d100000, 0x000000070d100000| Untracked 
| 196|0x000000070d200000, 0x000000070d200000, 0x000000070d300000|  0%| F|  |TAMS 0x000000070d200000, 0x000000070d200000| Untracked 
| 197|0x000000070d300000, 0x000000070d300000, 0x000000070d400000|  0%| F|  |TAMS 0x000000070d300000, 0x000000070d300000| Untracked 
| 198|0x000000070d400000, 0x000000070d400000, 0x000000070d500000|  0%| F|  |TAMS 0x000000070d400000, 0x000000070d400000| Untracked 
| 199|0x000000070d500000, 0x000000070d500000, 0x000000070d600000|  0%| F|  |TAMS 0x000000070d500000, 0x000000070d500000| Untracked 
| 200|0x000000070d600000, 0x000000070d600000, 0x000000070d700000|  0%| F|  |TAMS 0x000000070d600000, 0x000000070d600000| Untracked 
| 201|0x000000070d700000, 0x000000070d700000, 0x000000070d800000|  0%| F|  |TAMS 0x000000070d700000, 0x000000070d700000| Untracked 
| 202|0x000000070d800000, 0x000000070d800000, 0x000000070d900000|  0%| F|  |TAMS 0x000000070d800000, 0x000000070d800000| Untracked 
| 203|0x000000070d900000, 0x000000070d900000, 0x000000070da00000|  0%| F|  |TAMS 0x000000070d900000, 0x000000070d900000| Untracked 
| 204|0x000000070da00000, 0x000000070da00000, 0x000000070db00000|  0%| F|  |TAMS 0x000000070da00000, 0x000000070da00000| Untracked 
| 205|0x000000070db00000, 0x000000070db00000, 0x000000070dc00000|  0%| F|  |TAMS 0x000000070db00000, 0x000000070db00000| Untracked 
| 206|0x000000070dc00000, 0x000000070dc00000, 0x000000070dd00000|  0%| F|  |TAMS 0x000000070dc00000, 0x000000070dc00000| Untracked 
| 207|0x000000070dd00000, 0x000000070dd00000, 0x000000070de00000|  0%| F|  |TAMS 0x000000070dd00000, 0x000000070dd00000| Untracked 
| 208|0x000000070de00000, 0x000000070de00000, 0x000000070df00000|  0%| F|  |TAMS 0x000000070de00000, 0x000000070de00000| Untracked 
| 209|0x000000070df00000, 0x000000070df00000, 0x000000070e000000|  0%| F|  |TAMS 0x000000070df00000, 0x000000070df00000| Untracked 
| 210|0x000000070e000000, 0x000000070e000000, 0x000000070e100000|  0%| F|  |TAMS 0x000000070e000000, 0x000000070e000000| Untracked 
| 211|0x000000070e100000, 0x000000070e100000, 0x000000070e200000|  0%| F|  |TAMS 0x000000070e100000, 0x000000070e100000| Untracked 
| 212|0x000000070e200000, 0x000000070e200000, 0x000000070e300000|  0%| F|  |TAMS 0x000000070e200000, 0x000000070e200000| Untracked 
| 213|0x000000070e300000, 0x000000070e300000, 0x000000070e400000|  0%| F|  |TAMS 0x000000070e300000, 0x000000070e300000| Untracked 
| 214|0x000000070e400000, 0x000000070e400000, 0x000000070e500000|  0%| F|  |TAMS 0x000000070e400000, 0x000000070e400000| Untracked 
| 215|0x000000070e500000, 0x000000070e500000, 0x000000070e600000|  0%| F|  |TAMS 0x000000070e500000, 0x000000070e500000| Untracked 
| 216|0x000000070e600000, 0x000000070e600000, 0x000000070e700000|  0%| F|  |TAMS 0x000000070e600000, 0x000000070e600000| Untracked 
| 217|0x000000070e700000, 0x000000070e732e70, 0x000000070e800000| 19%| S|CS|TAMS 0x000000070e700000, 0x000000070e700000| Complete 
| 218|0x000000070e800000, 0x000000070e900000, 0x000000070e900000|100%| S|CS|TAMS 0x000000070e800000, 0x000000070e800000| Complete 
| 219|0x000000070e900000, 0x000000070ea00000, 0x000000070ea00000|100%| S|CS|TAMS 0x000000070e900000, 0x000000070e900000| Complete 
| 220|0x000000070ea00000, 0x000000070eb00000, 0x000000070eb00000|100%| S|CS|TAMS 0x000000070ea00000, 0x000000070ea00000| Complete 
| 221|0x000000070eb00000, 0x000000070ec00000, 0x000000070ec00000|100%| S|CS|TAMS 0x000000070eb00000, 0x000000070eb00000| Complete 
| 222|0x000000070ec00000, 0x000000070ec00000, 0x000000070ed00000|  0%| F|  |TAMS 0x000000070ec00000, 0x000000070ec00000| Untracked 
| 223|0x000000070ed00000, 0x000000070ed00000, 0x000000070ee00000|  0%| F|  |TAMS 0x000000070ed00000, 0x000000070ed00000| Untracked 
| 224|0x000000070ee00000, 0x000000070ee00000, 0x000000070ef00000|  0%| F|  |TAMS 0x000000070ee00000, 0x000000070ee00000| Untracked 
| 225|0x000000070ef00000, 0x000000070ef00000, 0x000000070f000000|  0%| F|  |TAMS 0x000000070ef00000, 0x000000070ef00000| Untracked 
| 226|0x000000070f000000, 0x000000070f000000, 0x000000070f100000|  0%| F|  |TAMS 0x000000070f000000, 0x000000070f000000| Untracked 
| 227|0x000000070f100000, 0x000000070f100000, 0x000000070f200000|  0%| F|  |TAMS 0x000000070f100000, 0x000000070f100000| Untracked 
| 228|0x000000070f200000, 0x000000070f200000, 0x000000070f300000|  0%| F|  |TAMS 0x000000070f200000, 0x000000070f200000| Untracked 
| 229|0x000000070f300000, 0x000000070f300000, 0x000000070f400000|  0%| F|  |TAMS 0x000000070f300000, 0x000000070f300000| Untracked 
| 230|0x000000070f400000, 0x000000070f400000, 0x000000070f500000|  0%| F|  |TAMS 0x000000070f400000, 0x000000070f400000| Untracked 
| 231|0x000000070f500000, 0x000000070f500000, 0x000000070f600000|  0%| F|  |TAMS 0x000000070f500000, 0x000000070f500000| Untracked 
| 232|0x000000070f600000, 0x000000070f600000, 0x000000070f700000|  0%| F|  |TAMS 0x000000070f600000, 0x000000070f600000| Untracked 
| 233|0x000000070f700000, 0x000000070f700000, 0x000000070f800000|  0%| F|  |TAMS 0x000000070f700000, 0x000000070f700000| Untracked 
| 234|0x000000070f800000, 0x000000070f800000, 0x000000070f900000|  0%| F|  |TAMS 0x000000070f800000, 0x000000070f800000| Untracked 
| 235|0x000000070f900000, 0x000000070f900000, 0x000000070fa00000|  0%| F|  |TAMS 0x000000070f900000, 0x000000070f900000| Untracked 
| 236|0x000000070fa00000, 0x000000070fa00000, 0x000000070fb00000|  0%| F|  |TAMS 0x000000070fa00000, 0x000000070fa00000| Untracked 
| 237|0x000000070fb00000, 0x000000070fb00000, 0x000000070fc00000|  0%| F|  |TAMS 0x000000070fb00000, 0x000000070fb00000| Untracked 
| 238|0x000000070fc00000, 0x000000070fc00000, 0x000000070fd00000|  0%| F|  |TAMS 0x000000070fc00000, 0x000000070fc00000| Untracked 
| 239|0x000000070fd00000, 0x000000070fd00000, 0x000000070fe00000|  0%| F|  |TAMS 0x000000070fd00000, 0x000000070fd00000| Untracked 
| 240|0x000000070fe00000, 0x000000070fefd1b0, 0x000000070ff00000| 98%| E|  |TAMS 0x000000070fe00000, 0x000000070fe00000| Complete 
| 241|0x000000070ff00000, 0x0000000710000000, 0x0000000710000000|100%| E|CS|TAMS 0x000000070ff00000, 0x000000070ff00000| Complete 
| 242|0x0000000710000000, 0x0000000710100000, 0x0000000710100000|100%| E|CS|TAMS 0x0000000710000000, 0x0000000710000000| Complete 
| 243|0x0000000710100000, 0x0000000710200000, 0x0000000710200000|100%| E|CS|TAMS 0x0000000710100000, 0x0000000710100000| Complete 
| 244|0x0000000710200000, 0x0000000710300000, 0x0000000710300000|100%| E|CS|TAMS 0x0000000710200000, 0x0000000710200000| Complete 
| 245|0x0000000710300000, 0x0000000710400000, 0x0000000710400000|100%| E|CS|TAMS 0x0000000710300000, 0x0000000710300000| Complete 
| 246|0x0000000710400000, 0x0000000710500000, 0x0000000710500000|100%| E|CS|TAMS 0x0000000710400000, 0x0000000710400000| Complete 
| 247|0x0000000710500000, 0x0000000710600000, 0x0000000710600000|100%| E|CS|TAMS 0x0000000710500000, 0x0000000710500000| Complete 
| 248|0x0000000710600000, 0x0000000710700000, 0x0000000710700000|100%| E|CS|TAMS 0x0000000710600000, 0x0000000710600000| Complete 
| 249|0x0000000710700000, 0x0000000710800000, 0x0000000710800000|100%| E|CS|TAMS 0x0000000710700000, 0x0000000710700000| Complete 
| 250|0x0000000710800000, 0x0000000710900000, 0x0000000710900000|100%| E|CS|TAMS 0x0000000710800000, 0x0000000710800000| Complete 
| 251|0x0000000710900000, 0x0000000710a00000, 0x0000000710a00000|100%| E|CS|TAMS 0x0000000710900000, 0x0000000710900000| Complete 
| 252|0x0000000710a00000, 0x0000000710b00000, 0x0000000710b00000|100%| E|CS|TAMS 0x0000000710a00000, 0x0000000710a00000| Complete 
| 253|0x0000000710b00000, 0x0000000710c00000, 0x0000000710c00000|100%| E|CS|TAMS 0x0000000710b00000, 0x0000000710b00000| Complete 
| 254|0x0000000710c00000, 0x0000000710d00000, 0x0000000710d00000|100%| E|CS|TAMS 0x0000000710c00000, 0x0000000710c00000| Complete 
| 255|0x0000000710d00000, 0x0000000710e00000, 0x0000000710e00000|100%| E|CS|TAMS 0x0000000710d00000, 0x0000000710d00000| Complete 

Card table byte_map: [0x000001f49ad20000,0x000001f49b520000] _byte_map_base: 0x000001f497519000

Marking Bits (Prev, Next): (CMBitMap*) 0x000001f48288b098, (CMBitMap*) 0x000001f48288b0d8
 Prev Bits: [0x000001f49bd20000, 0x000001f49fce8000)
 Next Bits: [0x000001f49fcf0000, 0x000001f4a3cb8000)

Polling page: 0x000001f4807a0000

Metaspace:

Usage:
  Non-class:     17.35 MB capacity,    16.90 MB ( 97%) used,   379.57 KB (  2%) free+waste,    82.50 KB ( <1%) overhead. 
      Class:      2.71 MB capacity,     2.40 MB ( 89%) used,   275.05 KB ( 10%) free+waste,    42.06 KB (  2%) overhead. 
       Both:     20.06 MB capacity,    19.30 MB ( 96%) used,   654.63 KB (  3%) free+waste,   124.56 KB ( <1%) overhead. 

Virtual space:
  Non-class space:       18.00 MB reserved,      17.50 MB ( 97%) committed 
      Class space:        1.00 GB reserved,       2.75 MB ( <1%) committed 
             Both:        1.02 GB reserved,      20.25 MB (  2%) committed 

Chunk freelists:
   Non-Class:  26.00 KB
       Class:  10.00 KB
        Both:  36.00 KB

MaxMetaspaceSize: 17179869184.00 GB
CompressedClassSpaceSize: 1.00 GB

CodeHeap 'non-profiled nmethods': size=120000Kb used=2028Kb max_used=2028Kb free=117971Kb
 bounds [0x000001f492aa0000, 0x000001f492d10000, 0x000001f499fd0000]
CodeHeap 'profiled nmethods': size=120000Kb used=6703Kb max_used=6703Kb free=113296Kb
 bounds [0x000001f48b570000, 0x000001f48bc00000, 0x000001f492aa0000]
CodeHeap 'non-nmethods': size=5760Kb used=1570Kb max_used=1650Kb free=4189Kb
 bounds [0x000001f48afd0000, 0x000001f48b240000, 0x000001f48b570000]
 total_blobs=4241 nmethods=3417 adapters=734
 compilation: enabled
              stopped_count=0, restarted_count=0
 full_count=0

Compilation events (20 events):
Event: 20.574 Thread 0x000001f4a731e000 3409       1       javafx.scene.layout.CornerRadii::isTopLeftHorizontalRadiusAsPercentage (5 bytes)
Event: 20.574 Thread 0x000001f4a731e000 nmethod 3409 0x000001f492c97b90 code [0x000001f492c97d20, 0x000001f492c97df8]
Event: 20.574 Thread 0x000001f4a731e000 3410       1       javafx.scene.layout.CornerRadii::isTopLeftVerticalRadiusAsPercentage (5 bytes)
Event: 20.574 Thread 0x000001f4a731e000 nmethod 3410 0x000001f492c97e90 code [0x000001f492c98020, 0x000001f492c980f8]
Event: 20.574 Thread 0x000001f4a731e000 3411       1       javafx.scene.layout.CornerRadii::isTopRightVerticalRadiusAsPercentage (5 bytes)
Event: 20.574 Thread 0x000001f4a731e000 nmethod 3411 0x000001f492c98190 code [0x000001f492c98320, 0x000001f492c983f8]
Event: 20.574 Thread 0x000001f4a731e000 3412       1       javafx.scene.layout.CornerRadii::isTopRightHorizontalRadiusAsPercentage (5 bytes)
Event: 20.574 Thread 0x000001f4a731e000 nmethod 3412 0x000001f492c98490 code [0x000001f492c98620, 0x000001f492c986f8]
Event: 20.574 Thread 0x000001f4a731e000 3413       1       javafx.scene.layout.CornerRadii::isBottomRightHorizontalRadiusAsPercentage (5 bytes)
Event: 20.574 Thread 0x000001f4a731e000 nmethod 3413 0x000001f492c98790 code [0x000001f492c98920, 0x000001f492c989f8]
Event: 20.574 Thread 0x000001f4a731e000 3414       1       javafx.scene.layout.CornerRadii::isBottomRightVerticalRadiusAsPercentage (5 bytes)
Event: 20.574 Thread 0x000001f4a731e000 nmethod 3414 0x000001f492c98a90 code [0x000001f492c98c20, 0x000001f492c98cf8]
Event: 20.574 Thread 0x000001f4a731e000 3415       1       javafx.scene.layout.CornerRadii::isBottomLeftVerticalRadiusAsPercentage (5 bytes)
Event: 20.574 Thread 0x000001f4a731e000 nmethod 3415 0x000001f492c98d90 code [0x000001f492c98f20, 0x000001f492c98ff8]
Event: 20.574 Thread 0x000001f4a731e000 3419       3       com.sun.javafx.css.CascadingStyle::<init> (42 bytes)
Event: 20.574 Thread 0x000001f4a7311800 nmethod 3400 0x000001f492c99090 code [0x000001f492c994a0, 0x000001f492c9a3d0]
Event: 20.574 Thread 0x000001f4a731e000 nmethod 3419 0x000001f48bbfb810 code [0x000001f48bbfb9c0, 0x000001f48bbfbca8]
Event: 20.574 Thread 0x000001f4a731e000 3416       1       javafx.scene.layout.CornerRadii::isBottomLeftHorizontalRadiusAsPercentage (5 bytes)
Event: 20.574 Thread 0x000001f4a7311800 3418   !   4       javafx.scene.CssStyleHelper::lookup (512 bytes)
Event: 20.574 Thread 0x000001f4a731e000 nmethod 3416 0x000001f492c9ad90 code [0x000001f492c9af20, 0x000001f492c9aff8]

GC Heap History (4 events):
Event: 0.474 GC heap before
{Heap before GC invocations=0 (full 0):
 garbage-first heap   total 262144K, used 23552K [0x0000000700e00000, 0x0000000800000000)
  region size 1024K, 23 young (23552K), 0 survivors (0K)
 Metaspace       used 7132K, capacity 8940K, committed 9088K, reserved 1056768K
  class space    used 891K, capacity 1116K, committed 1152K, reserved 1048576K
}
Event: 0.477 GC heap after
{Heap after GC invocations=1 (full 0):
 garbage-first heap   total 262144K, used 3319K [0x0000000700e00000, 0x0000000800000000)
  region size 1024K, 3 young (3072K), 3 survivors (3072K)
 Metaspace       used 7132K, capacity 8940K, committed 9088K, reserved 1056768K
  class space    used 891K, capacity 1116K, committed 1152K, reserved 1048576K
}
Event: 2.859 GC heap before
{Heap before GC invocations=1 (full 0):
 garbage-first heap   total 262144K, used 36087K [0x0000000700e00000, 0x0000000800000000)
  region size 1024K, 34 young (34816K), 3 survivors (3072K)
 Metaspace       used 15362K, capacity 16287K, committed 16512K, reserved 1062912K
  class space    used 2071K, capacity 2382K, committed 2432K, reserved 1048576K
}
Event: 2.864 GC heap after
{Heap after GC invocations=2 (full 0):
 garbage-first heap   total 262144K, used 9419K [0x0000000700e00000, 0x0000000800000000)
  region size 1024K, 5 young (5120K), 5 survivors (5120K)
 Metaspace       used 15362K, capacity 16287K, committed 16512K, reserved 1062912K
  class space    used 2071K, capacity 2382K, committed 2432K, reserved 1048576K
}

Deoptimization events (20 events):
Event: 3.475 Thread 0x000001f4a7cbf000 DEOPT PACKING pc=0x000001f492c35d80 sp=0x00000076996fc6b0
Event: 3.475 Thread 0x000001f4a7cbf000 DEOPT UNPACKING pc=0x000001f48b01912f sp=0x00000076996fc4d0 mode 2
Event: 4.260 Thread 0x000001f4a7cbf000 DEOPT PACKING pc=0x000001f48b97c9ef sp=0x00000076996fc620
Event: 4.260 Thread 0x000001f4a7cbf000 DEOPT UNPACKING pc=0x000001f48b01964e sp=0x00000076996fbae8 mode 0
Event: 4.261 Thread 0x000001f4a7cbf000 DEOPT PACKING pc=0x000001f48b97ca7d sp=0x00000076996fc620
Event: 4.261 Thread 0x000001f4a7cbf000 DEOPT UNPACKING pc=0x000001f48b01964e sp=0x00000076996fbae8 mode 0
Event: 4.635 Thread 0x000001f4a7cbf000 DEOPT PACKING pc=0x000001f48b97c54d sp=0x00000076996fd3b0
Event: 4.635 Thread 0x000001f4a7cbf000 DEOPT UNPACKING pc=0x000001f48b01964e sp=0x00000076996fc878 mode 0
Event: 4.683 Thread 0x000001f4a7cbf000 DEOPT PACKING pc=0x000001f48b97c54d sp=0x00000076996fd3b0
Event: 4.683 Thread 0x000001f4a7cbf000 DEOPT UNPACKING pc=0x000001f48b01964e sp=0x00000076996fc878 mode 0
Event: 20.555 Thread 0x000001f4a7b2a800 DEOPT PACKING pc=0x000001f48ba3a5a2 sp=0x00000076999f9950
Event: 20.555 Thread 0x000001f4a7b2a800 DEOPT UNPACKING pc=0x000001f48b01964e sp=0x00000076999f8f40 mode 0
Event: 20.564 Thread 0x000001f4a7b2a800 DEOPT PACKING pc=0x000001f48b770ee4 sp=0x00000076999fa0f0
Event: 20.564 Thread 0x000001f4a7b2a800 DEOPT UNPACKING pc=0x000001f48b01964e sp=0x00000076999f95c0 mode 1
Event: 20.565 Thread 0x000001f4a7b2a800 Uncommon trap: trap_request=0xffffffd6 fr.pc=0x000001f492c1d628 relative=0x0000000000002448
Event: 20.565 Thread 0x000001f4a7b2a800 Uncommon trap: reason=array_check action=maybe_recompile pc=0x000001f492c1d628 method=javafx.css.SimpleSelector.applies(Ljavafx/css/Styleable;[Ljava/util/Set;I)Z @ 37 c2
Event: 20.565 Thread 0x000001f4a7b2a800 DEOPT PACKING pc=0x000001f492c1d628 sp=0x00000076999f9480
Event: 20.565 Thread 0x000001f4a7b2a800 DEOPT UNPACKING pc=0x000001f48b01912f sp=0x00000076999f9440 mode 2
Event: 20.577 Thread 0x000001f4b1c5e800 DEOPT PACKING pc=0x000001f48b6fc354 sp=0x00000076991ff500
Event: 20.577 Thread 0x000001f4b1c5e800 DEOPT UNPACKING pc=0x000001f48b01964e sp=0x00000076991fe960 mode 1

Classes unloaded (0 events):
No events

Classes redefined (0 events):
No events

Internal exceptions (20 events):
Event: 0.529 Thread 0x000001f4a7b2a800 Exception <a 'java/lang/NoSuchMethodError'{0x0000000710832618}: 'void java.lang.invoke.DirectMethodHandle$Holder.invokeStaticInit(java.lang.Object, java.lang.Object)'> (0x0000000710832618) 
thrown [./open/src/hotspot/share/interpreter/linkResolver.cpp, line 766]
Event: 0.556 Thread 0x000001f4a7b2a800 Exception <a 'sun/nio/fs/WindowsException'{0x00000007107e28e8}> (0x00000007107e28e8) 
thrown [./open/src/hotspot/share/prims/jni.cpp, line 599]
Event: 0.582 Thread 0x000001f4a7b2a800 Exception <a 'java/lang/NoSuchMethodError'{0x00000007106837a0}: 'java.lang.Object java.lang.invoke.Invokers$Holder.linkToTargetMethod(java.lang.Object, int, java.lang.Object)'> (0x00000007106837a0) 
thrown [./open/src/hotspot/share/interpreter/linkResolver.cpp, line 766]
Event: 0.596 Thread 0x000001f4a7b2a800 Exception <a 'java/io/FileNotFoundException'{0x0000000710502b70}> (0x0000000710502b70) 
thrown [./open/src/hotspot/share/prims/jni.cpp, line 599]
Event: 0.598 Thread 0x000001f4a7b2a800 Exception <a 'java/io/FileNotFoundException'{0x000000071051d948}> (0x000000071051d948) 
thrown [./open/src/hotspot/share/prims/jni.cpp, line 599]
Event: 0.626 Thread 0x000001f4a7b2a800 Exception <a 'sun/nio/fs/WindowsException'{0x000000071034fb08}> (0x000000071034fb08) 
thrown [./open/src/hotspot/share/prims/jni.cpp, line 599]
Event: 0.632 Thread 0x000001f4a7b2a800 Implicit null exception at 0x000001f492b07566 to 0x000001f492b07cb0
Event: 0.752 Thread 0x000001f4a7b2a800 Exception <a 'java/lang/NoSuchMethodError'{0x000000070fd144b8}: 'java.lang.Object java.lang.invoke.DirectMethodHandle$Holder.invokeInterface(java.lang.Object, java.lang.Object, java.lang.Object)'> (0x000000070fd144b8) 
thrown [./open/src/hotspot/share/interpreter/linkResolver.cpp, line 766]
Event: 0.752 Thread 0x000001f4a7b2a800 Exception <a 'java/lang/IncompatibleClassChangeError'{0x000000070fd17348}: Found class java.lang.Object, but interface was expected> (0x000000070fd17348) 
thrown [./open/src/hotspot/share/interpreter/linkResolver.cpp, line 832]
Event: 0.812 Thread 0x000001f4a7cbf000 Exception <a 'java/lang/NoSuchMethodError'{0x000000070fa19680}: 'int java.lang.invoke.DirectMethodHandle$Holder.invokeStaticInit(java.lang.Object, java.lang.Object)'> (0x000000070fa19680) 
thrown [./open/src/hotspot/share/interpreter/linkResolver.cpp, line 766]
Event: 1.626 Thread 0x000001f4a7b2a800 Exception <a 'java/lang/NoSuchMethodError'{0x000000070f3c4290}: 'long java.lang.invoke.DirectMethodHandle$Holder.invokeStatic(java.lang.Object, java.lang.Object, java.lang.Object)'> (0x000000070f3c4290) 
thrown [./open/src/hotspot/share/interpreter/linkResolver.cpp, line 766]
Event: 1.626 Thread 0x000001f4a7b2a800 Exception <a 'java/lang/NoSuchMethodError'{0x000000070f3c6f38}: 'long java.lang.invoke.DirectMethodHandle$Holder.invokeStaticInit(java.lang.Object, java.lang.Object, java.lang.Object)'> (0x000000070f3c6f38) 
thrown [./open/src/hotspot/share/interpreter/linkResolver.cpp, line 766]
Event: 1.628 Thread 0x000001f4a7b2a800 Exception <a 'java/lang/NoSuchMethodError'{0x000000070f3db448}: 'java.lang.Object java.lang.invoke.Invokers$Holder.linkToTargetMethod(java.lang.Object, long, java.lang.Object)'> (0x000000070f3db448) 
thrown [./open/src/hotspot/share/interpreter/linkResolver.cpp, line 766]
Event: 1.793 Thread 0x000001f4a7b2a800 Exception <a 'java/lang/ClassNotFoundException'{0x000000070f198838}: com/sun/javafx/scene/control/skin/resources/controls> (0x000000070f198838) 
thrown [./open/src/hotspot/share/prims/jni.cpp, line 620]
Event: 1.794 Thread 0x000001f4a7b2a800 Exception <a 'java/lang/ClassNotFoundException'{0x000000070f1a6600}: com/sun/javafx/scene/control/skin/resources/controls_ru> (0x000000070f1a6600) 
thrown [./open/src/hotspot/share/prims/jni.cpp, line 620]
Event: 1.794 Thread 0x000001f4a7b2a800 Exception <a 'java/lang/ClassNotFoundException'{0x000000070f1a7ab0}: com/sun/javafx/scene/control/skin/resources/controls_ru_RU> (0x000000070f1a7ab0) 
thrown [./open/src/hotspot/share/prims/jni.cpp, line 620]
Event: 2.848 Thread 0x000001f4a7b2a800 Exception <a 'sun/nio/fs/WindowsException'{0x000000070ec2e4a8}> (0x000000070ec2e4a8) 
thrown [./open/src/hotspot/share/prims/jni.cpp, line 599]
Event: 2.954 Thread 0x000001f4a7b2a800 Exception <a 'java/lang/ClassNotFoundException'{0x0000000710862380}: jdk/net/ExtendedSocketOptions> (0x0000000710862380) 
thrown [./open/src/hotspot/share/classfile/systemDictionary.cpp, line 226]
Event: 3.047 Thread 0x000001f4a7cbf000 Exception <a 'java/lang/NoSuchMethodError'{0x0000000710520eb8}: 'java.lang.Object java.lang.invoke.DirectMethodHandle$Holder.invokeStaticInit(java.lang.Object, int)'> (0x0000000710520eb8) 
thrown [./open/src/hotspot/share/interpreter/linkResolver.cpp, line 766]
Event: 3.100 Thread 0x000001f4a7b2a800 Exception <a 'java/lang/NoSuchMethodError'{0x00000007106ee3e0}: 'java.lang.Object java.lang.invoke.DirectMethodHandle$Holder.invokeStatic(java.lang.Object, java.lang.Object, java.lang.Object, double, double, double, double, int, int, int, int, int, int, int, int, int)'> (0x00000007106ee3e0) 
thrown [./open/src/hotspot/share/interpreter/linkResolver.cpp, line 766]

Events (20 events):
Event: 20.575 loading class jdk/internal/misc/Signal$1 done
Event: 20.576 Thread 0x000001f4b1c5c000 Thread added: 0x000001f4b1c5c000
Event: 20.576 Executing VM operation: HandshakeOneThread
Event: 20.576 Executing VM operation: HandshakeOneThread done
Event: 20.576 Thread 0x000001f4b1c5e800 Thread added: 0x000001f4b1c5e800
Event: 20.576 Thread 0x000001f4b1c58800 Thread added: 0x000001f4b1c58800
Event: 20.576 Executing VM operation: HandshakeOneThread
Event: 20.576 Executing VM operation: HandshakeOneThread done
Event: 20.576 Executing VM operation: HandshakeOneThread
Event: 20.576 Executing VM operation: HandshakeOneThread done
Event: 20.576 Executing VM operation: HandshakeOneThread
Event: 20.577 Executing VM operation: HandshakeOneThread done
Event: 20.577 Executing VM operation: HandshakeOneThread
Event: 20.577 Executing VM operation: HandshakeOneThread done
Event: 20.577 Executing VM operation: HandshakeOneThread
Event: 20.577 Executing VM operation: HandshakeOneThread done
Event: 20.577 Thread 0x000001f4b1c5e800 Thread exited: 0x000001f4b1c5e800
Event: 20.577 Thread 0x000001f4b1c58800 Thread exited: 0x000001f4b1c58800
Event: 20.577 Executing VM operation: Exit
Event: 20.578 Thread 0x000001f4a7308800 Thread exited: 0x000001f4a7308800


Dynamic libraries:
0x00007ff640050000 - 0x00007ff64005f000 	C:\Program Files\Java\jdk-14.0.2\bin\java.exe
0x00007ffab7430000 - 0x00007ffab7626000 	C:\WINDOWS\SYSTEM32\ntdll.dll
0x00007ffab6850000 - 0x00007ffab690d000 	C:\WINDOWS\System32\KERNEL32.DLL
0x00007ffab50b0000 - 0x00007ffab5379000 	C:\WINDOWS\System32\KERNELBASE.dll
0x00007ffab4c10000 - 0x00007ffab4d10000 	C:\WINDOWS\System32\ucrtbase.dll
0x00007ffaaf790000 - 0x00007ffaaf7a8000 	C:\Program Files\Java\jdk-14.0.2\bin\jli.dll
0x00007ffaaf7b0000 - 0x00007ffaaf7c5000 	C:\Program Files\Java\jdk-14.0.2\bin\VCRUNTIME140.dll
0x00007ffab5fd0000 - 0x00007ffab607c000 	C:\WINDOWS\System32\ADVAPI32.dll
0x00007ffab5d60000 - 0x00007ffab5dfe000 	C:\WINDOWS\System32\msvcrt.dll
0x00007ffab70a0000 - 0x00007ffab713c000 	C:\WINDOWS\System32\sechost.dll
0x00007ffab7140000 - 0x00007ffab726b000 	C:\WINDOWS\System32\RPCRT4.dll
0x00007ffab6c70000 - 0x00007ffab6e10000 	C:\WINDOWS\System32\USER32.dll
0x00007ffab5380000 - 0x00007ffab53a2000 	C:\WINDOWS\System32\win32u.dll
0x00007ffa9d7f0000 - 0x00007ffa9da8b000 	C:\WINDOWS\WinSxS\amd64_microsoft.windows.common-controls_6595b64144ccf1df_6.0.19041.488_none_ca04af081b815d21\COMCTL32.dll
0x00007ffab5f40000 - 0x00007ffab5f6a000 	C:\WINDOWS\System32\GDI32.dll
0x00007ffab4d10000 - 0x00007ffab4e19000 	C:\WINDOWS\System32\gdi32full.dll
0x00007ffab4b70000 - 0x00007ffab4c0d000 	C:\WINDOWS\System32\msvcp_win.dll
0x00007ffaacb20000 - 0x00007ffaacb2a000 	C:\WINDOWS\SYSTEM32\VERSION.dll
0x00007ffab72d0000 - 0x00007ffab7300000 	C:\WINDOWS\System32\IMM32.DLL
0x00007ffaaf6f0000 - 0x00007ffaaf78b000 	C:\Program Files\Java\jdk-14.0.2\bin\msvcp140.dll
0x00007ffa4b1b0000 - 0x00007ffa4bcce000 	C:\Program Files\Java\jdk-14.0.2\bin\server\jvm.dll
0x00007ffab5eb0000 - 0x00007ffab5eb8000 	C:\WINDOWS\System32\PSAPI.DLL
0x00007ffaa10f0000 - 0x00007ffaa10f9000 	C:\WINDOWS\SYSTEM32\WSOCK32.dll
0x00007ffaa1fe0000 - 0x00007ffaa2007000 	C:\WINDOWS\SYSTEM32\WINMM.dll
0x00007ffab6500000 - 0x00007ffab656b000 	C:\WINDOWS\System32\WS2_32.dll
0x00007ffab3430000 - 0x00007ffab3442000 	C:\WINDOWS\SYSTEM32\kernel.appcore.dll
0x00007ffab1f30000 - 0x00007ffab1f3a000 	C:\Program Files\Java\jdk-14.0.2\bin\jimage.dll
0x00007ffab2910000 - 0x00007ffab2af4000 	C:\WINDOWS\SYSTEM32\DBGHELP.DLL
0x00007ffa9cb90000 - 0x00007ffa9cbbc000 	C:\WINDOWS\SYSTEM32\dbgcore.DLL
0x00007ffab4e20000 - 0x00007ffab4ea0000 	C:\WINDOWS\System32\bcryptPrimitives.dll
0x00007ffa9ea50000 - 0x00007ffa9ea88000 	C:\Program Files\Java\jdk-14.0.2\bin\jdwp.dll
0x00007ffaaf6c0000 - 0x00007ffaaf6e5000 	C:\Program Files\Java\jdk-14.0.2\bin\java.dll
0x00007ffaaf6a0000 - 0x00007ffaaf6b6000 	C:\Program Files\Java\jdk-14.0.2\bin\zip.dll
0x00007ffab5610000 - 0x00007ffab5d52000 	C:\WINDOWS\System32\SHELL32.dll
0x00007ffab2ba0000 - 0x00007ffab3335000 	C:\WINDOWS\SYSTEM32\windows.storage.dll
0x00007ffab6910000 - 0x00007ffab6c66000 	C:\WINDOWS\System32\combase.dll
0x00007ffab4440000 - 0x00007ffab446c000 	C:\WINDOWS\SYSTEM32\Wldp.dll
0x00007ffab5490000 - 0x00007ffab553e000 	C:\WINDOWS\System32\SHCORE.dll
0x00007ffab7270000 - 0x00007ffab72c5000 	C:\WINDOWS\System32\shlwapi.dll
0x00007ffab4aa0000 - 0x00007ffab4ac6000 	C:\WINDOWS\SYSTEM32\profapi.dll
0x00007ffaaf680000 - 0x00007ffaaf699000 	C:\Program Files\Java\jdk-14.0.2\bin\net.dll
0x00007ffaae670000 - 0x00007ffaae770000 	C:\WINDOWS\SYSTEM32\WINHTTP.dll
0x00007ffab4230000 - 0x00007ffab429a000 	C:\WINDOWS\system32\mswsock.dll
0x00007ffaa1100000 - 0x00007ffaa1112000 	C:\Program Files\Java\jdk-14.0.2\bin\nio.dll
0x00007ffaa0dc0000 - 0x00007ffaa0dcb000 	C:\Program Files\Java\jdk-14.0.2\bin\dt_socket.dll
0x00007ffab3f40000 - 0x00007ffab3f7b000 	C:\WINDOWS\SYSTEM32\IPHLPAPI.DLL
0x000001f482730000 - 0x000001f482733000 	C:\Users\Drainer\Desktop\3 kurse\BD\javafx-sdk-11.0.2\bin\api-ms-win-core-console-l1-1-0.dll
0x000001f482740000 - 0x000001f482743000 	C:\Users\Drainer\Desktop\3 kurse\BD\javafx-sdk-11.0.2\bin\api-ms-win-core-datetime-l1-1-0.dll
0x000001f482750000 - 0x000001f482753000 	C:\Users\Drainer\Desktop\3 kurse\BD\javafx-sdk-11.0.2\bin\api-ms-win-core-debug-l1-1-0.dll
0x000001f482760000 - 0x000001f482763000 	C:\Users\Drainer\Desktop\3 kurse\BD\javafx-sdk-11.0.2\bin\api-ms-win-core-errorhandling-l1-1-0.dll
0x000001f482770000 - 0x000001f482774000 	C:\Users\Drainer\Desktop\3 kurse\BD\javafx-sdk-11.0.2\bin\api-ms-win-core-file-l1-1-0.dll
0x000001f482780000 - 0x000001f482783000 	C:\Users\Drainer\Desktop\3 kurse\BD\javafx-sdk-11.0.2\bin\api-ms-win-core-file-l1-2-0.dll
0x000001f482790000 - 0x000001f482793000 	C:\Users\Drainer\Desktop\3 kurse\BD\javafx-sdk-11.0.2\bin\api-ms-win-core-file-l2-1-0.dll
0x000001f4827a0000 - 0x000001f4827a3000 	C:\Users\Drainer\Desktop\3 kurse\BD\javafx-sdk-11.0.2\bin\api-ms-win-core-handle-l1-1-0.dll
0x000001f4827b0000 - 0x000001f4827b3000 	C:\Users\Drainer\Desktop\3 kurse\BD\javafx-sdk-11.0.2\bin\api-ms-win-core-heap-l1-1-0.dll
0x000001f4827c0000 - 0x000001f4827c3000 	C:\Users\Drainer\Desktop\3 kurse\BD\javafx-sdk-11.0.2\bin\api-ms-win-core-interlocked-l1-1-0.dll
0x000001f4827d0000 - 0x000001f4827d3000 	C:\Users\Drainer\Desktop\3 kurse\BD\javafx-sdk-11.0.2\bin\api-ms-win-core-libraryloader-l1-1-0.dll
0x000001f4827e0000 - 0x000001f4827e3000 	C:\Users\Drainer\Desktop\3 kurse\BD\javafx-sdk-11.0.2\bin\api-ms-win-core-localization-l1-2-0.dll
0x000001f4827f0000 - 0x000001f4827f3000 	C:\Users\Drainer\Desktop\3 kurse\BD\javafx-sdk-11.0.2\bin\api-ms-win-core-memory-l1-1-0.dll
0x000001f4a7f90000 - 0x000001f4a7f93000 	C:\Users\Drainer\Desktop\3 kurse\BD\javafx-sdk-11.0.2\bin\api-ms-win-core-namedpipe-l1-1-0.dll
0x000001f4a7fa0000 - 0x000001f4a7fa3000 	C:\Users\Drainer\Desktop\3 kurse\BD\javafx-sdk-11.0.2\bin\api-ms-win-core-processenvironment-l1-1-0.dll
0x000001f4a7fb0000 - 0x000001f4a7fb3000 	C:\Users\Drainer\Desktop\3 kurse\BD\javafx-sdk-11.0.2\bin\api-ms-win-core-processthreads-l1-1-0.dll
0x000001f4a7fc0000 - 0x000001f4a7fc3000 	C:\Users\Drainer\Desktop\3 kurse\BD\javafx-sdk-11.0.2\bin\api-ms-win-core-processthreads-l1-1-1.dll
0x000001f4a7fd0000 - 0x000001f4a7fd3000 	C:\Users\Drainer\Desktop\3 kurse\BD\javafx-sdk-11.0.2\bin\api-ms-win-core-profile-l1-1-0.dll
0x000001f4a7fe0000 - 0x000001f4a7fe3000 	C:\Users\Drainer\Desktop\3 kurse\BD\javafx-sdk-11.0.2\bin\api-ms-win-core-rtlsupport-l1-1-0.dll
0x000001f4a7ff0000 - 0x000001f4a7ff3000 	C:\Users\Drainer\Desktop\3 kurse\BD\javafx-sdk-11.0.2\bin\api-ms-win-core-string-l1-1-0.dll
0x000001f4a8000000 - 0x000001f4a8003000 	C:\Users\Drainer\Desktop\3 kurse\BD\javafx-sdk-11.0.2\bin\api-ms-win-core-synch-l1-1-0.dll
0x000001f4a8010000 - 0x000001f4a8013000 	C:\Users\Drainer\Desktop\3 kurse\BD\javafx-sdk-11.0.2\bin\api-ms-win-core-synch-l1-2-0.dll
0x000001f4a8020000 - 0x000001f4a8023000 	C:\Users\Drainer\Desktop\3 kurse\BD\javafx-sdk-11.0.2\bin\api-ms-win-core-sysinfo-l1-1-0.dll
0x000001f4a8030000 - 0x000001f4a8033000 	C:\Users\Drainer\Desktop\3 kurse\BD\javafx-sdk-11.0.2\bin\api-ms-win-core-timezone-l1-1-0.dll
0x000001f4a8040000 - 0x000001f4a8043000 	C:\Users\Drainer\Desktop\3 kurse\BD\javafx-sdk-11.0.2\bin\api-ms-win-core-util-l1-1-0.dll
0x000001f4a8050000 - 0x000001f4a8053000 	C:\Users\Drainer\Desktop\3 kurse\BD\javafx-sdk-11.0.2\bin\api-ms-win-crt-conio-l1-1-0.dll
0x000001f4a8060000 - 0x000001f4a8064000 	C:\Users\Drainer\Desktop\3 kurse\BD\javafx-sdk-11.0.2\bin\api-ms-win-crt-convert-l1-1-0.dll
0x000001f4a8070000 - 0x000001f4a8073000 	C:\Users\Drainer\Desktop\3 kurse\BD\javafx-sdk-11.0.2\bin\api-ms-win-crt-environment-l1-1-0.dll
0x000001f4a8080000 - 0x000001f4a8083000 	C:\Users\Drainer\Desktop\3 kurse\BD\javafx-sdk-11.0.2\bin\api-ms-win-crt-filesystem-l1-1-0.dll
0x000001f4a8090000 - 0x000001f4a8093000 	C:\Users\Drainer\Desktop\3 kurse\BD\javafx-sdk-11.0.2\bin\api-ms-win-crt-heap-l1-1-0.dll
0x000001f4a80a0000 - 0x000001f4a80a3000 	C:\Users\Drainer\Desktop\3 kurse\BD\javafx-sdk-11.0.2\bin\api-ms-win-crt-locale-l1-1-0.dll
0x000001f4a80b0000 - 0x000001f4a80b5000 	C:\Users\Drainer\Desktop\3 kurse\BD\javafx-sdk-11.0.2\bin\api-ms-win-crt-math-l1-1-0.dll
0x000001f4a80c0000 - 0x000001f4a80c5000 	C:\Users\Drainer\Desktop\3 kurse\BD\javafx-sdk-11.0.2\bin\api-ms-win-crt-multibyte-l1-1-0.dll
0x000001f4a80d0000 - 0x000001f4a80e0000 	C:\Users\Drainer\Desktop\3 kurse\BD\javafx-sdk-11.0.2\bin\api-ms-win-crt-private-l1-1-0.dll
0x000001f4a80e0000 - 0x000001f4a80e3000 	C:\Users\Drainer\Desktop\3 kurse\BD\javafx-sdk-11.0.2\bin\api-ms-win-crt-process-l1-1-0.dll
0x000001f4a80f0000 - 0x000001f4a80f4000 	C:\Users\Drainer\Desktop\3 kurse\BD\javafx-sdk-11.0.2\bin\api-ms-win-crt-runtime-l1-1-0.dll
0x000001f4a8100000 - 0x000001f4a8104000 	C:\Users\Drainer\Desktop\3 kurse\BD\javafx-sdk-11.0.2\bin\api-ms-win-crt-stdio-l1-1-0.dll
0x000001f4a8110000 - 0x000001f4a8114000 	C:\Users\Drainer\Desktop\3 kurse\BD\javafx-sdk-11.0.2\bin\api-ms-win-crt-string-l1-1-0.dll
0x000001f4a8120000 - 0x000001f4a8123000 	C:\Users\Drainer\Desktop\3 kurse\BD\javafx-sdk-11.0.2\bin\api-ms-win-crt-time-l1-1-0.dll
0x000001f4a8130000 - 0x000001f4a8133000 	C:\Users\Drainer\Desktop\3 kurse\BD\javafx-sdk-11.0.2\bin\api-ms-win-crt-utility-l1-1-0.dll
0x00007ffa43df0000 - 0x00007ffa43eea000 	C:\Users\Drainer\Desktop\3 kurse\BD\javafx-sdk-11.0.2\bin\ucrtbase.dll
0x00007ffa9ea30000 - 0x00007ffa9ea46000 	C:\Users\Drainer\Desktop\3 kurse\BD\javafx-sdk-11.0.2\bin\vcruntime140.dll
0x00007ffa43d40000 - 0x00007ffa43de6000 	C:\Users\Drainer\Desktop\3 kurse\BD\javafx-sdk-11.0.2\bin\msvcp140.dll
0x00007ffa91c80000 - 0x00007ffa91cd1000 	C:\Users\Drainer\Desktop\3 kurse\BD\javafx-sdk-11.0.2\bin\concrt140.dll
0x00007ffa79d30000 - 0x00007ffa79d53000 	C:\Users\Drainer\Desktop\3 kurse\BD\javafx-sdk-11.0.2\bin\prism_d3d.dll
0x00007ffaad920000 - 0x00007ffaadaef000 	C:\WINDOWS\system32\d3d9.dll
0x00007ffab2490000 - 0x00007ffab24bf000 	C:\WINDOWS\SYSTEM32\dwmapi.dll
0x00007ffab2110000 - 0x00007ffab21ae000 	C:\WINDOWS\system32\uxtheme.dll
0x00007ffab4690000 - 0x00007ffab46a2000 	C:\WINDOWS\SYSTEM32\msasn1.dll
0x00007ffaac790000 - 0x00007ffaac7c1000 	C:\WINDOWS\SYSTEM32\cryptnet.dll
0x00007ffab4f50000 - 0x00007ffab50ad000 	C:\WINDOWS\System32\CRYPT32.dll
0x00007ffab43b0000 - 0x00007ffab43bc000 	C:\WINDOWS\SYSTEM32\cryptbase.dll
0x00007ffab53b0000 - 0x00007ffab5410000 	C:\WINDOWS\System32\WINTRUST.DLL
0x00007ffab66a0000 - 0x00007ffab66bd000 	C:\WINDOWS\System32\imagehlp.dll
0x00007ffab44c0000 - 0x00007ffab44d8000 	C:\WINDOWS\SYSTEM32\CRYPTSP.dll
0x00007ffab3be0000 - 0x00007ffab3c14000 	C:\WINDOWS\system32\rsaenh.dll
0x00007ffab5410000 - 0x00007ffab5437000 	C:\WINDOWS\System32\bcrypt.dll
0x00007ffa4a080000 - 0x00007ffa4a0c5000 	C:\Users\Drainer\Desktop\3 kurse\BD\javafx-sdk-11.0.2\bin\glass.dll
0x00007ffab6e10000 - 0x00007ffab6eeb000 	C:\WINDOWS\System32\COMDLG32.dll
0x00007ffab6570000 - 0x00007ffab669a000 	C:\WINDOWS\System32\ole32.dll
0x00007ffab5540000 - 0x00007ffab560d000 	C:\WINDOWS\System32\OLEAUT32.dll
0x00007ffab6730000 - 0x00007ffab6846000 	C:\WINDOWS\System32\MSCTF.dll
0x00007ffa93340000 - 0x00007ffa935f9000 	C:\WINDOWS\system32\nvspcap64.dll
0x00007ffab3870000 - 0x00007ffab38a3000 	C:\WINDOWS\SYSTEM32\ntmarta.dll
0x00007ffab3450000 - 0x00007ffab3473000 	C:\WINDOWS\SYSTEM32\gpapi.dll
0x00007ffaa9320000 - 0x00007ffaa935b000 	C:\WINDOWS\SYSTEM32\dxcore.dll
0x00007ffab5440000 - 0x00007ffab548e000 	C:\WINDOWS\System32\cfgmgr32.dll
0x00007ffa70170000 - 0x00007ffa70184000 	C:\Users\Drainer\Desktop\3 kurse\BD\javafx-sdk-11.0.2\bin\javafx_font.dll
0x00007ffaa2220000 - 0x00007ffaa249f000 	C:\WINDOWS\SYSTEM32\dwrite.dll
0x00007ffab5e00000 - 0x00007ffab5ea9000 	C:\WINDOWS\System32\clbcatq.dll
0x00007ffaacc90000 - 0x00007ffaace44000 	C:\WINDOWS\SYSTEM32\WindowsCodecs.dll
0x00007ffa9f5a0000 - 0x00007ffa9f5de000 	C:\WINDOWS\system32\dataexchange.dll
0x00007ffaafd30000 - 0x00007ffaaff94000 	C:\WINDOWS\system32\d3d11.dll
0x00007ffab1080000 - 0x00007ffab1267000 	C:\WINDOWS\system32\dcomp.dll
0x00007ffab3480000 - 0x00007ffab3573000 	C:\WINDOWS\system32\dxgi.dll
0x00007ffaacf00000 - 0x00007ffaad108000 	C:\WINDOWS\system32\twinapi.appcore.dll
0x00007ffa4c690000 - 0x00007ffa4c6c4000 	C:\Program Files\Common Files\Microsoft Shared\Ink\rtscom.dll
0x00007ffaaf7f0000 - 0x00007ffaaf8ed000 	C:\WINDOWS\SYSTEM32\textinputframework.dll
0x00007ffab1770000 - 0x00007ffab1ace000 	C:\WINDOWS\System32\CoreUIComponents.dll
0x00007ffab1ad0000 - 0x00007ffab1bc2000 	C:\WINDOWS\System32\CoreMessaging.dll
0x00007ffab0e70000 - 0x00007ffab0fc6000 	C:\WINDOWS\SYSTEM32\wintypes.dll
0x00007ffaadc20000 - 0x00007ffaadc30000 	C:\Program Files\Java\jdk-14.0.2\bin\verify.dll

dbghelp: loaded successfully - version: 4.0.5 - missing functions: none
symbol engine: initialized successfully - sym options: 0x614 - pdb path: .;C:\Program Files\Java\jdk-14.0.2\bin;C:\WINDOWS\SYSTEM32;C:\WINDOWS\WinSxS\amd64_microsoft.windows.common-controls_6595b64144ccf1df_6.0.19041.488_none_ca04af081b815d21;C:\Program Files\Java\jdk-14.0.2\bin\server;C:\Users\Drainer\Desktop\3 kurse\BD\javafx-sdk-11.0.2\bin;C:\WINDOWS\System32\DriverStore\FileRepository\nv_dispi.inf_amd64_a51067c0ac557884;C:\Program Files\Common Files\Microsoft Shared\Ink

VM Arguments:
jvm_args: -agentlib:jdwp=transport=dt_socket,address=127.0.0.1:57149,suspend=y,server=n --add-modules=javafx.base,javafx.graphics --add-reads=javafx.base=ALL-UNNAMED --add-reads=javafx.graphics=ALL-UNNAMED -Dfile.encoding=UTF-8 --module-path=C:\Users\Drainer\Desktop\3 kurse\BD\javafx-sdk-11.0.2\lib\javafx.base.jar;C:\Users\Drainer\Desktop\3 kurse\BD\javafx-sdk-11.0.2\lib\javafx.graphics.jar;C:\Users\Drainer\Desktop\3 kurse\BD\BeautyBDProg\out\production\BeautyBDProg;C:\Users\Drainer\Desktop\3 kurse\BD\javafx-sdk-11.0.2\lib\javafx-swt.jar;C:\Users\Drainer\Desktop\3 kurse\BD\javafx-sdk-11.0.2\lib\javafx.controls.jar;C:\Users\Drainer\Desktop\3 kurse\BD\javafx-sdk-11.0.2\lib\javafx.fxml.jar;C:\Users\Drainer\Desktop\3 kurse\BD\javafx-sdk-11.0.2\lib\javafx.media.jar;C:\Users\Drainer\Desktop\3 kurse\BD\javafx-sdk-11.0.2\lib\javafx.swing.jar;C:\Users\Drainer\Desktop\3 kurse\BD\javafx-sdk-11.0.2\lib\javafx.web.jar;C:\Users\Drainer\Desktop\3 kurse\BD\BeautyBDProg\mysql-connector-java-5.1.49.jar -Djdk.module.main=sample 
java_command: sample/sample.Main
java_class_path (initial): C:\Program Files\JetBrains\IntelliJ IDEA Community Edition 2020.1.4\lib\idea_rt.jar
Launcher Type: SUN_STANDARD

[Global flags]
     intx CICompilerCount                          = 4                                         {product} {ergonomic}
     uint ConcGCThreads                            = 3                                         {product} {ergonomic}
     uint G1ConcRefinementThreads                  = 10                                        {product} {ergonomic}
   size_t G1HeapRegionSize                         = 1048576                                   {product} {ergonomic}
    uintx GCDrainStackTargetSize                   = 64                                        {product} {ergonomic}
   size_t InitialHeapSize                          = 268435456                                 {product} {ergonomic}
   size_t MarkStackSize                            = 4194304                                   {product} {ergonomic}
   size_t MaxHeapSize                              = 4280287232                                {product} {ergonomic}
   size_t MaxNewSize                               = 2567962624                                {product} {ergonomic}
   size_t MinHeapDeltaBytes                        = 1048576                                   {product} {ergonomic}
   size_t MinHeapSize                              = 8388608                                   {product} {ergonomic}
    uintx NonNMethodCodeHeapSize                   = 5839372                                {pd product} {ergonomic}
    uintx NonProfiledCodeHeapSize                  = 122909434                              {pd product} {ergonomic}
    uintx ProfiledCodeHeapSize                     = 122909434                              {pd product} {ergonomic}
    uintx ReservedCodeCacheSize                    = 251658240                              {pd product} {ergonomic}
     bool SegmentedCodeCache                       = true                                      {product} {ergonomic}
   size_t SoftMaxHeapSize                          = 4280287232                             {manageable} {ergonomic}
     bool UseCompressedClassPointers               = true                                 {lp64_product} {ergonomic}
     bool UseCompressedOops                        = true                                 {lp64_product} {ergonomic}
     bool UseG1GC                                  = true                                      {product} {ergonomic}
     bool UseLargePagesIndividualAllocation        = false                                  {pd product} {ergonomic}

Logging:
Log output configuration:
 #0: stdout all=off uptime,level,tags
 #1: stderr all=off uptime,level,tags

Environment Variables:
PATH=C:\Program Files\Java\jdk-14.0.2\bin;C:\WINDOWS\system32;C:\WINDOWS;C:\WINDOWS\System32\Wbem;C:\WINDOWS\System32\WindowsPowerShell\v1.0\;C:\WINDOWS\System32\OpenSSH\;C:\Program Files\Microsoft SQL Server\120\Tools\Binn\;C:\Program Files\NVIDIA Corporation\NVIDIA NvDLISR;C:\Program Files (x86)\Windows Kits\10\Windows Performance Toolkit\;C:\Program Files\dotnet\;C:\Program Files\MySQL\MySQL Shell 8.0\bin\;C:\Users\Drainer\AppData\Local\Microsoft\WindowsApps;C:\Users\Drainer\.dotnet\tools;C:\Program Files\JetBrains\PyCharm Community Edition 2020.3.1\bin;
USERNAME=Drainer
OS=Windows_NT
PROCESSOR_IDENTIFIER=Intel64 Family 6 Model 158 Stepping 10, GenuineIntel



---------------  S Y S T E M  ---------------

OS: Windows 10 , 64 bit Build 19041 (10.0.19041.662)
OS uptime: 5 days 6:05 hours
HyperV virtualization detected

CPU:total 12 (initial active 12) (6 cores per cpu, 2 threads per core) family 6 model 158 stepping 10, cmov, cx8, fxsr, mmx, sse, sse2, sse3, ssse3, sse4.1, sse4.2, popcnt, avx, avx2, aes, clmul, erms, rtm, 3dnowpref, lzcnt, ht, tsc, tscinvbit, bmi1, bmi2, adx, fma

Memory: 4k page, system-wide physical 16326M (5894M free)
TotalPageFile size 28102M (AvailPageFile size 8434M)
current process WorkingSet (physical memory assigned to process): 141M, peak: 200M
current process commit charge ("private bytes"): 466M, peak: 524M

vm_info: Java HotSpot(TM) 64-Bit Server VM (14.0.2+12-46) for windows-amd64 JRE (14.0.2+12-46), built on Jul  9 2020 00:35:52 by "mach5one" with MS VC++ 15.9 (VS2017)

END.
