#
# A fatal error has been detected by the Java Runtime Environment:
#
#  EXCEPTION_ACCESS_VIOLATION (0xc0000005) at pc=0x00007ffa4c1c6730, pid=18176, tid=21824
#
# JRE version: Java(TM) SE Runtime Environment (14.0.2+12) (build 14.0.2+12-46)
# Java VM: Java HotSpot(TM) 64-Bit Server VM (14.0.2+12-46, mixed mode, sharing, tiered, compressed oops, g1 gc, windows-amd64)
# Problematic frame:
# C  [glass.dll+0x26730]
#
# No core dump will be written. Minidumps are not enabled by default on client versions of Windows
#
# If you would like to submit a bug report, please visit:
#   https://bugreport.java.com/bugreport/crash.jsp
#

---------------  S U M M A R Y ------------

Command Line: -agentlib:jdwp=transport=dt_socket,address=127.0.0.1:55510,suspend=y,server=n --add-modules=javafx.base,javafx.graphics --add-reads=javafx.base=ALL-UNNAMED --add-reads=javafx.graphics=ALL-UNNAMED -Dfile.encoding=UTF-8 --module-path=C:\Users\Drainer\Desktop\3 kurse\BD\javafx-sdk-11.0.2\lib\javafx.base.jar;C:\Users\Drainer\Desktop\3 kurse\BD\javafx-sdk-11.0.2\lib\javafx.graphics.jar;C:\Users\Drainer\Desktop\3 kurse\BD\BeautyBDProg\out\production\BeautyBDProg;C:\Users\Drainer\Desktop\3 kurse\BD\javafx-sdk-11.0.2\lib\javafx-swt.jar;C:\Users\Drainer\Desktop\3 kurse\BD\javafx-sdk-11.0.2\lib\javafx.controls.jar;C:\Users\Drainer\Desktop\3 kurse\BD\javafx-sdk-11.0.2\lib\javafx.fxml.jar;C:\Users\Drainer\Desktop\3 kurse\BD\javafx-sdk-11.0.2\lib\javafx.media.jar;C:\Users\Drainer\Desktop\3 kurse\BD\javafx-sdk-11.0.2\lib\javafx.swing.jar;C:\Users\Drainer\Desktop\3 kurse\BD\javafx-sdk-11.0.2\lib\javafx.web.jar;C:\Users\Drainer\Desktop\3 kurse\BD\BeautyBDProg\mysql-connector-java-5.1.49.jar -Djdk.module.main=sample sample/sample.Main

Host: Intel(R) Core(TM) i7-8700K CPU @ 3.70GHz, 12 cores, 15G,  Windows 10 , 64 bit Build 19041 (10.0.19041.662)
Time: Mon Jan  4 16:22:46 2021 RTZ 2 (зима) elapsed time: 12 seconds (0d 0h 0m 12s)

---------------  T H R E A D  ---------------

Current thread (0x0000019029602800):  VMThread "VM Thread" [stack: 0x000000616b300000,0x000000616b400000] [id=21824]

Stack: [0x000000616b300000,0x000000616b400000],  sp=0x000000616b3fedc0,  free space=1019k
Native frames: (J=compiled Java code, j=interpreted, Vv=VM code, C=native code)
C  [glass.dll+0x26730]


siginfo: EXCEPTION_ACCESS_VIOLATION (0xc0000005), reading address 0x0000000000000000


Register to memory mapping:

RIP=0x00007ffa4c1c6730 glass.dll
RAX=0x0 is NULL
RBX=0x00000190296183d8 is a global jni handle
RCX=0x0000019029602800 points into unknown readable memory: c0 a7 a7 4b fa 7f 00 00
RDX=0x000000616b3fedc0 points into unknown readable memory: 00 00 00 00 00 00 00 00
RSP=0x000000616b3fedc0 points into unknown readable memory: 00 00 00 00 00 00 00 00
RBP=0x0000019029d22c98 points into unknown readable memory: 09 f3 2c f7 8c 09 00 00
RSI=0x0000019029d22c70 points into unknown readable memory: 09 43 41 cf 14 fd ff 00
RDI=0x0000098cf72cf309 is an unknown value
R8 =0x0000000000010002 is an unknown value
R9 =0x0000098cf72cf309 is an unknown value
R10=0x0000000000008000 is an unknown value
R11=0x000000616b3fed60 points into unknown readable memory: 70 2c d2 29 90 01 00 00
R12=0x00007ffa4c1c3be0 glass.dll
R13=0x0000019004baf0b8 points into unknown readable memory: 00 28 60 29 90 01 00 00
R14=0x000000616b3feec8 points into unknown readable memory: b0 ee 3f 6b 61 00 00 00
R15=0x0000019029d22c70 points into unknown readable memory: 09 43 41 cf 14 fd ff 00


Registers:
RAX=0x0000000000000000, RBX=0x00000190296183d8, RCX=0x0000019029602800, RDX=0x000000616b3fedc0
RSP=0x000000616b3fedc0, RBP=0x0000019029d22c98, RSI=0x0000019029d22c70, RDI=0x0000098cf72cf309
R8 =0x0000000000010002, R9 =0x0000098cf72cf309, R10=0x0000000000008000, R11=0x000000616b3fed60
R12=0x00007ffa4c1c3be0, R13=0x0000019004baf0b8, R14=0x000000616b3feec8, R15=0x0000019029d22c70
RIP=0x00007ffa4c1c6730, EFLAGS=0x0000000000010206

Top of Stack: (sp=0x000000616b3fedc0)
0x000000616b3fedc0:   0000000000000000 00007ffab4c1e97b
0x000000616b3fedd0:   0000019029d22c80 0000019029d22c70
0x000000616b3fede0:   fffffffffffffffe 00007ffa4c1c3be0
0x000000616b3fedf0:   0000019029d22c78 00007ffab4c23bf6
0x000000616b3fee00:   0000019029d22c80 0000019000000000
0x000000616b3fee10:   0000019029d22c98 0000019029d22c70
0x000000616b3fee20:   fffffffffffffffe 0000000000000000
0x000000616b3fee30:   0000000000000001 00007ffa4c1a0000
0x000000616b3fee40:   000000616b3feeb8 00007ffab4c23b1b
0x000000616b3fee50:   0000000000000000 000000616b3feec8
0x000000616b3fee60:   000000616b3ff180 00007ffab4d00e40
0x000000616b3fee70:   0000000000000001 00007ffab4c23ad4
0x000000616b3fee80:   0000000000000000 0000000000000001
0x000000616b3fee90:   ffffffff00000001 000000616b3feeb8
0x000000616b3feea0:   0000000000000000 00007ffa4c1c3a60
0x000000616b3feeb0:   00007ffa4c1dd100 0000006100000002 

Instructions: (pc=0x00007ffa4c1c6730)
0x00007ffa4c1c6630:   8b 4d 60 e8 d8 c9 ff ff 48 8b 55 68 48 8b 8d 08
0x00007ffa4c1c6640:   01 00 00 e8 a9 be ff ff 33 d2 33 c9 e8 a9 de ff
0x00007ffa4c1c6650:   ff 90 cc cc cc cc cc cc cc cc cc cc cc cc cc cc
0x00007ffa4c1c6660:   48 8d 8a 80 00 00 00 e9 14 ea fe ff 48 89 54 24
0x00007ffa4c1c6670:   10 55 48 83 ec 20 48 8b ea 48 8d 05 1d cb ff ff
0x00007ffa4c1c6680:   48 83 c4 20 5d c3 cc 40 55 48 8b ea 48 8b 01 33
0x00007ffa4c1c6690:   c9 81 38 05 00 00 c0 0f 94 c1 8b c1 5d c3 cc 40
0x00007ffa4c1c66a0:   55 48 83 ec 20 48 8b ea 8a 4d 40 48 83 c4 20 5d
0x00007ffa4c1c66b0:   e9 23 ce ff ff cc 40 55 48 83 ec 20 48 8b ea e8
0x00007ffa4c1c66c0:   3c cc ff ff 8a 4d 38 48 83 c4 20 5d e9 07 ce ff
0x00007ffa4c1c66d0:   ff cc 40 55 48 83 ec 30 48 8b ea 48 8b 01 8b 10
0x00007ffa4c1c66e0:   48 89 4c 24 28 89 54 24 20 4c 8d 0d d0 d1 ff ff
0x00007ffa4c1c66f0:   4c 8b 45 70 8b 55 68 48 8b 4d 60 e8 70 cb ff ff
0x00007ffa4c1c6700:   90 48 83 c4 30 5d c3 cc cc cc cc cc cc cc cc cc
0x00007ffa4c1c6710:   40 53 48 83 ec 30 48 c7 44 24 20 fe ff ff ff 48
0x00007ffa4c1c6720:   8b 1d ea 63 01 00 48 85 db 74 16 e8 90 86 ff ff
0x00007ffa4c1c6730:   4c 8b 00 48 8b d3 48 8b c8 41 ff 90 b0 00 00 00
0x00007ffa4c1c6740:   90 48 83 c4 30 5b c3 cc cc cc cc cc cc cc cc cc
0x00007ffa4c1c6750:   40 53 48 83 ec 20 48 8b 1d 4b 65 01 00 48 85 db
0x00007ffa4c1c6760:   74 57 b8 ff ff ff ff f0 0f c1 43 10 83 f8 01 75
0x00007ffa4c1c6770:   3d 48 85 db 74 38 48 8b 0b 48 85 c9 74 0d ff 15
0x00007ffa4c1c6780:   24 0b 00 00 48 c7 03 00 00 00 00 48 8b 4b 08 48
0x00007ffa4c1c6790:   85 c9 74 0d e8 77 c8 ff ff 48 c7 43 08 00 00 00
0x00007ffa4c1c67a0:   00 ba 18 00 00 00 48 8b cb e8 62 c8 ff ff 48 c7
0x00007ffa4c1c67b0:   05 ef 64 01 00 00 00 00 00 48 83 c4 20 5b c3 cc
0x00007ffa4c1c67c0:   40 53 48 83 ec 20 48 8b 1d bb 64 01 00 48 85 db
0x00007ffa4c1c67d0:   74 57 b8 ff ff ff ff f0 0f c1 43 10 83 f8 01 75
0x00007ffa4c1c67e0:   3d 48 85 db 74 38 48 8b 0b 48 85 c9 74 0d ff 15
0x00007ffa4c1c67f0:   b4 0a 00 00 48 c7 03 00 00 00 00 48 8b 4b 08 48
0x00007ffa4c1c6800:   85 c9 74 0d e8 07 c8 ff ff 48 c7 43 08 00 00 00
0x00007ffa4c1c6810:   00 ba 18 00 00 00 48 8b cb e8 f2 c7 ff ff 48 c7
0x00007ffa4c1c6820:   05 5f 64 01 00 00 00 00 00 48 83 c4 20 5b c3 cc 


Stack slot to memory mapping:
stack at sp + 0 slots: 0x0 is NULL
stack at sp + 1 slots: 0x00007ffab4c1e97b ucrtbase.dll
stack at sp + 2 slots: 0x0000019029d22c80 points into unknown readable memory: 09 f3 2c f7 8c 09 00 00
stack at sp + 3 slots: 0x0000019029d22c70 points into unknown readable memory: 09 43 41 cf 14 fd ff 00
stack at sp + 4 slots: 0xfffffffffffffffe is an unknown value
stack at sp + 5 slots: 0x00007ffa4c1c3be0 glass.dll
stack at sp + 6 slots: 0x0000019029d22c78 points into unknown readable memory: 09 f3 2c f7 8c 09 00 00
stack at sp + 7 slots: 0x00007ffab4c23bf6 ucrtbase.dll

VM_Operation (0x000000616c1ff180): Exit, mode: safepoint, requested by thread 0x000001902ea3c800


---------------  P R O C E S S  ---------------

Threads class SMR info:
_java_thread_list=0x0000019034ac81d0, length=22, elements={
0x0000019004b1e800, 0x000001902960a800, 0x000001902960b800, 0x0000019029628800,
0x000001902962b800, 0x0000019029630800, 0x0000019029633000, 0x0000019029634000,
0x0000019029635000, 0x000001902972f800, 0x0000019029c5e800, 0x0000019029e2c800,
0x0000019029d18000, 0x0000019029f17000, 0x0000019029dae800, 0x000001902ea65000,
0x000001902ea97800, 0x0000019033f8a000, 0x000001902f053800, 0x00000190354cb800,
0x0000019034bf3800, 0x000001902ea3c800
}

Java Threads: ( => current thread )
  0x0000019004b1e800 JavaThread "main" [_thread_blocked, id=15588, stack(0x000000616ad00000,0x000000616ae00000)]
  0x000001902960a800 JavaThread "Reference Handler" daemon [_thread_blocked, id=24388, stack(0x000000616b400000,0x000000616b500000)]
  0x000001902960b800 JavaThread "Finalizer" daemon [_thread_blocked, id=25460, stack(0x000000616b500000,0x000000616b600000)]
  0x0000019029628800 JavaThread "Signal Dispatcher" daemon [_thread_blocked, id=9292, stack(0x000000616b600000,0x000000616b700000)]
  0x000001902962b800 JavaThread "Attach Listener" daemon [_thread_blocked, id=6928, stack(0x000000616b700000,0x000000616b800000)]
  0x0000019029630800 JavaThread "Service Thread" daemon [_thread_blocked, id=2596, stack(0x000000616b800000,0x000000616b900000)]
  0x0000019029633000 JavaThread "C2 CompilerThread0" daemon [_thread_blocked, id=14784, stack(0x000000616b900000,0x000000616ba00000)]
  0x0000019029634000 JavaThread "C1 CompilerThread0" daemon [_thread_blocked, id=16200, stack(0x000000616ba00000,0x000000616bb00000)]
  0x0000019029635000 JavaThread "Sweeper thread" daemon [_thread_blocked, id=24600, stack(0x000000616bb00000,0x000000616bc00000)]
  0x000001902972f800 JavaThread "Common-Cleaner" daemon [_thread_blocked, id=11108, stack(0x000000616bc00000,0x000000616bd00000)]
  0x0000019029c5e800 JavaThread "JDWP Event Helper Thread" daemon [_thread_blocked, id=20428, stack(0x000000616c000000,0x000000616c100000)]
  0x0000019029e2c800 JavaThread "Notification Thread" daemon [_thread_blocked, id=1628, stack(0x000000616c200000,0x000000616c300000)]
  0x0000019029d18000 JavaThread "QuantumRenderer-0" daemon [_thread_blocked, id=1020, stack(0x000000616c400000,0x000000616c500000)]
  0x0000019029f17000 JavaThread "InvokeLaterDispatcher" daemon [_thread_blocked, id=15812, stack(0x000000616c600000,0x000000616c700000)]
  0x0000019029dae800 JavaThread "JavaFX Application Thread" [_thread_blocked, id=20368, stack(0x000000616c700000,0x000000616c800000)]
  0x000001902ea65000 JavaThread "JavaFX-Launcher" [_thread_blocked, id=20752, stack(0x000000616bd00000,0x000000616be00000)]
  0x000001902ea97800 JavaThread "Thread-2" daemon [_thread_in_native, id=20292, stack(0x000000616c900000,0x000000616ca00000)]
  0x0000019033f8a000 JavaThread "Prism Font Disposer" daemon [_thread_blocked, id=7580, stack(0x000000616d300000,0x000000616d400000)]
  0x000001902f053800 JavaThread "Cleaner-0" daemon [_thread_blocked, id=21828, stack(0x000000616d440000,0x000000616d540000)]
  0x00000190354cb800 JavaThread "mysql-cj-abandoned-connection-cleanup" daemon [_thread_blocked, id=25216, stack(0x000000616ce00000,0x000000616cf00000)]
  0x0000019034bf3800 JavaThread "C2 CompilerThread1" daemon [_thread_blocked, id=21192, stack(0x000000616bf00000,0x000000616c000000)]
  0x000001902ea3c800 JavaThread "SIGINT handler" daemon [_thread_blocked, id=5824, stack(0x000000616c100000,0x000000616c200000)]

Other Threads:
=>0x0000019029602800 VMThread "VM Thread" [stack: 0x000000616b300000,0x000000616b400000] [id=21824]
  0x0000019004b85800 GCTaskThread "GC Thread#0" [stack: 0x000000616ae00000,0x000000616af00000] [id=9824]
  0x000001902ea86000 GCTaskThread "GC Thread#1" [stack: 0x000000616be00000,0x000000616bf00000] [id=14216]
  0x000001902eb3f800 GCTaskThread "GC Thread#2" [stack: 0x000000616ca00000,0x000000616cb00000] [id=20520]
  0x000001902eb12000 GCTaskThread "GC Thread#3" [stack: 0x000000616cb00000,0x000000616cc00000] [id=1768]
  0x000001902eb6e800 GCTaskThread "GC Thread#4" [stack: 0x000000616cc00000,0x000000616cd00000] [id=17668]
  0x000001902eb77000 GCTaskThread "GC Thread#5" [stack: 0x000000616cd00000,0x000000616ce00000] [id=6084]
  0x0000019004ba9000 ConcurrentGCThread "G1 Main Marker" [stack: 0x000000616af00000,0x000000616b000000] [id=16844]
  0x0000019004baa800 ConcurrentGCThread "G1 Conc#0" [stack: 0x000000616b000000,0x000000616b100000] [id=14852]
  0x0000019028c6e000 ConcurrentGCThread "G1 Refine#0" [stack: 0x000000616b100000,0x000000616b200000] [id=25276]
  0x0000019028c6f000 ConcurrentGCThread "G1 Young RemSet Sampling" [stack: 0x000000616b200000,0x000000616b300000] [id=17228]

Threads with active compile tasks:
C2 CompilerThread0    12681 3101       4       javafx.css.SimpleSelector::applies (221 bytes)
C2 CompilerThread1    12681 3106       4       javafx.css.CompoundSelector::applies (144 bytes)

VM state:at safepoint (shutting down)

VM Mutex/Monitor currently owned by a thread:  ([mutex/lock_event])
[0x0000019004b1a270] Threads_lock - owner thread: 0x0000019029602800
[0x0000019004b1aa50] Heap_lock - owner thread: 0x000001902ea3c800

Heap address: 0x0000000700e00000, size: 4082 MB, Compressed Oops mode: Zero based, Oop shift amount: 3
Narrow klass base: 0x0000000800000000, Narrow klass shift: 3
Compressed class space size: 1073741824 Address: 0x0000000800b30000

Heap:
 garbage-first heap   total 262144K, used 25867K [0x0000000700e00000, 0x0000000800000000)
  region size 1024K, 19 young (19456K), 5 survivors (5120K)
 Metaspace       used 19435K, capacity 20199K, committed 20480K, reserved 1067008K
  class space    used 2448K, capacity 2766K, committed 2816K, reserved 1048576K
Heap Regions: E=young(eden), S=young(survivor), O=old, HS=humongous(starts), HC=humongous(continues), CS=collection set, F=free, OA=open archive, CA=closed archive, TAMS=top-at-mark-start (previous, next)
|   0|0x0000000700e00000, 0x0000000700f00000, 0x0000000700f00000|100%| O|  |TAMS 0x0000000700e00000, 0x0000000700e00000| Untracked 
|   1|0x0000000700f00000, 0x0000000701000000, 0x0000000701000000|100%|HS|  |TAMS 0x0000000700f00000, 0x0000000700f00000| Complete 
|   2|0x0000000701000000, 0x0000000701100000, 0x0000000701100000|100%|HC|  |TAMS 0x0000000701000000, 0x0000000701000000| Complete 
|   3|0x0000000701100000, 0x0000000701200000, 0x0000000701200000|100%| O|  |TAMS 0x0000000701100000, 0x0000000701100000| Untracked 
|   4|0x0000000701200000, 0x0000000701300000, 0x0000000701300000|100%| O|  |TAMS 0x0000000701200000, 0x0000000701200000| Untracked 
|   5|0x0000000701300000, 0x000000070130d400, 0x0000000701400000|  5%| O|  |TAMS 0x0000000701300000, 0x0000000701300000| Untracked 
|   6|0x0000000701400000, 0x0000000701500000, 0x0000000701500000|100%|HS|  |TAMS 0x0000000701400000, 0x0000000701400000| Complete 
|   7|0x0000000701500000, 0x0000000701600000, 0x0000000701600000|100%|HS|  |TAMS 0x0000000701500000, 0x0000000701500000| Complete 
|   8|0x0000000701600000, 0x0000000701700000, 0x0000000701700000|100%|HC|  |TAMS 0x0000000701600000, 0x0000000701600000| Complete 
|   9|0x0000000701700000, 0x0000000701700000, 0x0000000701800000|  0%| F|  |TAMS 0x0000000701700000, 0x0000000701700000| Untracked 
|  10|0x0000000701800000, 0x0000000701800000, 0x0000000701900000|  0%| F|  |TAMS 0x0000000701800000, 0x0000000701800000| Untracked 
|  11|0x0000000701900000, 0x0000000701900000, 0x0000000701a00000|  0%| F|  |TAMS 0x0000000701900000, 0x0000000701900000| Untracked 
|  12|0x0000000701a00000, 0x0000000701a00000, 0x0000000701b00000|  0%| F|  |TAMS 0x0000000701a00000, 0x0000000701a00000| Untracked 
|  13|0x0000000701b00000, 0x0000000701b00000, 0x0000000701c00000|  0%| F|  |TAMS 0x0000000701b00000, 0x0000000701b00000| Untracked 
|  14|0x0000000701c00000, 0x0000000701c00000, 0x0000000701d00000|  0%| F|  |TAMS 0x0000000701c00000, 0x0000000701c00000| Untracked 
|  15|0x0000000701d00000, 0x0000000701d00000, 0x0000000701e00000|  0%| F|  |TAMS 0x0000000701d00000, 0x0000000701d00000| Untracked 
|  16|0x0000000701e00000, 0x0000000701e00000, 0x0000000701f00000|  0%| F|  |TAMS 0x0000000701e00000, 0x0000000701e00000| Untracked 
|  17|0x0000000701f00000, 0x0000000701f00000, 0x0000000702000000|  0%| F|  |TAMS 0x0000000701f00000, 0x0000000701f00000| Untracked 
|  18|0x0000000702000000, 0x0000000702000000, 0x0000000702100000|  0%| F|  |TAMS 0x0000000702000000, 0x0000000702000000| Untracked 
|  19|0x0000000702100000, 0x0000000702100000, 0x0000000702200000|  0%| F|  |TAMS 0x0000000702100000, 0x0000000702100000| Untracked 
|  20|0x0000000702200000, 0x0000000702200000, 0x0000000702300000|  0%| F|  |TAMS 0x0000000702200000, 0x0000000702200000| Untracked 
|  21|0x0000000702300000, 0x0000000702300000, 0x0000000702400000|  0%| F|  |TAMS 0x0000000702300000, 0x0000000702300000| Untracked 
|  22|0x0000000702400000, 0x0000000702400000, 0x0000000702500000|  0%| F|  |TAMS 0x0000000702400000, 0x0000000702400000| Untracked 
|  23|0x0000000702500000, 0x0000000702500000, 0x0000000702600000|  0%| F|  |TAMS 0x0000000702500000, 0x0000000702500000| Untracked 
|  24|0x0000000702600000, 0x0000000702600000, 0x0000000702700000|  0%| F|  |TAMS 0x0000000702600000, 0x0000000702600000| Untracked 
|  25|0x0000000702700000, 0x0000000702700000, 0x0000000702800000|  0%| F|  |TAMS 0x0000000702700000, 0x0000000702700000| Untracked 
|  26|0x0000000702800000, 0x0000000702800000, 0x0000000702900000|  0%| F|  |TAMS 0x0000000702800000, 0x0000000702800000| Untracked 
|  27|0x0000000702900000, 0x0000000702900000, 0x0000000702a00000|  0%| F|  |TAMS 0x0000000702900000, 0x0000000702900000| Untracked 
|  28|0x0000000702a00000, 0x0000000702a00000, 0x0000000702b00000|  0%| F|  |TAMS 0x0000000702a00000, 0x0000000702a00000| Untracked 
|  29|0x0000000702b00000, 0x0000000702b00000, 0x0000000702c00000|  0%| F|  |TAMS 0x0000000702b00000, 0x0000000702b00000| Untracked 
|  30|0x0000000702c00000, 0x0000000702c00000, 0x0000000702d00000|  0%| F|  |TAMS 0x0000000702c00000, 0x0000000702c00000| Untracked 
|  31|0x0000000702d00000, 0x0000000702d00000, 0x0000000702e00000|  0%| F|  |TAMS 0x0000000702d00000, 0x0000000702d00000| Untracked 
|  32|0x0000000702e00000, 0x0000000702e00000, 0x0000000702f00000|  0%| F|  |TAMS 0x0000000702e00000, 0x0000000702e00000| Untracked 
|  33|0x0000000702f00000, 0x0000000702f00000, 0x0000000703000000|  0%| F|  |TAMS 0x0000000702f00000, 0x0000000702f00000| Untracked 
|  34|0x0000000703000000, 0x0000000703000000, 0x0000000703100000|  0%| F|  |TAMS 0x0000000703000000, 0x0000000703000000| Untracked 
|  35|0x0000000703100000, 0x0000000703100000, 0x0000000703200000|  0%| F|  |TAMS 0x0000000703100000, 0x0000000703100000| Untracked 
|  36|0x0000000703200000, 0x0000000703200000, 0x0000000703300000|  0%| F|  |TAMS 0x0000000703200000, 0x0000000703200000| Untracked 
|  37|0x0000000703300000, 0x0000000703300000, 0x0000000703400000|  0%| F|  |TAMS 0x0000000703300000, 0x0000000703300000| Untracked 
|  38|0x0000000703400000, 0x0000000703400000, 0x0000000703500000|  0%| F|  |TAMS 0x0000000703400000, 0x0000000703400000| Untracked 
|  39|0x0000000703500000, 0x0000000703500000, 0x0000000703600000|  0%| F|  |TAMS 0x0000000703500000, 0x0000000703500000| Untracked 
|  40|0x0000000703600000, 0x0000000703600000, 0x0000000703700000|  0%| F|  |TAMS 0x0000000703600000, 0x0000000703600000| Untracked 
|  41|0x0000000703700000, 0x0000000703700000, 0x0000000703800000|  0%| F|  |TAMS 0x0000000703700000, 0x0000000703700000| Untracked 
|  42|0x0000000703800000, 0x0000000703800000, 0x0000000703900000|  0%| F|  |TAMS 0x0000000703800000, 0x0000000703800000| Untracked 
|  43|0x0000000703900000, 0x0000000703900000, 0x0000000703a00000|  0%| F|  |TAMS 0x0000000703900000, 0x0000000703900000| Untracked 
|  44|0x0000000703a00000, 0x0000000703a00000, 0x0000000703b00000|  0%| F|  |TAMS 0x0000000703a00000, 0x0000000703a00000| Untracked 
|  45|0x0000000703b00000, 0x0000000703b00000, 0x0000000703c00000|  0%| F|  |TAMS 0x0000000703b00000, 0x0000000703b00000| Untracked 
|  46|0x0000000703c00000, 0x0000000703c00000, 0x0000000703d00000|  0%| F|  |TAMS 0x0000000703c00000, 0x0000000703c00000| Untracked 
|  47|0x0000000703d00000, 0x0000000703d00000, 0x0000000703e00000|  0%| F|  |TAMS 0x0000000703d00000, 0x0000000703d00000| Untracked 
|  48|0x0000000703e00000, 0x0000000703e00000, 0x0000000703f00000|  0%| F|  |TAMS 0x0000000703e00000, 0x0000000703e00000| Untracked 
|  49|0x0000000703f00000, 0x0000000703f00000, 0x0000000704000000|  0%| F|  |TAMS 0x0000000703f00000, 0x0000000703f00000| Untracked 
|  50|0x0000000704000000, 0x0000000704000000, 0x0000000704100000|  0%| F|  |TAMS 0x0000000704000000, 0x0000000704000000| Untracked 
|  51|0x0000000704100000, 0x0000000704100000, 0x0000000704200000|  0%| F|  |TAMS 0x0000000704100000, 0x0000000704100000| Untracked 
|  52|0x0000000704200000, 0x0000000704200000, 0x0000000704300000|  0%| F|  |TAMS 0x0000000704200000, 0x0000000704200000| Untracked 
|  53|0x0000000704300000, 0x0000000704300000, 0x0000000704400000|  0%| F|  |TAMS 0x0000000704300000, 0x0000000704300000| Untracked 
|  54|0x0000000704400000, 0x0000000704400000, 0x0000000704500000|  0%| F|  |TAMS 0x0000000704400000, 0x0000000704400000| Untracked 
|  55|0x0000000704500000, 0x0000000704500000, 0x0000000704600000|  0%| F|  |TAMS 0x0000000704500000, 0x0000000704500000| Untracked 
|  56|0x0000000704600000, 0x0000000704600000, 0x0000000704700000|  0%| F|  |TAMS 0x0000000704600000, 0x0000000704600000| Untracked 
|  57|0x0000000704700000, 0x0000000704700000, 0x0000000704800000|  0%| F|  |TAMS 0x0000000704700000, 0x0000000704700000| Untracked 
|  58|0x0000000704800000, 0x0000000704800000, 0x0000000704900000|  0%| F|  |TAMS 0x0000000704800000, 0x0000000704800000| Untracked 
|  59|0x0000000704900000, 0x0000000704900000, 0x0000000704a00000|  0%| F|  |TAMS 0x0000000704900000, 0x0000000704900000| Untracked 
|  60|0x0000000704a00000, 0x0000000704a00000, 0x0000000704b00000|  0%| F|  |TAMS 0x0000000704a00000, 0x0000000704a00000| Untracked 
|  61|0x0000000704b00000, 0x0000000704b00000, 0x0000000704c00000|  0%| F|  |TAMS 0x0000000704b00000, 0x0000000704b00000| Untracked 
|  62|0x0000000704c00000, 0x0000000704c00000, 0x0000000704d00000|  0%| F|  |TAMS 0x0000000704c00000, 0x0000000704c00000| Untracked 
|  63|0x0000000704d00000, 0x0000000704d00000, 0x0000000704e00000|  0%| F|  |TAMS 0x0000000704d00000, 0x0000000704d00000| Untracked 
|  64|0x0000000704e00000, 0x0000000704e00000, 0x0000000704f00000|  0%| F|  |TAMS 0x0000000704e00000, 0x0000000704e00000| Untracked 
|  65|0x0000000704f00000, 0x0000000704f00000, 0x0000000705000000|  0%| F|  |TAMS 0x0000000704f00000, 0x0000000704f00000| Untracked 
|  66|0x0000000705000000, 0x0000000705000000, 0x0000000705100000|  0%| F|  |TAMS 0x0000000705000000, 0x0000000705000000| Untracked 
|  67|0x0000000705100000, 0x0000000705100000, 0x0000000705200000|  0%| F|  |TAMS 0x0000000705100000, 0x0000000705100000| Untracked 
|  68|0x0000000705200000, 0x0000000705200000, 0x0000000705300000|  0%| F|  |TAMS 0x0000000705200000, 0x0000000705200000| Untracked 
|  69|0x0000000705300000, 0x0000000705300000, 0x0000000705400000|  0%| F|  |TAMS 0x0000000705300000, 0x0000000705300000| Untracked 
|  70|0x0000000705400000, 0x0000000705400000, 0x0000000705500000|  0%| F|  |TAMS 0x0000000705400000, 0x0000000705400000| Untracked 
|  71|0x0000000705500000, 0x0000000705500000, 0x0000000705600000|  0%| F|  |TAMS 0x0000000705500000, 0x0000000705500000| Untracked 
|  72|0x0000000705600000, 0x0000000705600000, 0x0000000705700000|  0%| F|  |TAMS 0x0000000705600000, 0x0000000705600000| Untracked 
|  73|0x0000000705700000, 0x0000000705700000, 0x0000000705800000|  0%| F|  |TAMS 0x0000000705700000, 0x0000000705700000| Untracked 
|  74|0x0000000705800000, 0x0000000705800000, 0x0000000705900000|  0%| F|  |TAMS 0x0000000705800000, 0x0000000705800000| Untracked 
|  75|0x0000000705900000, 0x0000000705900000, 0x0000000705a00000|  0%| F|  |TAMS 0x0000000705900000, 0x0000000705900000| Untracked 
|  76|0x0000000705a00000, 0x0000000705a00000, 0x0000000705b00000|  0%| F|  |TAMS 0x0000000705a00000, 0x0000000705a00000| Untracked 
|  77|0x0000000705b00000, 0x0000000705b00000, 0x0000000705c00000|  0%| F|  |TAMS 0x0000000705b00000, 0x0000000705b00000| Untracked 
|  78|0x0000000705c00000, 0x0000000705c00000, 0x0000000705d00000|  0%| F|  |TAMS 0x0000000705c00000, 0x0000000705c00000| Untracked 
|  79|0x0000000705d00000, 0x0000000705d00000, 0x0000000705e00000|  0%| F|  |TAMS 0x0000000705d00000, 0x0000000705d00000| Untracked 
|  80|0x0000000705e00000, 0x0000000705e00000, 0x0000000705f00000|  0%| F|  |TAMS 0x0000000705e00000, 0x0000000705e00000| Untracked 
|  81|0x0000000705f00000, 0x0000000705f00000, 0x0000000706000000|  0%| F|  |TAMS 0x0000000705f00000, 0x0000000705f00000| Untracked 
|  82|0x0000000706000000, 0x0000000706000000, 0x0000000706100000|  0%| F|  |TAMS 0x0000000706000000, 0x0000000706000000| Untracked 
|  83|0x0000000706100000, 0x0000000706100000, 0x0000000706200000|  0%| F|  |TAMS 0x0000000706100000, 0x0000000706100000| Untracked 
|  84|0x0000000706200000, 0x0000000706200000, 0x0000000706300000|  0%| F|  |TAMS 0x0000000706200000, 0x0000000706200000| Untracked 
|  85|0x0000000706300000, 0x0000000706300000, 0x0000000706400000|  0%| F|  |TAMS 0x0000000706300000, 0x0000000706300000| Untracked 
|  86|0x0000000706400000, 0x0000000706400000, 0x0000000706500000|  0%| F|  |TAMS 0x0000000706400000, 0x0000000706400000| Untracked 
|  87|0x0000000706500000, 0x0000000706500000, 0x0000000706600000|  0%| F|  |TAMS 0x0000000706500000, 0x0000000706500000| Untracked 
|  88|0x0000000706600000, 0x0000000706600000, 0x0000000706700000|  0%| F|  |TAMS 0x0000000706600000, 0x0000000706600000| Untracked 
|  89|0x0000000706700000, 0x0000000706700000, 0x0000000706800000|  0%| F|  |TAMS 0x0000000706700000, 0x0000000706700000| Untracked 
|  90|0x0000000706800000, 0x0000000706800000, 0x0000000706900000|  0%| F|  |TAMS 0x0000000706800000, 0x0000000706800000| Untracked 
|  91|0x0000000706900000, 0x0000000706900000, 0x0000000706a00000|  0%| F|  |TAMS 0x0000000706900000, 0x0000000706900000| Untracked 
|  92|0x0000000706a00000, 0x0000000706a00000, 0x0000000706b00000|  0%| F|  |TAMS 0x0000000706a00000, 0x0000000706a00000| Untracked 
|  93|0x0000000706b00000, 0x0000000706b00000, 0x0000000706c00000|  0%| F|  |TAMS 0x0000000706b00000, 0x0000000706b00000| Untracked 
|  94|0x0000000706c00000, 0x0000000706c00000, 0x0000000706d00000|  0%| F|  |TAMS 0x0000000706c00000, 0x0000000706c00000| Untracked 
|  95|0x0000000706d00000, 0x0000000706d00000, 0x0000000706e00000|  0%| F|  |TAMS 0x0000000706d00000, 0x0000000706d00000| Untracked 
|  96|0x0000000706e00000, 0x0000000706e00000, 0x0000000706f00000|  0%| F|  |TAMS 0x0000000706e00000, 0x0000000706e00000| Untracked 
|  97|0x0000000706f00000, 0x0000000706f00000, 0x0000000707000000|  0%| F|  |TAMS 0x0000000706f00000, 0x0000000706f00000| Untracked 
|  98|0x0000000707000000, 0x0000000707000000, 0x0000000707100000|  0%| F|  |TAMS 0x0000000707000000, 0x0000000707000000| Untracked 
|  99|0x0000000707100000, 0x0000000707100000, 0x0000000707200000|  0%| F|  |TAMS 0x0000000707100000, 0x0000000707100000| Untracked 
| 100|0x0000000707200000, 0x0000000707200000, 0x0000000707300000|  0%| F|  |TAMS 0x0000000707200000, 0x0000000707200000| Untracked 
| 101|0x0000000707300000, 0x0000000707300000, 0x0000000707400000|  0%| F|  |TAMS 0x0000000707300000, 0x0000000707300000| Untracked 
| 102|0x0000000707400000, 0x0000000707400000, 0x0000000707500000|  0%| F|  |TAMS 0x0000000707400000, 0x0000000707400000| Untracked 
| 103|0x0000000707500000, 0x0000000707500000, 0x0000000707600000|  0%| F|  |TAMS 0x0000000707500000, 0x0000000707500000| Untracked 
| 104|0x0000000707600000, 0x0000000707600000, 0x0000000707700000|  0%| F|  |TAMS 0x0000000707600000, 0x0000000707600000| Untracked 
| 105|0x0000000707700000, 0x0000000707700000, 0x0000000707800000|  0%| F|  |TAMS 0x0000000707700000, 0x0000000707700000| Untracked 
| 106|0x0000000707800000, 0x0000000707800000, 0x0000000707900000|  0%| F|  |TAMS 0x0000000707800000, 0x0000000707800000| Untracked 
| 107|0x0000000707900000, 0x0000000707900000, 0x0000000707a00000|  0%| F|  |TAMS 0x0000000707900000, 0x0000000707900000| Untracked 
| 108|0x0000000707a00000, 0x0000000707a00000, 0x0000000707b00000|  0%| F|  |TAMS 0x0000000707a00000, 0x0000000707a00000| Untracked 
| 109|0x0000000707b00000, 0x0000000707b00000, 0x0000000707c00000|  0%| F|  |TAMS 0x0000000707b00000, 0x0000000707b00000| Untracked 
| 110|0x0000000707c00000, 0x0000000707c00000, 0x0000000707d00000|  0%| F|  |TAMS 0x0000000707c00000, 0x0000000707c00000| Untracked 
| 111|0x0000000707d00000, 0x0000000707d00000, 0x0000000707e00000|  0%| F|  |TAMS 0x0000000707d00000, 0x0000000707d00000| Untracked 
| 112|0x0000000707e00000, 0x0000000707e00000, 0x0000000707f00000|  0%| F|  |TAMS 0x0000000707e00000, 0x0000000707e00000| Untracked 
| 113|0x0000000707f00000, 0x0000000707f00000, 0x0000000708000000|  0%| F|  |TAMS 0x0000000707f00000, 0x0000000707f00000| Untracked 
| 114|0x0000000708000000, 0x0000000708000000, 0x0000000708100000|  0%| F|  |TAMS 0x0000000708000000, 0x0000000708000000| Untracked 
| 115|0x0000000708100000, 0x0000000708100000, 0x0000000708200000|  0%| F|  |TAMS 0x0000000708100000, 0x0000000708100000| Untracked 
| 116|0x0000000708200000, 0x0000000708200000, 0x0000000708300000|  0%| F|  |TAMS 0x0000000708200000, 0x0000000708200000| Untracked 
| 117|0x0000000708300000, 0x0000000708300000, 0x0000000708400000|  0%| F|  |TAMS 0x0000000708300000, 0x0000000708300000| Untracked 
| 118|0x0000000708400000, 0x0000000708400000, 0x0000000708500000|  0%| F|  |TAMS 0x0000000708400000, 0x0000000708400000| Untracked 
| 119|0x0000000708500000, 0x0000000708500000, 0x0000000708600000|  0%| F|  |TAMS 0x0000000708500000, 0x0000000708500000| Untracked 
| 120|0x0000000708600000, 0x0000000708600000, 0x0000000708700000|  0%| F|  |TAMS 0x0000000708600000, 0x0000000708600000| Untracked 
| 121|0x0000000708700000, 0x0000000708700000, 0x0000000708800000|  0%| F|  |TAMS 0x0000000708700000, 0x0000000708700000| Untracked 
| 122|0x0000000708800000, 0x0000000708800000, 0x0000000708900000|  0%| F|  |TAMS 0x0000000708800000, 0x0000000708800000| Untracked 
| 123|0x0000000708900000, 0x0000000708900000, 0x0000000708a00000|  0%| F|  |TAMS 0x0000000708900000, 0x0000000708900000| Untracked 
| 124|0x0000000708a00000, 0x0000000708a00000, 0x0000000708b00000|  0%| F|  |TAMS 0x0000000708a00000, 0x0000000708a00000| Untracked 
| 125|0x0000000708b00000, 0x0000000708b00000, 0x0000000708c00000|  0%| F|  |TAMS 0x0000000708b00000, 0x0000000708b00000| Untracked 
| 126|0x0000000708c00000, 0x0000000708c00000, 0x0000000708d00000|  0%| F|  |TAMS 0x0000000708c00000, 0x0000000708c00000| Untracked 
| 127|0x0000000708d00000, 0x0000000708d00000, 0x0000000708e00000|  0%| F|  |TAMS 0x0000000708d00000, 0x0000000708d00000| Untracked 
| 128|0x0000000708e00000, 0x0000000708e00000, 0x0000000708f00000|  0%| F|  |TAMS 0x0000000708e00000, 0x0000000708e00000| Untracked 
| 129|0x0000000708f00000, 0x0000000708f00000, 0x0000000709000000|  0%| F|  |TAMS 0x0000000708f00000, 0x0000000708f00000| Untracked 
| 130|0x0000000709000000, 0x0000000709000000, 0x0000000709100000|  0%| F|  |TAMS 0x0000000709000000, 0x0000000709000000| Untracked 
| 131|0x0000000709100000, 0x0000000709100000, 0x0000000709200000|  0%| F|  |TAMS 0x0000000709100000, 0x0000000709100000| Untracked 
| 132|0x0000000709200000, 0x0000000709200000, 0x0000000709300000|  0%| F|  |TAMS 0x0000000709200000, 0x0000000709200000| Untracked 
| 133|0x0000000709300000, 0x0000000709300000, 0x0000000709400000|  0%| F|  |TAMS 0x0000000709300000, 0x0000000709300000| Untracked 
| 134|0x0000000709400000, 0x0000000709400000, 0x0000000709500000|  0%| F|  |TAMS 0x0000000709400000, 0x0000000709400000| Untracked 
| 135|0x0000000709500000, 0x0000000709500000, 0x0000000709600000|  0%| F|  |TAMS 0x0000000709500000, 0x0000000709500000| Untracked 
| 136|0x0000000709600000, 0x0000000709600000, 0x0000000709700000|  0%| F|  |TAMS 0x0000000709600000, 0x0000000709600000| Untracked 
| 137|0x0000000709700000, 0x0000000709700000, 0x0000000709800000|  0%| F|  |TAMS 0x0000000709700000, 0x0000000709700000| Untracked 
| 138|0x0000000709800000, 0x0000000709800000, 0x0000000709900000|  0%| F|  |TAMS 0x0000000709800000, 0x0000000709800000| Untracked 
| 139|0x0000000709900000, 0x0000000709900000, 0x0000000709a00000|  0%| F|  |TAMS 0x0000000709900000, 0x0000000709900000| Untracked 
| 140|0x0000000709a00000, 0x0000000709a00000, 0x0000000709b00000|  0%| F|  |TAMS 0x0000000709a00000, 0x0000000709a00000| Untracked 
| 141|0x0000000709b00000, 0x0000000709b00000, 0x0000000709c00000|  0%| F|  |TAMS 0x0000000709b00000, 0x0000000709b00000| Untracked 
| 142|0x0000000709c00000, 0x0000000709c00000, 0x0000000709d00000|  0%| F|  |TAMS 0x0000000709c00000, 0x0000000709c00000| Untracked 
| 143|0x0000000709d00000, 0x0000000709d00000, 0x0000000709e00000|  0%| F|  |TAMS 0x0000000709d00000, 0x0000000709d00000| Untracked 
| 144|0x0000000709e00000, 0x0000000709e00000, 0x0000000709f00000|  0%| F|  |TAMS 0x0000000709e00000, 0x0000000709e00000| Untracked 
| 145|0x0000000709f00000, 0x0000000709f00000, 0x000000070a000000|  0%| F|  |TAMS 0x0000000709f00000, 0x0000000709f00000| Untracked 
| 146|0x000000070a000000, 0x000000070a000000, 0x000000070a100000|  0%| F|  |TAMS 0x000000070a000000, 0x000000070a000000| Untracked 
| 147|0x000000070a100000, 0x000000070a100000, 0x000000070a200000|  0%| F|  |TAMS 0x000000070a100000, 0x000000070a100000| Untracked 
| 148|0x000000070a200000, 0x000000070a200000, 0x000000070a300000|  0%| F|  |TAMS 0x000000070a200000, 0x000000070a200000| Untracked 
| 149|0x000000070a300000, 0x000000070a300000, 0x000000070a400000|  0%| F|  |TAMS 0x000000070a300000, 0x000000070a300000| Untracked 
| 150|0x000000070a400000, 0x000000070a400000, 0x000000070a500000|  0%| F|  |TAMS 0x000000070a400000, 0x000000070a400000| Untracked 
| 151|0x000000070a500000, 0x000000070a500000, 0x000000070a600000|  0%| F|  |TAMS 0x000000070a500000, 0x000000070a500000| Untracked 
| 152|0x000000070a600000, 0x000000070a600000, 0x000000070a700000|  0%| F|  |TAMS 0x000000070a600000, 0x000000070a600000| Untracked 
| 153|0x000000070a700000, 0x000000070a700000, 0x000000070a800000|  0%| F|  |TAMS 0x000000070a700000, 0x000000070a700000| Untracked 
| 154|0x000000070a800000, 0x000000070a800000, 0x000000070a900000|  0%| F|  |TAMS 0x000000070a800000, 0x000000070a800000| Untracked 
| 155|0x000000070a900000, 0x000000070a900000, 0x000000070aa00000|  0%| F|  |TAMS 0x000000070a900000, 0x000000070a900000| Untracked 
| 156|0x000000070aa00000, 0x000000070aa00000, 0x000000070ab00000|  0%| F|  |TAMS 0x000000070aa00000, 0x000000070aa00000| Untracked 
| 157|0x000000070ab00000, 0x000000070ab00000, 0x000000070ac00000|  0%| F|  |TAMS 0x000000070ab00000, 0x000000070ab00000| Untracked 
| 158|0x000000070ac00000, 0x000000070ac00000, 0x000000070ad00000|  0%| F|  |TAMS 0x000000070ac00000, 0x000000070ac00000| Untracked 
| 159|0x000000070ad00000, 0x000000070ad00000, 0x000000070ae00000|  0%| F|  |TAMS 0x000000070ad00000, 0x000000070ad00000| Untracked 
| 160|0x000000070ae00000, 0x000000070ae00000, 0x000000070af00000|  0%| F|  |TAMS 0x000000070ae00000, 0x000000070ae00000| Untracked 
| 161|0x000000070af00000, 0x000000070af00000, 0x000000070b000000|  0%| F|  |TAMS 0x000000070af00000, 0x000000070af00000| Untracked 
| 162|0x000000070b000000, 0x000000070b000000, 0x000000070b100000|  0%| F|  |TAMS 0x000000070b000000, 0x000000070b000000| Untracked 
| 163|0x000000070b100000, 0x000000070b100000, 0x000000070b200000|  0%| F|  |TAMS 0x000000070b100000, 0x000000070b100000| Untracked 
| 164|0x000000070b200000, 0x000000070b200000, 0x000000070b300000|  0%| F|  |TAMS 0x000000070b200000, 0x000000070b200000| Untracked 
| 165|0x000000070b300000, 0x000000070b300000, 0x000000070b400000|  0%| F|  |TAMS 0x000000070b300000, 0x000000070b300000| Untracked 
| 166|0x000000070b400000, 0x000000070b400000, 0x000000070b500000|  0%| F|  |TAMS 0x000000070b400000, 0x000000070b400000| Untracked 
| 167|0x000000070b500000, 0x000000070b500000, 0x000000070b600000|  0%| F|  |TAMS 0x000000070b500000, 0x000000070b500000| Untracked 
| 168|0x000000070b600000, 0x000000070b600000, 0x000000070b700000|  0%| F|  |TAMS 0x000000070b600000, 0x000000070b600000| Untracked 
| 169|0x000000070b700000, 0x000000070b700000, 0x000000070b800000|  0%| F|  |TAMS 0x000000070b700000, 0x000000070b700000| Untracked 
| 170|0x000000070b800000, 0x000000070b800000, 0x000000070b900000|  0%| F|  |TAMS 0x000000070b800000, 0x000000070b800000| Untracked 
| 171|0x000000070b900000, 0x000000070b900000, 0x000000070ba00000|  0%| F|  |TAMS 0x000000070b900000, 0x000000070b900000| Untracked 
| 172|0x000000070ba00000, 0x000000070ba00000, 0x000000070bb00000|  0%| F|  |TAMS 0x000000070ba00000, 0x000000070ba00000| Untracked 
| 173|0x000000070bb00000, 0x000000070bb00000, 0x000000070bc00000|  0%| F|  |TAMS 0x000000070bb00000, 0x000000070bb00000| Untracked 
| 174|0x000000070bc00000, 0x000000070bc00000, 0x000000070bd00000|  0%| F|  |TAMS 0x000000070bc00000, 0x000000070bc00000| Untracked 
| 175|0x000000070bd00000, 0x000000070bd00000, 0x000000070be00000|  0%| F|  |TAMS 0x000000070bd00000, 0x000000070bd00000| Untracked 
| 176|0x000000070be00000, 0x000000070be00000, 0x000000070bf00000|  0%| F|  |TAMS 0x000000070be00000, 0x000000070be00000| Untracked 
| 177|0x000000070bf00000, 0x000000070bf00000, 0x000000070c000000|  0%| F|  |TAMS 0x000000070bf00000, 0x000000070bf00000| Untracked 
| 178|0x000000070c000000, 0x000000070c000000, 0x000000070c100000|  0%| F|  |TAMS 0x000000070c000000, 0x000000070c000000| Untracked 
| 179|0x000000070c100000, 0x000000070c100000, 0x000000070c200000|  0%| F|  |TAMS 0x000000070c100000, 0x000000070c100000| Untracked 
| 180|0x000000070c200000, 0x000000070c200000, 0x000000070c300000|  0%| F|  |TAMS 0x000000070c200000, 0x000000070c200000| Untracked 
| 181|0x000000070c300000, 0x000000070c300000, 0x000000070c400000|  0%| F|  |TAMS 0x000000070c300000, 0x000000070c300000| Untracked 
| 182|0x000000070c400000, 0x000000070c400000, 0x000000070c500000|  0%| F|  |TAMS 0x000000070c400000, 0x000000070c400000| Untracked 
| 183|0x000000070c500000, 0x000000070c500000, 0x000000070c600000|  0%| F|  |TAMS 0x000000070c500000, 0x000000070c500000| Untracked 
| 184|0x000000070c600000, 0x000000070c600000, 0x000000070c700000|  0%| F|  |TAMS 0x000000070c600000, 0x000000070c600000| Untracked 
| 185|0x000000070c700000, 0x000000070c700000, 0x000000070c800000|  0%| F|  |TAMS 0x000000070c700000, 0x000000070c700000| Untracked 
| 186|0x000000070c800000, 0x000000070c800000, 0x000000070c900000|  0%| F|  |TAMS 0x000000070c800000, 0x000000070c800000| Untracked 
| 187|0x000000070c900000, 0x000000070c900000, 0x000000070ca00000|  0%| F|  |TAMS 0x000000070c900000, 0x000000070c900000| Untracked 
| 188|0x000000070ca00000, 0x000000070ca00000, 0x000000070cb00000|  0%| F|  |TAMS 0x000000070ca00000, 0x000000070ca00000| Untracked 
| 189|0x000000070cb00000, 0x000000070cb00000, 0x000000070cc00000|  0%| F|  |TAMS 0x000000070cb00000, 0x000000070cb00000| Untracked 
| 190|0x000000070cc00000, 0x000000070cc00000, 0x000000070cd00000|  0%| F|  |TAMS 0x000000070cc00000, 0x000000070cc00000| Untracked 
| 191|0x000000070cd00000, 0x000000070cd00000, 0x000000070ce00000|  0%| F|  |TAMS 0x000000070cd00000, 0x000000070cd00000| Untracked 
| 192|0x000000070ce00000, 0x000000070ce00000, 0x000000070cf00000|  0%| F|  |TAMS 0x000000070ce00000, 0x000000070ce00000| Untracked 
| 193|0x000000070cf00000, 0x000000070cf00000, 0x000000070d000000|  0%| F|  |TAMS 0x000000070cf00000, 0x000000070cf00000| Untracked 
| 194|0x000000070d000000, 0x000000070d000000, 0x000000070d100000|  0%| F|  |TAMS 0x000000070d000000, 0x000000070d000000| Untracked 
| 195|0x000000070d100000, 0x000000070d100000, 0x000000070d200000|  0%| F|  |TAMS 0x000000070d100000, 0x000000070d100000| Untracked 
| 196|0x000000070d200000, 0x000000070d200000, 0x000000070d300000|  0%| F|  |TAMS 0x000000070d200000, 0x000000070d200000| Untracked 
| 197|0x000000070d300000, 0x000000070d300000, 0x000000070d400000|  0%| F|  |TAMS 0x000000070d300000, 0x000000070d300000| Untracked 
| 198|0x000000070d400000, 0x000000070d400000, 0x000000070d500000|  0%| F|  |TAMS 0x000000070d400000, 0x000000070d400000| Untracked 
| 199|0x000000070d500000, 0x000000070d500000, 0x000000070d600000|  0%| F|  |TAMS 0x000000070d500000, 0x000000070d500000| Untracked 
| 200|0x000000070d600000, 0x000000070d600000, 0x000000070d700000|  0%| F|  |TAMS 0x000000070d600000, 0x000000070d600000| Untracked 
| 201|0x000000070d700000, 0x000000070d700000, 0x000000070d800000|  0%| F|  |TAMS 0x000000070d700000, 0x000000070d700000| Untracked 
| 202|0x000000070d800000, 0x000000070d800000, 0x000000070d900000|  0%| F|  |TAMS 0x000000070d800000, 0x000000070d800000| Untracked 
| 203|0x000000070d900000, 0x000000070d900000, 0x000000070da00000|  0%| F|  |TAMS 0x000000070d900000, 0x000000070d900000| Untracked 
| 204|0x000000070da00000, 0x000000070da00000, 0x000000070db00000|  0%| F|  |TAMS 0x000000070da00000, 0x000000070da00000| Untracked 
| 205|0x000000070db00000, 0x000000070db00000, 0x000000070dc00000|  0%| F|  |TAMS 0x000000070db00000, 0x000000070db00000| Untracked 
| 206|0x000000070dc00000, 0x000000070dc00000, 0x000000070dd00000|  0%| F|  |TAMS 0x000000070dc00000, 0x000000070dc00000| Untracked 
| 207|0x000000070dd00000, 0x000000070dd00000, 0x000000070de00000|  0%| F|  |TAMS 0x000000070dd00000, 0x000000070dd00000| Untracked 
| 208|0x000000070de00000, 0x000000070de00000, 0x000000070df00000|  0%| F|  |TAMS 0x000000070de00000, 0x000000070de00000| Untracked 
| 209|0x000000070df00000, 0x000000070df00000, 0x000000070e000000|  0%| F|  |TAMS 0x000000070df00000, 0x000000070df00000| Untracked 
| 210|0x000000070e000000, 0x000000070e000000, 0x000000070e100000|  0%| F|  |TAMS 0x000000070e000000, 0x000000070e000000| Untracked 
| 211|0x000000070e100000, 0x000000070e100000, 0x000000070e200000|  0%| F|  |TAMS 0x000000070e100000, 0x000000070e100000| Untracked 
| 212|0x000000070e200000, 0x000000070e200000, 0x000000070e300000|  0%| F|  |TAMS 0x000000070e200000, 0x000000070e200000| Untracked 
| 213|0x000000070e300000, 0x000000070e300000, 0x000000070e400000|  0%| F|  |TAMS 0x000000070e300000, 0x000000070e300000| Untracked 
| 214|0x000000070e400000, 0x000000070e400000, 0x000000070e500000|  0%| F|  |TAMS 0x000000070e400000, 0x000000070e400000| Untracked 
| 215|0x000000070e500000, 0x000000070e500000, 0x000000070e600000|  0%| F|  |TAMS 0x000000070e500000, 0x000000070e500000| Untracked 
| 216|0x000000070e600000, 0x000000070e600000, 0x000000070e700000|  0%| F|  |TAMS 0x000000070e600000, 0x000000070e600000| Untracked 
| 217|0x000000070e700000, 0x000000070e735b00, 0x000000070e800000| 20%| S|CS|TAMS 0x000000070e700000, 0x000000070e700000| Complete 
| 218|0x000000070e800000, 0x000000070e900000, 0x000000070e900000|100%| S|CS|TAMS 0x000000070e800000, 0x000000070e800000| Complete 
| 219|0x000000070e900000, 0x000000070ea00000, 0x000000070ea00000|100%| S|CS|TAMS 0x000000070e900000, 0x000000070e900000| Complete 
| 220|0x000000070ea00000, 0x000000070eb00000, 0x000000070eb00000|100%| S|CS|TAMS 0x000000070ea00000, 0x000000070ea00000| Complete 
| 221|0x000000070eb00000, 0x000000070ec00000, 0x000000070ec00000|100%| S|CS|TAMS 0x000000070eb00000, 0x000000070eb00000| Complete 
| 222|0x000000070ec00000, 0x000000070ec00000, 0x000000070ed00000|  0%| F|  |TAMS 0x000000070ec00000, 0x000000070ec00000| Untracked 
| 223|0x000000070ed00000, 0x000000070ed00000, 0x000000070ee00000|  0%| F|  |TAMS 0x000000070ed00000, 0x000000070ed00000| Untracked 
| 224|0x000000070ee00000, 0x000000070ee00000, 0x000000070ef00000|  0%| F|  |TAMS 0x000000070ee00000, 0x000000070ee00000| Untracked 
| 225|0x000000070ef00000, 0x000000070ef00000, 0x000000070f000000|  0%| F|  |TAMS 0x000000070ef00000, 0x000000070ef00000| Untracked 
| 226|0x000000070f000000, 0x000000070f000000, 0x000000070f100000|  0%| F|  |TAMS 0x000000070f000000, 0x000000070f000000| Untracked 
| 227|0x000000070f100000, 0x000000070f100000, 0x000000070f200000|  0%| F|  |TAMS 0x000000070f100000, 0x000000070f100000| Untracked 
| 228|0x000000070f200000, 0x000000070f200000, 0x000000070f300000|  0%| F|  |TAMS 0x000000070f200000, 0x000000070f200000| Untracked 
| 229|0x000000070f300000, 0x000000070f300000, 0x000000070f400000|  0%| F|  |TAMS 0x000000070f300000, 0x000000070f300000| Untracked 
| 230|0x000000070f400000, 0x000000070f400000, 0x000000070f500000|  0%| F|  |TAMS 0x000000070f400000, 0x000000070f400000| Untracked 
| 231|0x000000070f500000, 0x000000070f500000, 0x000000070f600000|  0%| F|  |TAMS 0x000000070f500000, 0x000000070f500000| Untracked 
| 232|0x000000070f600000, 0x000000070f600000, 0x000000070f700000|  0%| F|  |TAMS 0x000000070f600000, 0x000000070f600000| Untracked 
| 233|0x000000070f700000, 0x000000070f700000, 0x000000070f800000|  0%| F|  |TAMS 0x000000070f700000, 0x000000070f700000| Untracked 
| 234|0x000000070f800000, 0x000000070f800000, 0x000000070f900000|  0%| F|  |TAMS 0x000000070f800000, 0x000000070f800000| Untracked 
| 235|0x000000070f900000, 0x000000070f900000, 0x000000070fa00000|  0%| F|  |TAMS 0x000000070f900000, 0x000000070f900000| Untracked 
| 236|0x000000070fa00000, 0x000000070fa00000, 0x000000070fb00000|  0%| F|  |TAMS 0x000000070fa00000, 0x000000070fa00000| Untracked 
| 237|0x000000070fb00000, 0x000000070fb00000, 0x000000070fc00000|  0%| F|  |TAMS 0x000000070fb00000, 0x000000070fb00000| Untracked 
| 238|0x000000070fc00000, 0x000000070fc00000, 0x000000070fd00000|  0%| F|  |TAMS 0x000000070fc00000, 0x000000070fc00000| Untracked 
| 239|0x000000070fd00000, 0x000000070fd00000, 0x000000070fe00000|  0%| F|  |TAMS 0x000000070fd00000, 0x000000070fd00000| Untracked 
| 240|0x000000070fe00000, 0x000000070fe00000, 0x000000070ff00000|  0%| F|  |TAMS 0x000000070fe00000, 0x000000070fe00000| Untracked 
| 241|0x000000070ff00000, 0x000000070ff00000, 0x0000000710000000|  0%| F|  |TAMS 0x000000070ff00000, 0x000000070ff00000| Untracked 
| 242|0x0000000710000000, 0x0000000710080800, 0x0000000710100000| 50%| E|  |TAMS 0x0000000710000000, 0x0000000710000000| Complete 
| 243|0x0000000710100000, 0x0000000710200000, 0x0000000710200000|100%| E|CS|TAMS 0x0000000710100000, 0x0000000710100000| Complete 
| 244|0x0000000710200000, 0x0000000710300000, 0x0000000710300000|100%| E|CS|TAMS 0x0000000710200000, 0x0000000710200000| Complete 
| 245|0x0000000710300000, 0x0000000710400000, 0x0000000710400000|100%| E|CS|TAMS 0x0000000710300000, 0x0000000710300000| Complete 
| 246|0x0000000710400000, 0x0000000710500000, 0x0000000710500000|100%| E|CS|TAMS 0x0000000710400000, 0x0000000710400000| Complete 
| 247|0x0000000710500000, 0x0000000710600000, 0x0000000710600000|100%| E|CS|TAMS 0x0000000710500000, 0x0000000710500000| Complete 
| 248|0x0000000710600000, 0x0000000710700000, 0x0000000710700000|100%| E|CS|TAMS 0x0000000710600000, 0x0000000710600000| Complete 
| 249|0x0000000710700000, 0x0000000710800000, 0x0000000710800000|100%| E|CS|TAMS 0x0000000710700000, 0x0000000710700000| Complete 
| 250|0x0000000710800000, 0x0000000710900000, 0x0000000710900000|100%| E|CS|TAMS 0x0000000710800000, 0x0000000710800000| Complete 
| 251|0x0000000710900000, 0x0000000710a00000, 0x0000000710a00000|100%| E|CS|TAMS 0x0000000710900000, 0x0000000710900000| Complete 
| 252|0x0000000710a00000, 0x0000000710b00000, 0x0000000710b00000|100%| E|CS|TAMS 0x0000000710a00000, 0x0000000710a00000| Complete 
| 253|0x0000000710b00000, 0x0000000710c00000, 0x0000000710c00000|100%| E|CS|TAMS 0x0000000710b00000, 0x0000000710b00000| Complete 
| 254|0x0000000710c00000, 0x0000000710d00000, 0x0000000710d00000|100%| E|CS|TAMS 0x0000000710c00000, 0x0000000710c00000| Complete 
| 255|0x0000000710d00000, 0x0000000710e00000, 0x0000000710e00000|100%| E|CS|TAMS 0x0000000710d00000, 0x0000000710d00000| Complete 

Card table byte_map: [0x000001901d030000,0x000001901d830000] _byte_map_base: 0x0000019019829000

Marking Bits (Prev, Next): (CMBitMap*) 0x0000019004b87058, (CMBitMap*) 0x0000019004b87098
 Prev Bits: [0x000001901e030000, 0x0000019021ff8000)
 Next Bits: [0x0000019022000000, 0x0000019025fc8000)

Polling page: 0x0000019002a70000

Metaspace:

Usage:
  Non-class:     17.02 MB capacity,    16.59 MB ( 97%) used,   364.10 KB (  2%) free+waste,    81.38 KB ( <1%) overhead. 
      Class:      2.70 MB capacity,     2.39 MB ( 89%) used,   275.97 KB ( 10%) free+waste,    41.56 KB (  2%) overhead. 
       Both:     19.73 MB capacity,    18.98 MB ( 96%) used,   640.07 KB (  3%) free+waste,   122.94 KB ( <1%) overhead. 

Virtual space:
  Non-class space:       18.00 MB reserved,      17.25 MB ( 96%) committed 
      Class space:        1.00 GB reserved,       2.75 MB ( <1%) committed 
             Both:        1.02 GB reserved,      20.00 MB (  2%) committed 

Chunk freelists:
   Non-Class:  39.00 KB
       Class:  18.00 KB
        Both:  57.00 KB

MaxMetaspaceSize: 17179869184.00 GB
CompressedClassSpaceSize: 1.00 GB

CodeHeap 'non-profiled nmethods': size=120000Kb used=1825Kb max_used=1825Kb free=118174Kb
 bounds [0x0000019014da0000, 0x0000019015010000, 0x000001901c2d0000]
CodeHeap 'profiled nmethods': size=120000Kb used=6069Kb max_used=6069Kb free=113930Kb
 bounds [0x000001900d870000, 0x000001900de60000, 0x0000019014da0000]
CodeHeap 'non-nmethods': size=5760Kb used=1570Kb max_used=1639Kb free=4189Kb
 bounds [0x000001900d2d0000, 0x000001900d540000, 0x000001900d870000]
 total_blobs=3936 nmethods=3120 adapters=728
 compilation: enabled
              stopped_count=0, restarted_count=0
 full_count=0

Compilation events (20 events):
Event: 11.964 Thread 0x0000019029634000 nmethod 3115 0x0000019014f67d90 code [0x0000019014f67f20, 0x0000019014f67ff8]
Event: 11.964 Thread 0x0000019029634000 3116       1       javafx.scene.layout.CornerRadii::isBottomLeftVerticalRadiusAsPercentage (5 bytes)
Event: 11.964 Thread 0x0000019029634000 nmethod 3116 0x0000019014f68090 code [0x0000019014f68220, 0x0000019014f682f8]
Event: 11.964 Thread 0x0000019029634000 3117       1       javafx.scene.layout.CornerRadii::isBottomLeftHorizontalRadiusAsPercentage (5 bytes)
Event: 11.964 Thread 0x0000019029634000 nmethod 3117 0x0000019014f68390 code [0x0000019014f68520, 0x0000019014f685f8]
Event: 11.965 Thread 0x0000019029634000 3118       3       com.sun.javafx.css.StyleManager$CacheContainer::access$100 (5 bytes)
Event: 11.965 Thread 0x0000019029634000 nmethod 3118 0x000001900de5a110 code [0x000001900de5a2c0, 0x000001900de5a658]
Event: 11.965 Thread 0x0000019029634000 3119       3       com.sun.javafx.css.StyleManager$CacheContainer::getStyleCache (23 bytes)
Event: 11.965 Thread 0x0000019029634000 nmethod 3119 0x000001900de5a810 code [0x000001900de5a9c0, 0x000001900de5ad18]
Event: 11.965 Thread 0x0000019029634000 3120       3       javafx.scene.Node$StyleableProperties$2::isSettable (9 bytes)
Event: 11.965 Thread 0x0000019034bf3800 3106       4       javafx.css.CompoundSelector::applies (144 bytes)
Event: 11.965 Thread 0x0000019029634000 nmethod 3120 0x000001900de5ae10 code [0x000001900de5afe0, 0x000001900de5b528]
Event: 11.965 Thread 0x0000019029634000 3121       3       javafx.scene.Node$StyleableProperties$2::isSettable (23 bytes)
Event: 11.965 Thread 0x0000019029634000 nmethod 3121 0x000001900de5b710 code [0x000001900de5b8e0, 0x000001900de5bca8]
Event: 11.965 Thread 0x0000019029634000 3122       3       javafx.scene.Node$StyleableProperties$5::isSettable (9 bytes)
Event: 11.965 Thread 0x0000019029634000 nmethod 3122 0x000001900de5be10 code [0x000001900de5bfe0, 0x000001900de5c428]
Event: 11.965 Thread 0x0000019029634000 3123       3       javafx.scene.Node$StyleableProperties$5::isSettable (23 bytes)
Event: 11.966 Thread 0x0000019029634000 nmethod 3123 0x000001900de5c590 code [0x000001900de5c740, 0x000001900de5ca08]
Event: 11.966 Thread 0x0000019029634000 3125       3       javafx.scene.Node$StyleableProperties$9::isSettable (9 bytes)
Event: 11.966 Thread 0x0000019029634000 nmethod 3125 0x000001900de5cb10 code [0x000001900de5cce0, 0x000001900de5d2f8]

GC Heap History (4 events):
Event: 0.514 GC heap before
{Heap before GC invocations=0 (full 0):
 garbage-first heap   total 262144K, used 23552K [0x0000000700e00000, 0x0000000800000000)
  region size 1024K, 23 young (23552K), 0 survivors (0K)
 Metaspace       used 7136K, capacity 8940K, committed 9088K, reserved 1056768K
  class space    used 891K, capacity 1116K, committed 1152K, reserved 1048576K
}
Event: 0.517 GC heap after
{Heap after GC invocations=1 (full 0):
 garbage-first heap   total 262144K, used 3227K [0x0000000700e00000, 0x0000000800000000)
  region size 1024K, 3 young (3072K), 3 survivors (3072K)
 Metaspace       used 7136K, capacity 8940K, committed 9088K, reserved 1056768K
  class space    used 891K, capacity 1116K, committed 1152K, reserved 1048576K
}
Event: 3.387 GC heap before
{Heap before GC invocations=1 (full 0):
 garbage-first heap   total 262144K, used 35995K [0x0000000700e00000, 0x0000000800000000)
  region size 1024K, 34 young (34816K), 3 survivors (3072K)
 Metaspace       used 15934K, capacity 16827K, committed 17024K, reserved 1064960K
  class space    used 2108K, capacity 2414K, committed 2432K, reserved 1048576K
}
Event: 3.392 GC heap after
{Heap after GC invocations=2 (full 0):
 garbage-first heap   total 262144K, used 9483K [0x0000000700e00000, 0x0000000800000000)
  region size 1024K, 5 young (5120K), 5 survivors (5120K)
 Metaspace       used 15934K, capacity 16827K, committed 17024K, reserved 1064960K
  class space    used 2108K, capacity 2414K, committed 2432K, reserved 1048576K
}

Deoptimization events (20 events):
Event: 4.871 Thread 0x0000019029d18000 DEOPT PACKING pc=0x000001900dc9504d sp=0x000000616c4fc430
Event: 4.871 Thread 0x0000019029d18000 DEOPT UNPACKING pc=0x000001900d31964e sp=0x000000616c4fb8f8 mode 0
Event: 4.871 Thread 0x0000019029d18000 DEOPT PACKING pc=0x000001900dc9504d sp=0x000000616c4fc430
Event: 4.871 Thread 0x0000019029d18000 DEOPT UNPACKING pc=0x000001900d31964e sp=0x000000616c4fb8f8 mode 0
Event: 4.872 Thread 0x0000019029d18000 DEOPT PACKING pc=0x000001900dc9504d sp=0x000000616c4fc430
Event: 4.872 Thread 0x0000019029d18000 DEOPT UNPACKING pc=0x000001900d31964e sp=0x000000616c4fb8f8 mode 0
Event: 11.952 Thread 0x0000019029dae800 DEOPT PACKING pc=0x000001900da6a3e4 sp=0x000000616c7fa8c0
Event: 11.952 Thread 0x0000019029dae800 DEOPT UNPACKING pc=0x000001900d31964e sp=0x000000616c7f9d90 mode 1
Event: 11.952 Thread 0x0000019029dae800 DEOPT PACKING pc=0x000001900de4afbc sp=0x000000616c7fa630
Event: 11.952 Thread 0x0000019029dae800 DEOPT UNPACKING pc=0x000001900d31964e sp=0x000000616c7f9ba8 mode 1
Event: 11.952 Thread 0x0000019029dae800 DEOPT PACKING pc=0x000001900db1918c sp=0x000000616c7fa760
Event: 11.952 Thread 0x0000019029dae800 DEOPT UNPACKING pc=0x000001900d31964e sp=0x000000616c7f9c00 mode 1
Event: 11.952 Thread 0x0000019029dae800 DEOPT PACKING pc=0x000001900da6971c sp=0x000000616c7fa7b0
Event: 11.952 Thread 0x0000019029dae800 DEOPT UNPACKING pc=0x000001900d31964e sp=0x000000616c7f9ca0 mode 1
Event: 11.952 Thread 0x0000019029dae800 DEOPT PACKING pc=0x000001900db1918c sp=0x000000616c7fa940
Event: 11.952 Thread 0x0000019029dae800 DEOPT UNPACKING pc=0x000001900d31964e sp=0x000000616c7f9de0 mode 1
Event: 11.952 Thread 0x0000019029dae800 DEOPT PACKING pc=0x000001900da6971c sp=0x000000616c7fa990
Event: 11.952 Thread 0x0000019029dae800 DEOPT UNPACKING pc=0x000001900d31964e sp=0x000000616c7f9e80 mode 1
Event: 11.968 Thread 0x000001902ea3e000 DEOPT PACKING pc=0x000001900d9db154 sp=0x000000616d64f510
Event: 11.968 Thread 0x000001902ea3e000 DEOPT UNPACKING pc=0x000001900d31964e sp=0x000000616d64e970 mode 1

Classes unloaded (0 events):
No events

Classes redefined (0 events):
No events

Internal exceptions (20 events):
Event: 0.609 Thread 0x0000019029dae800 Exception <a 'java/lang/NoSuchMethodError'{0x000000071061f6d8}: 'java.lang.Object java.lang.invoke.Invokers$Holder.linkToTargetMethod(java.lang.Object, int, java.lang.Object)'> (0x000000071061f6d8) 
thrown [./open/src/hotspot/share/interpreter/linkResolver.cpp, line 766]
Event: 0.620 Thread 0x0000019029dae800 Exception <a 'java/io/FileNotFoundException'{0x000000071069dd90}> (0x000000071069dd90) 
thrown [./open/src/hotspot/share/prims/jni.cpp, line 599]
Event: 0.623 Thread 0x0000019029dae800 Exception <a 'java/io/FileNotFoundException'{0x00000007106b8b68}> (0x00000007106b8b68) 
thrown [./open/src/hotspot/share/prims/jni.cpp, line 599]
Event: 0.651 Thread 0x0000019029dae800 Exception <a 'sun/nio/fs/WindowsException'{0x00000007104eabe0}> (0x00000007104eabe0) 
thrown [./open/src/hotspot/share/prims/jni.cpp, line 599]
Event: 0.658 Thread 0x0000019029dae800 Implicit null exception at 0x0000019014e00ae6 to 0x0000019014e01230
Event: 0.658 Thread 0x0000019029dae800 Implicit null exception at 0x0000019014e0f88e to 0x0000019014e10e78
Event: 0.666 Thread 0x0000019029dae800 Implicit null exception at 0x0000019014dc4a2f to 0x0000019014dc4ab1
Event: 0.756 Thread 0x0000019029dae800 Exception <a 'java/lang/NoSuchMethodError'{0x000000070fe857e0}: 'java.lang.Object java.lang.invoke.DirectMethodHandle$Holder.invokeInterface(java.lang.Object, java.lang.Object, java.lang.Object)'> (0x000000070fe857e0) 
thrown [./open/src/hotspot/share/interpreter/linkResolver.cpp, line 766]
Event: 0.756 Thread 0x0000019029dae800 Exception <a 'java/lang/IncompatibleClassChangeError'{0x000000070fe88670}: Found class java.lang.Object, but interface was expected> (0x000000070fe88670) 
thrown [./open/src/hotspot/share/interpreter/linkResolver.cpp, line 832]
Event: 0.815 Thread 0x0000019029d18000 Exception <a 'java/lang/NoSuchMethodError'{0x000000070fb19b10}: 'int java.lang.invoke.DirectMethodHandle$Holder.invokeStaticInit(java.lang.Object, java.lang.Object)'> (0x000000070fb19b10) 
thrown [./open/src/hotspot/share/interpreter/linkResolver.cpp, line 766]
Event: 1.896 Thread 0x0000019029dae800 Exception <a 'java/lang/NoSuchMethodError'{0x000000070f7c9810}: 'long java.lang.invoke.DirectMethodHandle$Holder.invokeStatic(java.lang.Object, java.lang.Object, java.lang.Object)'> (0x000000070f7c9810) 
thrown [./open/src/hotspot/share/interpreter/linkResolver.cpp, line 766]
Event: 1.896 Thread 0x0000019029dae800 Exception <a 'java/lang/NoSuchMethodError'{0x000000070f7cc4b8}: 'long java.lang.invoke.DirectMethodHandle$Holder.invokeStaticInit(java.lang.Object, java.lang.Object, java.lang.Object)'> (0x000000070f7cc4b8) 
thrown [./open/src/hotspot/share/interpreter/linkResolver.cpp, line 766]
Event: 1.897 Thread 0x0000019029dae800 Exception <a 'java/lang/NoSuchMethodError'{0x000000070f7e09d0}: 'java.lang.Object java.lang.invoke.Invokers$Holder.linkToTargetMethod(java.lang.Object, long, java.lang.Object)'> (0x000000070f7e09d0) 
thrown [./open/src/hotspot/share/interpreter/linkResolver.cpp, line 766]
Event: 2.069 Thread 0x0000019029dae800 Exception <a 'java/lang/ClassNotFoundException'{0x000000070f29aca0}: com/sun/javafx/scene/control/skin/resources/controls> (0x000000070f29aca0) 
thrown [./open/src/hotspot/share/prims/jni.cpp, line 620]
Event: 2.069 Thread 0x0000019029dae800 Exception <a 'java/lang/ClassNotFoundException'{0x000000070f2a8a68}: com/sun/javafx/scene/control/skin/resources/controls_ru> (0x000000070f2a8a68) 
thrown [./open/src/hotspot/share/prims/jni.cpp, line 620]
Event: 2.069 Thread 0x0000019029dae800 Exception <a 'java/lang/ClassNotFoundException'{0x000000070f2a9f18}: com/sun/javafx/scene/control/skin/resources/controls_ru_RU> (0x000000070f2a9f18) 
thrown [./open/src/hotspot/share/prims/jni.cpp, line 620]
Event: 3.365 Thread 0x0000019029dae800 Exception <a 'sun/nio/fs/WindowsException'{0x000000070eec6908}> (0x000000070eec6908) 
thrown [./open/src/hotspot/share/prims/jni.cpp, line 599]
Event: 3.468 Thread 0x0000019029dae800 Exception <a 'java/lang/ClassNotFoundException'{0x00000007109c1bc8}: jdk/net/ExtendedSocketOptions> (0x00000007109c1bc8) 
thrown [./open/src/hotspot/share/classfile/systemDictionary.cpp, line 226]
Event: 3.563 Thread 0x0000019029d18000 Exception <a 'java/lang/NoSuchMethodError'{0x0000000710520910}: 'java.lang.Object java.lang.invoke.DirectMethodHandle$Holder.invokeStaticInit(java.lang.Object, int)'> (0x0000000710520910) 
thrown [./open/src/hotspot/share/interpreter/linkResolver.cpp, line 766]
Event: 11.952 Thread 0x0000019029dae800 Exception <a 'java/lang/reflect/InvocationTargetException'{0x0000000710252d90}> (0x0000000710252d90) 
thrown [./open/src/hotspot/share/runtime/reflection.cpp, line 1188]

Events (20 events):
Event: 11.966 loading class jdk/internal/misc/Signal$1
Event: 11.966 loading class jdk/internal/misc/Signal$1 done
Event: 11.966 Thread 0x000001902ea3c800 Thread added: 0x000001902ea3c800
Event: 11.966 Executing VM operation: HandshakeOneThread
Event: 11.966 Executing VM operation: HandshakeOneThread done
Event: 11.967 Thread 0x000001902ea3e000 Thread added: 0x000001902ea3e000
Event: 11.967 Thread 0x000001902ea3e800 Thread added: 0x000001902ea3e800
Event: 11.967 Executing VM operation: HandshakeOneThread
Event: 11.967 Executing VM operation: HandshakeOneThread done
Event: 11.967 Executing VM operation: HandshakeOneThread
Event: 11.967 Executing VM operation: HandshakeOneThread done
Event: 11.967 Executing VM operation: HandshakeOneThread
Event: 11.967 Executing VM operation: HandshakeOneThread done
Event: 11.967 Executing VM operation: HandshakeOneThread
Event: 11.968 Executing VM operation: HandshakeOneThread done
Event: 11.968 Executing VM operation: HandshakeOneThread
Event: 11.968 Executing VM operation: HandshakeOneThread done
Event: 11.968 Thread 0x000001902ea3e800 Thread exited: 0x000001902ea3e800
Event: 11.968 Thread 0x000001902ea3e000 Thread exited: 0x000001902ea3e000
Event: 11.968 Executing VM operation: Exit


Dynamic libraries:
0x00007ff640050000 - 0x00007ff64005f000 	C:\Program Files\Java\jdk-14.0.2\bin\java.exe
0x00007ffab7430000 - 0x00007ffab7626000 	C:\WINDOWS\SYSTEM32\ntdll.dll
0x00007ffab6850000 - 0x00007ffab690d000 	C:\WINDOWS\System32\KERNEL32.DLL
0x00007ffab50b0000 - 0x00007ffab5379000 	C:\WINDOWS\System32\KERNELBASE.dll
0x00007ffab4c10000 - 0x00007ffab4d10000 	C:\WINDOWS\System32\ucrtbase.dll
0x00007ffaaf790000 - 0x00007ffaaf7a8000 	C:\Program Files\Java\jdk-14.0.2\bin\jli.dll
0x00007ffaaf7b0000 - 0x00007ffaaf7c5000 	C:\Program Files\Java\jdk-14.0.2\bin\VCRUNTIME140.dll
0x00007ffab5fd0000 - 0x00007ffab607c000 	C:\WINDOWS\System32\ADVAPI32.dll
0x00007ffab5d60000 - 0x00007ffab5dfe000 	C:\WINDOWS\System32\msvcrt.dll
0x00007ffab70a0000 - 0x00007ffab713c000 	C:\WINDOWS\System32\sechost.dll
0x00007ffab7140000 - 0x00007ffab726b000 	C:\WINDOWS\System32\RPCRT4.dll
0x00007ffab6c70000 - 0x00007ffab6e10000 	C:\WINDOWS\System32\USER32.dll
0x00007ffab5380000 - 0x00007ffab53a2000 	C:\WINDOWS\System32\win32u.dll
0x00007ffa9d7f0000 - 0x00007ffa9da8b000 	C:\WINDOWS\WinSxS\amd64_microsoft.windows.common-controls_6595b64144ccf1df_6.0.19041.488_none_ca04af081b815d21\COMCTL32.dll
0x00007ffab5f40000 - 0x00007ffab5f6a000 	C:\WINDOWS\System32\GDI32.dll
0x00007ffab4d10000 - 0x00007ffab4e19000 	C:\WINDOWS\System32\gdi32full.dll
0x00007ffab4b70000 - 0x00007ffab4c0d000 	C:\WINDOWS\System32\msvcp_win.dll
0x00007ffaacb20000 - 0x00007ffaacb2a000 	C:\WINDOWS\SYSTEM32\VERSION.dll
0x00007ffab72d0000 - 0x00007ffab7300000 	C:\WINDOWS\System32\IMM32.DLL
0x00007ffaaf6f0000 - 0x00007ffaaf78b000 	C:\Program Files\Java\jdk-14.0.2\bin\msvcp140.dll
0x00007ffa4b1b0000 - 0x00007ffa4bcce000 	C:\Program Files\Java\jdk-14.0.2\bin\server\jvm.dll
0x00007ffab5eb0000 - 0x00007ffab5eb8000 	C:\WINDOWS\System32\PSAPI.DLL
0x00007ffaa1fe0000 - 0x00007ffaa2007000 	C:\WINDOWS\SYSTEM32\WINMM.dll
0x00007ffaa10f0000 - 0x00007ffaa10f9000 	C:\WINDOWS\SYSTEM32\WSOCK32.dll
0x00007ffab6500000 - 0x00007ffab656b000 	C:\WINDOWS\System32\WS2_32.dll
0x00007ffab3430000 - 0x00007ffab3442000 	C:\WINDOWS\SYSTEM32\kernel.appcore.dll
0x00007ffab1f30000 - 0x00007ffab1f3a000 	C:\Program Files\Java\jdk-14.0.2\bin\jimage.dll
0x00007ffab2910000 - 0x00007ffab2af4000 	C:\WINDOWS\SYSTEM32\DBGHELP.DLL
0x00007ffa9cb90000 - 0x00007ffa9cbbc000 	C:\WINDOWS\SYSTEM32\dbgcore.DLL
0x00007ffab4e20000 - 0x00007ffab4ea0000 	C:\WINDOWS\System32\bcryptPrimitives.dll
0x00007ffa9ea50000 - 0x00007ffa9ea88000 	C:\Program Files\Java\jdk-14.0.2\bin\jdwp.dll
0x00007ffaaf6c0000 - 0x00007ffaaf6e5000 	C:\Program Files\Java\jdk-14.0.2\bin\java.dll
0x00007ffaaf6a0000 - 0x00007ffaaf6b6000 	C:\Program Files\Java\jdk-14.0.2\bin\zip.dll
0x00007ffab5610000 - 0x00007ffab5d52000 	C:\WINDOWS\System32\SHELL32.dll
0x00007ffab2ba0000 - 0x00007ffab3335000 	C:\WINDOWS\SYSTEM32\windows.storage.dll
0x00007ffab6910000 - 0x00007ffab6c66000 	C:\WINDOWS\System32\combase.dll
0x00007ffab4440000 - 0x00007ffab446c000 	C:\WINDOWS\SYSTEM32\Wldp.dll
0x00007ffab5490000 - 0x00007ffab553e000 	C:\WINDOWS\System32\SHCORE.dll
0x00007ffab7270000 - 0x00007ffab72c5000 	C:\WINDOWS\System32\shlwapi.dll
0x00007ffab4aa0000 - 0x00007ffab4ac6000 	C:\WINDOWS\SYSTEM32\profapi.dll
0x00007ffaaf680000 - 0x00007ffaaf699000 	C:\Program Files\Java\jdk-14.0.2\bin\net.dll
0x00007ffaae670000 - 0x00007ffaae770000 	C:\WINDOWS\SYSTEM32\WINHTTP.dll
0x00007ffab4230000 - 0x00007ffab429a000 	C:\WINDOWS\system32\mswsock.dll
0x00007ffaa1100000 - 0x00007ffaa1112000 	C:\Program Files\Java\jdk-14.0.2\bin\nio.dll
0x00007ffaa0dc0000 - 0x00007ffaa0dcb000 	C:\Program Files\Java\jdk-14.0.2\bin\dt_socket.dll
0x00007ffab3f40000 - 0x00007ffab3f7b000 	C:\WINDOWS\SYSTEM32\IPHLPAPI.DLL
0x0000019002ab0000 - 0x0000019002ab3000 	C:\Users\Drainer\Desktop\3 kurse\BD\javafx-sdk-11.0.2\bin\api-ms-win-core-console-l1-1-0.dll
0x0000019002ac0000 - 0x0000019002ac3000 	C:\Users\Drainer\Desktop\3 kurse\BD\javafx-sdk-11.0.2\bin\api-ms-win-core-datetime-l1-1-0.dll
0x0000019002ad0000 - 0x0000019002ad3000 	C:\Users\Drainer\Desktop\3 kurse\BD\javafx-sdk-11.0.2\bin\api-ms-win-core-debug-l1-1-0.dll
0x0000019002ae0000 - 0x0000019002ae3000 	C:\Users\Drainer\Desktop\3 kurse\BD\javafx-sdk-11.0.2\bin\api-ms-win-core-errorhandling-l1-1-0.dll
0x0000019002af0000 - 0x0000019002af4000 	C:\Users\Drainer\Desktop\3 kurse\BD\javafx-sdk-11.0.2\bin\api-ms-win-core-file-l1-1-0.dll
0x0000019002b00000 - 0x0000019002b03000 	C:\Users\Drainer\Desktop\3 kurse\BD\javafx-sdk-11.0.2\bin\api-ms-win-core-file-l1-2-0.dll
0x0000019002b10000 - 0x0000019002b13000 	C:\Users\Drainer\Desktop\3 kurse\BD\javafx-sdk-11.0.2\bin\api-ms-win-core-file-l2-1-0.dll
0x0000019002b20000 - 0x0000019002b23000 	C:\Users\Drainer\Desktop\3 kurse\BD\javafx-sdk-11.0.2\bin\api-ms-win-core-handle-l1-1-0.dll
0x0000019002b30000 - 0x0000019002b33000 	C:\Users\Drainer\Desktop\3 kurse\BD\javafx-sdk-11.0.2\bin\api-ms-win-core-heap-l1-1-0.dll
0x0000019002b40000 - 0x0000019002b43000 	C:\Users\Drainer\Desktop\3 kurse\BD\javafx-sdk-11.0.2\bin\api-ms-win-core-interlocked-l1-1-0.dll
0x0000019004a30000 - 0x0000019004a33000 	C:\Users\Drainer\Desktop\3 kurse\BD\javafx-sdk-11.0.2\bin\api-ms-win-core-libraryloader-l1-1-0.dll
0x0000019004a40000 - 0x0000019004a43000 	C:\Users\Drainer\Desktop\3 kurse\BD\javafx-sdk-11.0.2\bin\api-ms-win-core-localization-l1-2-0.dll
0x0000019004a50000 - 0x0000019004a53000 	C:\Users\Drainer\Desktop\3 kurse\BD\javafx-sdk-11.0.2\bin\api-ms-win-core-memory-l1-1-0.dll
0x0000019004a60000 - 0x0000019004a63000 	C:\Users\Drainer\Desktop\3 kurse\BD\javafx-sdk-11.0.2\bin\api-ms-win-core-namedpipe-l1-1-0.dll
0x0000019004a70000 - 0x0000019004a73000 	C:\Users\Drainer\Desktop\3 kurse\BD\javafx-sdk-11.0.2\bin\api-ms-win-core-processenvironment-l1-1-0.dll
0x0000019004a80000 - 0x0000019004a83000 	C:\Users\Drainer\Desktop\3 kurse\BD\javafx-sdk-11.0.2\bin\api-ms-win-core-processthreads-l1-1-0.dll
0x0000019004a90000 - 0x0000019004a93000 	C:\Users\Drainer\Desktop\3 kurse\BD\javafx-sdk-11.0.2\bin\api-ms-win-core-processthreads-l1-1-1.dll
0x0000019004aa0000 - 0x0000019004aa3000 	C:\Users\Drainer\Desktop\3 kurse\BD\javafx-sdk-11.0.2\bin\api-ms-win-core-profile-l1-1-0.dll
0x0000019004ab0000 - 0x0000019004ab3000 	C:\Users\Drainer\Desktop\3 kurse\BD\javafx-sdk-11.0.2\bin\api-ms-win-core-rtlsupport-l1-1-0.dll
0x0000019004ac0000 - 0x0000019004ac3000 	C:\Users\Drainer\Desktop\3 kurse\BD\javafx-sdk-11.0.2\bin\api-ms-win-core-string-l1-1-0.dll
0x0000019004ad0000 - 0x0000019004ad3000 	C:\Users\Drainer\Desktop\3 kurse\BD\javafx-sdk-11.0.2\bin\api-ms-win-core-synch-l1-1-0.dll
0x0000019004ae0000 - 0x0000019004ae3000 	C:\Users\Drainer\Desktop\3 kurse\BD\javafx-sdk-11.0.2\bin\api-ms-win-core-synch-l1-2-0.dll
0x0000019004af0000 - 0x0000019004af3000 	C:\Users\Drainer\Desktop\3 kurse\BD\javafx-sdk-11.0.2\bin\api-ms-win-core-sysinfo-l1-1-0.dll
0x000001902a290000 - 0x000001902a293000 	C:\Users\Drainer\Desktop\3 kurse\BD\javafx-sdk-11.0.2\bin\api-ms-win-core-timezone-l1-1-0.dll
0x000001902a2a0000 - 0x000001902a2a3000 	C:\Users\Drainer\Desktop\3 kurse\BD\javafx-sdk-11.0.2\bin\api-ms-win-core-util-l1-1-0.dll
0x000001902a2b0000 - 0x000001902a2b3000 	C:\Users\Drainer\Desktop\3 kurse\BD\javafx-sdk-11.0.2\bin\api-ms-win-crt-conio-l1-1-0.dll
0x000001902a2c0000 - 0x000001902a2c4000 	C:\Users\Drainer\Desktop\3 kurse\BD\javafx-sdk-11.0.2\bin\api-ms-win-crt-convert-l1-1-0.dll
0x000001902a2d0000 - 0x000001902a2d3000 	C:\Users\Drainer\Desktop\3 kurse\BD\javafx-sdk-11.0.2\bin\api-ms-win-crt-environment-l1-1-0.dll
0x000001902a2e0000 - 0x000001902a2e3000 	C:\Users\Drainer\Desktop\3 kurse\BD\javafx-sdk-11.0.2\bin\api-ms-win-crt-filesystem-l1-1-0.dll
0x000001902a2f0000 - 0x000001902a2f3000 	C:\Users\Drainer\Desktop\3 kurse\BD\javafx-sdk-11.0.2\bin\api-ms-win-crt-heap-l1-1-0.dll
0x000001902a300000 - 0x000001902a303000 	C:\Users\Drainer\Desktop\3 kurse\BD\javafx-sdk-11.0.2\bin\api-ms-win-crt-locale-l1-1-0.dll
0x000001902a310000 - 0x000001902a315000 	C:\Users\Drainer\Desktop\3 kurse\BD\javafx-sdk-11.0.2\bin\api-ms-win-crt-math-l1-1-0.dll
0x000001902a320000 - 0x000001902a325000 	C:\Users\Drainer\Desktop\3 kurse\BD\javafx-sdk-11.0.2\bin\api-ms-win-crt-multibyte-l1-1-0.dll
0x000001902a330000 - 0x000001902a340000 	C:\Users\Drainer\Desktop\3 kurse\BD\javafx-sdk-11.0.2\bin\api-ms-win-crt-private-l1-1-0.dll
0x000001902a340000 - 0x000001902a343000 	C:\Users\Drainer\Desktop\3 kurse\BD\javafx-sdk-11.0.2\bin\api-ms-win-crt-process-l1-1-0.dll
0x000001902a350000 - 0x000001902a354000 	C:\Users\Drainer\Desktop\3 kurse\BD\javafx-sdk-11.0.2\bin\api-ms-win-crt-runtime-l1-1-0.dll
0x000001902a360000 - 0x000001902a364000 	C:\Users\Drainer\Desktop\3 kurse\BD\javafx-sdk-11.0.2\bin\api-ms-win-crt-stdio-l1-1-0.dll
0x000001902a370000 - 0x000001902a374000 	C:\Users\Drainer\Desktop\3 kurse\BD\javafx-sdk-11.0.2\bin\api-ms-win-crt-string-l1-1-0.dll
0x000001902a380000 - 0x000001902a383000 	C:\Users\Drainer\Desktop\3 kurse\BD\javafx-sdk-11.0.2\bin\api-ms-win-crt-time-l1-1-0.dll
0x000001902a390000 - 0x000001902a393000 	C:\Users\Drainer\Desktop\3 kurse\BD\javafx-sdk-11.0.2\bin\api-ms-win-crt-utility-l1-1-0.dll
0x00007ffa43c50000 - 0x00007ffa43d4a000 	C:\Users\Drainer\Desktop\3 kurse\BD\javafx-sdk-11.0.2\bin\ucrtbase.dll
0x00007ffa9ea30000 - 0x00007ffa9ea46000 	C:\Users\Drainer\Desktop\3 kurse\BD\javafx-sdk-11.0.2\bin\vcruntime140.dll
0x00007ffa4a0a0000 - 0x00007ffa4a146000 	C:\Users\Drainer\Desktop\3 kurse\BD\javafx-sdk-11.0.2\bin\msvcp140.dll
0x00007ffa7a1f0000 - 0x00007ffa7a241000 	C:\Users\Drainer\Desktop\3 kurse\BD\javafx-sdk-11.0.2\bin\concrt140.dll
0x00007ffa7a1c0000 - 0x00007ffa7a1e3000 	C:\Users\Drainer\Desktop\3 kurse\BD\javafx-sdk-11.0.2\bin\prism_d3d.dll
0x00007ffaad920000 - 0x00007ffaadaef000 	C:\WINDOWS\system32\d3d9.dll
0x00007ffab2490000 - 0x00007ffab24bf000 	C:\WINDOWS\SYSTEM32\dwmapi.dll
0x00007ffab2110000 - 0x00007ffab21ae000 	C:\WINDOWS\system32\uxtheme.dll
0x00007ffab4690000 - 0x00007ffab46a2000 	C:\WINDOWS\SYSTEM32\msasn1.dll
0x00007ffaac790000 - 0x00007ffaac7c1000 	C:\WINDOWS\SYSTEM32\cryptnet.dll
0x00007ffab4f50000 - 0x00007ffab50ad000 	C:\WINDOWS\System32\CRYPT32.dll
0x00007ffab43b0000 - 0x00007ffab43bc000 	C:\WINDOWS\SYSTEM32\cryptbase.dll
0x00007ffab53b0000 - 0x00007ffab5410000 	C:\WINDOWS\System32\WINTRUST.DLL
0x00007ffab66a0000 - 0x00007ffab66bd000 	C:\WINDOWS\System32\imagehlp.dll
0x00007ffab44c0000 - 0x00007ffab44d8000 	C:\WINDOWS\SYSTEM32\CRYPTSP.dll
0x00007ffab3be0000 - 0x00007ffab3c14000 	C:\WINDOWS\system32\rsaenh.dll
0x00007ffab5410000 - 0x00007ffab5437000 	C:\WINDOWS\System32\bcrypt.dll
0x00007ffa4c1a0000 - 0x00007ffa4c1e5000 	C:\Users\Drainer\Desktop\3 kurse\BD\javafx-sdk-11.0.2\bin\glass.dll
0x00007ffab6e10000 - 0x00007ffab6eeb000 	C:\WINDOWS\System32\COMDLG32.dll
0x00007ffab6570000 - 0x00007ffab669a000 	C:\WINDOWS\System32\ole32.dll
0x00007ffab5540000 - 0x00007ffab560d000 	C:\WINDOWS\System32\OLEAUT32.dll
0x00007ffab6730000 - 0x00007ffab6846000 	C:\WINDOWS\System32\MSCTF.dll
0x00007ffa93340000 - 0x00007ffa935f9000 	C:\WINDOWS\system32\nvspcap64.dll
0x00007ffab3870000 - 0x00007ffab38a3000 	C:\WINDOWS\SYSTEM32\ntmarta.dll
0x00007ffab3450000 - 0x00007ffab3473000 	C:\WINDOWS\SYSTEM32\gpapi.dll
0x00007ffaa9320000 - 0x00007ffaa935b000 	C:\WINDOWS\SYSTEM32\dxcore.dll
0x00007ffab5440000 - 0x00007ffab548e000 	C:\WINDOWS\System32\cfgmgr32.dll
0x00007ffa70170000 - 0x00007ffa70184000 	C:\Users\Drainer\Desktop\3 kurse\BD\javafx-sdk-11.0.2\bin\javafx_font.dll
0x00007ffaa2220000 - 0x00007ffaa249f000 	C:\WINDOWS\SYSTEM32\dwrite.dll
0x00007ffab5e00000 - 0x00007ffab5ea9000 	C:\WINDOWS\System32\clbcatq.dll
0x00007ffaacc90000 - 0x00007ffaace44000 	C:\WINDOWS\SYSTEM32\WindowsCodecs.dll
0x00007ffa9f5a0000 - 0x00007ffa9f5de000 	C:\WINDOWS\system32\dataexchange.dll
0x00007ffab1080000 - 0x00007ffab1267000 	C:\WINDOWS\system32\dcomp.dll
0x00007ffaafd30000 - 0x00007ffaaff94000 	C:\WINDOWS\system32\d3d11.dll
0x00007ffab3480000 - 0x00007ffab3573000 	C:\WINDOWS\system32\dxgi.dll
0x00007ffaacf00000 - 0x00007ffaad108000 	C:\WINDOWS\system32\twinapi.appcore.dll
0x00007ffa4c690000 - 0x00007ffa4c6c4000 	C:\Program Files\Common Files\Microsoft Shared\Ink\rtscom.dll
0x00007ffaaf7f0000 - 0x00007ffaaf8ed000 	C:\WINDOWS\SYSTEM32\textinputframework.dll
0x00007ffab1ad0000 - 0x00007ffab1bc2000 	C:\WINDOWS\System32\CoreMessaging.dll
0x00007ffab1770000 - 0x00007ffab1ace000 	C:\WINDOWS\System32\CoreUIComponents.dll
0x00007ffab0e70000 - 0x00007ffab0fc6000 	C:\WINDOWS\SYSTEM32\wintypes.dll
0x00007ffaadc20000 - 0x00007ffaadc30000 	C:\Program Files\Java\jdk-14.0.2\bin\verify.dll

dbghelp: loaded successfully - version: 4.0.5 - missing functions: none
symbol engine: initialized successfully - sym options: 0x614 - pdb path: .;C:\Program Files\Java\jdk-14.0.2\bin;C:\WINDOWS\SYSTEM32;C:\WINDOWS\WinSxS\amd64_microsoft.windows.common-controls_6595b64144ccf1df_6.0.19041.488_none_ca04af081b815d21;C:\Program Files\Java\jdk-14.0.2\bin\server;C:\Users\Drainer\Desktop\3 kurse\BD\javafx-sdk-11.0.2\bin;C:\WINDOWS\System32\DriverStore\FileRepository\nv_dispi.inf_amd64_a51067c0ac557884;C:\Program Files\Common Files\Microsoft Shared\Ink

VM Arguments:
jvm_args: -agentlib:jdwp=transport=dt_socket,address=127.0.0.1:55510,suspend=y,server=n --add-modules=javafx.base,javafx.graphics --add-reads=javafx.base=ALL-UNNAMED --add-reads=javafx.graphics=ALL-UNNAMED -Dfile.encoding=UTF-8 --module-path=C:\Users\Drainer\Desktop\3 kurse\BD\javafx-sdk-11.0.2\lib\javafx.base.jar;C:\Users\Drainer\Desktop\3 kurse\BD\javafx-sdk-11.0.2\lib\javafx.graphics.jar;C:\Users\Drainer\Desktop\3 kurse\BD\BeautyBDProg\out\production\BeautyBDProg;C:\Users\Drainer\Desktop\3 kurse\BD\javafx-sdk-11.0.2\lib\javafx-swt.jar;C:\Users\Drainer\Desktop\3 kurse\BD\javafx-sdk-11.0.2\lib\javafx.controls.jar;C:\Users\Drainer\Desktop\3 kurse\BD\javafx-sdk-11.0.2\lib\javafx.fxml.jar;C:\Users\Drainer\Desktop\3 kurse\BD\javafx-sdk-11.0.2\lib\javafx.media.jar;C:\Users\Drainer\Desktop\3 kurse\BD\javafx-sdk-11.0.2\lib\javafx.swing.jar;C:\Users\Drainer\Desktop\3 kurse\BD\javafx-sdk-11.0.2\lib\javafx.web.jar;C:\Users\Drainer\Desktop\3 kurse\BD\BeautyBDProg\mysql-connector-java-5.1.49.jar -Djdk.module.main=sample 
java_command: sample/sample.Main
java_class_path (initial): C:\Program Files\JetBrains\IntelliJ IDEA Community Edition 2020.1.4\lib\idea_rt.jar
Launcher Type: SUN_STANDARD

[Global flags]
     intx CICompilerCount                          = 4                                         {product} {ergonomic}
     uint ConcGCThreads                            = 3                                         {product} {ergonomic}
     uint G1ConcRefinementThreads                  = 10                                        {product} {ergonomic}
   size_t G1HeapRegionSize                         = 1048576                                   {product} {ergonomic}
    uintx GCDrainStackTargetSize                   = 64                                        {product} {ergonomic}
   size_t InitialHeapSize                          = 268435456                                 {product} {ergonomic}
   size_t MarkStackSize                            = 4194304                                   {product} {ergonomic}
   size_t MaxHeapSize                              = 4280287232                                {product} {ergonomic}
   size_t MaxNewSize                               = 2567962624                                {product} {ergonomic}
   size_t MinHeapDeltaBytes                        = 1048576                                   {product} {ergonomic}
   size_t MinHeapSize                              = 8388608                                   {product} {ergonomic}
    uintx NonNMethodCodeHeapSize                   = 5839372                                {pd product} {ergonomic}
    uintx NonProfiledCodeHeapSize                  = 122909434                              {pd product} {ergonomic}
    uintx ProfiledCodeHeapSize                     = 122909434                              {pd product} {ergonomic}
    uintx ReservedCodeCacheSize                    = 251658240                              {pd product} {ergonomic}
     bool SegmentedCodeCache                       = true                                      {product} {ergonomic}
   size_t SoftMaxHeapSize                          = 4280287232                             {manageable} {ergonomic}
     bool UseCompressedClassPointers               = true                                 {lp64_product} {ergonomic}
     bool UseCompressedOops                        = true                                 {lp64_product} {ergonomic}
     bool UseG1GC                                  = true                                      {product} {ergonomic}
     bool UseLargePagesIndividualAllocation        = false                                  {pd product} {ergonomic}

Logging:
Log output configuration:
 #0: stdout all=off uptime,level,tags
 #1: stderr all=off uptime,level,tags

Environment Variables:
PATH=C:\Program Files\Java\jdk-14.0.2\bin;C:\WINDOWS\system32;C:\WINDOWS;C:\WINDOWS\System32\Wbem;C:\WINDOWS\System32\WindowsPowerShell\v1.0\;C:\WINDOWS\System32\OpenSSH\;C:\Program Files\Microsoft SQL Server\120\Tools\Binn\;C:\Program Files\NVIDIA Corporation\NVIDIA NvDLISR;C:\Program Files (x86)\Windows Kits\10\Windows Performance Toolkit\;C:\Program Files\dotnet\;C:\Program Files\MySQL\MySQL Shell 8.0\bin\;C:\Users\Drainer\AppData\Local\Microsoft\WindowsApps;C:\Users\Drainer\.dotnet\tools;C:\Program Files\JetBrains\PyCharm Community Edition 2020.3.1\bin;
USERNAME=Drainer
OS=Windows_NT
PROCESSOR_IDENTIFIER=Intel64 Family 6 Model 158 Stepping 10, GenuineIntel



---------------  S Y S T E M  ---------------

OS: Windows 10 , 64 bit Build 19041 (10.0.19041.662)
OS uptime: 5 days 5:21 hours
HyperV virtualization detected

CPU:total 12 (initial active 12) (6 cores per cpu, 2 threads per core) family 6 model 158 stepping 10, cmov, cx8, fxsr, mmx, sse, sse2, sse3, ssse3, sse4.1, sse4.2, popcnt, avx, avx2, aes, clmul, erms, rtm, 3dnowpref, lzcnt, ht, tsc, tscinvbit, bmi1, bmi2, adx, fma

Memory: 4k page, system-wide physical 16326M (6166M free)
TotalPageFile size 28102M (AvailPageFile size 9044M)
current process WorkingSet (physical memory assigned to process): 140M, peak: 201M
current process commit charge ("private bytes"): 463M, peak: 526M

vm_info: Java HotSpot(TM) 64-Bit Server VM (14.0.2+12-46) for windows-amd64 JRE (14.0.2+12-46), built on Jul  9 2020 00:35:52 by "mach5one" with MS VC++ 15.9 (VS2017)

END.
